Log file open, 12/07/18 22:50:14
LogWindows: Failed to load 'aqProf.dll' (GetLastError=126)
LogWindows: File 'aqProf.dll' does not exist
LogWindows: Failed to load 'VtuneApi.dll' (GetLastError=126)
LogWindows: File 'VtuneApi.dll' does not exist
LogWindows: Failed to load 'VtuneApi32e.dll' (GetLastError=126)
LogWindows: File 'VtuneApi32e.dll' does not exist
LogInit: Display: Running engine for game: Simulation
LogPlatformFile: Not using cached read wrapper
LogInit: Display: RandInit(591534868) SRandInit(591534868).
LogInit: Read version file with build ID '3944462'
LogInit: Overriding engine version to CL 4033788, compatible CL 3944462
LogInit: Registered custom module enumerator with build ID '3944462'
LogTaskGraph: Started task graph with 5 named threads and 35 total threads with 3 sets of task threads.
LogStats: Stats thread started at 0.774318
LogD3D11RHI: Aftermath initialized
LogICUInternationalization: Display: ICU TimeZone Detection - Raw Offset: +1:00, Platform Override: ''
LogPluginManager: Mounting plugin Paper2D
LogPluginManager: Mounting plugin LiveLink
LogPluginManager: Mounting plugin LightPropagationVolume
LogPluginManager: Mounting plugin CLionSourceCodeAccess
LogPluginManager: Mounting plugin CodeLiteSourceCodeAccess
LogPluginManager: Mounting plugin GitSourceControl
LogPluginManager: Mounting plugin KDevelopSourceCodeAccess
LogPluginManager: Mounting plugin NullSourceCodeAccess
LogPluginManager: Mounting plugin PerforceSourceControl
LogPluginManager: Mounting plugin SubversionSourceControl
LogPluginManager: Mounting plugin UObjectPlugin
LogPluginManager: Mounting plugin VisualStudioCodeSourceCodeAccess
LogPluginManager: Mounting plugin VisualStudioSourceCodeAccess
LogPluginManager: Mounting plugin XCodeSourceCodeAccess
LogPluginManager: Mounting plugin AssetManagerEditor
LogPluginManager: Mounting plugin CryptoKeys
LogPluginManager: Mounting plugin DataValidation
LogPluginManager: Mounting plugin FacialAnimation
LogPluginManager: Mounting plugin GameplayTagsEditor
LogPluginManager: Mounting plugin MobileLauncherProfileWizard
LogPluginManager: Mounting plugin PluginBrowser
LogPluginManager: Mounting plugin SpeedTreeImporter
LogPluginManager: Mounting plugin DatasmithContent
LogPluginManager: Mounting plugin AlembicImporter
LogPluginManager: Mounting plugin CharacterAI
LogPluginManager: Mounting plugin HTML5Networking
LogPluginManager: Mounting plugin AndroidMedia
LogPluginManager: Mounting plugin AvfMedia
LogPluginManager: Mounting plugin ImgMedia
LogPluginManager: Mounting plugin LinearTimecode
LogPluginManager: Mounting plugin MediaCompositing
LogPluginManager: Mounting plugin MediaPlayerEditor
LogPluginManager: Mounting plugin WmfMedia
LogPluginManager: Mounting plugin TcpMessaging
LogPluginManager: Mounting plugin UdpMessaging
LogPluginManager: Mounting plugin ActorSequence
LogPluginManager: Mounting plugin LevelSequenceEditor
LogPluginManager: Mounting plugin MatineeToLevelSequence
LogPluginManager: Mounting plugin NetcodeUnitTest
LogPluginManager: Mounting plugin NUTUnrealEngine4
LogPluginManager: Mounting plugin OnlineSubsystemGooglePlay
LogPluginManager: Mounting plugin OnlineSubsystemIOS
LogPluginManager: Mounting plugin OnlineSubsystem
LogPluginManager: Mounting plugin OnlineSubsystemNull
LogPluginManager: Mounting plugin OnlineSubsystemUtils
LogPluginManager: Mounting plugin AndroidDeviceProfileSelector
LogPluginManager: Mounting plugin AndroidMoviePlayer
LogPluginManager: Mounting plugin AndroidPermission
LogPluginManager: Mounting plugin AppleARKit
LogPluginManager: Mounting plugin AppleMoviePlayer
LogPluginManager: Mounting plugin ArchVisCharacter
LogPluginManager: Mounting plugin AudioCapture
LogPluginManager: Mounting plugin CableComponent
LogPluginManager: Mounting plugin CustomMeshComponent
LogPluginManager: Mounting plugin ExampleDeviceProfileSelector
LogPluginManager: Mounting plugin GoogleCloudMessaging
LogPluginManager: Mounting plugin ImmediatePhysics
LogPluginManager: Mounting plugin IOSDeviceProfileSelector
LogPluginManager: Mounting plugin LinuxDeviceProfileSelector
LogPluginManager: Mounting plugin LocationServicesBPLibrary
LogPluginManager: Mounting plugin MobilePatchingUtils
LogPluginManager: Mounting plugin OculusVR
LogPluginManager: Plugin shader directory ../../../Engine/Plugins/Runtime/Oculus/OculusVR/Shaders found
LogPluginManager: Mapping shader source directory ../../../Engine/Plugins/Runtime/Oculus/OculusVR/Shaders to virtual directory /Plugin/OculusVR
LogPluginManager: Mounting plugin PhysXVehicles
LogPluginManager: Mounting plugin ProceduralMeshComponent
LogPluginManager: Mounting plugin RuntimePhysXCooking
LogPluginManager: Mounting plugin SteamVR
LogPluginManager: Mounting plugin WindowsMoviePlayer
LogPluginManager: Mounting plugin PointCloudPlugin
LogPluginManager: Plugin shader directory ../../../../../Studium/Fluide/Simulation/Plugins/PointCloudPlugin/Shaders found
LogPluginManager: Mapping shader source directory ../../../../../Studium/Fluide/Simulation/Plugins/PointCloudPlugin/Shaders to virtual directory /Plugin/PointCloudPlugin
LogStreaming: Display: Took  0.097s to configure plugins.
LogModuleManager: Display: Found up-to-date module file ../../../../../Studium/Fluide/Simulation/Binaries/Win64/UE4Editor-Simulation.dll (API version 3944462).
LogModuleManager: Display: Found up-to-date module file ../../../Engine/Plugins/2D/Paper2D/Binaries/Win64/UE4Editor-Paper2D.dll (API version 3944462).
LogModuleManager: Display: Found up-to-date module file ../../../Engine/Plugins/2D/Paper2D/Binaries/Win64/UE4Editor-Paper2DEditor.dll (API version 3944462).
LogModuleManager: Display: Found up-to-date module file ../../../Engine/Plugins/2D/Paper2D/Binaries/Win64/UE4Editor-PaperSpriteSheetImporter.dll (API version 3944462).
LogModuleManager: Display: Found up-to-date module file ../../../Engine/Plugins/2D/Paper2D/Binaries/Win64/UE4Editor-PaperTiledImporter.dll (API version 3944462).
LogModuleManager: Display: Found up-to-date module file ../../../Engine/Plugins/2D/Paper2D/Binaries/Win64/UE4Editor-SmartSnapping.dll (API version 3944462).
LogModuleManager: Display: Found up-to-date module file ../../../Engine/Plugins/Animation/LiveLink/Binaries/Win64/UE4Editor-LiveLink.dll (API version 3944462).
LogModuleManager: Display: Found up-to-date module file ../../../Engine/Plugins/Animation/LiveLink/Binaries/Win64/UE4Editor-LiveLinkEditor.dll (API version 3944462).
LogModuleManager: Display: Found up-to-date module file ../../../Engine/Plugins/Blendables/LightPropagationVolume/Binaries/Win64/UE4Editor-LightPropagationVolumeRuntime.dll (API version 3944462).
LogModuleManager: Display: Found up-to-date module file ../../../Engine/Plugins/Blendables/LightPropagationVolume/Binaries/Win64/UE4Editor-LightPropagationVolumeEditor.dll (API version 3944462).
LogModuleManager: Display: Found up-to-date module file ../../../Engine/Plugins/Developer/CLionSourceCodeAccess/Binaries/Win64/UE4Editor-CLionSourceCodeAccess.dll (API version 3944462).
LogModuleManager: Display: Found up-to-date module file ../../../Engine/Plugins/Developer/GitSourceControl/Binaries/Win64/UE4Editor-GitSourceControl.dll (API version 3944462).
LogModuleManager: Display: Found up-to-date module file ../../../Engine/Plugins/Developer/PerforceSourceControl/Binaries/Win64/UE4Editor-PerforceSourceControl.dll (API version 3944462).
LogModuleManager: Display: Found up-to-date module file ../../../Engine/Plugins/Developer/SubversionSourceControl/Binaries/Win64/UE4Editor-SubversionSourceControl.dll (API version 3944462).
LogModuleManager: Display: Found up-to-date module file ../../../Engine/Plugins/Developer/UObjectPlugin/Binaries/Win64/UE4Editor-UObjectPlugin.dll (API version 3944462).
LogModuleManager: Display: Found up-to-date module file ../../../Engine/Plugins/Developer/VisualStudioCodeSourceCodeAccess/Binaries/Win64/UE4Editor-VisualStudioCodeSourceCodeAccess.dll (API version 3944462).
LogModuleManager: Display: Found up-to-date module file ../../../Engine/Plugins/Developer/VisualStudioSourceCodeAccess/Binaries/Win64/UE4Editor-VisualStudioSourceCodeAccess.dll (API version 3944462).
LogModuleManager: Display: Found up-to-date module file ../../../Engine/Plugins/Editor/AssetManagerEditor/Binaries/Win64/UE4Editor-AssetManagerEditor.dll (API version 3944462).
LogModuleManager: Display: Found up-to-date module file ../../../Engine/Plugins/Editor/CryptoKeys/Binaries/Win64/UE4Editor-CryptoKeys.dll (API version 3944462).
LogModuleManager: Display: Found up-to-date module file ../../../Engine/Plugins/Editor/CryptoKeys/Binaries/Win64/UE4Editor-CryptoKeysOpenSSL.dll (API version 3944462).
LogModuleManager: Display: Found up-to-date module file ../../../Engine/Plugins/Editor/DataValidation/Binaries/Win64/UE4Editor-DataValidation.dll (API version 3944462).
LogModuleManager: Display: Found up-to-date module file ../../../Engine/Plugins/Editor/FacialAnimation/Binaries/Win64/UE4Editor-FacialAnimation.dll (API version 3944462).
LogModuleManager: Display: Found up-to-date module file ../../../Engine/Plugins/Editor/FacialAnimation/Binaries/Win64/UE4Editor-FacialAnimationEditor.dll (API version 3944462).
LogModuleManager: Display: Found up-to-date module file ../../../Engine/Plugins/Editor/GameplayTagsEditor/Binaries/Win64/UE4Editor-GameplayTagsEditor.dll (API version 3944462).
LogModuleManager: Display: Found up-to-date module file ../../../Engine/Plugins/Editor/MobileLauncherProfileWizard/Binaries/Win64/UE4Editor-MobileLauncherProfileWizard.dll (API version 3944462).
LogModuleManager: Display: Found up-to-date module file ../../../Engine/Plugins/Editor/PluginBrowser/Binaries/Win64/UE4Editor-PluginBrowser.dll (API version 3944462).
LogModuleManager: Display: Found up-to-date module file ../../../Engine/Plugins/Editor/SpeedTreeImporter/Binaries/Win64/UE4Editor-SpeedTreeImporter.dll (API version 3944462).
LogModuleManager: Display: Found up-to-date module file ../../../Engine/Plugins/Enterprise/DatasmithContent/Binaries/Win64/UE4Editor-DatasmithContent.dll (API version 3944462).
LogModuleManager: Display: Found up-to-date module file ../../../Engine/Plugins/Experimental/AlembicImporter/Binaries/Win64/UE4Editor-AlembicImporter.dll (API version 3944462).
LogModuleManager: Display: Found up-to-date module file ../../../Engine/Plugins/Experimental/AlembicImporter/Binaries/Win64/UE4Editor-AlembicLibrary.dll (API version 3944462).
LogModuleManager: Display: Found up-to-date module file ../../../Engine/Plugins/Experimental/CharacterAI/Binaries/Win64/UE4Editor-CharacterAI.dll (API version 3944462).
LogModuleManager: Display: Found up-to-date module file ../../../Engine/Plugins/Experimental/HTML5Networking/Binaries/Win64/UE4Editor-HTML5Networking.dll (API version 3944462).
LogModuleManager: Display: Found up-to-date module file ../../../Engine/Plugins/Media/AndroidMedia/Binaries/Win64/UE4Editor-AndroidMediaEditor.dll (API version 3944462).
LogModuleManager: Display: Found up-to-date module file ../../../Engine/Plugins/Media/AndroidMedia/Binaries/Win64/UE4Editor-AndroidMediaFactory.dll (API version 3944462).
LogModuleManager: Display: Found up-to-date module file ../../../Engine/Plugins/Media/AvfMedia/Binaries/Win64/UE4Editor-AvfMediaEditor.dll (API version 3944462).
LogModuleManager: Display: Found up-to-date module file ../../../Engine/Plugins/Media/AvfMedia/Binaries/Win64/UE4Editor-AvfMediaFactory.dll (API version 3944462).
LogModuleManager: Display: Found up-to-date module file ../../../Engine/Plugins/Media/AvfMedia/Binaries/Win64/UE4Editor-AvfMediaFactory.dll (API version 3944462).
LogModuleManager: Display: Found up-to-date module file ../../../Engine/Plugins/Media/ImgMedia/Binaries/Win64/UE4Editor-ImgMedia.dll (API version 3944462).
LogModuleManager: Display: Found up-to-date module file ../../../Engine/Plugins/Media/ImgMedia/Binaries/Win64/UE4Editor-ImgMediaEditor.dll (API version 3944462).
LogModuleManager: Display: Found up-to-date module file ../../../Engine/Plugins/Media/ImgMedia/Binaries/Win64/UE4Editor-ImgMediaFactory.dll (API version 3944462).
LogModuleManager: Display: Found up-to-date module file ../../../Engine/Plugins/Media/ImgMedia/Binaries/Win64/UE4Editor-ImgMediaFactory.dll (API version 3944462).
LogModuleManager: Display: Found up-to-date module file ../../../Engine/Plugins/Media/ImgMedia/Binaries/Win64/UE4Editor-OpenExrWrapper.dll (API version 3944462).
LogModuleManager: Display: Found up-to-date module file ../../../Engine/Plugins/Media/LinearTimecode/Binaries/Win64/UE4Editor-LinearTimecode.dll (API version 3944462).
LogModuleManager: Display: Found up-to-date module file ../../../Engine/Plugins/Media/MediaCompositing/Binaries/Win64/UE4Editor-MediaCompositing.dll (API version 3944462).
LogModuleManager: Display: Found up-to-date module file ../../../Engine/Plugins/Media/MediaCompositing/Binaries/Win64/UE4Editor-MediaCompositingEditor.dll (API version 3944462).
LogModuleManager: Display: Found up-to-date module file ../../../Engine/Plugins/Media/MediaPlayerEditor/Binaries/Win64/UE4Editor-MediaPlayerEditor.dll (API version 3944462).
LogModuleManager: Display: Found up-to-date module file ../../../Engine/Plugins/Media/WmfMedia/Binaries/Win64/UE4Editor-WmfMedia.dll (API version 3944462).
LogModuleManager: Display: Found up-to-date module file ../../../Engine/Plugins/Media/WmfMedia/Binaries/Win64/UE4Editor-WmfMediaEditor.dll (API version 3944462).
LogModuleManager: Display: Found up-to-date module file ../../../Engine/Plugins/Media/WmfMedia/Binaries/Win64/UE4Editor-WmfMediaFactory.dll (API version 3944462).
LogModuleManager: Display: Found up-to-date module file ../../../Engine/Plugins/Media/WmfMedia/Binaries/Win64/UE4Editor-WmfMediaFactory.dll (API version 3944462).
LogModuleManager: Display: Found up-to-date module file ../../../Engine/Plugins/Messaging/TcpMessaging/Binaries/Win64/UE4Editor-TcpMessaging.dll (API version 3944462).
LogModuleManager: Display: Found up-to-date module file ../../../Engine/Plugins/Messaging/UdpMessaging/Binaries/Win64/UE4Editor-UdpMessaging.dll (API version 3944462).
LogModuleManager: Display: Found up-to-date module file ../../../Engine/Plugins/MovieScene/ActorSequence/Binaries/Win64/UE4Editor-ActorSequence.dll (API version 3944462).
LogModuleManager: Display: Found up-to-date module file ../../../Engine/Plugins/MovieScene/LevelSequenceEditor/Binaries/Win64/UE4Editor-LevelSequenceEditor.dll (API version 3944462).
LogModuleManager: Display: Found up-to-date module file ../../../Engine/Plugins/MovieScene/MatineeToLevelSequence/Binaries/Win64/UE4Editor-MatineeToLevelSequence.dll (API version 3944462).
LogModuleManager: Display: Found up-to-date module file ../../../Engine/Plugins/NetcodeUnitTest/NetcodeUnitTest/Binaries/Win64/UE4Editor-NetcodeUnitTest.dll (API version 3944462).
LogModuleManager: Display: Found up-to-date module file ../../../Engine/Plugins/NetcodeUnitTest/NUTUnrealEngine4/Binaries/Win64/UE4Editor-NUTUnrealEngine4.dll (API version 3944462).
LogModuleManager: Display: Found up-to-date module file ../../../Engine/Plugins/Online/OnlineSubsystem/Binaries/Win64/UE4Editor-OnlineSubsystem.dll (API version 3944462).
LogModuleManager: Display: Found up-to-date module file ../../../Engine/Plugins/Online/OnlineSubsystemNull/Binaries/Win64/UE4Editor-OnlineSubsystemNull.dll (API version 3944462).
LogModuleManager: Display: Found up-to-date module file ../../../Engine/Plugins/Online/OnlineSubsystemUtils/Binaries/Win64/UE4Editor-OnlineSubsystemUtils.dll (API version 3944462).
LogModuleManager: Display: Found up-to-date module file ../../../Engine/Plugins/Online/OnlineSubsystemUtils/Binaries/Win64/UE4Editor-OnlineBlueprintSupport.dll (API version 3944462).
LogModuleManager: Display: Found up-to-date module file ../../../Engine/Plugins/Runtime/AndroidDeviceProfileSelector/Binaries/Win64/UE4Editor-AndroidDeviceProfileSelector.dll (API version 3944462).
LogModuleManager: Display: Found up-to-date module file ../../../Engine/Plugins/Runtime/AndroidPermission/Binaries/Win64/UE4Editor-AndroidPermission.dll (API version 3944462).
LogModuleManager: Display: Found up-to-date module file ../../../Engine/Plugins/Runtime/AppleARKit/Binaries/Win64/UE4Editor-AppleARKit.dll (API version 3944462).
LogModuleManager: Display: Found up-to-date module file ../../../Engine/Plugins/Runtime/ArchVisCharacter/Binaries/Win64/UE4Editor-ArchVisCharacter.dll (API version 3944462).
LogModuleManager: Display: Found up-to-date module file ../../../Engine/Plugins/Runtime/AudioCapture/Binaries/Win64/UE4Editor-AudioCapture.dll (API version 3944462).
LogModuleManager: Display: Found up-to-date module file ../../../Engine/Plugins/Runtime/AudioCapture/Binaries/Win64/UE4Editor-AudioCaptureEditor.dll (API version 3944462).
LogModuleManager: Display: Found up-to-date module file ../../../Engine/Plugins/Runtime/CableComponent/Binaries/Win64/UE4Editor-CableComponent.dll (API version 3944462).
LogModuleManager: Display: Found up-to-date module file ../../../Engine/Plugins/Runtime/CustomMeshComponent/Binaries/Win64/UE4Editor-CustomMeshComponent.dll (API version 3944462).
LogModuleManager: Display: Found up-to-date module file ../../../Engine/Plugins/Runtime/ExampleDeviceProfileSelector/Binaries/Win64/UE4Editor-ExampleDeviceProfileSelector.dll (API version 3944462).
LogModuleManager: Display: Found up-to-date module file ../../../Engine/Plugins/Runtime/ImmediatePhysics/Binaries/Win64/UE4Editor-ImmediatePhysics.dll (API version 3944462).
LogModuleManager: Display: Found up-to-date module file ../../../Engine/Plugins/Runtime/ImmediatePhysics/Binaries/Win64/UE4Editor-ImmediatePhysicsEditor.dll (API version 3944462).
LogModuleManager: Display: Found up-to-date module file ../../../Engine/Plugins/Runtime/LocationServicesBPLibrary/Binaries/Win64/UE4Editor-LocationServicesBPLibrary.dll (API version 3944462).
LogModuleManager: Display: Found up-to-date module file ../../../Engine/Plugins/Runtime/MobilePatchingUtils/Binaries/Win64/UE4Editor-MobilePatchingUtils.dll (API version 3944462).
LogModuleManager: Display: Found up-to-date module file ../../../Engine/Plugins/Runtime/Oculus/OculusVR/Binaries/Win64/UE4Editor-OculusHMD.dll (API version 3944462).
LogModuleManager: Display: Found up-to-date module file ../../../Engine/Plugins/Runtime/Oculus/OculusVR/Binaries/Win64/UE4Editor-OculusInput.dll (API version 3944462).
LogModuleManager: Display: Found up-to-date module file ../../../Engine/Plugins/Runtime/Oculus/OculusVR/Binaries/Win64/UE4Editor-OculusEditor.dll (API version 3944462).
LogModuleManager: Display: Found up-to-date module file ../../../Engine/Plugins/Runtime/PhysXVehicles/Binaries/Win64/UE4Editor-PhysXVehicles.dll (API version 3944462).
LogModuleManager: Display: Found up-to-date module file ../../../Engine/Plugins/Runtime/PhysXVehicles/Binaries/Win64/UE4Editor-PhysXVehiclesEditor.dll (API version 3944462).
LogModuleManager: Display: Found up-to-date module file ../../../Engine/Plugins/Runtime/ProceduralMeshComponent/Binaries/Win64/UE4Editor-ProceduralMeshComponent.dll (API version 3944462).
LogModuleManager: Display: Found up-to-date module file ../../../Engine/Plugins/Runtime/ProceduralMeshComponent/Binaries/Win64/UE4Editor-ProceduralMeshComponentEditor.dll (API version 3944462).
LogModuleManager: Display: Found up-to-date module file ../../../Engine/Plugins/Runtime/RuntimePhysXCooking/Binaries/Win64/UE4Editor-RuntimePhysXCooking.dll (API version 3944462).
LogModuleManager: Display: Found up-to-date module file ../../../Engine/Plugins/Runtime/Steam/SteamVR/Binaries/Win64/UE4Editor-SteamVR.dll (API version 3944462).
LogModuleManager: Display: Found up-to-date module file ../../../Engine/Plugins/Runtime/Steam/SteamVR/Binaries/Win64/UE4Editor-SteamVRController.dll (API version 3944462).
LogModuleManager: Display: Found up-to-date module file ../../../Engine/Plugins/Runtime/WindowsMoviePlayer/Binaries/Win64/UE4Editor-WindowsMoviePlayer.dll (API version 3944462).
LogModuleManager: Display: Found up-to-date module file ../../../../../Studium/Fluide/Simulation/Plugins/PointCloudPlugin/Binaries/Win64/UE4Editor-PointCloudRuntime.dll (API version 3944462).
LogModuleManager: Display: Found up-to-date module file ../../../../../Studium/Fluide/Simulation/Plugins/PointCloudPlugin/Binaries/Win64/UE4Editor-PointCloudEditor.dll (API version 3944462).
LogInit: Using libcurl 7.47.1
LogInit:  - built for x86_64-pc-win32
LogInit:  - supports SSL with OpenSSL/1.0.2g
LogInit:  - supports HTTP deflate (compression) using libz 1.2.8
LogInit:  - other features:
LogInit:      CURL_VERSION_SSL
LogInit:      CURL_VERSION_LIBZ
LogInit:      CURL_VERSION_IPV6
LogInit:      CURL_VERSION_ASYNCHDNS
LogInit:      CURL_VERSION_LARGEFILE
LogInit:      CURL_VERSION_IDN
LogInit:  CurlRequestOptions (configurable via config and command line):
LogInit:  - bVerifyPeer = false  - Libcurl will NOT verify peer certificate
LogInit:  - bUseHttpProxy = false  - Libcurl will NOT use HTTP proxy
LogInit:  - bDontReuseConnections = false  - Libcurl will reuse connections
LogInit:  - CertBundlePath = nullptr  - Libcurl will use whatever was configured at build time.
LogInit:  - MaxHostConnections = 16  - Libcurl will limit the number of connections to a host
LogInit:  - LocalHostAddr = Default
LogInit: WinSock: version 1.1 (2.2), MaxSocks=32767, MaxUdp=65467
LogInit: WinSock: I am Slowy (192.168.178.44:0)
LogInit: Build: ++UE4+Release-4.19-CL-4033788
LogInit: Engine Version: 4.19.2-4033788+++UE4+Release-4.19
LogInit: Compatible Engine Version: 4.19.0-3944462+++UE4+Release-4.19
LogInit: Net CL: 3944462
LogDevObjectVersion: Number of dev versions registered: 18
LogDevObjectVersion:   Dev-Blueprints (B0D832E4-1F89-4F0D-ACCF-7EB736FD4AA2): 10
LogDevObjectVersion:   Dev-Build (E1C64328-A22C-4D53-A36C-8E866417BD8C): 0
LogDevObjectVersion:   Dev-Core (375EC13C-06E4-48FB-B500-84F0262A717E): 2
LogDevObjectVersion:   Dev-Editor (E4B068ED-F494-42E9-A231-DA0B2E46BB41): 23
LogDevObjectVersion:   Dev-Framework (CFFC743F-43B0-4480-9391-14DF171D2073): 33
LogDevObjectVersion:   Dev-Mobile (B02B49B5-BB20-44E9-A304-32B752E40360): 2
LogDevObjectVersion:   Dev-Networking (A4E4105C-59A1-49B5-A7C5-40C4547EDFEE): 0
LogDevObjectVersion:   Dev-Online (39C831C9-5AE6-47DC-9A44-9C173E1C8E7C): 0
LogDevObjectVersion:   Dev-Physics (78F01B33-EBEA-4F98-B9B4-84EACCB95AA2): 0
LogDevObjectVersion:   Dev-Platform (6631380F-2D4D-43E0-8009-CF276956A95A): 0
LogDevObjectVersion:   Dev-Rendering (12F88B9F-8875-4AFC-A67C-D90C383ABD29): 25
LogDevObjectVersion:   Dev-Sequencer (7B5AE74C-D270-4C10-A958-57980B212A5A): 6
LogDevObjectVersion:   Dev-VR (D7296918-1DD6-4BDD-9DE2-64A83CC13884): 1
LogDevObjectVersion:   Dev-LoadTimes (C2A15278-BFE7-4AFE-6C17-90FF531DF755): 1
LogDevObjectVersion:   Private-Geometry (6EACA3D4-40EC-4CC1-B786-8BED09428FC5): 2
LogDevObjectVersion:   Dev-AnimPhys (29E575DD-E0A3-4627-9D10-D276232CDCEA): 16
LogDevObjectVersion:   Dev-ReflectionCapture (6B266CEC-1EC7-4B8F-A30B-E4D90942FC07): 1
LogDevObjectVersion:   Dev-Automation (0DF73D61-A23F-47EA-B727-89E90C41499A): 1
LogInit: Compiled (64-bit): Apr 27 2018 02:06:57
LogInit: Compiled with Visual C++: 19.00.24215.01
LogInit: Build Configuration: Development
LogInit: Branch Name: ++UE4+Release-4.19
LogInit: Command Line:  -skipcompile
LogInit: Base Directory: D:/Programme/UE_4.19/Engine/Binaries/Win64/
LogInit: Installed Engine Build: 1
LogStreaming: Display: Took  0.001s to delete old logs.
LogInit: Presizing for max 8388607 objects, including 0 objects not considered by GC, pre-allocating 0 bytes for permanent pool.
LogInit: Object subsystem initialized
[2018.12.07-21.50.15:909][  0]LogInit: Selected Device Profile: [Windows]
[2018.12.07-21.50.15:909][  0]LogInit: Applying CVar settings loaded from the selected device profile: [Windows]
[2018.12.07-21.50.15:949][  0]LogInit: Computer: SLOWY
[2018.12.07-21.50.15:949][  0]LogInit: User: Timo
[2018.12.07-21.50.15:949][  0]LogInit: CPU Page size=4096, Cores=6
[2018.12.07-21.50.15:949][  0]LogInit: High frequency timer resolution =3.119136 MHz
[2018.12.07-21.50.15:949][  0]LogMemory: Memory total: Physical=16.0GB (16GB approx)
[2018.12.07-21.50.15:949][  0]LogMemory: Platform Memory Stats for Windows
[2018.12.07-21.50.15:949][  0]LogMemory: Process Physical Memory: 276.79 MB used, 276.79 MB peak
[2018.12.07-21.50.15:950][  0]LogMemory: Process Virtual Memory: 271.94 MB used, 271.94 MB peak
[2018.12.07-21.50.15:950][  0]LogMemory: Physical Memory: 4508.72 MB used,  11826.76 MB free, 16335.48 MB total
[2018.12.07-21.50.15:950][  0]LogMemory: Virtual Memory: 4811.53 MB used,  11826.76 MB free, 134217728.00 MB total
[2018.12.07-21.50.16:006][  0]LogInit: Using OS detected language (de-DE).
[2018.12.07-21.50.16:006][  0]LogInit: Using OS detected locale (de-DE).
[2018.12.07-21.50.16:014][  0]LogTextLocalizationManager: No localization for 'de-DE' exists, so 'en' will be used for the language.
[2018.12.07-21.50.16:503][  0]LogStreaming: Display: Took  0.497s to EndInitTextLocalization.
[2018.12.07-21.50.16:503][  0]LogInit: Setting process to per monitor DPI aware
[2018.12.07-21.50.16:558][  0]LogSlate: New Slate User Created.  User Index 0, Is Virtual User: 0
[2018.12.07-21.50.16:558][  0]LogSlate: Slate User Registered.  User Index 0, Is Virtual User: 0
[2018.12.07-21.50.16:778][  0]LogD3D11RHI: D3D11 adapters:
[2018.12.07-21.50.16:833][  0]LogD3D11RHI:    0. 'Radeon (TM) RX 480 Graphics' (Feature Level 11_0)
[2018.12.07-21.50.16:833][  0]LogD3D11RHI:       8137/0/8167 MB DedicatedVideo/DedicatedSystem/SharedSystem, Outputs:2, VendorId:0x1002
[2018.12.07-21.50.16:837][  0]LogD3D11RHI:    1. 'Microsoft Basic Render Driver' (Feature Level 11_0)
[2018.12.07-21.50.16:837][  0]LogD3D11RHI:       0/0/8167 MB DedicatedVideo/DedicatedSystem/SharedSystem, Outputs:0, VendorId:0x1414
[2018.12.07-21.50.16:837][  0]LogD3D11RHI: Chosen D3D11 Adapter: 0
[2018.12.07-21.50.16:846][  0]LogD3D11RHI: Creating new Direct3DDevice
[2018.12.07-21.50.16:846][  0]LogD3D11RHI:     GPU DeviceId: 0x67df (for the marketing name, search the web for "GPU Device Id")
[2018.12.07-21.50.16:847][  0]LogWindows: EnumDisplayDevices:
[2018.12.07-21.50.16:847][  0]LogWindows:    0. 'Radeon (TM) RX 480 Graphics' (P:1 D:1)
[2018.12.07-21.50.16:847][  0]LogWindows:    1. 'Radeon (TM) RX 480 Graphics' (P:0 D:1)
[2018.12.07-21.50.16:847][  0]LogWindows:    2. 'Radeon (TM) RX 480 Graphics' (P:0 D:0)
[2018.12.07-21.50.16:847][  0]LogWindows:    3. 'Radeon (TM) RX 480 Graphics' (P:0 D:0)
[2018.12.07-21.50.16:848][  0]LogWindows:    4. 'Radeon (TM) RX 480 Graphics' (P:0 D:0)
[2018.12.07-21.50.16:848][  0]LogWindows:    5. 'Radeon (TM) RX 480 Graphics' (P:0 D:0)
[2018.12.07-21.50.16:848][  0]LogWindows:    6. 'Radeon (TM) RX 480 Graphics' (P:0 D:0)
[2018.12.07-21.50.16:848][  0]LogWindows: DebugString: GetVideoDriverDetailsInvalid PrimaryIsNotTheChoosenAdapter GetVideoDriverDetailsInvalid PrimaryIsNotTheChoosenAdapter GetVideoDriverDetailsInvalid PrimaryIsNotTheChoosenAdapter GetVideoDriverDetailsInvalid PrimaryIsNotTheChoosenAdapter GetVideoDriverDetailsInvalid PrimaryIsNotTheChoosenAdapter GetVideoDriverDetailsInvalid PrimaryIsNotTheChoosenAdapter GetVideoDriverDetailsInvalid PrimaryIsNotTheChoosenAdapter FoundDriverCount:0 
[2018.12.07-21.50.16:848][  0]LogD3D11RHI:     Adapter Name: Radeon (TM) RX 480 Graphics
[2018.12.07-21.50.16:848][  0]LogD3D11RHI:   Driver Version: Unknown (internal:Unknown, unified:Unknown)
[2018.12.07-21.50.16:848][  0]LogD3D11RHI:      Driver Date: Unknown
[2018.12.07-21.50.16:848][  0]LogRHI: Texture pool is 5695 MB (70% of 8137 MB)
[2018.12.07-21.50.16:923][  0]LogD3D11RHI: Async texture creation enabled
[2018.12.07-21.50.16:934][  0]LogD3D11RHI: GPU Timing Frequency: 25.000000 (Debug: 2 1)
[2018.12.07-21.50.16:935][  0]LogShaderCompilers: Guid format shader working directory is 5 characters bigger than the processId version (../../../../../Studium/Fluide/Simulation/Intermediate/Shaders/WorkingDirectory/7108/).
[2018.12.07-21.50.16:935][  0]LogShaderCompilers: Cleaned the shader compiler working directory 'C:/Users/Timo/AppData/Local/Temp/UnrealShaderWorkingDir/0C8576EF419FE3855D627CB4D2B3EA84/'.
[2018.12.07-21.50.17:142][  0]LogTemp: Display: Loaded TP AllDesktopTargetPlatform
[2018.12.07-21.50.17:160][  0]LogTemp: Display: Loaded TP MacClientTargetPlatform
[2018.12.07-21.50.17:178][  0]LogTemp: Display: Loaded TP MacNoEditorTargetPlatform
[2018.12.07-21.50.17:197][  0]LogTemp: Display: Loaded TP MacServerTargetPlatform
[2018.12.07-21.50.17:215][  0]LogTemp: Display: Loaded TP MacTargetPlatform
[2018.12.07-21.50.17:233][  0]LogTemp: Display: Loaded TP WindowsClientTargetPlatform
[2018.12.07-21.50.17:253][  0]LogTemp: Display: Loaded TP WindowsNoEditorTargetPlatform
[2018.12.07-21.50.17:271][  0]LogTemp: Display: Loaded TP WindowsServerTargetPlatform
[2018.12.07-21.50.17:281][  0]LogTemp: Display: Loaded TP WindowsTargetPlatform
[2018.12.07-21.50.17:297][  0]LogTemp: Display: Loaded TP Android_ASTCTargetPlatform
[2018.12.07-21.50.17:315][  0]LogTemp: Display: Loaded TP Android_ATCTargetPlatform
[2018.12.07-21.50.17:332][  0]LogTemp: Display: Loaded TP Android_DXTTargetPlatform
[2018.12.07-21.50.17:349][  0]LogTemp: Display: Loaded TP Android_ETC1aTargetPlatform
[2018.12.07-21.50.17:366][  0]LogTemp: Display: Loaded TP Android_ETC1TargetPlatform
[2018.12.07-21.50.17:385][  0]LogTemp: Display: Loaded TP Android_ETC2TargetPlatform
[2018.12.07-21.50.17:420][  0]LogTemp: Display: Loaded TP Android_MultiTargetPlatform
[2018.12.07-21.50.17:420][  0]LogTemp: Display: Loaded TP Android_PVRTCTargetPlatform
[2018.12.07-21.50.17:437][  0]LogTemp: Display: Loaded TP AndroidTargetPlatform
[2018.12.07-21.50.17:440][  0]LogTemp: Display: Loaded TP HTML5TargetPlatform
[2018.12.07-21.50.17:487][  0]LogTemp: Display: Loaded TP IOSTargetPlatform
[2018.12.07-21.50.17:504][  0]LogTemp: Display: Loaded TP TVOSTargetPlatform
[2018.12.07-21.50.17:521][  0]LogTemp: Display: Loaded TP LinuxClientTargetPlatform
[2018.12.07-21.50.17:540][  0]LogTemp: Display: Loaded TP LinuxNoEditorTargetPlatform
[2018.12.07-21.50.17:557][  0]LogTemp: Display: Loaded TP LinuxServerTargetPlatform
[2018.12.07-21.50.17:576][  0]LogTemp: Display: Loaded TP LinuxTargetPlatform
[2018.12.07-21.50.17:576][  0]LogTargetPlatformManager: Display: Building Assets For Windows
[2018.12.07-21.50.17:733][  0]LogXGEController: Cleaning working directory: C:/Users/Timo/AppData/Local/Temp/UnrealXGEWorkingDir/
[2018.12.07-21.50.17:733][  0]LogXGEController: Cannot use XGE Controller as Incredibuild is not installed on this machine.
[2018.12.07-21.50.17:733][  0]LogShaderCompilers: Cannot use XGE Shader Compiler as Incredibuild is not installed on this machine.
[2018.12.07-21.50.17:733][  0]LogShaderCompilers: Display: Using Local Shader Compiler.
[2018.12.07-21.50.18:412][  0]LogDerivedDataCache: Display: Max Cache Size: 512 MB
[2018.12.07-21.50.18:503][  0]LogDerivedDataCache: Loaded boot cache 0.09s 79MB C:/Users/Timo/AppData/Local/UnrealEngine/4.19/DerivedDataCache/Boot.ddc.
[2018.12.07-21.50.18:504][  0]LogDerivedDataCache: Display: Loaded Boot cache: C:/Users/Timo/AppData/Local/UnrealEngine/4.19/DerivedDataCache/Boot.ddc
[2018.12.07-21.50.18:504][  0]LogDerivedDataCache: FDerivedDataBackendGraph:  Pak pak cache file ../../../../../Studium/Fluide/Simulation/DerivedDataCache/DDC.ddp not found, will not use a pak cache.
[2018.12.07-21.50.18:504][  0]LogDerivedDataCache: Unable to find inner node Pak for hierarchical cache Hierarchy.
[2018.12.07-21.50.18:504][  0]LogDerivedDataCache: FDerivedDataBackendGraph:  CompressedPak pak cache file ../../../../../Studium/Fluide/Simulation/DerivedDataCache/Compressed.ddp not found, will not use a pak cache.
[2018.12.07-21.50.18:504][  0]LogDerivedDataCache: Unable to find inner node CompressedPak for hierarchical cache Hierarchy.
[2018.12.07-21.50.18:525][  0]LogDerivedDataCache: Display: Pak cache opened for reading ../../../Engine/DerivedDataCache/Compressed.ddp.
[2018.12.07-21.50.18:538][  0]LogDerivedDataCache: Using Local data cache path C:/Users/Timo/AppData/Local/UnrealEngine/Common/DerivedDataCache: Writable
[2018.12.07-21.50.18:538][  0]LogDerivedDataCache: Shared data cache path not found in *engine.ini, will not use an Shared cache.
[2018.12.07-21.50.18:538][  0]LogDerivedDataCache: Unable to find inner node Shared for hierarchical cache Hierarchy.
[2018.12.07-21.50.18:551][  0]LogMaterial: Verifying Global Shaders for PCD3D_SM5
[2018.12.07-21.50.18:552][  0]LogSlate: Using Freetype 2.6.0
[2018.12.07-21.50.18:553][  0]LogSlate: SlateFontCache - WITH_FREETYPE: 1, WITH_HARFBUZZ: 1
[2018.12.07-21.50.18:553][  0]LogSlate: SlateFontCache - WITH_FREETYPE: 1, WITH_HARFBUZZ: 1
[2018.12.07-21.50.18:678][  0]LogAssetRegistry: FAssetRegistry took 0.0302 seconds to start up
[2018.12.07-21.50.19:057][  0]LogInit: Selected Device Profile: [Windows]
[2018.12.07-21.50.19:232][  0]LogSimplygon: Simplygon DLL not present - disabling.
[2018.12.07-21.50.19:236][  0]LogMeshReduction: Using SimplygonSwarm for distributed automatic mesh merging
[2018.12.07-21.50.19:236][  0]LogMeshReduction: Using QuadricMeshReduction for automatic static mesh reduction
[2018.12.07-21.50.19:236][  0]LogMeshReduction: No automatic skeletal mesh reduction module available
[2018.12.07-21.50.19:236][  0]LogMeshReduction: No automatic mesh merging module available
[2018.12.07-21.50.19:236][  0]LogMeshMerging: No automatic mesh merging module available
[2018.12.07-21.50.19:276][  0]LogNetVersion: Simulation , NetCL: 3944462, EngineNetVer: 2, GameNetVer: 0 (Checksum: 940632137)
[2018.12.07-21.50.19:747][  0]LogPackageLocalizationCache: Processed 10 localized package path(s) for 1 prioritized culture(s) in 0.048930 seconds
[2018.12.07-21.50.19:755][  0]LogUObjectArray: 37029 objects as part of root set at end of initial load.
[2018.12.07-21.50.19:755][  0]LogUObjectAllocator: 7386192 out of 0 bytes used by permanent object pool.
[2018.12.07-21.50.19:755][  0]LogUObjectArray: CloseDisregardForGC: 0/0 objects in disregard for GC pool
[2018.12.07-21.50.21:488][  0]LogTcpMessaging: Initializing TcpMessaging bridge
[2018.12.07-21.50.21:520][  0]LogUdpMessaging: Initializing bridge on interface 0.0.0.0:0 to multicast group 230.0.0.1:6666.
[2018.12.07-21.50.21:966][  0]SourceControl: Source control is disabled
[2018.12.07-21.50.21:966][  0]SourceControl: Source control is disabled
[2018.12.07-21.50.21:985][  0]SourceControl: Source control is disabled
[2018.12.07-21.50.22:003][  0]SourceControl: Source control is disabled
[2018.12.07-21.50.22:535][  0]LogAndroidPermission: UAndroidPermissionCallbackProxy::GetInstance
[2018.12.07-21.50.22:727][  0]LogOcInput: OculusInput pre-init called
[2018.12.07-21.50.22:870][  0]LogEngine: Initializing Engine...
[2018.12.07-21.50.22:871][  0]LogHMD: Failed to initialize OpenVR with code 110
[2018.12.07-21.50.22:873][  0]LogStats: UGameplayTagsManager::ConstructGameplayTagTree: Construct from data asset -  0.000 s
[2018.12.07-21.50.22:873][  0]LogStats: UGameplayTagsManager::ConstructGameplayTagTree: GameplayTagTreeChangedEvent.Broadcast -  0.000 s
[2018.12.07-21.50.23:114][  0]LogAIModule: Creating AISystem for world Untitled
[2018.12.07-21.50.23:143][  0]LogInit: XAudio2 using '4 - SAMSUNG (AMD High Definition Audio Device)' : 2 channels at 48 kHz using 16 bits per sample (channel mask 0x3)
[2018.12.07-21.50.23:162][  0]LogInit: FAudioDevice initialized.
[2018.12.07-21.50.23:255][  0]LogDerivedDataCache: Saved boot cache 0.09s 79MB C:/Users/Timo/AppData/Local/UnrealEngine/4.19/DerivedDataCache/Boot.ddc.
[2018.12.07-21.50.23:271][  0]LogInit: Texture streaming: Enabled
[2018.12.07-21.50.23:297][  0]LogEngineSessionManager: EngineSessionManager initialized
[2018.12.07-21.50.23:298][  0]LogEngineSessionManager: EngineSessionManager sent abnormal shutdown report. Type=Debugger, SessionId={9227B926-4460-DC64-1238-E48F5399CBC9}
[2018.12.07-21.50.23:308][  0]LogInit: Transaction tracking system initialized
[2018.12.07-21.50.23:341][  0]BlueprintLog: New page: Editor Load
[2018.12.07-21.50.23:453][  0]LocalizationService: Localization service is disabled
[2018.12.07-21.50.23:548][  0]LogLinker: Warning: Can't find file '/Game/TopDownBP/TopDownOverview'
[2018.12.07-21.50.23:548][  0]LogLinker: Warning: Can't find file '/Game/TopDownBP/TopDownOverview'
[2018.12.07-21.50.23:548][  0]LogUObjectGlobals: Warning: Failed to find object 'Class /Game/TopDownBP/TopDownOverview.TopDownOverview_C'
[2018.12.07-21.50.23:610][  0]LogConsoleResponse: Display: 
[2018.12.07-21.50.23:771][  0]LogCook: Display: Max memory allowance for cook 16384mb min free memory 0mb
[2018.12.07-21.50.23:772][  0]LogCook: Display: Mobile HDR setting 1
[2018.12.07-21.50.23:772][  0]LogGameplayTags: Display: UGameplayTagsManager::DoneAddingNativeTags. DelegateIsBound: 0
[2018.12.07-21.50.23:772][  0]LogStats: UGameplayTagsManager::ConstructGameplayTagTree: Construct from data asset -  0.000 s
[2018.12.07-21.50.23:772][  0]LogStats: UGameplayTagsManager::ConstructGameplayTagTree: GameplayTagTreeChangedEvent.Broadcast -  0.000 s
[2018.12.07-21.50.24:163][  0]LogFileCache: Scanning file cache for directory 'D:/Studium/Fluide/Simulation/Content/' took 0.02s
[2018.12.07-21.50.24:164][  0]SourceControl: Source control is disabled
[2018.12.07-21.50.24:164][  0]Cmd: MAP LOAD FILE="../../../../../Studium/Fluide/Simulation/Content/Levels/3D/Waterfall.umap" TEMPLATE=0 SHOWPROGRESS=1 FEATURELEVEL=3
[2018.12.07-21.50.24:164][  0]LightingResults: New page: Lighting Build
[2018.12.07-21.50.24:167][  0]MapCheck: New page: Map Check
[2018.12.07-21.50.24:167][  0]LightingResults: New page: Lighting Build
[2018.12.07-21.50.24:285][  0]LogUObjectGlobals: Created PersistentFrame Addr=0x000001ee8902d6e0, Size=208, Default__SimulationSettings_C Function /Game/Blueprints/SimulationSettings.SimulationSettings_C:ExecuteUbergraph_SimulationSettings
[2018.12.07-21.50.24:288][  0]LogUObjectGlobals: Created PersistentFrame Addr=0x000001ee87d93800, Size=1024, Default__SimulationPawn_C Function /Game/Blueprints/SimulationPawn.SimulationPawn_C:ExecuteUbergraph_SimulationPawn
[2018.12.07-21.50.24:305][  0]LogUObjectGlobals: Created PersistentFrame Addr=0x000001ee87b67b00, Size=232, Default__Anzeige_C Function /Game/Widget/Anzeige.Anzeige_C:ExecuteUbergraph_Anzeige
[2018.12.07-21.50.24:388][  0]LogUObjectGlobals: Destroyed PersistentFrame Addr=0x000001ee87b67b00, Size=232
[2018.12.07-21.50.24:388][  0]LogUObjectGlobals: Created PersistentFrame Addr=0x000001ee87b61800, Size=232, Default__Anzeige_C Function /Engine/Transient.REINST_Anzeige_C_0:ExecuteUbergraph_Anzeige
[2018.12.07-21.50.24:390][  0]LogUObjectGlobals: Destroyed PersistentFrame Addr=0x000001ee87d93800, Size=1024
[2018.12.07-21.50.24:390][  0]LogUObjectGlobals: Created PersistentFrame Addr=0x000001ee87d93800, Size=1024, Default__SimulationPawn_C Function /Engine/Transient.REINST_SimulationPawn_C_5:ExecuteUbergraph_SimulationPawn
[2018.12.07-21.50.24:391][  0]LogUObjectGlobals: Destroyed PersistentFrame Addr=0x000001ee8902d6e0, Size=208
[2018.12.07-21.50.24:391][  0]LogUObjectGlobals: Created PersistentFrame Addr=0x000001ee8833bf20, Size=208, Default__SimulationSettings_C Function /Engine/Transient.REINST_SimulationSettings_C_6:ExecuteUbergraph_SimulationSettings
[2018.12.07-21.50.24:441][  0]LogUObjectGlobals: Created PersistentFrame Addr=0x000001ee8fd3cc00, Size=232, Default__Anzeige_C Function /Game/Widget/Anzeige.Anzeige_C:ExecuteUbergraph_Anzeige
[2018.12.07-21.50.24:447][  0]LogUObjectGlobals: Created PersistentFrame Addr=0x000001ee87f0f800, Size=1024, Default__SimulationPawn_C Function /Game/Blueprints/SimulationPawn.SimulationPawn_C:ExecuteUbergraph_SimulationPawn
[2018.12.07-21.50.24:453][  0]LogUObjectGlobals: Created PersistentFrame Addr=0x000001ee8fca9360, Size=208, Default__SimulationSettings_C Function /Game/Blueprints/SimulationSettings.SimulationSettings_C:ExecuteUbergraph_SimulationSettings
[2018.12.07-21.50.24:756][  0]LogAIModule: Creating AISystem for world Waterfall
[2018.12.07-21.50.24:762][  0]LogEditorServer: Finished looking for orphan Actors (0.000 secs)
[2018.12.07-21.50.24:780][  0]LogUObjectGlobals: Destroyed PersistentFrame Addr=0x000001ee8833bf20, Size=208
[2018.12.07-21.50.24:780][  0]LogUObjectGlobals: Destroyed PersistentFrame Addr=0x000001ee87d93800, Size=1024
[2018.12.07-21.50.24:780][  0]LogUObjectGlobals: Destroyed PersistentFrame Addr=0x000001ee87b61800, Size=232
[2018.12.07-21.50.24:782][  0]Cmd: MAP CHECKDEP NOCLEARLOG
[2018.12.07-21.50.24:833][  0]MapCheck: Map check complete: 0 Error(s), 0 Warning(s), took 51,358ms to complete.
[2018.12.07-21.50.24:834][  0]LogFileHelpers: Loading map 'Waterfall' took 0.669
[2018.12.07-21.50.25:021][  0]LogCollectionManager: Loaded 0 collections in 0.001737 seconds
[2018.12.07-21.50.25:079][  0]LogFileCache: Scanning file cache for directory 'D:/Studium/Fluide/Simulation/Saved/Collections/' took 0.01s
[2018.12.07-21.50.25:080][  0]LogFileCache: Scanning file cache for directory 'D:/Studium/Fluide/Simulation/Content/Developers/Timo/Collections/' took 0.01s
[2018.12.07-21.50.25:080][  0]LogFileCache: Scanning file cache for directory 'D:/Studium/Fluide/Simulation/Content/Collections/' took 0.01s
[2018.12.07-21.50.25:080][  0]LogCollectionManager: Rebuilt the GUID cache for 0 collections in 0.000000 seconds
[2018.12.07-21.50.25:098][  0]LogContentBrowser: Native class hierarchy populated in 0.0177 seconds. Added 2496 classes and 576 folders.
[2018.12.07-21.50.25:111][  0]LogContentBrowser: Native class hierarchy updated for 'WidgetCarousel' in 0.0018 seconds. Added 0 classes and 0 folders.
[2018.12.07-21.50.25:159][  0]LogContentBrowser: Native class hierarchy updated for 'AddContentDialog' in 0.0018 seconds. Added 0 classes and 0 folders.
[2018.12.07-21.50.25:170][  0]LogContentBrowser: Native class hierarchy updated for 'SceneOutliner' in 0.0026 seconds. Added 1 classes and 2 folders.
[2018.12.07-21.50.25:193][  0]LogSlate: Took 0.000221 seconds to synchronously load lazily loaded font '../../../Engine/Content/Slate/Fonts/Roboto-Regular.ttf' (155K)
[2018.12.07-21.50.25:195][  0]LogSlate: Took 0.000279 seconds to synchronously load lazily loaded font '../../../Engine/Content/Slate/Fonts/Roboto-Bold.ttf' (160K)
[2018.12.07-21.50.25:203][  0]LogSlate: Took 0.000225 seconds to synchronously load lazily loaded font '../../../Engine/Content/Editor/Slate/Fonts/FontAwesome.ttf' (139K)
[2018.12.07-21.50.25:305][  0]LogRenderer: Reallocating scene render targets to support 1208x600 Format 10 NumSamples 1 (Frame:1).
[2018.12.07-21.50.25:471][  0]LogContentBrowser: Native class hierarchy updated for 'HierarchicalLODOutliner' in 0.0019 seconds. Added 0 classes and 0 folders.
[2018.12.07-21.50.25:471][  0]LogLoad: (Engine Initialization) Total time: 13.28 seconds
[2018.12.07-21.50.25:471][  0]LogLoad: (Engine Initialization) Total Blueprint compile time: 0.00 seconds
[2018.12.07-21.50.25:481][  0]LogWindowsTextInputMethodSystem: Display: IME system now deactivated.
[2018.12.07-21.50.25:499][  0]LogContentStreaming: Texture pool size now 3000 MB
[2018.12.07-21.50.25:523][  0]LogSlate: Took 0.000179 seconds to synchronously load lazily loaded font '../../../Engine/Content/Slate/Fonts/Roboto-Light.ttf' (167K)
[2018.12.07-21.50.25:542][  1]LogAssetRegistry: Asset discovery search completed in 6.8887 seconds
[2018.12.07-21.50.25:544][  1]LogCollectionManager: Rebuilt the object cache for 0 collections in 0.000000 seconds (found 0 objects)
[2018.12.07-21.50.25:545][  1]LogCollectionManager: Fixed up redirectors for 0 collections in 0.000200 seconds (updated 0 objects)
[2018.12.07-21.50.28:800][374]LogSlate: FSceneViewport::OnFocusLost() reason 0
[2018.12.07-21.50.31:602][679]LogSlate: Took 0.000248 seconds to synchronously load lazily loaded font '../../../Engine/Content/Slate/Fonts/Roboto-Light.ttf' (167K)
[2018.12.07-21.50.31:628][679]LogAIModule: Creating AISystem for world PeriodicShearWave
[2018.12.07-21.50.31:646][679]Cmd: MAP LOAD FILE="../../../../../Studium/Fluide/Simulation/Content/Levels/2D/PeriodicShearWave.umap" TEMPLATE=0 SHOWPROGRESS=1 FEATURELEVEL=3
[2018.12.07-21.50.31:646][679]LightingResults: New page: Lighting Build
[2018.12.07-21.50.31:648][679]LoadErrors: New page: Loading map: PeriodicShearWave.umap
[2018.12.07-21.50.31:648][679]MapCheck: New page: Map Check
[2018.12.07-21.50.31:648][679]LightingResults: New page: Lighting Build
[2018.12.07-21.50.31:662][679]LogEditorServer: Finished looking for orphan Actors (0.000 secs)
[2018.12.07-21.50.31:715][679]Cmd: MAP CHECKDEP NOCLEARLOG
[2018.12.07-21.50.31:762][679]MapCheck: Map check complete: 0 Error(s), 0 Warning(s), took 47,195ms to complete.
[2018.12.07-21.50.31:762][679]LogFileHelpers: Loading map 'PeriodicShearWave' took 0.117
[2018.12.07-21.50.34:294][926]LogContentBrowser: Native class hierarchy updated for 'BlueprintGraph' in 0.0026 seconds. Added 116 classes and 0 folders.
[2018.12.07-21.50.34:796][926]LogUObjectGlobals: Created PersistentFrame Addr=0x000001eed65c9860, Size=4, Default__SKEL_PROTO_BP_AnimBlueprint_0_C Function /Engine/Transient.SKEL_PROTO_BP_AnimBlueprint_0_C:ExecuteUbergraph_PROTO_BP_AnimBlueprint_0
[2018.12.07-21.50.34:797][926]LogUObjectGlobals: Created PersistentFrame Addr=0x000001eed65c9858, Size=4, Default__PROTO_BP_AnimBlueprint_0_C Function /Engine/Transient.PROTO_BP_AnimBlueprint_0_C:ExecuteUbergraph_PROTO_BP_AnimBlueprint_0
[2018.12.07-21.50.35:404][926]LogSlate: Took 0.000225 seconds to synchronously load lazily loaded font '../../../Engine/Content/Slate/Fonts/Roboto-BoldCondensed.ttf' (158K)
[2018.12.07-21.50.35:567][927]LogSlate: Took 0.000409 seconds to synchronously load lazily loaded font '../../../Engine/Content/Slate/Fonts/Roboto-Italic.ttf' (157K)
[2018.12.07-21.50.40:400][437]BlueprintLog: New page: Compile SimulationSettings
[2018.12.07-21.50.40:491][437]LogUObjectGlobals: Destroyed PersistentFrame Addr=0x000001ee8fca9360, Size=208
[2018.12.07-21.50.40:491][437]LogUObjectGlobals: Created PersistentFrame Addr=0x000001eebeabc720, Size=208, Default__SimulationSettings_C Function /Engine/Transient.REINST_SimulationSettings_C_30:ExecuteUbergraph_SimulationSettings
[2018.12.07-21.50.40:502][437]LogUObjectGlobals: Created PersistentFrame Addr=0x000001eebea8cd40, Size=208, Default__SimulationSettings_C Function /Game/Blueprints/SimulationSettings.SimulationSettings_C:ExecuteUbergraph_SimulationSettings
[2018.12.07-21.50.41:117][465]Cmd: OBJ SAVEPACKAGE PACKAGE="/Game/Blueprints/SimulationSettings" FILE="../../../../../Studium/Fluide/Simulation/Content/Blueprints/SimulationSettings.uasset" SILENT=true
[2018.12.07-21.50.41:238][465]LogSavePackage: Save=111.37ms
[2018.12.07-21.50.41:238][465]LogSavePackage: Moving '../../../../../Studium/Fluide/Simulation/Saved/SimulationSettings4E3A62FF452A99BFF0536AAD2B65FFED.tmp' to '../../../../../Studium/Fluide/Simulation/Content/Blueprints/SimulationSettings.uasset'
[2018.12.07-21.50.41:243][465]LogSavePackage: Display: Finished SavePackage ../../../../../Studium/Fluide/Simulation/Content/Blueprints/SimulationSettings.uasset
[2018.12.07-21.50.50:333][539]LogTemp: Repeating last play command: Selected Viewport
[2018.12.07-21.50.50:360][539]LogBlueprintUserMessages: Early PlayInEditor Detection: Level '/Game/Levels/2D/PeriodicShearWave.PeriodicShearWave:PersistentLevel' has LevelScriptBlueprint '/Game/Levels/2D/PeriodicShearWave.PeriodicShearWave:PersistentLevel.PeriodicShearWave' with GeneratedClass '/Game/Levels/2D/PeriodicShearWave.PeriodicShearWave_C' with ClassGeneratedBy '/Game/Levels/2D/PeriodicShearWave.PeriodicShearWave:PersistentLevel.PeriodicShearWave'
[2018.12.07-21.50.50:361][539]LogPlayLevel: PlayLevel: No blueprints needed recompiling
[2018.12.07-21.50.50:361][539]PIE: New page: PIE session: PeriodicShearWave (07.12.2018 23:50:50)
[2018.12.07-21.50.50:361][539]LogPlayLevel: Creating play world package: /Game/Levels/2D/UEDPIE_0_PeriodicShearWave
[2018.12.07-21.50.50:365][539]LogPlayLevel: PIE: StaticDuplicateObject took: (0.003590s)
[2018.12.07-21.50.50:366][539]LogAIModule: Creating AISystem for world PeriodicShearWave
[2018.12.07-21.50.50:367][539]LogPlayLevel: PIE: World Init took: (0.001302s)
[2018.12.07-21.50.50:367][539]LogPlayLevel: PIE: Created PIE world by copying editor world from /Game/Levels/2D/PeriodicShearWave.PeriodicShearWave to /Game/Levels/2D/UEDPIE_0_PeriodicShearWave.PeriodicShearWave (0.005306s)
[2018.12.07-21.50.50:385][539]LogUObjectGlobals: Destroyed PersistentFrame Addr=0x000001eebeabc720, Size=208
[2018.12.07-21.50.50:398][539]LogInit: XAudio2 using '4 - SAMSUNG (AMD High Definition Audio Device)' : 2 channels at 48 kHz using 16 bits per sample (channel mask 0x3)
[2018.12.07-21.50.50:408][539]LogInit: FAudioDevice initialized.
[2018.12.07-21.50.50:461][539]LogLoad: Game class is 'SimulationSettings_C'
[2018.12.07-21.50.50:465][539]LogWorld: Bringing World /Game/Levels/2D/UEDPIE_0_PeriodicShearWave.PeriodicShearWave up for play (max tick rate 0) at 2018.12.07-22.50.50
[2018.12.07-21.50.50:465][539]LogWorld: Bringing up level for play took: 0.000956
[2018.12.07-21.50.50:470][539]LogContentBrowser: Native class hierarchy updated for 'MovieSceneCapture' in 0.0018 seconds. Added 11 classes and 0 folders.
[2018.12.07-21.50.50:470][539]LogGameMode: Display: Match State Changed from EnteringMap to WaitingToStart
[2018.12.07-21.50.50:471][539]LogGameState: Match State Changed from EnteringMap to WaitingToStart
[2018.12.07-21.50.50:471][539]LogGameMode: Display: Match State Changed from WaitingToStart to InProgress
[2018.12.07-21.50.50:525][539]LogGameState: Match State Changed from WaitingToStart to InProgress
[2018.12.07-21.50.50:525][539]PIE: Play in editor start time for /Game/Levels/2D/UEDPIE_0_PeriodicShearWave 0,645
[2018.12.07-21.50.50:526][539]LogBlueprintUserMessages: Late PlayInEditor Detection: Level '/Game/Levels/2D/PeriodicShearWave.PeriodicShearWave:PersistentLevel' has LevelScriptBlueprint '/Game/Levels/2D/PeriodicShearWave.PeriodicShearWave:PersistentLevel.PeriodicShearWave' with GeneratedClass '/Game/Levels/2D/PeriodicShearWave.PeriodicShearWave_C' with ClassGeneratedBy '/Game/Levels/2D/PeriodicShearWave.PeriodicShearWave:PersistentLevel.PeriodicShearWave'
[2018.12.07-21.52.11:655][ 33]LogBlueprintUserMessages: Early EndPlayMap Detection: Level '/Game/Levels/2D/PeriodicShearWave.PeriodicShearWave:PersistentLevel' has LevelScriptBlueprint '/Game/Levels/2D/PeriodicShearWave.PeriodicShearWave:PersistentLevel.PeriodicShearWave' with GeneratedClass '/Game/Levels/2D/PeriodicShearWave.PeriodicShearWave_C' with ClassGeneratedBy '/Game/Levels/2D/PeriodicShearWave.PeriodicShearWave:PersistentLevel.PeriodicShearWave'
[2018.12.07-21.52.11:697][ 33]LogBlueprintUserMessages: Late EndPlayMap Detection: Level '/Game/Levels/2D/PeriodicShearWave.PeriodicShearWave:PersistentLevel' has LevelScriptBlueprint '/Game/Levels/2D/PeriodicShearWave.PeriodicShearWave:PersistentLevel.PeriodicShearWave' with GeneratedClass '/Game/Levels/2D/PeriodicShearWave.PeriodicShearWave_C' with ClassGeneratedBy '/Game/Levels/2D/PeriodicShearWave.PeriodicShearWave:PersistentLevel.PeriodicShearWave'
[2018.12.07-21.52.12:798][150]LogSlate: FSceneViewport::OnFocusLost() reason 0
[2018.12.07-21.52.12:894][160]LogTemp: Repeating last play command: Selected Viewport
[2018.12.07-21.52.12:922][160]LogBlueprintUserMessages: Early PlayInEditor Detection: Level '/Game/Levels/2D/PeriodicShearWave.PeriodicShearWave:PersistentLevel' has LevelScriptBlueprint '/Game/Levels/2D/PeriodicShearWave.PeriodicShearWave:PersistentLevel.PeriodicShearWave' with GeneratedClass '/Game/Levels/2D/PeriodicShearWave.PeriodicShearWave_C' with ClassGeneratedBy '/Game/Levels/2D/PeriodicShearWave.PeriodicShearWave:PersistentLevel.PeriodicShearWave'
[2018.12.07-21.52.12:923][160]LogPlayLevel: PlayLevel: No blueprints needed recompiling
[2018.12.07-21.52.12:923][160]PIE: New page: PIE session: PeriodicShearWave (07.12.2018 23:52:12)
[2018.12.07-21.52.12:923][160]LogPlayLevel: Creating play world package: /Game/Levels/2D/UEDPIE_0_PeriodicShearWave
[2018.12.07-21.52.12:926][160]LogPlayLevel: PIE: StaticDuplicateObject took: (0.002575s)
[2018.12.07-21.52.12:927][160]LogAIModule: Creating AISystem for world PeriodicShearWave
[2018.12.07-21.52.12:927][160]LogPlayLevel: PIE: World Init took: (0.000957s)
[2018.12.07-21.52.12:927][160]LogPlayLevel: PIE: Created PIE world by copying editor world from /Game/Levels/2D/PeriodicShearWave.PeriodicShearWave to /Game/Levels/2D/UEDPIE_0_PeriodicShearWave.PeriodicShearWave (0.004014s)
[2018.12.07-21.52.12:954][160]LogInit: XAudio2 using '4 - SAMSUNG (AMD High Definition Audio Device)' : 2 channels at 48 kHz using 16 bits per sample (channel mask 0x3)
[2018.12.07-21.52.12:965][160]LogInit: FAudioDevice initialized.
[2018.12.07-21.52.13:003][160]LogLoad: Game class is 'SimulationSettings_C'
[2018.12.07-21.52.13:004][160]LogWorld: Bringing World /Game/Levels/2D/UEDPIE_0_PeriodicShearWave.PeriodicShearWave up for play (max tick rate 0) at 2018.12.07-22.52.13
[2018.12.07-21.52.13:004][160]LogWorld: Bringing up level for play took: 0.000722
[2018.12.07-21.52.13:005][160]LogGameMode: Display: Match State Changed from EnteringMap to WaitingToStart
[2018.12.07-21.52.13:005][160]LogGameState: Match State Changed from EnteringMap to WaitingToStart
[2018.12.07-21.52.13:005][160]LogGameMode: Display: Match State Changed from WaitingToStart to InProgress
[2018.12.07-21.52.13:067][160]LogGameState: Match State Changed from WaitingToStart to InProgress
[2018.12.07-21.52.13:067][160]PIE: Play in editor start time for /Game/Levels/2D/UEDPIE_0_PeriodicShearWave -0,814
[2018.12.07-21.52.13:068][160]LogBlueprintUserMessages: Late PlayInEditor Detection: Level '/Game/Levels/2D/PeriodicShearWave.PeriodicShearWave:PersistentLevel' has LevelScriptBlueprint '/Game/Levels/2D/PeriodicShearWave.PeriodicShearWave:PersistentLevel.PeriodicShearWave' with GeneratedClass '/Game/Levels/2D/PeriodicShearWave.PeriodicShearWave_C' with ClassGeneratedBy '/Game/Levels/2D/PeriodicShearWave.PeriodicShearWave:PersistentLevel.PeriodicShearWave'
[2018.12.07-21.53.06:172][958]LogBlueprintUserMessages: Early EndPlayMap Detection: Level '/Game/Levels/2D/PeriodicShearWave.PeriodicShearWave:PersistentLevel' has LevelScriptBlueprint '/Game/Levels/2D/PeriodicShearWave.PeriodicShearWave:PersistentLevel.PeriodicShearWave' with GeneratedClass '/Game/Levels/2D/PeriodicShearWave.PeriodicShearWave_C' with ClassGeneratedBy '/Game/Levels/2D/PeriodicShearWave.PeriodicShearWave:PersistentLevel.PeriodicShearWave'
[2018.12.07-21.53.06:211][958]LogBlueprintUserMessages: Late EndPlayMap Detection: Level '/Game/Levels/2D/PeriodicShearWave.PeriodicShearWave:PersistentLevel' has LevelScriptBlueprint '/Game/Levels/2D/PeriodicShearWave.PeriodicShearWave:PersistentLevel.PeriodicShearWave' with GeneratedClass '/Game/Levels/2D/PeriodicShearWave.PeriodicShearWave_C' with ClassGeneratedBy '/Game/Levels/2D/PeriodicShearWave.PeriodicShearWave:PersistentLevel.PeriodicShearWave'
[2018.12.07-21.53.07:529][ 99]LogSlate: FSceneViewport::OnFocusLost() reason 0
[2018.12.07-21.53.07:840][107]LogSlate: Window 'Simulation - Unreal Editor' being destroyed
[2018.12.07-21.53.07:840][107]LogWindowsTextInputMethodSystem: Display: IME system now deactivated.
[2018.12.07-21.53.08:051][108]Cmd: QUIT_EDITOR
[2018.12.07-21.53.08:789][108]LogSlate: Slate User Destroyed.  User Index 0, Is Virtual User: 0
[2018.12.07-21.53.08:789][108]LogExit: Preparing to exit.
[2018.12.07-21.53.09:004][108]LogDirectoryWatcher: A directory notification for 'D:/Studium/Fluide/Simulation/Content/' was aborted.
[2018.12.07-21.53.09:063][108]LogExit: Editor shut down
[2018.12.07-21.53.09:068][108]LogExit: Transaction tracking system shut down
[2018.12.07-21.53.09:070][108]LogUObjectGlobals: Destroyed PersistentFrame Addr=0x000001ee8fd3cc00, Size=232
[2018.12.07-21.53.09:070][108]LogUObjectGlobals: Destroyed PersistentFrame Addr=0x000001ee87f0f800, Size=1024
[2018.12.07-21.53.09:072][108]LogUObjectGlobals: Destroyed PersistentFrame Addr=0x000001eed65c9860, Size=4
[2018.12.07-21.53.09:072][108]LogUObjectGlobals: Destroyed PersistentFrame Addr=0x000001eed65c9858, Size=4
[2018.12.07-21.53.09:074][108]LogUObjectGlobals: Destroyed PersistentFrame Addr=0x000001eebea8cd40, Size=208
[2018.12.07-21.53.09:197][108]LogDirectoryWatcher: A directory notification for '../../../Engine/Content/' was aborted.
[2018.12.07-21.53.09:198][108]LogDirectoryWatcher: A directory notification for '../../../../../Studium/Fluide/Simulation/Content/' was aborted.
[2018.12.07-21.53.09:198][108]LogDirectoryWatcher: A directory notification for '../../Plugins/2D/Paper2D/Content/' was aborted.
[2018.12.07-21.53.09:199][108]LogDirectoryWatcher: A directory notification for '../../Plugins/Enterprise/DatasmithContent/Content/' was aborted.
[2018.12.07-21.53.09:199][108]LogDirectoryWatcher: A directory notification for '../../Plugins/Media/MediaCompositing/Content/' was aborted.
[2018.12.07-21.53.09:199][108]LogDirectoryWatcher: A directory notification for '../../Plugins/Runtime/AppleARKit/Content/' was aborted.
[2018.12.07-21.53.09:199][108]LogDirectoryWatcher: A directory notification for '../../Plugins/Runtime/Oculus/OculusVR/Content/' was aborted.
[2018.12.07-21.53.09:200][108]LogDirectoryWatcher: A directory notification for '../../Plugins/Runtime/Steam/SteamVR/Content/' was aborted.
[2018.12.07-21.53.09:200][108]LogDirectoryWatcher: A directory notification for '../../../../../Studium/Fluide/Simulation/Plugins/PointCloudPlugin/Content/' was aborted.
[2018.12.07-21.53.09:323][108]LogExit: Object subsystem successfully closed.
[2018.12.07-21.53.09:380][108]LogShaderCompilers: Display: Shaders left to compile 0
[2018.12.07-21.53.09:388][108]LogD3D11RHI: Shutdown
[2018.12.07-21.53.09:388][108]LogD3D11RHI: CleanupD3DDevice
[2018.12.07-21.53.09:394][108]LogD3D11RHI: ~FD3D11DynamicRHI
[2018.12.07-21.53.09:412][108]LogModuleManager: Shutting down and abandoning module MovieSceneCapture (584)
[2018.12.07-21.53.09:412][108]LogModuleManager: Shutting down and abandoning module BlueprintGraph (582)
[2018.12.07-21.53.09:412][108]LogModuleManager: Shutting down and abandoning module HierarchicalLODOutliner (580)
[2018.12.07-21.53.09:412][108]LogModuleManager: Shutting down and abandoning module DesktopPlatform (578)
[2018.12.07-21.53.09:413][108]LogModuleManager: Shutting down and abandoning module SceneOutliner (576)
[2018.12.07-21.53.09:413][108]LogModuleManager: Shutting down and abandoning module AddContentDialog (574)
[2018.12.07-21.53.09:413][108]LogDirectoryWatcher: A directory notification for 'D:/Programme/UE_4.19/FeaturePacks/' was aborted.
[2018.12.07-21.53.09:414][108]LogModuleManager: Shutting down and abandoning module WidgetCarousel (573)
[2018.12.07-21.53.09:414][108]LogModuleManager: Shutting down and abandoning module EditorWidgets (570)
[2018.12.07-21.53.09:415][108]LogModuleManager: Shutting down and abandoning module CollectionManager (568)
[2018.12.07-21.53.09:415][108]LogDirectoryWatcher: A directory notification for 'D:/Studium/Fluide/Simulation/Content/Collections/' was aborted.
[2018.12.07-21.53.09:415][108]LogDirectoryWatcher: A directory notification for 'D:/Studium/Fluide/Simulation/Content/Developers/Timo/Collections/' was aborted.
[2018.12.07-21.53.09:415][108]LogDirectoryWatcher: A directory notification for 'D:/Studium/Fluide/Simulation/Saved/Collections/' was aborted.
[2018.12.07-21.53.09:415][108]LogModuleManager: Shutting down and abandoning module StatsViewer (566)
[2018.12.07-21.53.09:416][108]LogModuleManager: Shutting down and abandoning module FoliageEdit (564)
[2018.12.07-21.53.09:416][108]LogModuleManager: Shutting down and abandoning module LandscapeEditor (562)
[2018.12.07-21.53.09:416][108]LogModuleManager: Shutting down and abandoning module MeshPaintMode (560)
[2018.12.07-21.53.09:416][108]LogModuleManager: Shutting down and abandoning module SceneDepthPickerMode (558)
[2018.12.07-21.53.09:416][108]LogModuleManager: Shutting down and abandoning module ActorPickerMode (556)
[2018.12.07-21.53.09:416][108]LogModuleManager: Shutting down and abandoning module GeometryMode (554)
[2018.12.07-21.53.09:416][108]LogModuleManager: Shutting down and abandoning module TextureAlignMode (552)
[2018.12.07-21.53.09:416][108]LogModuleManager: Shutting down and abandoning module BspMode (550)
[2018.12.07-21.53.09:417][108]LogModuleManager: Shutting down and abandoning module PIEPreviewDeviceProfileSelector (548)
[2018.12.07-21.53.09:417][108]LogModuleManager: Shutting down and abandoning module HardwareSurvey (546)
[2018.12.07-21.53.09:417][108]LogModuleManager: Shutting down and abandoning module SequenceRecorderSections (544)
[2018.12.07-21.53.09:417][108]LogModuleManager: Shutting down and abandoning module AutomationWorker (542)
[2018.12.07-21.53.09:417][108]LogModuleManager: Shutting down and abandoning module AudioCaptureEditor (540)
[2018.12.07-21.53.09:417][108]LogModuleManager: Shutting down and abandoning module SequenceRecorder (539)
[2018.12.07-21.53.09:417][108]LogModuleManager: Shutting down and abandoning module MatineeToLevelSequence (536)
[2018.12.07-21.53.09:418][108]LogModuleManager: Shutting down and abandoning module LevelSequenceEditor (534)
[2018.12.07-21.53.09:418][108]LogModuleManager: Shutting down and abandoning module PlacementMode (533)
[2018.12.07-21.53.09:418][108]LogModuleManager: Shutting down and abandoning module MaterialEditor (532)
[2018.12.07-21.53.09:418][108]LogModuleManager: Shutting down and abandoning module WmfMediaFactory (528)
[2018.12.07-21.53.09:418][108]LogModuleManager: Shutting down and abandoning module WmfMediaEditor (526)
[2018.12.07-21.53.09:418][108]LogModuleManager: Shutting down and abandoning module MediaPlayerEditor (524)
[2018.12.07-21.53.09:419][108]LogModuleManager: Shutting down and abandoning module OpenExrWrapper (522)
[2018.12.07-21.53.09:419][108]LogModuleManager: Shutting down and abandoning module ImgMediaFactory (520)
[2018.12.07-21.53.09:419][108]LogModuleManager: Shutting down and abandoning module ImgMediaEditor (518)
[2018.12.07-21.53.09:419][108]LogModuleManager: Shutting down and abandoning module AvfMediaFactory (516)
[2018.12.07-21.53.09:419][108]LogModuleManager: Shutting down and abandoning module AvfMediaEditor (514)
[2018.12.07-21.53.09:419][108]LogModuleManager: Shutting down and abandoning module AndroidMediaFactory (512)
[2018.12.07-21.53.09:419][108]LogModuleManager: Shutting down and abandoning module AndroidMediaEditor (510)
[2018.12.07-21.53.09:419][108]LogModuleManager: Shutting down and abandoning module CharacterAI (508)
[2018.12.07-21.53.09:420][108]LogModuleManager: Shutting down and abandoning module SmartSnapping (506)
[2018.12.07-21.53.09:420][108]LogModuleManager: Shutting down and abandoning module SessionServices (504)
[2018.12.07-21.53.09:420][108]LogModuleManager: Shutting down and abandoning module ViewportSnapping (502)
[2018.12.07-21.53.09:420][108]LogModuleManager: Shutting down and abandoning module ViewportInteraction (500)
[2018.12.07-21.53.09:420][108]LogModuleManager: Shutting down and abandoning module ClothPainter (498)
[2018.12.07-21.53.09:420][108]LogModuleManager: Shutting down and abandoning module SkeletalMeshEditor (497)
[2018.12.07-21.53.09:420][108]LogModuleManager: Shutting down and abandoning module LogVisualizer (494)
[2018.12.07-21.53.09:421][108]LogModuleManager: Shutting down and abandoning module IntroTutorials (492)
[2018.12.07-21.53.09:421][108]LogModuleManager: Shutting down and abandoning module GameProjectGeneration (491)
[2018.12.07-21.53.09:421][108]LogModuleManager: Shutting down and abandoning module IOSPlatformEditor (488)
[2018.12.07-21.53.09:421][108]LogModuleManager: Shutting down and abandoning module HTML5PlatformEditor (486)
[2018.12.07-21.53.09:421][108]LogModuleManager: Shutting down and abandoning module AndroidPlatformEditor (484)
[2018.12.07-21.53.09:421][108]LogModuleManager: Shutting down and abandoning module AndroidDeviceDetection (483)
[2018.12.07-21.53.09:764][108]LogModuleManager: Shutting down and abandoning module WindowsPlatformEditor (480)
[2018.12.07-21.53.09:764][108]LogModuleManager: Shutting down and abandoning module IOSRuntimeSettings (478)
[2018.12.07-21.53.09:764][108]LogModuleManager: Shutting down and abandoning module AndroidRuntimeSettings (476)
[2018.12.07-21.53.09:765][108]LogModuleManager: Shutting down and abandoning module InputBindingEditor (474)
[2018.12.07-21.53.09:765][108]LogModuleManager: Shutting down and abandoning module MergeActors (472)
[2018.12.07-21.53.09:765][108]LogModuleManager: Shutting down and abandoning module LocalizationDashboard (470)
[2018.12.07-21.53.09:765][108]LogModuleManager: Shutting down and abandoning module LocalizationService (469)
[2018.12.07-21.53.09:765][108]LogModuleManager: Shutting down and abandoning module HardwareTargeting (466)
[2018.12.07-21.53.09:766][108]LogModuleManager: Shutting down and abandoning module DeviceProfileEditor (464)
[2018.12.07-21.53.09:766][108]LogModuleManager: Shutting down and abandoning module UndoHistory (462)
[2018.12.07-21.53.09:766][108]LogModuleManager: Shutting down and abandoning module XmlParser (460)
[2018.12.07-21.53.09:766][108]LogModuleManager: Shutting down and abandoning module Blutility (458)
[2018.12.07-21.53.09:766][108]LogModuleManager: Shutting down and abandoning module ProjectSettingsViewer (456)
[2018.12.07-21.53.09:766][108]LogModuleManager: Shutting down and abandoning module ProjectTargetPlatformEditor (455)
[2018.12.07-21.53.09:767][108]LogModuleManager: Shutting down and abandoning module EditorSettingsViewer (452)
[2018.12.07-21.53.09:767][108]LogModuleManager: Shutting down and abandoning module SettingsEditor (450)
[2018.12.07-21.53.09:767][108]LogModuleManager: Shutting down and abandoning module ProjectLauncher (448)
[2018.12.07-21.53.09:767][108]LogModuleManager: Shutting down and abandoning module SessionFrontend (446)
[2018.12.07-21.53.09:768][108]LogModuleManager: Shutting down and abandoning module ProfilerClient (444)
[2018.12.07-21.53.09:768][108]LogModuleManager: Shutting down and abandoning module DeviceManager (442)
[2018.12.07-21.53.09:768][108]LogModuleManager: Shutting down and abandoning module TargetDeviceServices (441)
[2018.12.07-21.53.09:823][108]LogModuleManager: Shutting down and abandoning module AutomationController (438)
[2018.12.07-21.53.09:823][108]LogModuleManager: Shutting down and abandoning module AutomationWindow (436)
[2018.12.07-21.53.09:823][108]LogModuleManager: Shutting down and abandoning module Layers (434)
[2018.12.07-21.53.09:823][108]LogModuleManager: Shutting down and abandoning module ComponentVisualizers (432)
[2018.12.07-21.53.09:824][108]LogModuleManager: Shutting down and abandoning module DetailCustomizations (430)
[2018.12.07-21.53.09:824][108]LogModuleManager: Shutting down and abandoning module PackagesDialog (428)
[2018.12.07-21.53.09:824][108]LogModuleManager: Shutting down and abandoning module Persona (426)
[2018.12.07-21.53.09:824][108]LogModuleManager: Shutting down and abandoning module AdvancedPreviewScene (425)
[2018.12.07-21.53.09:825][108]LogModuleManager: Shutting down and abandoning module AnimGraph (423)
[2018.12.07-21.53.09:825][108]LogModuleManager: Shutting down and abandoning module Kismet (420)
[2018.12.07-21.53.09:835][108]LogModuleManager: Shutting down and abandoning module GraphEditor (418)
[2018.12.07-21.53.09:835][108]LogModuleManager: Shutting down and abandoning module ClassViewer (416)
[2018.12.07-21.53.09:835][108]LogModuleManager: Shutting down and abandoning module Toolbox (414)
[2018.12.07-21.53.09:835][108]LogModuleManager: Shutting down and abandoning module ModuleUI (412)
[2018.12.07-21.53.09:836][108]LogModuleManager: Shutting down and abandoning module MovieSceneTools (410)
[2018.12.07-21.53.09:836][108]LogModuleManager: Shutting down and abandoning module OutputLog (408)
[2018.12.07-21.53.09:836][108]LogModuleManager: Shutting down and abandoning module GammaUI (406)
[2018.12.07-21.53.09:836][108]LogModuleManager: Shutting down and abandoning module Documentation (404)
[2018.12.07-21.53.09:836][108]LogModuleManager: Shutting down and abandoning module MovieSceneTracks (402)
[2018.12.07-21.53.09:837][108]LogModuleManager: Shutting down and abandoning module MovieScene (400)
[2018.12.07-21.53.09:837][108]LogModuleManager: Shutting down and abandoning module StreamingPauseRendering (398)
[2018.12.07-21.53.09:837][108]LogModuleManager: Shutting down and abandoning module LauncherPlatform (396)
[2018.12.07-21.53.09:837][108]LogModuleManager: Shutting down and abandoning module AnalyticsET (394)
[2018.12.07-21.53.09:837][108]LogModuleManager: Shutting down and abandoning module PortalServices (392)
[2018.12.07-21.53.09:837][108]LogModuleManager: Shutting down and abandoning module PortalRpc (390)
[2018.12.07-21.53.09:838][108]LogModuleManager: Shutting down and abandoning module MessagingRpc (388)
[2018.12.07-21.53.09:838][108]LogModuleManager: Shutting down and abandoning module AIModule (386)
[2018.12.07-21.53.09:838][108]LogModuleManager: Shutting down and abandoning module GameplayDebugger (385)
[2018.12.07-21.53.09:838][108]LogModuleManager: Shutting down and abandoning module AITestSuite (383)
[2018.12.07-21.53.09:838][108]LogModuleManager: Shutting down and abandoning module ProfilerService (380)
[2018.12.07-21.53.09:970][108]LogModuleManager: Shutting down and abandoning module TaskGraph (378)
[2018.12.07-21.53.09:970][108]LogModuleManager: Shutting down and abandoning module PointCloudEditor (376)
[2018.12.07-21.53.09:970][108]LogModuleManager: Shutting down and abandoning module SteamVRController (374)
[2018.12.07-21.53.09:970][108]LogModuleManager: Shutting down and abandoning module ProceduralMeshComponentEditor (372)
[2018.12.07-21.53.09:971][108]LogModuleManager: Shutting down and abandoning module ProceduralMeshComponent (370)
[2018.12.07-21.53.09:971][108]LogModuleManager: Shutting down and abandoning module OculusInput (368)
[2018.12.07-21.53.09:971][108]LogModuleManager: Shutting down and abandoning module MobilePatchingUtils (366)
[2018.12.07-21.53.09:971][108]LogModuleManager: Shutting down and abandoning module CustomMeshComponent (364)
[2018.12.07-21.53.09:971][108]LogModuleManager: Shutting down and abandoning module CableComponent (362)
[2018.12.07-21.53.09:971][108]LogModuleManager: Shutting down and abandoning module AudioCapture (360)
[2018.12.07-21.53.09:972][108]LogModuleManager: Shutting down and abandoning module ArchVisCharacter (358)
[2018.12.07-21.53.09:972][108]LogModuleManager: Shutting down and abandoning module AndroidPermission (356)
[2018.12.07-21.53.09:972][108]LogModuleManager: Shutting down and abandoning module NUTUnrealEngine4 (352)
[2018.12.07-21.53.09:972][108]LogModuleManager: Shutting down and abandoning module NetcodeUnitTest (350)
[2018.12.07-21.53.09:972][108]LogModuleManager: Shutting down and abandoning module MediaCompositingEditor (348)
[2018.12.07-21.53.09:972][108]LogModuleManager: Shutting down and abandoning module MediaCompositing (346)
[2018.12.07-21.53.09:973][108]LogModuleManager: Shutting down and abandoning module LinearTimecode (344)
[2018.12.07-21.53.09:973][108]LogModuleManager: Shutting down and abandoning module ImgMedia (342)
[2018.12.07-21.53.09:988][108]LogModuleManager: Shutting down and abandoning module HTML5Networking (340)
[2018.12.07-21.53.09:988][108]LogModuleManager: Shutting down and abandoning module AlembicImporter (338)
[2018.12.07-21.53.09:988][108]LogModuleManager: Shutting down and abandoning module AlembicLibrary (337)
[2018.12.07-21.53.09:988][108]LogModuleManager: Shutting down and abandoning module GeometryCache (336)
[2018.12.07-21.53.09:989][108]LogModuleManager: Shutting down and abandoning module GeometryCacheEd (335)
[2018.12.07-21.53.09:989][108]LogModuleManager: Shutting down and abandoning module DatasmithContent (330)
[2018.12.07-21.53.09:989][108]LogModuleManager: Shutting down and abandoning module SpeedTreeImporter (328)
[2018.12.07-21.53.09:989][108]LogModuleManager: Shutting down and abandoning module PluginBrowser (326)
[2018.12.07-21.53.09:989][108]LogModuleManager: Shutting down and abandoning module MobileLauncherProfileWizard (324)
[2018.12.07-21.53.09:989][108]LogModuleManager: Shutting down and abandoning module CryptoKeysOpenSSL (322)
[2018.12.07-21.53.09:990][108]LogModuleManager: Shutting down and abandoning module CryptoKeys (320)
[2018.12.07-21.53.09:990][108]LogModuleManager: Shutting down and abandoning module VisualStudioSourceCodeAccess (318)
[2018.12.07-21.53.09:990][108]LogModuleManager: Shutting down and abandoning module VisualStudioCodeSourceCodeAccess (316)
[2018.12.07-21.53.09:990][108]LogModuleManager: Shutting down and abandoning module UObjectPlugin (314)
[2018.12.07-21.53.09:990][108]LogModuleManager: Shutting down and abandoning module SubversionSourceControl (312)
[2018.12.07-21.53.09:990][108]LogModuleManager: Shutting down and abandoning module PerforceSourceControl (310)
[2018.12.07-21.53.09:991][108]LogModuleManager: Shutting down and abandoning module GitSourceControl (308)
[2018.12.07-21.53.09:991][108]LogModuleManager: Shutting down and abandoning module SourceControl (307)
[2018.12.07-21.53.09:991][108]LogModuleManager: Shutting down and abandoning module CLionSourceCodeAccess (304)
[2018.12.07-21.53.09:991][108]LogModuleManager: Shutting down and abandoning module LightPropagationVolumeEditor (302)
[2018.12.07-21.53.09:991][108]LogModuleManager: Shutting down and abandoning module PaperTiledImporter (300)
[2018.12.07-21.53.09:991][108]LogModuleManager: Shutting down and abandoning module PaperSpriteSheetImporter (298)
[2018.12.07-21.53.09:992][108]LogModuleManager: Shutting down and abandoning module Paper2DEditor (296)
[2018.12.07-21.53.09:992][108]LogModuleManager: Shutting down and abandoning module MeshPaint (295)
[2018.12.07-21.53.09:992][108]LogModuleManager: Shutting down and abandoning module Simulation (292)
[2018.12.07-21.53.09:992][108]LogModuleManager: Shutting down and abandoning module RuntimePhysXCooking (290)
[2018.12.07-21.53.09:992][108]LogModuleManager: Shutting down and abandoning module PhysXVehiclesEditor (288)
[2018.12.07-21.53.09:992][108]LogModuleManager: Shutting down and abandoning module PhysXVehicles (286)
[2018.12.07-21.53.09:993][108]LogModuleManager: Shutting down and abandoning module OculusEditor (284)
[2018.12.07-21.53.09:993][108]LogModuleManager: Shutting down and abandoning module LocationServicesBPLibrary (282)
[2018.12.07-21.53.09:993][108]LogModuleManager: Shutting down and abandoning module ImmediatePhysicsEditor (280)
[2018.12.07-21.53.09:993][108]LogModuleManager: Shutting down and abandoning module ImmediatePhysics (278)
[2018.12.07-21.53.09:993][108]LogModuleManager: Shutting down and abandoning module ActorSequence (276)
[2018.12.07-21.53.09:993][108]LogModuleManager: Shutting down and abandoning module UdpMessaging (274)
[2018.12.07-21.53.10:095][108]LogModuleManager: Shutting down and abandoning module TcpMessaging (272)
[2018.12.07-21.53.10:195][108]LogModuleManager: Shutting down and abandoning module GameplayTagsEditor (270)
[2018.12.07-21.53.10:195][108]LogModuleManager: Shutting down and abandoning module FacialAnimationEditor (268)
[2018.12.07-21.53.10:195][108]LogModuleManager: Shutting down and abandoning module FacialAnimation (266)
[2018.12.07-21.53.10:195][108]LogModuleManager: Shutting down and abandoning module DataValidation (264)
[2018.12.07-21.53.10:196][108]LogModuleManager: Shutting down and abandoning module AssetManagerEditor (262)
[2018.12.07-21.53.10:196][108]LogModuleManager: Shutting down and abandoning module LevelEditor (261)
[2018.12.07-21.53.10:197][108]LogModuleManager: Shutting down and abandoning module PixelInspectorModule (260)
[2018.12.07-21.53.10:198][108]LogModuleManager: Shutting down and abandoning module CommonMenuExtensions (258)
[2018.12.07-21.53.10:198][108]LogModuleManager: Shutting down and abandoning module MainFrame (256)
[2018.12.07-21.53.10:199][108]LogModuleManager: Shutting down and abandoning module HotReload (255)
[2018.12.07-21.53.10:199][108]LogDirectoryWatcher: A directory notification for 'D:/Studium/Fluide/Simulation/Binaries/Win64' was aborted.
[2018.12.07-21.53.10:199][108]LogDirectoryWatcher: A directory notification for 'D:/Studium/Fluide/Simulation/Plugins/PointCloudPlugin/Binaries/Win64' was aborted.
[2018.12.07-21.53.10:200][108]LogModuleManager: Shutting down and abandoning module ContentBrowser (251)
[2018.12.07-21.53.10:202][108]LogModuleManager: Shutting down and abandoning module TreeMap (249)
[2018.12.07-21.53.10:202][108]LogModuleManager: Shutting down and abandoning module LightPropagationVolumeRuntime (246)
[2018.12.07-21.53.10:202][108]LogModuleManager: Shutting down and abandoning module LiveLinkEditor (244)
[2018.12.07-21.53.10:202][108]LogModuleManager: Shutting down and abandoning module LiveLink (242)
[2018.12.07-21.53.10:689][108]LogModuleManager: Shutting down and abandoning module Paper2D (240)
[2018.12.07-21.53.10:689][108]LogModuleManager: Shutting down and abandoning module WindowsMoviePlayer (238)
[2018.12.07-21.53.10:689][108]LogModuleManager: Shutting down and abandoning module WmfMedia (236)
[2018.12.07-21.53.10:705][108]LogModuleManager: Shutting down and abandoning module Media (235)
[2018.12.07-21.53.10:712][108]LogModuleManager: Shutting down and abandoning module PacketHandler (232)
[2018.12.07-21.53.10:713][108]LogModuleManager: Shutting down and abandoning module ClothingSystemEditor (230)
[2018.12.07-21.53.10:713][108]LogModuleManager: Shutting down and abandoning module ClothingSystemRuntime (228)
[2018.12.07-21.53.10:713][108]LogModuleManager: Shutting down and abandoning module MediaAssets (226)
[2018.12.07-21.53.10:713][108]LogModuleManager: Shutting down and abandoning module Overlay (224)
[2018.12.07-21.53.10:713][108]LogModuleManager: Shutting down and abandoning module OverlayEditor (223)
[2018.12.07-21.53.10:713][108]LogModuleManager: Shutting down and abandoning module VREditor (220)
[2018.12.07-21.53.10:713][108]LogModuleManager: Shutting down and abandoning module StringTableEditor (218)
[2018.12.07-21.53.10:714][108]LogModuleManager: Shutting down and abandoning module GameplayTasksEditor (216)
[2018.12.07-21.53.10:714][108]LogModuleManager: Shutting down and abandoning module BehaviorTreeEditor (214)
[2018.12.07-21.53.10:714][108]LogModuleManager: Shutting down and abandoning module FunctionalTesting (212)
[2018.12.07-21.53.10:714][108]LogModuleManager: Shutting down and abandoning module CollisionAnalyzer (210)
[2018.12.07-21.53.10:714][108]LogModuleManager: Shutting down and abandoning module WorkspaceMenuStructure (209)
[2018.12.07-21.53.10:714][108]LogModuleManager: Shutting down and abandoning module UMG (206)
[2018.12.07-21.53.10:714][108]LogModuleManager: Shutting down and abandoning module UMGEditor (205)
[2018.12.07-21.53.10:715][108]LogModuleManager: Shutting down and abandoning module Sequencer (204)
[2018.12.07-21.53.10:715][108]LogModuleManager: Shutting down and abandoning module MessageLog (201)
[2018.12.07-21.53.10:715][108]LogModuleManager: Shutting down and abandoning module SlateReflector (196)
[2018.12.07-21.53.10:715][108]LogModuleManager: Shutting down and abandoning module Slate (194)
[2018.12.07-21.53.10:715][108]LogModuleManager: Shutting down and abandoning module EditorStyle (192)
[2018.12.07-21.53.10:719][108]LogModuleManager: Shutting down and abandoning module MRMesh (190)
[2018.12.07-21.53.10:719][108]LogModuleManager: Shutting down and abandoning module SourceCodeAccess (188)
[2018.12.07-21.53.10:719][108]LogModuleManager: Shutting down and abandoning module HeadMountedDisplay (186)
[2018.12.07-21.53.10:719][108]LogModuleManager: Shutting down and abandoning module XAudio2 (184)
[2018.12.07-21.53.10:719][108]LogModuleManager: Shutting down and abandoning module Networking (182)
[2018.12.07-21.53.10:720][108]LogModuleManager: Shutting down and abandoning module Core (180)
[2018.12.07-21.53.10:720][108]LogModuleManager: Shutting down and abandoning module LevelSequence (178)
[2018.12.07-21.53.10:720][108]LogModuleManager: Shutting down and abandoning module KismetCompiler (176)
[2018.12.07-21.53.10:720][108]LogModuleManager: Shutting down and abandoning module MeshUtilities (174)
[2018.12.07-21.53.10:720][108]LogModuleManager: Shutting down and abandoning module MeshMergeUtilities (173)
[2018.12.07-21.53.10:720][108]LogModuleManager: Shutting down and abandoning module MeshReductionInterface (172)
[2018.12.07-21.53.10:720][108]LogModuleManager: Shutting down and abandoning module SimplygonSwarm (171)
[2018.12.07-21.53.10:720][108]LogModuleManager: Shutting down and abandoning module SimplygonMeshReduction (169)
[2018.12.07-21.53.10:720][108]LogModuleManager: Shutting down and abandoning module QuadricMeshReduction (167)
[2018.12.07-21.53.10:720][108]LogModuleManager: Shutting down and abandoning module MaterialBaking (163)
[2018.12.07-21.53.10:721][108]LogModuleManager: Shutting down and abandoning module DirectoryWatcher (159)
[2018.12.07-21.53.10:722][108]LogModuleManager: Shutting down and abandoning module DerivedDataCache (156)
[2018.12.07-21.53.10:769][108]LogDerivedDataCache: Shutdown
[2018.12.07-21.53.10:769][108]LogModuleManager: Shutting down and abandoning module XGEController (154)
[2018.12.07-21.53.10:769][108]LogXGEController: Cleaning working directory: C:/Users/Timo/AppData/Local/Temp/UnrealXGEWorkingDir/
[2018.12.07-21.53.10:769][108]LogModuleManager: Shutting down and abandoning module TargetPlatform (152)
[2018.12.07-21.53.10:770][108]LogModuleManager: Shutting down and abandoning module VulkanShaderFormat (151)
[2018.12.07-21.53.10:770][108]LogModuleManager: Shutting down and abandoning module ShaderFormatVectorVM (149)
[2018.12.07-21.53.10:770][108]LogModuleManager: Shutting down and abandoning module ShaderFormatOpenGL (147)
[2018.12.07-21.53.10:770][108]LogModuleManager: Shutting down and abandoning module ShaderFormatD3D (145)
[2018.12.07-21.53.10:770][108]LogModuleManager: Shutting down and abandoning module MetalShaderFormat (143)
[2018.12.07-21.53.10:770][108]LogModuleManager: Shutting down and abandoning module TextureFormatUncompressed (141)
[2018.12.07-21.53.10:770][108]LogModuleManager: Shutting down and abandoning module TextureFormatPVR (139)
[2018.12.07-21.53.10:770][108]LogModuleManager: Shutting down and abandoning module TextureFormatDXT (137)
[2018.12.07-21.53.10:770][108]LogModuleManager: Shutting down and abandoning module TextureFormatIntelISPCTexComp (135)
[2018.12.07-21.53.10:772][108]LogModuleManager: Shutting down and abandoning module TextureFormatASTC (133)
[2018.12.07-21.53.10:773][108]LogModuleManager: Shutting down and abandoning module ImageWrapper (132)
[2018.12.07-21.53.10:773][108]LogModuleManager: Shutting down and abandoning module TextureFormatAndroid (129)
[2018.12.07-21.53.10:773][108]LogModuleManager: Shutting down and abandoning module AudioFormatOpus (127)
[2018.12.07-21.53.10:773][108]LogModuleManager: Shutting down and abandoning module AudioFormatOgg (125)
[2018.12.07-21.53.10:773][108]LogModuleManager: Shutting down and abandoning module AudioFormatADPCM (123)
[2018.12.07-21.53.10:773][108]LogModuleManager: Shutting down and abandoning module LinuxTargetPlatform (121)
[2018.12.07-21.53.10:773][108]LogModuleManager: Shutting down and abandoning module LinuxServerTargetPlatform (119)
[2018.12.07-21.53.10:773][108]LogModuleManager: Shutting down and abandoning module LinuxNoEditorTargetPlatform (117)
[2018.12.07-21.53.10:773][108]LogModuleManager: Shutting down and abandoning module LinuxClientTargetPlatform (115)
[2018.12.07-21.53.10:774][108]LogModuleManager: Shutting down and abandoning module TVOSTargetPlatform (113)
[2018.12.07-21.53.10:774][108]LogModuleManager: Shutting down and abandoning module Messaging (111)
[2018.12.07-21.53.10:774][108]LogModuleManager: Shutting down and abandoning module IOSTargetPlatform (109)
[2018.12.07-21.53.10:774][108]LogModuleManager: Shutting down and abandoning module HTML5TargetPlatform (107)
[2018.12.07-21.53.10:774][108]LogModuleManager: Shutting down and abandoning module AndroidTargetPlatform (105)
[2018.12.07-21.53.10:774][108]LogModuleManager: Shutting down and abandoning module Android_PVRTCTargetPlatform (103)
[2018.12.07-21.53.10:774][108]LogModuleManager: Shutting down and abandoning module Android_MultiTargetPlatform (101)
[2018.12.07-21.53.10:774][108]LogModuleManager: Shutting down and abandoning module Android_ETC2TargetPlatform (99)
[2018.12.07-21.53.10:774][108]LogModuleManager: Shutting down and abandoning module Android_ETC1TargetPlatform (97)
[2018.12.07-21.53.10:774][108]LogModuleManager: Shutting down and abandoning module Android_ETC1aTargetPlatform (95)
[2018.12.07-21.53.10:775][108]LogModuleManager: Shutting down and abandoning module Android_DXTTargetPlatform (93)
[2018.12.07-21.53.10:775][108]LogModuleManager: Shutting down and abandoning module Android_ATCTargetPlatform (91)
[2018.12.07-21.53.10:775][108]LogModuleManager: Shutting down and abandoning module Android_ASTCTargetPlatform (89)
[2018.12.07-21.53.10:775][108]LogModuleManager: Shutting down and abandoning module WindowsTargetPlatform (87)
[2018.12.07-21.53.10:775][108]LogModuleManager: Shutting down and abandoning module WindowsServerTargetPlatform (85)
[2018.12.07-21.53.10:775][108]LogModuleManager: Shutting down and abandoning module WindowsNoEditorTargetPlatform (83)
[2018.12.07-21.53.10:775][108]LogModuleManager: Shutting down and abandoning module WindowsClientTargetPlatform (81)
[2018.12.07-21.53.10:775][108]LogModuleManager: Shutting down and abandoning module MacTargetPlatform (79)
[2018.12.07-21.53.10:775][108]LogModuleManager: Shutting down and abandoning module MacServerTargetPlatform (77)
[2018.12.07-21.53.10:775][108]LogModuleManager: Shutting down and abandoning module MacNoEditorTargetPlatform (75)
[2018.12.07-21.53.10:776][108]LogModuleManager: Shutting down and abandoning module MacClientTargetPlatform (73)
[2018.12.07-21.53.10:776][108]LogModuleManager: Shutting down and abandoning module AllDesktopTargetPlatform (71)
[2018.12.07-21.53.10:776][108]LogModuleManager: Shutting down and abandoning module InputCore (68)
[2018.12.07-21.53.10:776][108]LogModuleManager: Shutting down and abandoning module Settings (66)
[2018.12.07-21.53.10:776][108]LogModuleManager: Shutting down and abandoning module PhysXCooking (64)
[2018.12.07-21.53.10:776][108]LogModuleManager: Shutting down and abandoning module PointCloudRuntime (62)
[2018.12.07-21.53.10:776][108]LogModuleManager: Shutting down and abandoning module SteamVR (60)
[2018.12.07-21.53.10:776][108]LogModuleManager: Shutting down and abandoning module OculusHMD (58)
[2018.12.07-21.53.10:776][108]LogModuleManager: Shutting down and abandoning module ExampleDeviceProfileSelector (56)
[2018.12.07-21.53.10:777][108]LogModuleManager: Shutting down and abandoning module AppleARKit (54)
[2018.12.07-21.53.10:777][108]LogModuleManager: Shutting down and abandoning module AugmentedReality (51)
[2018.12.07-21.53.10:777][108]LogModuleManager: Shutting down and abandoning module OnlineBlueprintSupport (48)
[2018.12.07-21.53.10:777][108]LogModuleManager: Shutting down and abandoning module OnlineSubsystem (44)
[2018.12.07-21.53.10:777][108]LogModuleManager: Shutting down and abandoning module XMPP (43)
[2018.12.07-21.53.10:777][108]LogModuleManager: Shutting down and abandoning module HTTP (41)
[2018.12.07-21.53.10:777][108]LogHttp: Display: Http module shutting down, but needs to wait on 1 outstanding Http requests:
[2018.12.07-21.53.10:777][108]LogHttp: Display: 	verb=[POST] url=[https://datarouter.ol.epicgames.com/datarouter/api/v1/public/data?SessionID=%7BA42CE4D4-4DE1-243C-60DE-3AA60C504616%7D&AppID=UEEditor.Rocket.Release&AppVersion=4.19.2-4033788%2B%2B%2BUE4%2BRelease-4.19&UserID=d605645a4dfa3c5b8b0ac0bba7b7c154%7Ceca28a7febaf40c2b5f08e614a52c0e9%7Cc6833474-8f61-4f57-b81b-f5ceabbe441d&AppEnvironment=datacollector-binary&UploadType=eteventstream] status=Processing
[2018.12.07-21.53.10:803][108]LogModuleManager: Shutting down and abandoning module SSL (40)
[2018.12.07-21.53.10:805][108]LogModuleManager: Shutting down and abandoning module AnimationModifiers (36)
[2018.12.07-21.53.10:805][108]LogModuleManager: Shutting down and abandoning module PropertyEditor (35)
[2018.12.07-21.53.10:805][108]LogModuleManager: Shutting down and abandoning module AudioEditor (32)
[2018.12.07-21.53.10:805][108]LogModuleManager: Shutting down and abandoning module TextureCompressor (30)
[2018.12.07-21.53.10:808][108]LogModuleManager: Shutting down and abandoning module ShaderCore (28)
[2018.12.07-21.53.10:809][108]LogModuleManager: Shutting down and abandoning module Landscape (26)
[2018.12.07-21.53.10:809][108]LogModuleManager: Shutting down and abandoning module SlateRHIRenderer (24)
[2018.12.07-21.53.10:810][108]LogModuleManager: Shutting down and abandoning module OpenGLDrv (22)
[2018.12.07-21.53.10:810][108]LogModuleManager: Shutting down and abandoning module D3D11RHI (20)
[2018.12.07-21.53.10:810][108]LogModuleManager: Shutting down and abandoning module AnimGraphRuntime (18)
[2018.12.07-21.53.10:810][108]LogModuleManager: Shutting down and abandoning module Renderer (16)
[2018.12.07-21.53.10:810][108]LogModuleManager: Shutting down and abandoning module Engine (14)
[2018.12.07-21.53.10:811][108]LogModuleManager: Shutting down and abandoning module CoreUObject (12)
[2018.12.07-21.53.10:811][108]LogModuleManager: Shutting down and abandoning module NetworkFile (10)
[2018.12.07-21.53.10:811][108]LogModuleManager: Shutting down and abandoning module CookedIterativeFile (8)
[2018.12.07-21.53.10:811][108]LogModuleManager: Shutting down and abandoning module StreamingFile (6)
[2018.12.07-21.53.10:811][108]LogModuleManager: Shutting down and abandoning module SandboxFile (4)
[2018.12.07-21.53.10:811][108]LogModuleManager: Shutting down and abandoning module PakFile (2)
[2018.12.07-21.53.10:846][108]LogExit: Exiting.
[2018.12.07-21.53.10:877][108]Log file closed, 12/07/18 22:53:10
