Log file open, 01/22/19 10:05:18
LogWindows: Failed to load 'aqProf.dll' (GetLastError=126)
LogWindows: File 'aqProf.dll' does not exist
LogWindows: Failed to load 'VtuneApi.dll' (GetLastError=126)
LogWindows: File 'VtuneApi.dll' does not exist
LogWindows: Failed to load 'VtuneApi32e.dll' (GetLastError=126)
LogWindows: File 'VtuneApi32e.dll' does not exist
LogInit: Display: Running engine for game: Simulation
LogPlatformFile: Not using cached read wrapper
LogInit: Display: RandInit(1926135102) SRandInit(1926135102).
LogInit: Read version file with build ID '3944462'
LogInit: Overriding engine version to CL 4033788, compatible CL 3944462
LogInit: Registered custom module enumerator with build ID '3944462'
LogTaskGraph: Started task graph with 5 named threads and 35 total threads with 3 sets of task threads.
LogStats: Stats thread started at 0.554622
LogD3D11RHI: Aftermath initialized
LogICUInternationalization: Display: ICU TimeZone Detection - Raw Offset: +1:00, Platform Override: ''
LogPluginManager: Mounting plugin Paper2D
LogPluginManager: Mounting plugin LiveLink
LogPluginManager: Mounting plugin LightPropagationVolume
LogPluginManager: Mounting plugin CLionSourceCodeAccess
LogPluginManager: Mounting plugin CodeLiteSourceCodeAccess
LogPluginManager: Mounting plugin GitSourceControl
LogPluginManager: Mounting plugin KDevelopSourceCodeAccess
LogPluginManager: Mounting plugin NullSourceCodeAccess
LogPluginManager: Mounting plugin PerforceSourceControl
LogPluginManager: Mounting plugin SubversionSourceControl
LogPluginManager: Mounting plugin UObjectPlugin
LogPluginManager: Mounting plugin VisualStudioCodeSourceCodeAccess
LogPluginManager: Mounting plugin VisualStudioSourceCodeAccess
LogPluginManager: Mounting plugin XCodeSourceCodeAccess
LogPluginManager: Mounting plugin AssetManagerEditor
LogPluginManager: Mounting plugin CryptoKeys
LogPluginManager: Mounting plugin DataValidation
LogPluginManager: Mounting plugin FacialAnimation
LogPluginManager: Mounting plugin GameplayTagsEditor
LogPluginManager: Mounting plugin MobileLauncherProfileWizard
LogPluginManager: Mounting plugin PluginBrowser
LogPluginManager: Mounting plugin SpeedTreeImporter
LogPluginManager: Mounting plugin DatasmithContent
LogPluginManager: Mounting plugin AlembicImporter
LogPluginManager: Mounting plugin CharacterAI
LogPluginManager: Mounting plugin HTML5Networking
LogPluginManager: Mounting plugin AndroidMedia
LogPluginManager: Mounting plugin AvfMedia
LogPluginManager: Mounting plugin ImgMedia
LogPluginManager: Mounting plugin LinearTimecode
LogPluginManager: Mounting plugin MediaCompositing
LogPluginManager: Mounting plugin MediaPlayerEditor
LogPluginManager: Mounting plugin WmfMedia
LogPluginManager: Mounting plugin TcpMessaging
LogPluginManager: Mounting plugin UdpMessaging
LogPluginManager: Mounting plugin ActorSequence
LogPluginManager: Mounting plugin LevelSequenceEditor
LogPluginManager: Mounting plugin MatineeToLevelSequence
LogPluginManager: Mounting plugin NetcodeUnitTest
LogPluginManager: Mounting plugin NUTUnrealEngine4
LogPluginManager: Mounting plugin OnlineSubsystemGooglePlay
LogPluginManager: Mounting plugin OnlineSubsystemIOS
LogPluginManager: Mounting plugin OnlineSubsystem
LogPluginManager: Mounting plugin OnlineSubsystemNull
LogPluginManager: Mounting plugin OnlineSubsystemUtils
LogPluginManager: Mounting plugin AndroidDeviceProfileSelector
LogPluginManager: Mounting plugin AndroidMoviePlayer
LogPluginManager: Mounting plugin AndroidPermission
LogPluginManager: Mounting plugin AppleARKit
LogPluginManager: Mounting plugin AppleMoviePlayer
LogPluginManager: Mounting plugin ArchVisCharacter
LogPluginManager: Mounting plugin AudioCapture
LogPluginManager: Mounting plugin CableComponent
LogPluginManager: Mounting plugin CustomMeshComponent
LogPluginManager: Mounting plugin ExampleDeviceProfileSelector
LogPluginManager: Mounting plugin GoogleCloudMessaging
LogPluginManager: Mounting plugin ImmediatePhysics
LogPluginManager: Mounting plugin IOSDeviceProfileSelector
LogPluginManager: Mounting plugin LinuxDeviceProfileSelector
LogPluginManager: Mounting plugin LocationServicesBPLibrary
LogPluginManager: Mounting plugin MobilePatchingUtils
LogPluginManager: Mounting plugin OculusVR
LogPluginManager: Plugin shader directory ../../../Engine/Plugins/Runtime/Oculus/OculusVR/Shaders found
LogPluginManager: Mapping shader source directory ../../../Engine/Plugins/Runtime/Oculus/OculusVR/Shaders to virtual directory /Plugin/OculusVR
LogPluginManager: Mounting plugin PhysXVehicles
LogPluginManager: Mounting plugin ProceduralMeshComponent
LogPluginManager: Mounting plugin RuntimePhysXCooking
LogPluginManager: Mounting plugin SteamVR
LogPluginManager: Mounting plugin WindowsMoviePlayer
LogPluginManager: Mounting plugin PointCloudPlugin
LogPluginManager: Plugin shader directory ../../../../../Studium/Fluide/Simulation/Plugins/PointCloudPlugin/Shaders found
LogPluginManager: Mapping shader source directory ../../../../../Studium/Fluide/Simulation/Plugins/PointCloudPlugin/Shaders to virtual directory /Plugin/PointCloudPlugin
LogStreaming: Display: Took  0.134s to configure plugins.
LogModuleManager: Display: Found up-to-date module file ../../../../../Studium/Fluide/Simulation/Binaries/Win64/UE4Editor-Simulation.dll (API version 3944462).
LogModuleManager: Display: Found up-to-date module file ../../../Engine/Plugins/2D/Paper2D/Binaries/Win64/UE4Editor-Paper2D.dll (API version 3944462).
LogModuleManager: Display: Found up-to-date module file ../../../Engine/Plugins/2D/Paper2D/Binaries/Win64/UE4Editor-Paper2DEditor.dll (API version 3944462).
LogModuleManager: Display: Found up-to-date module file ../../../Engine/Plugins/2D/Paper2D/Binaries/Win64/UE4Editor-PaperSpriteSheetImporter.dll (API version 3944462).
LogModuleManager: Display: Found up-to-date module file ../../../Engine/Plugins/2D/Paper2D/Binaries/Win64/UE4Editor-PaperTiledImporter.dll (API version 3944462).
LogModuleManager: Display: Found up-to-date module file ../../../Engine/Plugins/2D/Paper2D/Binaries/Win64/UE4Editor-SmartSnapping.dll (API version 3944462).
LogModuleManager: Display: Found up-to-date module file ../../../Engine/Plugins/Animation/LiveLink/Binaries/Win64/UE4Editor-LiveLink.dll (API version 3944462).
LogModuleManager: Display: Found up-to-date module file ../../../Engine/Plugins/Animation/LiveLink/Binaries/Win64/UE4Editor-LiveLinkEditor.dll (API version 3944462).
LogModuleManager: Display: Found up-to-date module file ../../../Engine/Plugins/Blendables/LightPropagationVolume/Binaries/Win64/UE4Editor-LightPropagationVolumeRuntime.dll (API version 3944462).
LogModuleManager: Display: Found up-to-date module file ../../../Engine/Plugins/Blendables/LightPropagationVolume/Binaries/Win64/UE4Editor-LightPropagationVolumeEditor.dll (API version 3944462).
LogModuleManager: Display: Found up-to-date module file ../../../Engine/Plugins/Developer/CLionSourceCodeAccess/Binaries/Win64/UE4Editor-CLionSourceCodeAccess.dll (API version 3944462).
LogModuleManager: Display: Found up-to-date module file ../../../Engine/Plugins/Developer/GitSourceControl/Binaries/Win64/UE4Editor-GitSourceControl.dll (API version 3944462).
LogModuleManager: Display: Found up-to-date module file ../../../Engine/Plugins/Developer/PerforceSourceControl/Binaries/Win64/UE4Editor-PerforceSourceControl.dll (API version 3944462).
LogModuleManager: Display: Found up-to-date module file ../../../Engine/Plugins/Developer/SubversionSourceControl/Binaries/Win64/UE4Editor-SubversionSourceControl.dll (API version 3944462).
LogModuleManager: Display: Found up-to-date module file ../../../Engine/Plugins/Developer/UObjectPlugin/Binaries/Win64/UE4Editor-UObjectPlugin.dll (API version 3944462).
LogModuleManager: Display: Found up-to-date module file ../../../Engine/Plugins/Developer/VisualStudioCodeSourceCodeAccess/Binaries/Win64/UE4Editor-VisualStudioCodeSourceCodeAccess.dll (API version 3944462).
LogModuleManager: Display: Found up-to-date module file ../../../Engine/Plugins/Developer/VisualStudioSourceCodeAccess/Binaries/Win64/UE4Editor-VisualStudioSourceCodeAccess.dll (API version 3944462).
LogModuleManager: Display: Found up-to-date module file ../../../Engine/Plugins/Editor/AssetManagerEditor/Binaries/Win64/UE4Editor-AssetManagerEditor.dll (API version 3944462).
LogModuleManager: Display: Found up-to-date module file ../../../Engine/Plugins/Editor/CryptoKeys/Binaries/Win64/UE4Editor-CryptoKeys.dll (API version 3944462).
LogModuleManager: Display: Found up-to-date module file ../../../Engine/Plugins/Editor/CryptoKeys/Binaries/Win64/UE4Editor-CryptoKeysOpenSSL.dll (API version 3944462).
LogModuleManager: Display: Found up-to-date module file ../../../Engine/Plugins/Editor/DataValidation/Binaries/Win64/UE4Editor-DataValidation.dll (API version 3944462).
LogModuleManager: Display: Found up-to-date module file ../../../Engine/Plugins/Editor/FacialAnimation/Binaries/Win64/UE4Editor-FacialAnimation.dll (API version 3944462).
LogModuleManager: Display: Found up-to-date module file ../../../Engine/Plugins/Editor/FacialAnimation/Binaries/Win64/UE4Editor-FacialAnimationEditor.dll (API version 3944462).
LogModuleManager: Display: Found up-to-date module file ../../../Engine/Plugins/Editor/GameplayTagsEditor/Binaries/Win64/UE4Editor-GameplayTagsEditor.dll (API version 3944462).
LogModuleManager: Display: Found up-to-date module file ../../../Engine/Plugins/Editor/MobileLauncherProfileWizard/Binaries/Win64/UE4Editor-MobileLauncherProfileWizard.dll (API version 3944462).
LogModuleManager: Display: Found up-to-date module file ../../../Engine/Plugins/Editor/PluginBrowser/Binaries/Win64/UE4Editor-PluginBrowser.dll (API version 3944462).
LogModuleManager: Display: Found up-to-date module file ../../../Engine/Plugins/Editor/SpeedTreeImporter/Binaries/Win64/UE4Editor-SpeedTreeImporter.dll (API version 3944462).
LogModuleManager: Display: Found up-to-date module file ../../../Engine/Plugins/Enterprise/DatasmithContent/Binaries/Win64/UE4Editor-DatasmithContent.dll (API version 3944462).
LogModuleManager: Display: Found up-to-date module file ../../../Engine/Plugins/Experimental/AlembicImporter/Binaries/Win64/UE4Editor-AlembicImporter.dll (API version 3944462).
LogModuleManager: Display: Found up-to-date module file ../../../Engine/Plugins/Experimental/AlembicImporter/Binaries/Win64/UE4Editor-AlembicLibrary.dll (API version 3944462).
LogModuleManager: Display: Found up-to-date module file ../../../Engine/Plugins/Experimental/CharacterAI/Binaries/Win64/UE4Editor-CharacterAI.dll (API version 3944462).
LogModuleManager: Display: Found up-to-date module file ../../../Engine/Plugins/Experimental/HTML5Networking/Binaries/Win64/UE4Editor-HTML5Networking.dll (API version 3944462).
LogModuleManager: Display: Found up-to-date module file ../../../Engine/Plugins/Media/AndroidMedia/Binaries/Win64/UE4Editor-AndroidMediaEditor.dll (API version 3944462).
LogModuleManager: Display: Found up-to-date module file ../../../Engine/Plugins/Media/AndroidMedia/Binaries/Win64/UE4Editor-AndroidMediaFactory.dll (API version 3944462).
LogModuleManager: Display: Found up-to-date module file ../../../Engine/Plugins/Media/AvfMedia/Binaries/Win64/UE4Editor-AvfMediaEditor.dll (API version 3944462).
LogModuleManager: Display: Found up-to-date module file ../../../Engine/Plugins/Media/AvfMedia/Binaries/Win64/UE4Editor-AvfMediaFactory.dll (API version 3944462).
LogModuleManager: Display: Found up-to-date module file ../../../Engine/Plugins/Media/AvfMedia/Binaries/Win64/UE4Editor-AvfMediaFactory.dll (API version 3944462).
LogModuleManager: Display: Found up-to-date module file ../../../Engine/Plugins/Media/ImgMedia/Binaries/Win64/UE4Editor-ImgMedia.dll (API version 3944462).
LogModuleManager: Display: Found up-to-date module file ../../../Engine/Plugins/Media/ImgMedia/Binaries/Win64/UE4Editor-ImgMediaEditor.dll (API version 3944462).
LogModuleManager: Display: Found up-to-date module file ../../../Engine/Plugins/Media/ImgMedia/Binaries/Win64/UE4Editor-ImgMediaFactory.dll (API version 3944462).
LogModuleManager: Display: Found up-to-date module file ../../../Engine/Plugins/Media/ImgMedia/Binaries/Win64/UE4Editor-ImgMediaFactory.dll (API version 3944462).
LogModuleManager: Display: Found up-to-date module file ../../../Engine/Plugins/Media/ImgMedia/Binaries/Win64/UE4Editor-OpenExrWrapper.dll (API version 3944462).
LogModuleManager: Display: Found up-to-date module file ../../../Engine/Plugins/Media/LinearTimecode/Binaries/Win64/UE4Editor-LinearTimecode.dll (API version 3944462).
LogModuleManager: Display: Found up-to-date module file ../../../Engine/Plugins/Media/MediaCompositing/Binaries/Win64/UE4Editor-MediaCompositing.dll (API version 3944462).
LogModuleManager: Display: Found up-to-date module file ../../../Engine/Plugins/Media/MediaCompositing/Binaries/Win64/UE4Editor-MediaCompositingEditor.dll (API version 3944462).
LogModuleManager: Display: Found up-to-date module file ../../../Engine/Plugins/Media/MediaPlayerEditor/Binaries/Win64/UE4Editor-MediaPlayerEditor.dll (API version 3944462).
LogModuleManager: Display: Found up-to-date module file ../../../Engine/Plugins/Media/WmfMedia/Binaries/Win64/UE4Editor-WmfMedia.dll (API version 3944462).
LogModuleManager: Display: Found up-to-date module file ../../../Engine/Plugins/Media/WmfMedia/Binaries/Win64/UE4Editor-WmfMediaEditor.dll (API version 3944462).
LogModuleManager: Display: Found up-to-date module file ../../../Engine/Plugins/Media/WmfMedia/Binaries/Win64/UE4Editor-WmfMediaFactory.dll (API version 3944462).
LogModuleManager: Display: Found up-to-date module file ../../../Engine/Plugins/Media/WmfMedia/Binaries/Win64/UE4Editor-WmfMediaFactory.dll (API version 3944462).
LogModuleManager: Display: Found up-to-date module file ../../../Engine/Plugins/Messaging/TcpMessaging/Binaries/Win64/UE4Editor-TcpMessaging.dll (API version 3944462).
LogModuleManager: Display: Found up-to-date module file ../../../Engine/Plugins/Messaging/UdpMessaging/Binaries/Win64/UE4Editor-UdpMessaging.dll (API version 3944462).
LogModuleManager: Display: Found up-to-date module file ../../../Engine/Plugins/MovieScene/ActorSequence/Binaries/Win64/UE4Editor-ActorSequence.dll (API version 3944462).
LogModuleManager: Display: Found up-to-date module file ../../../Engine/Plugins/MovieScene/LevelSequenceEditor/Binaries/Win64/UE4Editor-LevelSequenceEditor.dll (API version 3944462).
LogModuleManager: Display: Found up-to-date module file ../../../Engine/Plugins/MovieScene/MatineeToLevelSequence/Binaries/Win64/UE4Editor-MatineeToLevelSequence.dll (API version 3944462).
LogModuleManager: Display: Found up-to-date module file ../../../Engine/Plugins/NetcodeUnitTest/NetcodeUnitTest/Binaries/Win64/UE4Editor-NetcodeUnitTest.dll (API version 3944462).
LogModuleManager: Display: Found up-to-date module file ../../../Engine/Plugins/NetcodeUnitTest/NUTUnrealEngine4/Binaries/Win64/UE4Editor-NUTUnrealEngine4.dll (API version 3944462).
LogModuleManager: Display: Found up-to-date module file ../../../Engine/Plugins/Online/OnlineSubsystem/Binaries/Win64/UE4Editor-OnlineSubsystem.dll (API version 3944462).
LogModuleManager: Display: Found up-to-date module file ../../../Engine/Plugins/Online/OnlineSubsystemNull/Binaries/Win64/UE4Editor-OnlineSubsystemNull.dll (API version 3944462).
LogModuleManager: Display: Found up-to-date module file ../../../Engine/Plugins/Online/OnlineSubsystemUtils/Binaries/Win64/UE4Editor-OnlineSubsystemUtils.dll (API version 3944462).
LogModuleManager: Display: Found up-to-date module file ../../../Engine/Plugins/Online/OnlineSubsystemUtils/Binaries/Win64/UE4Editor-OnlineBlueprintSupport.dll (API version 3944462).
LogModuleManager: Display: Found up-to-date module file ../../../Engine/Plugins/Runtime/AndroidDeviceProfileSelector/Binaries/Win64/UE4Editor-AndroidDeviceProfileSelector.dll (API version 3944462).
LogModuleManager: Display: Found up-to-date module file ../../../Engine/Plugins/Runtime/AndroidPermission/Binaries/Win64/UE4Editor-AndroidPermission.dll (API version 3944462).
LogModuleManager: Display: Found up-to-date module file ../../../Engine/Plugins/Runtime/AppleARKit/Binaries/Win64/UE4Editor-AppleARKit.dll (API version 3944462).
LogModuleManager: Display: Found up-to-date module file ../../../Engine/Plugins/Runtime/ArchVisCharacter/Binaries/Win64/UE4Editor-ArchVisCharacter.dll (API version 3944462).
LogModuleManager: Display: Found up-to-date module file ../../../Engine/Plugins/Runtime/AudioCapture/Binaries/Win64/UE4Editor-AudioCapture.dll (API version 3944462).
LogModuleManager: Display: Found up-to-date module file ../../../Engine/Plugins/Runtime/AudioCapture/Binaries/Win64/UE4Editor-AudioCaptureEditor.dll (API version 3944462).
LogModuleManager: Display: Found up-to-date module file ../../../Engine/Plugins/Runtime/CableComponent/Binaries/Win64/UE4Editor-CableComponent.dll (API version 3944462).
LogModuleManager: Display: Found up-to-date module file ../../../Engine/Plugins/Runtime/CustomMeshComponent/Binaries/Win64/UE4Editor-CustomMeshComponent.dll (API version 3944462).
LogModuleManager: Display: Found up-to-date module file ../../../Engine/Plugins/Runtime/ExampleDeviceProfileSelector/Binaries/Win64/UE4Editor-ExampleDeviceProfileSelector.dll (API version 3944462).
LogModuleManager: Display: Found up-to-date module file ../../../Engine/Plugins/Runtime/ImmediatePhysics/Binaries/Win64/UE4Editor-ImmediatePhysics.dll (API version 3944462).
LogModuleManager: Display: Found up-to-date module file ../../../Engine/Plugins/Runtime/ImmediatePhysics/Binaries/Win64/UE4Editor-ImmediatePhysicsEditor.dll (API version 3944462).
LogModuleManager: Display: Found up-to-date module file ../../../Engine/Plugins/Runtime/LocationServicesBPLibrary/Binaries/Win64/UE4Editor-LocationServicesBPLibrary.dll (API version 3944462).
LogModuleManager: Display: Found up-to-date module file ../../../Engine/Plugins/Runtime/MobilePatchingUtils/Binaries/Win64/UE4Editor-MobilePatchingUtils.dll (API version 3944462).
LogModuleManager: Display: Found up-to-date module file ../../../Engine/Plugins/Runtime/Oculus/OculusVR/Binaries/Win64/UE4Editor-OculusHMD.dll (API version 3944462).
LogModuleManager: Display: Found up-to-date module file ../../../Engine/Plugins/Runtime/Oculus/OculusVR/Binaries/Win64/UE4Editor-OculusInput.dll (API version 3944462).
LogModuleManager: Display: Found up-to-date module file ../../../Engine/Plugins/Runtime/Oculus/OculusVR/Binaries/Win64/UE4Editor-OculusEditor.dll (API version 3944462).
LogModuleManager: Display: Found up-to-date module file ../../../Engine/Plugins/Runtime/PhysXVehicles/Binaries/Win64/UE4Editor-PhysXVehicles.dll (API version 3944462).
LogModuleManager: Display: Found up-to-date module file ../../../Engine/Plugins/Runtime/PhysXVehicles/Binaries/Win64/UE4Editor-PhysXVehiclesEditor.dll (API version 3944462).
LogModuleManager: Display: Found up-to-date module file ../../../Engine/Plugins/Runtime/ProceduralMeshComponent/Binaries/Win64/UE4Editor-ProceduralMeshComponent.dll (API version 3944462).
LogModuleManager: Display: Found up-to-date module file ../../../Engine/Plugins/Runtime/ProceduralMeshComponent/Binaries/Win64/UE4Editor-ProceduralMeshComponentEditor.dll (API version 3944462).
LogModuleManager: Display: Found up-to-date module file ../../../Engine/Plugins/Runtime/RuntimePhysXCooking/Binaries/Win64/UE4Editor-RuntimePhysXCooking.dll (API version 3944462).
LogModuleManager: Display: Found up-to-date module file ../../../Engine/Plugins/Runtime/Steam/SteamVR/Binaries/Win64/UE4Editor-SteamVR.dll (API version 3944462).
LogModuleManager: Display: Found up-to-date module file ../../../Engine/Plugins/Runtime/Steam/SteamVR/Binaries/Win64/UE4Editor-SteamVRController.dll (API version 3944462).
LogModuleManager: Display: Found up-to-date module file ../../../Engine/Plugins/Runtime/WindowsMoviePlayer/Binaries/Win64/UE4Editor-WindowsMoviePlayer.dll (API version 3944462).
LogModuleManager: Display: Found up-to-date module file ../../../../../Studium/Fluide/Simulation/Plugins/PointCloudPlugin/Binaries/Win64/UE4Editor-PointCloudRuntime.dll (API version 3944462).
LogModuleManager: Display: Found up-to-date module file ../../../../../Studium/Fluide/Simulation/Plugins/PointCloudPlugin/Binaries/Win64/UE4Editor-PointCloudEditor.dll (API version 3944462).
LogInit: Using libcurl 7.47.1
LogInit:  - built for x86_64-pc-win32
LogInit:  - supports SSL with OpenSSL/1.0.2g
LogInit:  - supports HTTP deflate (compression) using libz 1.2.8
LogInit:  - other features:
LogInit:      CURL_VERSION_SSL
LogInit:      CURL_VERSION_LIBZ
LogInit:      CURL_VERSION_IPV6
LogInit:      CURL_VERSION_ASYNCHDNS
LogInit:      CURL_VERSION_LARGEFILE
LogInit:      CURL_VERSION_IDN
LogInit:  CurlRequestOptions (configurable via config and command line):
LogInit:  - bVerifyPeer = false  - Libcurl will NOT verify peer certificate
LogInit:  - bUseHttpProxy = false  - Libcurl will NOT use HTTP proxy
LogInit:  - bDontReuseConnections = false  - Libcurl will reuse connections
LogInit:  - CertBundlePath = nullptr  - Libcurl will use whatever was configured at build time.
LogInit:  - MaxHostConnections = 16  - Libcurl will limit the number of connections to a host
LogInit:  - LocalHostAddr = Default
LogInit: WinSock: version 1.1 (2.2), MaxSocks=32767, MaxUdp=65467
LogInit: WinSock: I am Slowy (192.168.178.44:0)
LogInit: Build: ++UE4+Release-4.19-CL-4033788
LogInit: Engine Version: 4.19.2-4033788+++UE4+Release-4.19
LogInit: Compatible Engine Version: 4.19.0-3944462+++UE4+Release-4.19
LogInit: Net CL: 3944462
LogDevObjectVersion: Number of dev versions registered: 18
LogDevObjectVersion:   Dev-Blueprints (B0D832E4-1F89-4F0D-ACCF-7EB736FD4AA2): 10
LogDevObjectVersion:   Dev-Build (E1C64328-A22C-4D53-A36C-8E866417BD8C): 0
LogDevObjectVersion:   Dev-Core (375EC13C-06E4-48FB-B500-84F0262A717E): 2
LogDevObjectVersion:   Dev-Editor (E4B068ED-F494-42E9-A231-DA0B2E46BB41): 23
LogDevObjectVersion:   Dev-Framework (CFFC743F-43B0-4480-9391-14DF171D2073): 33
LogDevObjectVersion:   Dev-Mobile (B02B49B5-BB20-44E9-A304-32B752E40360): 2
LogDevObjectVersion:   Dev-Networking (A4E4105C-59A1-49B5-A7C5-40C4547EDFEE): 0
LogDevObjectVersion:   Dev-Online (39C831C9-5AE6-47DC-9A44-9C173E1C8E7C): 0
LogDevObjectVersion:   Dev-Physics (78F01B33-EBEA-4F98-B9B4-84EACCB95AA2): 0
LogDevObjectVersion:   Dev-Platform (6631380F-2D4D-43E0-8009-CF276956A95A): 0
LogDevObjectVersion:   Dev-Rendering (12F88B9F-8875-4AFC-A67C-D90C383ABD29): 25
LogDevObjectVersion:   Dev-Sequencer (7B5AE74C-D270-4C10-A958-57980B212A5A): 6
LogDevObjectVersion:   Dev-VR (D7296918-1DD6-4BDD-9DE2-64A83CC13884): 1
LogDevObjectVersion:   Dev-LoadTimes (C2A15278-BFE7-4AFE-6C17-90FF531DF755): 1
LogDevObjectVersion:   Private-Geometry (6EACA3D4-40EC-4CC1-B786-8BED09428FC5): 2
LogDevObjectVersion:   Dev-AnimPhys (29E575DD-E0A3-4627-9D10-D276232CDCEA): 16
LogDevObjectVersion:   Dev-ReflectionCapture (6B266CEC-1EC7-4B8F-A30B-E4D90942FC07): 1
LogDevObjectVersion:   Dev-Automation (0DF73D61-A23F-47EA-B727-89E90C41499A): 1
LogInit: Compiled (64-bit): Apr 27 2018 02:06:57
LogInit: Compiled with Visual C++: 19.00.24215.01
LogInit: Build Configuration: Development
LogInit: Branch Name: ++UE4+Release-4.19
LogInit: Command Line:  -skipcompile
LogInit: Base Directory: D:/Programme/UE_4.19/Engine/Binaries/Win64/
LogInit: Installed Engine Build: 1
LogStreaming: Display: Took  0.002s to delete old logs.
LogInit: Presizing for max 8388607 objects, including 0 objects not considered by GC, pre-allocating 0 bytes for permanent pool.
LogInit: Object subsystem initialized
[2019.01.22-09.05.21:962][  0]LogInit: Selected Device Profile: [Windows]
[2019.01.22-09.05.21:962][  0]LogInit: Applying CVar settings loaded from the selected device profile: [Windows]
[2019.01.22-09.05.22:009][  0]LogInit: Computer: SLOWY
[2019.01.22-09.05.22:009][  0]LogInit: User: Timo
[2019.01.22-09.05.22:009][  0]LogInit: CPU Page size=4096, Cores=6
[2019.01.22-09.05.22:009][  0]LogInit: High frequency timer resolution =3.119131 MHz
[2019.01.22-09.05.22:009][  0]LogMemory: Memory total: Physical=16.0GB (16GB approx)
[2019.01.22-09.05.22:009][  0]LogMemory: Platform Memory Stats for Windows
[2019.01.22-09.05.22:009][  0]LogMemory: Process Physical Memory: 276.48 MB used, 276.48 MB peak
[2019.01.22-09.05.22:009][  0]LogMemory: Process Virtual Memory: 265.48 MB used, 265.48 MB peak
[2019.01.22-09.05.22:009][  0]LogMemory: Physical Memory: 4665.15 MB used,  11670.33 MB free, 16335.48 MB total
[2019.01.22-09.05.22:010][  0]LogMemory: Virtual Memory: 4805.91 MB used,  11670.33 MB free, 134217728.00 MB total
[2019.01.22-09.05.22:292][  0]LogInit: Using OS detected language (de-DE).
[2019.01.22-09.05.22:292][  0]LogInit: Using OS detected locale (de-DE).
[2019.01.22-09.05.22:369][  0]LogTextLocalizationManager: No localization for 'de-DE' exists, so 'en' will be used for the language.
[2019.01.22-09.05.22:929][  0]LogStreaming: Display: Took  0.637s to EndInitTextLocalization.
[2019.01.22-09.05.22:929][  0]LogInit: Setting process to per monitor DPI aware
[2019.01.22-09.05.23:057][  0]LogSlate: New Slate User Created.  User Index 0, Is Virtual User: 0
[2019.01.22-09.05.23:057][  0]LogSlate: Slate User Registered.  User Index 0, Is Virtual User: 0
[2019.01.22-09.05.25:595][  0]LogD3D11RHI: D3D11 adapters:
[2019.01.22-09.05.25:661][  0]LogD3D11RHI:    0. 'Radeon (TM) RX 480 Graphics' (Feature Level 11_0)
[2019.01.22-09.05.25:661][  0]LogD3D11RHI:       8137/0/8167 MB DedicatedVideo/DedicatedSystem/SharedSystem, Outputs:2, VendorId:0x1002
[2019.01.22-09.05.25:669][  0]LogD3D11RHI:    1. 'Microsoft Basic Render Driver' (Feature Level 11_0)
[2019.01.22-09.05.25:669][  0]LogD3D11RHI:       0/0/8167 MB DedicatedVideo/DedicatedSystem/SharedSystem, Outputs:0, VendorId:0x1414
[2019.01.22-09.05.25:669][  0]LogD3D11RHI: Chosen D3D11 Adapter: 0
[2019.01.22-09.05.25:679][  0]LogD3D11RHI: Creating new Direct3DDevice
[2019.01.22-09.05.25:680][  0]LogD3D11RHI:     GPU DeviceId: 0x67df (for the marketing name, search the web for "GPU Device Id")
[2019.01.22-09.05.25:680][  0]LogWindows: EnumDisplayDevices:
[2019.01.22-09.05.25:680][  0]LogWindows:    0. 'Radeon (TM) RX 480 Graphics' (P:1 D:1)
[2019.01.22-09.05.25:680][  0]LogWindows:    1. 'Radeon (TM) RX 480 Graphics' (P:0 D:1)
[2019.01.22-09.05.25:681][  0]LogWindows:    2. 'Radeon (TM) RX 480 Graphics' (P:0 D:0)
[2019.01.22-09.05.25:681][  0]LogWindows:    3. 'Radeon (TM) RX 480 Graphics' (P:0 D:0)
[2019.01.22-09.05.25:681][  0]LogWindows:    4. 'Radeon (TM) RX 480 Graphics' (P:0 D:0)
[2019.01.22-09.05.25:681][  0]LogWindows:    5. 'Radeon (TM) RX 480 Graphics' (P:0 D:0)
[2019.01.22-09.05.25:682][  0]LogWindows:    6. 'Radeon (TM) RX 480 Graphics' (P:0 D:0)
[2019.01.22-09.05.25:682][  0]LogWindows: DebugString: GetVideoDriverDetailsInvalid PrimaryIsNotTheChoosenAdapter GetVideoDriverDetailsInvalid PrimaryIsNotTheChoosenAdapter GetVideoDriverDetailsInvalid PrimaryIsNotTheChoosenAdapter GetVideoDriverDetailsInvalid PrimaryIsNotTheChoosenAdapter GetVideoDriverDetailsInvalid PrimaryIsNotTheChoosenAdapter GetVideoDriverDetailsInvalid PrimaryIsNotTheChoosenAdapter GetVideoDriverDetailsInvalid PrimaryIsNotTheChoosenAdapter FoundDriverCount:0 
[2019.01.22-09.05.25:682][  0]LogD3D11RHI:     Adapter Name: Radeon (TM) RX 480 Graphics
[2019.01.22-09.05.25:682][  0]LogD3D11RHI:   Driver Version: Unknown (internal:Unknown, unified:Unknown)
[2019.01.22-09.05.25:682][  0]LogD3D11RHI:      Driver Date: Unknown
[2019.01.22-09.05.25:682][  0]LogRHI: Texture pool is 5695 MB (70% of 8137 MB)
[2019.01.22-09.05.25:767][  0]LogD3D11RHI: Async texture creation enabled
[2019.01.22-09.05.25:780][  0]LogD3D11RHI: GPU Timing Frequency: 25.000000 (Debug: 2 1)
[2019.01.22-09.05.25:781][  0]LogShaderCompilers: Guid format shader working directory is 5 characters bigger than the processId version (../../../../../Studium/Fluide/Simulation/Intermediate/Shaders/WorkingDirectory/3452/).
[2019.01.22-09.05.25:782][  0]LogShaderCompilers: Cleaned the shader compiler working directory 'C:/Users/Timo/AppData/Local/Temp/UnrealShaderWorkingDir/E1ED80794C19499997E000BB910223E7/'.
[2019.01.22-09.05.26:298][  0]LogTemp: Display: Loaded TP AllDesktopTargetPlatform
[2019.01.22-09.05.26:321][  0]LogTemp: Display: Loaded TP MacClientTargetPlatform
[2019.01.22-09.05.26:341][  0]LogTemp: Display: Loaded TP MacNoEditorTargetPlatform
[2019.01.22-09.05.26:359][  0]LogTemp: Display: Loaded TP MacServerTargetPlatform
[2019.01.22-09.05.26:386][  0]LogTemp: Display: Loaded TP MacTargetPlatform
[2019.01.22-09.05.26:405][  0]LogTemp: Display: Loaded TP WindowsClientTargetPlatform
[2019.01.22-09.05.26:424][  0]LogTemp: Display: Loaded TP WindowsNoEditorTargetPlatform
[2019.01.22-09.05.26:442][  0]LogTemp: Display: Loaded TP WindowsServerTargetPlatform
[2019.01.22-09.05.26:452][  0]LogTemp: Display: Loaded TP WindowsTargetPlatform
[2019.01.22-09.05.26:469][  0]LogTemp: Display: Loaded TP Android_ASTCTargetPlatform
[2019.01.22-09.05.26:491][  0]LogTemp: Display: Loaded TP Android_ATCTargetPlatform
[2019.01.22-09.05.26:509][  0]LogTemp: Display: Loaded TP Android_DXTTargetPlatform
[2019.01.22-09.05.26:541][  0]LogTemp: Display: Loaded TP Android_ETC1aTargetPlatform
[2019.01.22-09.05.26:586][  0]LogTemp: Display: Loaded TP Android_ETC1TargetPlatform
[2019.01.22-09.05.26:615][  0]LogTemp: Display: Loaded TP Android_ETC2TargetPlatform
[2019.01.22-09.05.26:675][  0]LogTemp: Display: Loaded TP Android_MultiTargetPlatform
[2019.01.22-09.05.26:675][  0]LogTemp: Display: Loaded TP Android_PVRTCTargetPlatform
[2019.01.22-09.05.26:709][  0]LogTemp: Display: Loaded TP AndroidTargetPlatform
[2019.01.22-09.05.26:723][  0]LogTemp: Display: Loaded TP HTML5TargetPlatform
[2019.01.22-09.05.26:819][  0]LogTemp: Display: Loaded TP IOSTargetPlatform
[2019.01.22-09.05.26:850][  0]LogTemp: Display: Loaded TP TVOSTargetPlatform
[2019.01.22-09.05.26:892][  0]LogTemp: Display: Loaded TP LinuxClientTargetPlatform
[2019.01.22-09.05.26:922][  0]LogTemp: Display: Loaded TP LinuxNoEditorTargetPlatform
[2019.01.22-09.05.26:951][  0]LogTemp: Display: Loaded TP LinuxServerTargetPlatform
[2019.01.22-09.05.26:985][  0]LogTemp: Display: Loaded TP LinuxTargetPlatform
[2019.01.22-09.05.26:985][  0]LogTargetPlatformManager: Display: Building Assets For Windows
[2019.01.22-09.05.27:712][  0]LogXGEController: Cleaning working directory: C:/Users/Timo/AppData/Local/Temp/UnrealXGEWorkingDir/
[2019.01.22-09.05.27:713][  0]LogXGEController: Cannot use XGE Controller as Incredibuild is not installed on this machine.
[2019.01.22-09.05.27:713][  0]LogShaderCompilers: Cannot use XGE Shader Compiler as Incredibuild is not installed on this machine.
[2019.01.22-09.05.27:713][  0]LogShaderCompilers: Display: Using Local Shader Compiler.
[2019.01.22-09.05.29:539][  0]LogDerivedDataCache: Display: Max Cache Size: 512 MB
[2019.01.22-09.05.29:917][  0]LogDerivedDataCache: Loaded boot cache 0.38s 79MB C:/Users/Timo/AppData/Local/UnrealEngine/4.19/DerivedDataCache/Boot.ddc.
[2019.01.22-09.05.29:917][  0]LogDerivedDataCache: Display: Loaded Boot cache: C:/Users/Timo/AppData/Local/UnrealEngine/4.19/DerivedDataCache/Boot.ddc
[2019.01.22-09.05.29:917][  0]LogDerivedDataCache: FDerivedDataBackendGraph:  Pak pak cache file ../../../../../Studium/Fluide/Simulation/DerivedDataCache/DDC.ddp not found, will not use a pak cache.
[2019.01.22-09.05.29:917][  0]LogDerivedDataCache: Unable to find inner node Pak for hierarchical cache Hierarchy.
[2019.01.22-09.05.29:917][  0]LogDerivedDataCache: FDerivedDataBackendGraph:  CompressedPak pak cache file ../../../../../Studium/Fluide/Simulation/DerivedDataCache/Compressed.ddp not found, will not use a pak cache.
[2019.01.22-09.05.29:917][  0]LogDerivedDataCache: Unable to find inner node CompressedPak for hierarchical cache Hierarchy.
[2019.01.22-09.05.29:948][  0]LogDerivedDataCache: Display: Pak cache opened for reading ../../../Engine/DerivedDataCache/Compressed.ddp.
[2019.01.22-09.05.29:962][  0]LogDerivedDataCache: Using Local data cache path C:/Users/Timo/AppData/Local/UnrealEngine/Common/DerivedDataCache: Writable
[2019.01.22-09.05.29:962][  0]LogDerivedDataCache: Shared data cache path not found in *engine.ini, will not use an Shared cache.
[2019.01.22-09.05.29:962][  0]LogDerivedDataCache: Unable to find inner node Shared for hierarchical cache Hierarchy.
[2019.01.22-09.05.29:975][  0]LogMaterial: Verifying Global Shaders for PCD3D_SM5
[2019.01.22-09.05.29:976][  0]LogSlate: Using Freetype 2.6.0
[2019.01.22-09.05.29:991][  0]LogSlate: SlateFontCache - WITH_FREETYPE: 1, WITH_HARFBUZZ: 1
[2019.01.22-09.05.29:991][  0]LogSlate: SlateFontCache - WITH_FREETYPE: 1, WITH_HARFBUZZ: 1
[2019.01.22-09.05.33:482][  0]LogAssetRegistry: FAssetRegistry took 0.0358 seconds to start up
[2019.01.22-09.05.33:928][  0]LogInit: Selected Device Profile: [Windows]
[2019.01.22-09.05.34:337][  0]LogSimplygon: Simplygon DLL not present - disabling.
[2019.01.22-09.05.34:344][  0]LogMeshReduction: Using SimplygonSwarm for distributed automatic mesh merging
[2019.01.22-09.05.34:345][  0]LogMeshReduction: Using QuadricMeshReduction for automatic static mesh reduction
[2019.01.22-09.05.34:345][  0]LogMeshReduction: No automatic skeletal mesh reduction module available
[2019.01.22-09.05.34:345][  0]LogMeshReduction: No automatic mesh merging module available
[2019.01.22-09.05.34:345][  0]LogMeshMerging: No automatic mesh merging module available
[2019.01.22-09.05.34:433][  0]LogNetVersion: Simulation , NetCL: 3944462, EngineNetVer: 2, GameNetVer: 0 (Checksum: 940632137)
[2019.01.22-09.05.35:636][  0]LogPackageLocalizationCache: Processed 10 localized package path(s) for 1 prioritized culture(s) in 0.054776 seconds
[2019.01.22-09.05.35:644][  0]LogUObjectArray: 37029 objects as part of root set at end of initial load.
[2019.01.22-09.05.35:644][  0]LogUObjectAllocator: 7386192 out of 0 bytes used by permanent object pool.
[2019.01.22-09.05.35:644][  0]LogUObjectArray: CloseDisregardForGC: 0/0 objects in disregard for GC pool
[2019.01.22-09.05.40:454][  0]LogTcpMessaging: Initializing TcpMessaging bridge
[2019.01.22-09.05.40:486][  0]LogUdpMessaging: Initializing bridge on interface 0.0.0.0:0 to multicast group 230.0.0.1:6666.
[2019.01.22-09.05.41:142][  0]SourceControl: Source control is disabled
[2019.01.22-09.05.41:142][  0]SourceControl: Source control is disabled
[2019.01.22-09.05.41:161][  0]SourceControl: Source control is disabled
[2019.01.22-09.05.41:179][  0]SourceControl: Source control is disabled
[2019.01.22-09.05.41:749][  0]LogAndroidPermission: UAndroidPermissionCallbackProxy::GetInstance
[2019.01.22-09.05.41:958][  0]LogOcInput: OculusInput pre-init called
[2019.01.22-09.05.42:173][  0]LogEngine: Initializing Engine...
[2019.01.22-09.05.42:176][  0]LogHMD: Failed to initialize OpenVR with code 110
[2019.01.22-09.05.42:178][  0]LogStats: UGameplayTagsManager::ConstructGameplayTagTree: Construct from data asset -  0.000 s
[2019.01.22-09.05.42:178][  0]LogStats: UGameplayTagsManager::ConstructGameplayTagTree: GameplayTagTreeChangedEvent.Broadcast -  0.000 s
[2019.01.22-09.05.42:678][  0]LogAIModule: Creating AISystem for world Untitled
[2019.01.22-09.05.42:696][  0]LogInit: XAudio2 using '4 - SAMSUNG (AMD High Definition Audio Device)' : 2 channels at 48 kHz using 16 bits per sample (channel mask 0x3)
[2019.01.22-09.05.42:768][  0]LogInit: FAudioDevice initialized.
[2019.01.22-09.05.42:859][  0]LogDerivedDataCache: Saved boot cache 0.09s 79MB C:/Users/Timo/AppData/Local/UnrealEngine/4.19/DerivedDataCache/Boot.ddc.
[2019.01.22-09.05.42:890][  0]LogInit: Texture streaming: Enabled
[2019.01.22-09.05.42:942][  0]LogEngineSessionManager: EngineSessionManager initialized
[2019.01.22-09.05.42:942][  0]LogEngineSessionManager: EngineSessionManager sent abnormal shutdown report. Type=Debugger, SessionId={A1C671D6-4A4B-B325-696A-08B4E76CE56F}
[2019.01.22-09.05.42:994][  0]LogInit: Transaction tracking system initialized
[2019.01.22-09.05.43:100][  0]BlueprintLog: New page: Editor Load
[2019.01.22-09.05.43:355][  0]LocalizationService: Localization service is disabled
[2019.01.22-09.05.43:475][  0]LogLinker: Warning: Can't find file '/Game/TopDownBP/TopDownOverview'
[2019.01.22-09.05.43:475][  0]LogLinker: Warning: Can't find file '/Game/TopDownBP/TopDownOverview'
[2019.01.22-09.05.43:475][  0]LogUObjectGlobals: Warning: Failed to find object 'Class /Game/TopDownBP/TopDownOverview.TopDownOverview_C'
[2019.01.22-09.05.43:603][  0]LogConsoleResponse: Display: 
[2019.01.22-09.05.44:141][  0]LogCook: Display: Max memory allowance for cook 16384mb min free memory 0mb
[2019.01.22-09.05.44:141][  0]LogCook: Display: Mobile HDR setting 1
[2019.01.22-09.05.44:141][  0]LogGameplayTags: Display: UGameplayTagsManager::DoneAddingNativeTags. DelegateIsBound: 0
[2019.01.22-09.05.44:142][  0]LogStats: UGameplayTagsManager::ConstructGameplayTagTree: Construct from data asset -  0.000 s
[2019.01.22-09.05.44:142][  0]LogStats: UGameplayTagsManager::ConstructGameplayTagTree: GameplayTagTreeChangedEvent.Broadcast -  0.000 s
[2019.01.22-09.05.44:756][  0]LogFileCache: Scanning file cache for directory 'D:/Studium/Fluide/Simulation/Content/' took 0.02s
[2019.01.22-09.05.44:756][  0]SourceControl: Source control is disabled
[2019.01.22-09.05.44:757][  0]Cmd: MAP LOAD FILE="../../../../../Studium/Fluide/Simulation/Content/Levels/3D/Waterfall.umap" TEMPLATE=0 SHOWPROGRESS=1 FEATURELEVEL=3
[2019.01.22-09.05.44:763][  0]LightingResults: New page: Lighting Build
[2019.01.22-09.05.44:778][  0]MapCheck: New page: Map Check
[2019.01.22-09.05.44:778][  0]LightingResults: New page: Lighting Build
[2019.01.22-09.05.45:039][  0]LogUObjectGlobals: Created PersistentFrame Addr=0x0000019882013b00, Size=240, Default__SimulationSettings_C Function /Game/Blueprints/SimulationSettings.SimulationSettings_C:ExecuteUbergraph_SimulationSettings
[2019.01.22-09.05.45:043][  0]LogUObjectGlobals: Created PersistentFrame Addr=0x00000198ef41d600, Size=1232, Default__SimulationPawn_C Function /Game/Blueprints/SimulationPawn.SimulationPawn_C:ExecuteUbergraph_SimulationPawn
[2019.01.22-09.05.45:080][  0]LogUObjectGlobals: Created PersistentFrame Addr=0x0000019882013100, Size=256, Default__Anzeige_C Function /Game/Widget/Anzeige.Anzeige_C:ExecuteUbergraph_Anzeige
[2019.01.22-09.05.45:198][  0]LogUObjectGlobals: Destroyed PersistentFrame Addr=0x0000019882013100, Size=256
[2019.01.22-09.05.45:199][  0]LogUObjectGlobals: Created PersistentFrame Addr=0x000001988200a200, Size=256, Default__Anzeige_C Function /Engine/Transient.REINST_Anzeige_C_0:ExecuteUbergraph_Anzeige
[2019.01.22-09.05.45:203][  0]LogUObjectGlobals: Destroyed PersistentFrame Addr=0x00000198ef41d600, Size=1232
[2019.01.22-09.05.45:203][  0]LogUObjectGlobals: Created PersistentFrame Addr=0x0000019882650800, Size=1232, Default__SimulationPawn_C Function /Engine/Transient.REINST_SimulationPawn_C_5:ExecuteUbergraph_SimulationPawn
[2019.01.22-09.05.45:205][  0]LogUObjectGlobals: Destroyed PersistentFrame Addr=0x0000019882013b00, Size=240
[2019.01.22-09.05.45:205][  0]LogUObjectGlobals: Created PersistentFrame Addr=0x000001988200a500, Size=240, Default__SimulationSettings_C Function /Engine/Transient.REINST_SimulationSettings_C_6:ExecuteUbergraph_SimulationSettings
[2019.01.22-09.05.45:269][  0]LogUObjectGlobals: Created PersistentFrame Addr=0x000001988288ec00, Size=256, Default__Anzeige_C Function /Game/Widget/Anzeige.Anzeige_C:ExecuteUbergraph_Anzeige
[2019.01.22-09.05.45:276][  0]LogUObjectGlobals: Created PersistentFrame Addr=0x00000198827eb200, Size=1232, Default__SimulationPawn_C Function /Game/Blueprints/SimulationPawn.SimulationPawn_C:ExecuteUbergraph_SimulationPawn
[2019.01.22-09.05.45:282][  0]LogUObjectGlobals: Created PersistentFrame Addr=0x000001988274f300, Size=240, Default__SimulationSettings_C Function /Game/Blueprints/SimulationSettings.SimulationSettings_C:ExecuteUbergraph_SimulationSettings
[2019.01.22-09.05.45:740][  0]LogAIModule: Creating AISystem for world Waterfall
[2019.01.22-09.05.45:758][  0]LogEditorServer: Finished looking for orphan Actors (0.000 secs)
[2019.01.22-09.05.45:781][  0]LogUObjectGlobals: Destroyed PersistentFrame Addr=0x000001988200a500, Size=240
[2019.01.22-09.05.45:782][  0]LogUObjectGlobals: Destroyed PersistentFrame Addr=0x0000019882650800, Size=1232
[2019.01.22-09.05.45:782][  0]LogUObjectGlobals: Destroyed PersistentFrame Addr=0x000001988200a200, Size=256
[2019.01.22-09.05.45:784][  0]Cmd: MAP CHECKDEP NOCLEARLOG
[2019.01.22-09.05.45:854][  0]MapCheck: Map check complete: 0 Error(s), 0 Warning(s), took 70,299ms to complete.
[2019.01.22-09.05.45:855][  0]LogFileHelpers: Loading map 'Waterfall' took 1.098
[2019.01.22-09.05.46:091][  0]LogCollectionManager: Loaded 0 collections in 0.001306 seconds
[2019.01.22-09.05.46:161][  0]LogFileCache: Scanning file cache for directory 'D:/Studium/Fluide/Simulation/Saved/Collections/' took 0.01s
[2019.01.22-09.05.46:162][  0]LogFileCache: Scanning file cache for directory 'D:/Studium/Fluide/Simulation/Content/Developers/Timo/Collections/' took 0.01s
[2019.01.22-09.05.46:162][  0]LogFileCache: Scanning file cache for directory 'D:/Studium/Fluide/Simulation/Content/Collections/' took 0.01s
[2019.01.22-09.05.46:162][  0]LogCollectionManager: Rebuilt the GUID cache for 0 collections in 0.000000 seconds
[2019.01.22-09.05.46:176][  0]LogContentBrowser: Native class hierarchy populated in 0.0140 seconds. Added 2505 classes and 579 folders.
[2019.01.22-09.05.46:209][  0]LogContentBrowser: Native class hierarchy updated for 'WidgetCarousel' in 0.0046 seconds. Added 0 classes and 0 folders.
[2019.01.22-09.05.46:630][  0]LogContentBrowser: Native class hierarchy updated for 'AddContentDialog' in 0.0022 seconds. Added 0 classes and 0 folders.
[2019.01.22-09.05.46:648][  0]LogContentBrowser: Native class hierarchy updated for 'SceneOutliner' in 0.0023 seconds. Added 1 classes and 2 folders.
[2019.01.22-09.05.46:697][  0]LogSlate: Took 0.008726 seconds to synchronously load lazily loaded font '../../../Engine/Content/Slate/Fonts/Roboto-Regular.ttf' (155K)
[2019.01.22-09.05.46:708][  0]LogSlate: Took 0.006201 seconds to synchronously load lazily loaded font '../../../Engine/Content/Slate/Fonts/Roboto-Bold.ttf' (160K)
[2019.01.22-09.05.46:721][  0]LogSlate: Took 0.006062 seconds to synchronously load lazily loaded font '../../../Engine/Content/Editor/Slate/Fonts/FontAwesome.ttf' (139K)
[2019.01.22-09.05.46:894][  0]LogRenderer: Reallocating scene render targets to support 1092x600 Format 10 NumSamples 1 (Frame:1).
[2019.01.22-09.05.47:092][  0]LogContentBrowser: Native class hierarchy updated for 'HierarchicalLODOutliner' in 0.0028 seconds. Added 0 classes and 0 folders.
[2019.01.22-09.05.47:092][  0]LogLoad: (Engine Initialization) Total time: 31.70 seconds
[2019.01.22-09.05.47:093][  0]LogLoad: (Engine Initialization) Total Blueprint compile time: 0.00 seconds
[2019.01.22-09.05.47:132][  0]LogWindowsTextInputMethodSystem: Display: IME system now deactivated.
[2019.01.22-09.05.47:152][  0]LogContentStreaming: Texture pool size now 3000 MB
[2019.01.22-09.05.47:229][  1]LogAssetRegistry: Asset discovery search completed in 13.7725 seconds
[2019.01.22-09.05.47:230][  1]LogCollectionManager: Rebuilt the object cache for 0 collections in 0.000000 seconds (found 0 objects)
[2019.01.22-09.05.47:230][  1]LogCollectionManager: Fixed up redirectors for 0 collections in 0.000163 seconds (updated 0 objects)
[2019.01.22-09.05.51:216][432]LogSlate: Took 0.005868 seconds to synchronously load lazily loaded font '../../../Engine/Content/Slate/Fonts/Roboto-Light.ttf' (167K)
[2019.01.22-09.06.11:097][787]LogSlate: FSceneViewport::OnFocusLost() reason 0
[2019.01.22-09.06.11:246][802]LogSlate: Took 0.000336 seconds to synchronously load lazily loaded font '../../../Engine/Content/Slate/Fonts/Roboto-Light.ttf' (167K)
[2019.01.22-09.06.11:286][802]LogAIModule: Creating AISystem for world Cycling
[2019.01.22-09.06.11:302][802]Cmd: MAP LOAD FILE="../../../../../Studium/Fluide/Simulation/Content/Levels/2D/Cycling.umap" TEMPLATE=0 SHOWPROGRESS=1 FEATURELEVEL=3
[2019.01.22-09.06.11:302][802]LightingResults: New page: Lighting Build
[2019.01.22-09.06.11:303][802]LoadErrors: New page: Loading map: Cycling.umap
[2019.01.22-09.06.11:303][802]MapCheck: New page: Map Check
[2019.01.22-09.06.11:304][802]LightingResults: New page: Lighting Build
[2019.01.22-09.06.11:320][802]LogEditorServer: Finished looking for orphan Actors (0.000 secs)
[2019.01.22-09.06.11:375][802]Cmd: MAP CHECKDEP NOCLEARLOG
[2019.01.22-09.06.11:425][802]MapCheck: Map check complete: 0 Error(s), 0 Warning(s), took 49,539ms to complete.
[2019.01.22-09.06.11:425][802]LogFileHelpers: Loading map 'Cycling' took 0.124
[2019.01.22-09.06.12:668][939]LogTemp: Repeating last play command: Selected Viewport
[2019.01.22-09.06.12:699][939]LogBlueprintUserMessages: Early PlayInEditor Detection: Level '/Game/Levels/2D/Cycling.Cycling:PersistentLevel' has LevelScriptBlueprint '/Game/Levels/2D/Cycling.Cycling:PersistentLevel.Cycling' with GeneratedClass '/Game/Levels/2D/Cycling.Cycling_C' with ClassGeneratedBy '/Game/Levels/2D/Cycling.Cycling:PersistentLevel.Cycling'
[2019.01.22-09.06.12:699][939]LogPlayLevel: PlayLevel: No blueprints needed recompiling
[2019.01.22-09.06.12:700][939]PIE: New page: PIE session: Cycling (22.01.2019 11:06:12)
[2019.01.22-09.06.12:700][939]LogPlayLevel: Creating play world package: /Game/Levels/2D/UEDPIE_0_Cycling
[2019.01.22-09.06.12:704][939]LogPlayLevel: PIE: StaticDuplicateObject took: (0.003506s)
[2019.01.22-09.06.12:705][939]LogAIModule: Creating AISystem for world Cycling
[2019.01.22-09.06.12:705][939]LogPlayLevel: PIE: World Init took: (0.001183s)
[2019.01.22-09.06.12:705][939]LogPlayLevel: PIE: Created PIE world by copying editor world from /Game/Levels/2D/Cycling.Cycling to /Game/Levels/2D/UEDPIE_0_Cycling.Cycling (0.005141s)
[2019.01.22-09.06.12:722][939]LogInit: XAudio2 using '4 - SAMSUNG (AMD High Definition Audio Device)' : 2 channels at 48 kHz using 16 bits per sample (channel mask 0x3)
[2019.01.22-09.06.12:732][939]LogInit: FAudioDevice initialized.
[2019.01.22-09.06.12:786][939]LogLoad: Game class is 'SimulationSettings_C'
[2019.01.22-09.06.12:790][939]LogWorld: Bringing World /Game/Levels/2D/UEDPIE_0_Cycling.Cycling up for play (max tick rate 0) at 2019.01.22-10.06.12
[2019.01.22-09.06.12:791][939]LogWorld: Bringing up level for play took: 0.000978
[2019.01.22-09.06.12:815][939]LogContentBrowser: Native class hierarchy updated for 'MovieSceneCapture' in 0.0023 seconds. Added 11 classes and 0 folders.
[2019.01.22-09.06.12:815][939]LogGameMode: Display: Match State Changed from EnteringMap to WaitingToStart
[2019.01.22-09.06.12:815][939]LogGameState: Match State Changed from EnteringMap to WaitingToStart
[2019.01.22-09.06.12:816][939]LogGameMode: Display: Match State Changed from WaitingToStart to InProgress
[2019.01.22-09.06.13:020][939]LogGameState: Match State Changed from WaitingToStart to InProgress
[2019.01.22-09.06.13:020][939]PIE: Play in editor start time for /Game/Levels/2D/UEDPIE_0_Cycling 0,971
[2019.01.22-09.06.13:020][939]LogBlueprintUserMessages: Late PlayInEditor Detection: Level '/Game/Levels/2D/Cycling.Cycling:PersistentLevel' has LevelScriptBlueprint '/Game/Levels/2D/Cycling.Cycling:PersistentLevel.Cycling' with GeneratedClass '/Game/Levels/2D/Cycling.Cycling_C' with ClassGeneratedBy '/Game/Levels/2D/Cycling.Cycling:PersistentLevel.Cycling'
[2019.01.22-09.06.20:730][814]Cmd: LevelEditor.ToggleImmersive
[2019.01.22-09.06.20:922][815]LogRenderer: Reallocating scene render targets to support 1304x724 Format 10 NumSamples 1 (Frame:877).
[2019.01.22-09.06.20:990][816]LogRenderer: Reallocating scene render targets to support 1920x1080 Format 10 NumSamples 1 (Frame:879).
[2019.01.22-09.06.20:995][816]LogSlate: FSceneViewport::OnFocusLost() reason 2
[2019.01.22-13.19.45:834][ 30]LogSlate: FSceneViewport::OnFocusLost() reason 0
[2019.01.22-13.22.28:203][504]Cmd: LevelEditor.ToggleImmersive
[2019.01.22-13.22.28:454][509]LogSlate: FSceneViewport::OnFocusLost() reason 2
[2019.01.22-13.22.30:522][737]LogSlate: FSceneViewport::OnFocusLost() reason 0
[2019.01.22-13.22.32:386][889]LogContentBrowser: Native class hierarchy updated for 'BlueprintGraph' in 0.0037 seconds. Added 116 classes and 0 folders.
[2019.01.22-13.22.32:792][889]LogUObjectGlobals: Created PersistentFrame Addr=0x000001990bfdd040, Size=4, Default__SKEL_PROTO_BP_AnimBlueprint_0_C Function /Engine/Transient.SKEL_PROTO_BP_AnimBlueprint_0_C:ExecuteUbergraph_PROTO_BP_AnimBlueprint_0
[2019.01.22-13.22.32:794][889]LogUObjectGlobals: Created PersistentFrame Addr=0x000001990bfdd038, Size=4, Default__PROTO_BP_AnimBlueprint_0_C Function /Engine/Transient.PROTO_BP_AnimBlueprint_0_C:ExecuteUbergraph_PROTO_BP_AnimBlueprint_0
[2019.01.22-13.22.33:548][889]LogSlate: Took 0.007713 seconds to synchronously load lazily loaded font '../../../Engine/Content/Slate/Fonts/Roboto-BoldCondensed.ttf' (158K)
[2019.01.22-13.22.33:817][890]LogSlate: Took 0.004778 seconds to synchronously load lazily loaded font '../../../Engine/Content/Slate/Fonts/Roboto-Italic.ttf' (157K)
[2019.01.22-13.22.53:772][636]Cmd: LevelEditor.ToggleImmersive
[2019.01.22-13.22.53:993][640]LogSlate: FSceneViewport::OnFocusLost() reason 2
[2019.01.22-13.23.04:524][290]LogSlate: FSceneViewport::OnFocusLost() reason 0
[2019.01.22-15.47.07:455][334]LogBlueprintUserMessages: Early EndPlayMap Detection: Level '/Game/Levels/2D/Cycling.Cycling:PersistentLevel' has LevelScriptBlueprint '/Game/Levels/2D/Cycling.Cycling:PersistentLevel.Cycling' with GeneratedClass '/Game/Levels/2D/Cycling.Cycling_C' with ClassGeneratedBy '/Game/Levels/2D/Cycling.Cycling:PersistentLevel.Cycling'
[2019.01.22-15.47.07:559][334]LogBlueprintUserMessages: Late EndPlayMap Detection: Level '/Game/Levels/2D/Cycling.Cycling:PersistentLevel' has LevelScriptBlueprint '/Game/Levels/2D/Cycling.Cycling:PersistentLevel.Cycling' with GeneratedClass '/Game/Levels/2D/Cycling.Cycling_C' with ClassGeneratedBy '/Game/Levels/2D/Cycling.Cycling:PersistentLevel.Cycling'
[2019.01.22-15.47.08:377][392]LogSlate: FSceneViewport::OnFocusLost() reason 2
[2019.01.22-15.47.08:912][455]LogSlate: FSceneViewport::OnFocusLost() reason 0
[2019.01.22-15.47.14:552][ 94]LogAIModule: Creating AISystem for world PeriodicShearWave
[2019.01.22-15.47.14:573][ 94]Cmd: MAP LOAD FILE="../../../../../Studium/Fluide/Simulation/Content/Levels/2D/PeriodicShearWave.umap" TEMPLATE=0 SHOWPROGRESS=1 FEATURELEVEL=3
[2019.01.22-15.47.14:573][ 94]LightingResults: New page: Lighting Build
[2019.01.22-15.47.14:574][ 94]LoadErrors: New page: Loading map: PeriodicShearWave.umap
[2019.01.22-15.47.14:575][ 94]MapCheck: New page: Map Check
[2019.01.22-15.47.14:575][ 94]LightingResults: New page: Lighting Build
[2019.01.22-15.47.14:599][ 94]LogEditorServer: Finished looking for orphan Actors (0.000 secs)
[2019.01.22-15.47.14:664][ 94]Cmd: MAP CHECKDEP NOCLEARLOG
[2019.01.22-15.47.14:766][ 94]MapCheck: Map check complete: 0 Error(s), 0 Warning(s), took 101,512ms to complete.
[2019.01.22-15.47.14:767][ 94]LogFileHelpers: Loading map 'PeriodicShearWave' took 0.197
[2019.01.22-15.47.19:354][611]LogTemp: Repeating last play command: Selected Viewport
[2019.01.22-15.47.19:380][611]LogBlueprintUserMessages: Early PlayInEditor Detection: Level '/Game/Levels/2D/PeriodicShearWave.PeriodicShearWave:PersistentLevel' has LevelScriptBlueprint '/Game/Levels/2D/PeriodicShearWave.PeriodicShearWave:PersistentLevel.PeriodicShearWave' with GeneratedClass '/Game/Levels/2D/PeriodicShearWave.PeriodicShearWave_C' with ClassGeneratedBy '/Game/Levels/2D/PeriodicShearWave.PeriodicShearWave:PersistentLevel.PeriodicShearWave'
[2019.01.22-15.47.19:380][611]LogPlayLevel: PlayLevel: No blueprints needed recompiling
[2019.01.22-15.47.19:381][611]PIE: New page: PIE session: PeriodicShearWave (22.01.2019 17:47:19)
[2019.01.22-15.47.19:381][611]LogPlayLevel: Creating play world package: /Game/Levels/2D/UEDPIE_0_PeriodicShearWave
[2019.01.22-15.47.19:384][611]LogPlayLevel: PIE: StaticDuplicateObject took: (0.003313s)
[2019.01.22-15.47.19:385][611]LogAIModule: Creating AISystem for world PeriodicShearWave
[2019.01.22-15.47.19:386][611]LogPlayLevel: PIE: World Init took: (0.001222s)
[2019.01.22-15.47.19:386][611]LogPlayLevel: PIE: Created PIE world by copying editor world from /Game/Levels/2D/PeriodicShearWave.PeriodicShearWave to /Game/Levels/2D/UEDPIE_0_PeriodicShearWave.PeriodicShearWave (0.005053s)
[2019.01.22-15.47.19:407][611]LogInit: XAudio2 using '4 - SAMSUNG (AMD High Definition Audio Device)' : 2 channels at 48 kHz using 16 bits per sample (channel mask 0x3)
[2019.01.22-15.47.19:419][611]LogInit: FAudioDevice initialized.
[2019.01.22-15.47.19:458][611]LogLoad: Game class is 'SimulationSettings_C'
[2019.01.22-15.47.19:459][611]LogWorld: Bringing World /Game/Levels/2D/UEDPIE_0_PeriodicShearWave.PeriodicShearWave up for play (max tick rate 0) at 2019.01.22-16.47.19
[2019.01.22-15.47.19:460][611]LogWorld: Bringing up level for play took: 0.000734
[2019.01.22-15.47.19:460][611]LogGameMode: Display: Match State Changed from EnteringMap to WaitingToStart
[2019.01.22-15.47.19:460][611]LogGameState: Match State Changed from EnteringMap to WaitingToStart
[2019.01.22-15.47.19:461][611]LogGameMode: Display: Match State Changed from WaitingToStart to InProgress
[2019.01.22-15.47.19:536][611]LogGameState: Match State Changed from WaitingToStart to InProgress
[2019.01.22-15.47.19:536][611]PIE: Play in editor start time for /Game/Levels/2D/UEDPIE_0_PeriodicShearWave -0,511
[2019.01.22-15.47.19:537][611]LogBlueprintUserMessages: Late PlayInEditor Detection: Level '/Game/Levels/2D/PeriodicShearWave.PeriodicShearWave:PersistentLevel' has LevelScriptBlueprint '/Game/Levels/2D/PeriodicShearWave.PeriodicShearWave:PersistentLevel.PeriodicShearWave' with GeneratedClass '/Game/Levels/2D/PeriodicShearWave.PeriodicShearWave_C' with ClassGeneratedBy '/Game/Levels/2D/PeriodicShearWave.PeriodicShearWave:PersistentLevel.PeriodicShearWave'
