Log file open, 12/07/18 22:35:18
LogWindows: Failed to load 'aqProf.dll' (GetLastError=126)
LogWindows: File 'aqProf.dll' does not exist
LogWindows: Failed to load 'VtuneApi.dll' (GetLastError=126)
LogWindows: File 'VtuneApi.dll' does not exist
LogWindows: Failed to load 'VtuneApi32e.dll' (GetLastError=126)
LogWindows: File 'VtuneApi32e.dll' does not exist
LogInit: Display: Running engine for game: Simulation
LogPlatformFile: Not using cached read wrapper
LogInit: Display: RandInit(2091309673) SRandInit(2091309673).
LogInit: Read version file with build ID '3944462'
LogInit: Overriding engine version to CL 4033788, compatible CL 3944462
LogInit: Registered custom module enumerator with build ID '3944462'
LogTaskGraph: Started task graph with 5 named threads and 35 total threads with 3 sets of task threads.
LogStats: Stats thread started at 1.015320
LogD3D11RHI: Aftermath initialized
LogICUInternationalization: Display: ICU TimeZone Detection - Raw Offset: +1:00, Platform Override: ''
LogPluginManager: Mounting plugin Paper2D
LogPluginManager: Mounting plugin LiveLink
LogPluginManager: Mounting plugin LightPropagationVolume
LogPluginManager: Mounting plugin CLionSourceCodeAccess
LogPluginManager: Mounting plugin CodeLiteSourceCodeAccess
LogPluginManager: Mounting plugin GitSourceControl
LogPluginManager: Mounting plugin KDevelopSourceCodeAccess
LogPluginManager: Mounting plugin NullSourceCodeAccess
LogPluginManager: Mounting plugin PerforceSourceControl
LogPluginManager: Mounting plugin SubversionSourceControl
LogPluginManager: Mounting plugin UObjectPlugin
LogPluginManager: Mounting plugin VisualStudioCodeSourceCodeAccess
LogPluginManager: Mounting plugin VisualStudioSourceCodeAccess
LogPluginManager: Mounting plugin XCodeSourceCodeAccess
LogPluginManager: Mounting plugin AssetManagerEditor
LogPluginManager: Mounting plugin CryptoKeys
LogPluginManager: Mounting plugin DataValidation
LogPluginManager: Mounting plugin FacialAnimation
LogPluginManager: Mounting plugin GameplayTagsEditor
LogPluginManager: Mounting plugin MobileLauncherProfileWizard
LogPluginManager: Mounting plugin PluginBrowser
LogPluginManager: Mounting plugin SpeedTreeImporter
LogPluginManager: Mounting plugin DatasmithContent
LogPluginManager: Mounting plugin AlembicImporter
LogPluginManager: Mounting plugin CharacterAI
LogPluginManager: Mounting plugin HTML5Networking
LogPluginManager: Mounting plugin AndroidMedia
LogPluginManager: Mounting plugin AvfMedia
LogPluginManager: Mounting plugin ImgMedia
LogPluginManager: Mounting plugin LinearTimecode
LogPluginManager: Mounting plugin MediaCompositing
LogPluginManager: Mounting plugin MediaPlayerEditor
LogPluginManager: Mounting plugin WmfMedia
LogPluginManager: Mounting plugin TcpMessaging
LogPluginManager: Mounting plugin UdpMessaging
LogPluginManager: Mounting plugin ActorSequence
LogPluginManager: Mounting plugin LevelSequenceEditor
LogPluginManager: Mounting plugin MatineeToLevelSequence
LogPluginManager: Mounting plugin NetcodeUnitTest
LogPluginManager: Mounting plugin NUTUnrealEngine4
LogPluginManager: Mounting plugin OnlineSubsystemGooglePlay
LogPluginManager: Mounting plugin OnlineSubsystemIOS
LogPluginManager: Mounting plugin OnlineSubsystem
LogPluginManager: Mounting plugin OnlineSubsystemNull
LogPluginManager: Mounting plugin OnlineSubsystemUtils
LogPluginManager: Mounting plugin AndroidDeviceProfileSelector
LogPluginManager: Mounting plugin AndroidMoviePlayer
LogPluginManager: Mounting plugin AndroidPermission
LogPluginManager: Mounting plugin AppleARKit
LogPluginManager: Mounting plugin AppleMoviePlayer
LogPluginManager: Mounting plugin ArchVisCharacter
LogPluginManager: Mounting plugin AudioCapture
LogPluginManager: Mounting plugin CableComponent
LogPluginManager: Mounting plugin CustomMeshComponent
LogPluginManager: Mounting plugin ExampleDeviceProfileSelector
LogPluginManager: Mounting plugin GoogleCloudMessaging
LogPluginManager: Mounting plugin ImmediatePhysics
LogPluginManager: Mounting plugin IOSDeviceProfileSelector
LogPluginManager: Mounting plugin LinuxDeviceProfileSelector
LogPluginManager: Mounting plugin LocationServicesBPLibrary
LogPluginManager: Mounting plugin MobilePatchingUtils
LogPluginManager: Mounting plugin OculusVR
LogPluginManager: Plugin shader directory ../../../Engine/Plugins/Runtime/Oculus/OculusVR/Shaders found
LogPluginManager: Mapping shader source directory ../../../Engine/Plugins/Runtime/Oculus/OculusVR/Shaders to virtual directory /Plugin/OculusVR
LogPluginManager: Mounting plugin PhysXVehicles
LogPluginManager: Mounting plugin ProceduralMeshComponent
LogPluginManager: Mounting plugin RuntimePhysXCooking
LogPluginManager: Mounting plugin SteamVR
LogPluginManager: Mounting plugin WindowsMoviePlayer
LogPluginManager: Mounting plugin PointCloudPlugin
LogPluginManager: Plugin shader directory ../../../../../Studium/Fluide/Simulation/Plugins/PointCloudPlugin/Shaders found
LogPluginManager: Mapping shader source directory ../../../../../Studium/Fluide/Simulation/Plugins/PointCloudPlugin/Shaders to virtual directory /Plugin/PointCloudPlugin
LogStreaming: Display: Took  0.100s to configure plugins.
LogModuleManager: Display: Found up-to-date module file ../../../../../Studium/Fluide/Simulation/Binaries/Win64/UE4Editor-Simulation.dll (API version 3944462).
LogModuleManager: Display: Found up-to-date module file ../../../Engine/Plugins/2D/Paper2D/Binaries/Win64/UE4Editor-Paper2D.dll (API version 3944462).
LogModuleManager: Display: Found up-to-date module file ../../../Engine/Plugins/2D/Paper2D/Binaries/Win64/UE4Editor-Paper2DEditor.dll (API version 3944462).
LogModuleManager: Display: Found up-to-date module file ../../../Engine/Plugins/2D/Paper2D/Binaries/Win64/UE4Editor-PaperSpriteSheetImporter.dll (API version 3944462).
LogModuleManager: Display: Found up-to-date module file ../../../Engine/Plugins/2D/Paper2D/Binaries/Win64/UE4Editor-PaperTiledImporter.dll (API version 3944462).
LogModuleManager: Display: Found up-to-date module file ../../../Engine/Plugins/2D/Paper2D/Binaries/Win64/UE4Editor-SmartSnapping.dll (API version 3944462).
LogModuleManager: Display: Found up-to-date module file ../../../Engine/Plugins/Animation/LiveLink/Binaries/Win64/UE4Editor-LiveLink.dll (API version 3944462).
LogModuleManager: Display: Found up-to-date module file ../../../Engine/Plugins/Animation/LiveLink/Binaries/Win64/UE4Editor-LiveLinkEditor.dll (API version 3944462).
LogModuleManager: Display: Found up-to-date module file ../../../Engine/Plugins/Blendables/LightPropagationVolume/Binaries/Win64/UE4Editor-LightPropagationVolumeRuntime.dll (API version 3944462).
LogModuleManager: Display: Found up-to-date module file ../../../Engine/Plugins/Blendables/LightPropagationVolume/Binaries/Win64/UE4Editor-LightPropagationVolumeEditor.dll (API version 3944462).
LogModuleManager: Display: Found up-to-date module file ../../../Engine/Plugins/Developer/CLionSourceCodeAccess/Binaries/Win64/UE4Editor-CLionSourceCodeAccess.dll (API version 3944462).
LogModuleManager: Display: Found up-to-date module file ../../../Engine/Plugins/Developer/GitSourceControl/Binaries/Win64/UE4Editor-GitSourceControl.dll (API version 3944462).
LogModuleManager: Display: Found up-to-date module file ../../../Engine/Plugins/Developer/PerforceSourceControl/Binaries/Win64/UE4Editor-PerforceSourceControl.dll (API version 3944462).
LogModuleManager: Display: Found up-to-date module file ../../../Engine/Plugins/Developer/SubversionSourceControl/Binaries/Win64/UE4Editor-SubversionSourceControl.dll (API version 3944462).
LogModuleManager: Display: Found up-to-date module file ../../../Engine/Plugins/Developer/UObjectPlugin/Binaries/Win64/UE4Editor-UObjectPlugin.dll (API version 3944462).
LogModuleManager: Display: Found up-to-date module file ../../../Engine/Plugins/Developer/VisualStudioCodeSourceCodeAccess/Binaries/Win64/UE4Editor-VisualStudioCodeSourceCodeAccess.dll (API version 3944462).
LogModuleManager: Display: Found up-to-date module file ../../../Engine/Plugins/Developer/VisualStudioSourceCodeAccess/Binaries/Win64/UE4Editor-VisualStudioSourceCodeAccess.dll (API version 3944462).
LogModuleManager: Display: Found up-to-date module file ../../../Engine/Plugins/Editor/AssetManagerEditor/Binaries/Win64/UE4Editor-AssetManagerEditor.dll (API version 3944462).
LogModuleManager: Display: Found up-to-date module file ../../../Engine/Plugins/Editor/CryptoKeys/Binaries/Win64/UE4Editor-CryptoKeys.dll (API version 3944462).
LogModuleManager: Display: Found up-to-date module file ../../../Engine/Plugins/Editor/CryptoKeys/Binaries/Win64/UE4Editor-CryptoKeysOpenSSL.dll (API version 3944462).
LogModuleManager: Display: Found up-to-date module file ../../../Engine/Plugins/Editor/DataValidation/Binaries/Win64/UE4Editor-DataValidation.dll (API version 3944462).
LogModuleManager: Display: Found up-to-date module file ../../../Engine/Plugins/Editor/FacialAnimation/Binaries/Win64/UE4Editor-FacialAnimation.dll (API version 3944462).
LogModuleManager: Display: Found up-to-date module file ../../../Engine/Plugins/Editor/FacialAnimation/Binaries/Win64/UE4Editor-FacialAnimationEditor.dll (API version 3944462).
LogModuleManager: Display: Found up-to-date module file ../../../Engine/Plugins/Editor/GameplayTagsEditor/Binaries/Win64/UE4Editor-GameplayTagsEditor.dll (API version 3944462).
LogModuleManager: Display: Found up-to-date module file ../../../Engine/Plugins/Editor/MobileLauncherProfileWizard/Binaries/Win64/UE4Editor-MobileLauncherProfileWizard.dll (API version 3944462).
LogModuleManager: Display: Found up-to-date module file ../../../Engine/Plugins/Editor/PluginBrowser/Binaries/Win64/UE4Editor-PluginBrowser.dll (API version 3944462).
LogModuleManager: Display: Found up-to-date module file ../../../Engine/Plugins/Editor/SpeedTreeImporter/Binaries/Win64/UE4Editor-SpeedTreeImporter.dll (API version 3944462).
LogModuleManager: Display: Found up-to-date module file ../../../Engine/Plugins/Enterprise/DatasmithContent/Binaries/Win64/UE4Editor-DatasmithContent.dll (API version 3944462).
LogModuleManager: Display: Found up-to-date module file ../../../Engine/Plugins/Experimental/AlembicImporter/Binaries/Win64/UE4Editor-AlembicImporter.dll (API version 3944462).
LogModuleManager: Display: Found up-to-date module file ../../../Engine/Plugins/Experimental/AlembicImporter/Binaries/Win64/UE4Editor-AlembicLibrary.dll (API version 3944462).
LogModuleManager: Display: Found up-to-date module file ../../../Engine/Plugins/Experimental/CharacterAI/Binaries/Win64/UE4Editor-CharacterAI.dll (API version 3944462).
LogModuleManager: Display: Found up-to-date module file ../../../Engine/Plugins/Experimental/HTML5Networking/Binaries/Win64/UE4Editor-HTML5Networking.dll (API version 3944462).
LogModuleManager: Display: Found up-to-date module file ../../../Engine/Plugins/Media/AndroidMedia/Binaries/Win64/UE4Editor-AndroidMediaEditor.dll (API version 3944462).
LogModuleManager: Display: Found up-to-date module file ../../../Engine/Plugins/Media/AndroidMedia/Binaries/Win64/UE4Editor-AndroidMediaFactory.dll (API version 3944462).
LogModuleManager: Display: Found up-to-date module file ../../../Engine/Plugins/Media/AvfMedia/Binaries/Win64/UE4Editor-AvfMediaEditor.dll (API version 3944462).
LogModuleManager: Display: Found up-to-date module file ../../../Engine/Plugins/Media/AvfMedia/Binaries/Win64/UE4Editor-AvfMediaFactory.dll (API version 3944462).
LogModuleManager: Display: Found up-to-date module file ../../../Engine/Plugins/Media/AvfMedia/Binaries/Win64/UE4Editor-AvfMediaFactory.dll (API version 3944462).
LogModuleManager: Display: Found up-to-date module file ../../../Engine/Plugins/Media/ImgMedia/Binaries/Win64/UE4Editor-ImgMedia.dll (API version 3944462).
LogModuleManager: Display: Found up-to-date module file ../../../Engine/Plugins/Media/ImgMedia/Binaries/Win64/UE4Editor-ImgMediaEditor.dll (API version 3944462).
LogModuleManager: Display: Found up-to-date module file ../../../Engine/Plugins/Media/ImgMedia/Binaries/Win64/UE4Editor-ImgMediaFactory.dll (API version 3944462).
LogModuleManager: Display: Found up-to-date module file ../../../Engine/Plugins/Media/ImgMedia/Binaries/Win64/UE4Editor-ImgMediaFactory.dll (API version 3944462).
LogModuleManager: Display: Found up-to-date module file ../../../Engine/Plugins/Media/ImgMedia/Binaries/Win64/UE4Editor-OpenExrWrapper.dll (API version 3944462).
LogModuleManager: Display: Found up-to-date module file ../../../Engine/Plugins/Media/LinearTimecode/Binaries/Win64/UE4Editor-LinearTimecode.dll (API version 3944462).
LogModuleManager: Display: Found up-to-date module file ../../../Engine/Plugins/Media/MediaCompositing/Binaries/Win64/UE4Editor-MediaCompositing.dll (API version 3944462).
LogModuleManager: Display: Found up-to-date module file ../../../Engine/Plugins/Media/MediaCompositing/Binaries/Win64/UE4Editor-MediaCompositingEditor.dll (API version 3944462).
LogModuleManager: Display: Found up-to-date module file ../../../Engine/Plugins/Media/MediaPlayerEditor/Binaries/Win64/UE4Editor-MediaPlayerEditor.dll (API version 3944462).
LogModuleManager: Display: Found up-to-date module file ../../../Engine/Plugins/Media/WmfMedia/Binaries/Win64/UE4Editor-WmfMedia.dll (API version 3944462).
LogModuleManager: Display: Found up-to-date module file ../../../Engine/Plugins/Media/WmfMedia/Binaries/Win64/UE4Editor-WmfMediaEditor.dll (API version 3944462).
LogModuleManager: Display: Found up-to-date module file ../../../Engine/Plugins/Media/WmfMedia/Binaries/Win64/UE4Editor-WmfMediaFactory.dll (API version 3944462).
LogModuleManager: Display: Found up-to-date module file ../../../Engine/Plugins/Media/WmfMedia/Binaries/Win64/UE4Editor-WmfMediaFactory.dll (API version 3944462).
LogModuleManager: Display: Found up-to-date module file ../../../Engine/Plugins/Messaging/TcpMessaging/Binaries/Win64/UE4Editor-TcpMessaging.dll (API version 3944462).
LogModuleManager: Display: Found up-to-date module file ../../../Engine/Plugins/Messaging/UdpMessaging/Binaries/Win64/UE4Editor-UdpMessaging.dll (API version 3944462).
LogModuleManager: Display: Found up-to-date module file ../../../Engine/Plugins/MovieScene/ActorSequence/Binaries/Win64/UE4Editor-ActorSequence.dll (API version 3944462).
LogModuleManager: Display: Found up-to-date module file ../../../Engine/Plugins/MovieScene/LevelSequenceEditor/Binaries/Win64/UE4Editor-LevelSequenceEditor.dll (API version 3944462).
LogModuleManager: Display: Found up-to-date module file ../../../Engine/Plugins/MovieScene/MatineeToLevelSequence/Binaries/Win64/UE4Editor-MatineeToLevelSequence.dll (API version 3944462).
LogModuleManager: Display: Found up-to-date module file ../../../Engine/Plugins/NetcodeUnitTest/NetcodeUnitTest/Binaries/Win64/UE4Editor-NetcodeUnitTest.dll (API version 3944462).
LogModuleManager: Display: Found up-to-date module file ../../../Engine/Plugins/NetcodeUnitTest/NUTUnrealEngine4/Binaries/Win64/UE4Editor-NUTUnrealEngine4.dll (API version 3944462).
LogModuleManager: Display: Found up-to-date module file ../../../Engine/Plugins/Online/OnlineSubsystem/Binaries/Win64/UE4Editor-OnlineSubsystem.dll (API version 3944462).
LogModuleManager: Display: Found up-to-date module file ../../../Engine/Plugins/Online/OnlineSubsystemNull/Binaries/Win64/UE4Editor-OnlineSubsystemNull.dll (API version 3944462).
LogModuleManager: Display: Found up-to-date module file ../../../Engine/Plugins/Online/OnlineSubsystemUtils/Binaries/Win64/UE4Editor-OnlineSubsystemUtils.dll (API version 3944462).
LogModuleManager: Display: Found up-to-date module file ../../../Engine/Plugins/Online/OnlineSubsystemUtils/Binaries/Win64/UE4Editor-OnlineBlueprintSupport.dll (API version 3944462).
LogModuleManager: Display: Found up-to-date module file ../../../Engine/Plugins/Runtime/AndroidDeviceProfileSelector/Binaries/Win64/UE4Editor-AndroidDeviceProfileSelector.dll (API version 3944462).
LogModuleManager: Display: Found up-to-date module file ../../../Engine/Plugins/Runtime/AndroidPermission/Binaries/Win64/UE4Editor-AndroidPermission.dll (API version 3944462).
LogModuleManager: Display: Found up-to-date module file ../../../Engine/Plugins/Runtime/AppleARKit/Binaries/Win64/UE4Editor-AppleARKit.dll (API version 3944462).
LogModuleManager: Display: Found up-to-date module file ../../../Engine/Plugins/Runtime/ArchVisCharacter/Binaries/Win64/UE4Editor-ArchVisCharacter.dll (API version 3944462).
LogModuleManager: Display: Found up-to-date module file ../../../Engine/Plugins/Runtime/AudioCapture/Binaries/Win64/UE4Editor-AudioCapture.dll (API version 3944462).
LogModuleManager: Display: Found up-to-date module file ../../../Engine/Plugins/Runtime/AudioCapture/Binaries/Win64/UE4Editor-AudioCaptureEditor.dll (API version 3944462).
LogModuleManager: Display: Found up-to-date module file ../../../Engine/Plugins/Runtime/CableComponent/Binaries/Win64/UE4Editor-CableComponent.dll (API version 3944462).
LogModuleManager: Display: Found up-to-date module file ../../../Engine/Plugins/Runtime/CustomMeshComponent/Binaries/Win64/UE4Editor-CustomMeshComponent.dll (API version 3944462).
LogModuleManager: Display: Found up-to-date module file ../../../Engine/Plugins/Runtime/ExampleDeviceProfileSelector/Binaries/Win64/UE4Editor-ExampleDeviceProfileSelector.dll (API version 3944462).
LogModuleManager: Display: Found up-to-date module file ../../../Engine/Plugins/Runtime/ImmediatePhysics/Binaries/Win64/UE4Editor-ImmediatePhysics.dll (API version 3944462).
LogModuleManager: Display: Found up-to-date module file ../../../Engine/Plugins/Runtime/ImmediatePhysics/Binaries/Win64/UE4Editor-ImmediatePhysicsEditor.dll (API version 3944462).
LogModuleManager: Display: Found up-to-date module file ../../../Engine/Plugins/Runtime/LocationServicesBPLibrary/Binaries/Win64/UE4Editor-LocationServicesBPLibrary.dll (API version 3944462).
LogModuleManager: Display: Found up-to-date module file ../../../Engine/Plugins/Runtime/MobilePatchingUtils/Binaries/Win64/UE4Editor-MobilePatchingUtils.dll (API version 3944462).
LogModuleManager: Display: Found up-to-date module file ../../../Engine/Plugins/Runtime/Oculus/OculusVR/Binaries/Win64/UE4Editor-OculusHMD.dll (API version 3944462).
LogModuleManager: Display: Found up-to-date module file ../../../Engine/Plugins/Runtime/Oculus/OculusVR/Binaries/Win64/UE4Editor-OculusInput.dll (API version 3944462).
LogModuleManager: Display: Found up-to-date module file ../../../Engine/Plugins/Runtime/Oculus/OculusVR/Binaries/Win64/UE4Editor-OculusEditor.dll (API version 3944462).
LogModuleManager: Display: Found up-to-date module file ../../../Engine/Plugins/Runtime/PhysXVehicles/Binaries/Win64/UE4Editor-PhysXVehicles.dll (API version 3944462).
LogModuleManager: Display: Found up-to-date module file ../../../Engine/Plugins/Runtime/PhysXVehicles/Binaries/Win64/UE4Editor-PhysXVehiclesEditor.dll (API version 3944462).
LogModuleManager: Display: Found up-to-date module file ../../../Engine/Plugins/Runtime/ProceduralMeshComponent/Binaries/Win64/UE4Editor-ProceduralMeshComponent.dll (API version 3944462).
LogModuleManager: Display: Found up-to-date module file ../../../Engine/Plugins/Runtime/ProceduralMeshComponent/Binaries/Win64/UE4Editor-ProceduralMeshComponentEditor.dll (API version 3944462).
LogModuleManager: Display: Found up-to-date module file ../../../Engine/Plugins/Runtime/RuntimePhysXCooking/Binaries/Win64/UE4Editor-RuntimePhysXCooking.dll (API version 3944462).
LogModuleManager: Display: Found up-to-date module file ../../../Engine/Plugins/Runtime/Steam/SteamVR/Binaries/Win64/UE4Editor-SteamVR.dll (API version 3944462).
LogModuleManager: Display: Found up-to-date module file ../../../Engine/Plugins/Runtime/Steam/SteamVR/Binaries/Win64/UE4Editor-SteamVRController.dll (API version 3944462).
LogModuleManager: Display: Found up-to-date module file ../../../Engine/Plugins/Runtime/WindowsMoviePlayer/Binaries/Win64/UE4Editor-WindowsMoviePlayer.dll (API version 3944462).
LogModuleManager: Display: Found up-to-date module file ../../../../../Studium/Fluide/Simulation/Plugins/PointCloudPlugin/Binaries/Win64/UE4Editor-PointCloudRuntime.dll (API version 3944462).
LogModuleManager: Display: Found up-to-date module file ../../../../../Studium/Fluide/Simulation/Plugins/PointCloudPlugin/Binaries/Win64/UE4Editor-PointCloudEditor.dll (API version 3944462).
LogInit: Using libcurl 7.47.1
LogInit:  - built for x86_64-pc-win32
LogInit:  - supports SSL with OpenSSL/1.0.2g
LogInit:  - supports HTTP deflate (compression) using libz 1.2.8
LogInit:  - other features:
LogInit:      CURL_VERSION_SSL
LogInit:      CURL_VERSION_LIBZ
LogInit:      CURL_VERSION_IPV6
LogInit:      CURL_VERSION_ASYNCHDNS
LogInit:      CURL_VERSION_LARGEFILE
LogInit:      CURL_VERSION_IDN
LogInit:  CurlRequestOptions (configurable via config and command line):
LogInit:  - bVerifyPeer = false  - Libcurl will NOT verify peer certificate
LogInit:  - bUseHttpProxy = false  - Libcurl will NOT use HTTP proxy
LogInit:  - bDontReuseConnections = false  - Libcurl will reuse connections
LogInit:  - CertBundlePath = nullptr  - Libcurl will use whatever was configured at build time.
LogInit:  - MaxHostConnections = 16  - Libcurl will limit the number of connections to a host
LogInit:  - LocalHostAddr = Default
LogInit: WinSock: version 1.1 (2.2), MaxSocks=32767, MaxUdp=65467
LogInit: WinSock: I am Slowy (192.168.178.44:0)
LogInit: Build: ++UE4+Release-4.19-CL-4033788
LogInit: Engine Version: 4.19.2-4033788+++UE4+Release-4.19
LogInit: Compatible Engine Version: 4.19.0-3944462+++UE4+Release-4.19
LogInit: Net CL: 3944462
LogDevObjectVersion: Number of dev versions registered: 18
LogDevObjectVersion:   Dev-Blueprints (B0D832E4-1F89-4F0D-ACCF-7EB736FD4AA2): 10
LogDevObjectVersion:   Dev-Build (E1C64328-A22C-4D53-A36C-8E866417BD8C): 0
LogDevObjectVersion:   Dev-Core (375EC13C-06E4-48FB-B500-84F0262A717E): 2
LogDevObjectVersion:   Dev-Editor (E4B068ED-F494-42E9-A231-DA0B2E46BB41): 23
LogDevObjectVersion:   Dev-Framework (CFFC743F-43B0-4480-9391-14DF171D2073): 33
LogDevObjectVersion:   Dev-Mobile (B02B49B5-BB20-44E9-A304-32B752E40360): 2
LogDevObjectVersion:   Dev-Networking (A4E4105C-59A1-49B5-A7C5-40C4547EDFEE): 0
LogDevObjectVersion:   Dev-Online (39C831C9-5AE6-47DC-9A44-9C173E1C8E7C): 0
LogDevObjectVersion:   Dev-Physics (78F01B33-EBEA-4F98-B9B4-84EACCB95AA2): 0
LogDevObjectVersion:   Dev-Platform (6631380F-2D4D-43E0-8009-CF276956A95A): 0
LogDevObjectVersion:   Dev-Rendering (12F88B9F-8875-4AFC-A67C-D90C383ABD29): 25
LogDevObjectVersion:   Dev-Sequencer (7B5AE74C-D270-4C10-A958-57980B212A5A): 6
LogDevObjectVersion:   Dev-VR (D7296918-1DD6-4BDD-9DE2-64A83CC13884): 1
LogDevObjectVersion:   Dev-LoadTimes (C2A15278-BFE7-4AFE-6C17-90FF531DF755): 1
LogDevObjectVersion:   Private-Geometry (6EACA3D4-40EC-4CC1-B786-8BED09428FC5): 2
LogDevObjectVersion:   Dev-AnimPhys (29E575DD-E0A3-4627-9D10-D276232CDCEA): 16
LogDevObjectVersion:   Dev-ReflectionCapture (6B266CEC-1EC7-4B8F-A30B-E4D90942FC07): 1
LogDevObjectVersion:   Dev-Automation (0DF73D61-A23F-47EA-B727-89E90C41499A): 1
LogInit: Compiled (64-bit): Apr 27 2018 02:06:57
LogInit: Compiled with Visual C++: 19.00.24215.01
LogInit: Build Configuration: Development
LogInit: Branch Name: ++UE4+Release-4.19
LogInit: Command Line:  -skipcompile
LogInit: Base Directory: D:/Programme/UE_4.19/Engine/Binaries/Win64/
LogInit: Installed Engine Build: 1
LogStreaming: Display: Took  0.002s to delete old logs.
LogInit: Presizing for max 8388607 objects, including 0 objects not considered by GC, pre-allocating 0 bytes for permanent pool.
LogInit: Object subsystem initialized
[2018.12.07-21.35.21:304][  0]LogInit: Selected Device Profile: [Windows]
[2018.12.07-21.35.21:304][  0]LogInit: Applying CVar settings loaded from the selected device profile: [Windows]
[2018.12.07-21.35.21:342][  0]LogInit: Computer: SLOWY
[2018.12.07-21.35.21:342][  0]LogInit: User: Timo
[2018.12.07-21.35.21:342][  0]LogInit: CPU Page size=4096, Cores=6
[2018.12.07-21.35.21:342][  0]LogInit: High frequency timer resolution =3.119136 MHz
[2018.12.07-21.35.21:342][  0]LogMemory: Memory total: Physical=16.0GB (16GB approx)
[2018.12.07-21.35.21:342][  0]LogMemory: Platform Memory Stats for Windows
[2018.12.07-21.35.21:342][  0]LogMemory: Process Physical Memory: 276.72 MB used, 276.72 MB peak
[2018.12.07-21.35.21:342][  0]LogMemory: Process Virtual Memory: 273.51 MB used, 273.51 MB peak
[2018.12.07-21.35.21:342][  0]LogMemory: Physical Memory: 8977.99 MB used,  7357.49 MB free, 16335.48 MB total
[2018.12.07-21.35.21:343][  0]LogMemory: Virtual Memory: 4813.59 MB used,  7357.49 MB free, 134217728.00 MB total
[2018.12.07-21.35.21:599][  0]LogInit: Using OS detected language (de-DE).
[2018.12.07-21.35.21:599][  0]LogInit: Using OS detected locale (de-DE).
[2018.12.07-21.35.21:645][  0]LogTextLocalizationManager: No localization for 'de-DE' exists, so 'en' will be used for the language.
[2018.12.07-21.35.22:221][  0]LogStreaming: Display: Took  0.622s to EndInitTextLocalization.
[2018.12.07-21.35.22:221][  0]LogInit: Setting process to per monitor DPI aware
[2018.12.07-21.35.22:324][  0]LogSlate: New Slate User Created.  User Index 0, Is Virtual User: 0
[2018.12.07-21.35.22:324][  0]LogSlate: Slate User Registered.  User Index 0, Is Virtual User: 0
[2018.12.07-21.35.24:202][  0]LogD3D11RHI: D3D11 adapters:
[2018.12.07-21.35.24:268][  0]LogD3D11RHI:    0. 'Radeon (TM) RX 480 Graphics' (Feature Level 11_0)
[2018.12.07-21.35.24:268][  0]LogD3D11RHI:       8137/0/8167 MB DedicatedVideo/DedicatedSystem/SharedSystem, Outputs:2, VendorId:0x1002
[2018.12.07-21.35.24:276][  0]LogD3D11RHI:    1. 'Microsoft Basic Render Driver' (Feature Level 11_0)
[2018.12.07-21.35.24:276][  0]LogD3D11RHI:       0/0/8167 MB DedicatedVideo/DedicatedSystem/SharedSystem, Outputs:0, VendorId:0x1414
[2018.12.07-21.35.24:276][  0]LogD3D11RHI: Chosen D3D11 Adapter: 0
[2018.12.07-21.35.24:285][  0]LogD3D11RHI: Creating new Direct3DDevice
[2018.12.07-21.35.24:285][  0]LogD3D11RHI:     GPU DeviceId: 0x67df (for the marketing name, search the web for "GPU Device Id")
[2018.12.07-21.35.24:286][  0]LogWindows: EnumDisplayDevices:
[2018.12.07-21.35.24:286][  0]LogWindows:    0. 'Radeon (TM) RX 480 Graphics' (P:1 D:1)
[2018.12.07-21.35.24:286][  0]LogWindows:    1. 'Radeon (TM) RX 480 Graphics' (P:0 D:1)
[2018.12.07-21.35.24:286][  0]LogWindows:    2. 'Radeon (TM) RX 480 Graphics' (P:0 D:0)
[2018.12.07-21.35.24:286][  0]LogWindows:    3. 'Radeon (TM) RX 480 Graphics' (P:0 D:0)
[2018.12.07-21.35.24:287][  0]LogWindows:    4. 'Radeon (TM) RX 480 Graphics' (P:0 D:0)
[2018.12.07-21.35.24:287][  0]LogWindows:    5. 'Radeon (TM) RX 480 Graphics' (P:0 D:0)
[2018.12.07-21.35.24:287][  0]LogWindows:    6. 'Radeon (TM) RX 480 Graphics' (P:0 D:0)
[2018.12.07-21.35.24:287][  0]LogWindows: DebugString: GetVideoDriverDetailsInvalid PrimaryIsNotTheChoosenAdapter GetVideoDriverDetailsInvalid PrimaryIsNotTheChoosenAdapter GetVideoDriverDetailsInvalid PrimaryIsNotTheChoosenAdapter GetVideoDriverDetailsInvalid PrimaryIsNotTheChoosenAdapter GetVideoDriverDetailsInvalid PrimaryIsNotTheChoosenAdapter GetVideoDriverDetailsInvalid PrimaryIsNotTheChoosenAdapter GetVideoDriverDetailsInvalid PrimaryIsNotTheChoosenAdapter FoundDriverCount:0 
[2018.12.07-21.35.24:287][  0]LogD3D11RHI:     Adapter Name: Radeon (TM) RX 480 Graphics
[2018.12.07-21.35.24:287][  0]LogD3D11RHI:   Driver Version: Unknown (internal:Unknown, unified:Unknown)
[2018.12.07-21.35.24:287][  0]LogD3D11RHI:      Driver Date: Unknown
[2018.12.07-21.35.24:288][  0]LogRHI: Texture pool is 5695 MB (70% of 8137 MB)
[2018.12.07-21.35.24:398][  0]LogD3D11RHI: Async texture creation enabled
[2018.12.07-21.35.24:412][  0]LogD3D11RHI: GPU Timing Frequency: 25.000000 (Debug: 2 1)
[2018.12.07-21.35.24:414][  0]LogShaderCompilers: Guid format shader working directory is 5 characters bigger than the processId version (../../../../../Studium/Fluide/Simulation/Intermediate/Shaders/WorkingDirectory/5248/).
[2018.12.07-21.35.24:414][  0]LogShaderCompilers: Cleaned the shader compiler working directory 'C:/Users/Timo/AppData/Local/Temp/UnrealShaderWorkingDir/0F8E6C7544F937D9ACAD0EB2D61366BA/'.
[2018.12.07-21.35.24:940][  0]LogTemp: Display: Loaded TP AllDesktopTargetPlatform
[2018.12.07-21.35.24:959][  0]LogTemp: Display: Loaded TP MacClientTargetPlatform
[2018.12.07-21.35.24:982][  0]LogTemp: Display: Loaded TP MacNoEditorTargetPlatform
[2018.12.07-21.35.25:001][  0]LogTemp: Display: Loaded TP MacServerTargetPlatform
[2018.12.07-21.35.25:023][  0]LogTemp: Display: Loaded TP MacTargetPlatform
[2018.12.07-21.35.25:045][  0]LogTemp: Display: Loaded TP WindowsClientTargetPlatform
[2018.12.07-21.35.25:065][  0]LogTemp: Display: Loaded TP WindowsNoEditorTargetPlatform
[2018.12.07-21.35.25:085][  0]LogTemp: Display: Loaded TP WindowsServerTargetPlatform
[2018.12.07-21.35.25:094][  0]LogTemp: Display: Loaded TP WindowsTargetPlatform
[2018.12.07-21.35.25:117][  0]LogTemp: Display: Loaded TP Android_ASTCTargetPlatform
[2018.12.07-21.35.25:135][  0]LogTemp: Display: Loaded TP Android_ATCTargetPlatform
[2018.12.07-21.35.25:154][  0]LogTemp: Display: Loaded TP Android_DXTTargetPlatform
[2018.12.07-21.35.25:171][  0]LogTemp: Display: Loaded TP Android_ETC1aTargetPlatform
[2018.12.07-21.35.25:190][  0]LogTemp: Display: Loaded TP Android_ETC1TargetPlatform
[2018.12.07-21.35.25:208][  0]LogTemp: Display: Loaded TP Android_ETC2TargetPlatform
[2018.12.07-21.35.25:243][  0]LogTemp: Display: Loaded TP Android_MultiTargetPlatform
[2018.12.07-21.35.25:243][  0]LogTemp: Display: Loaded TP Android_PVRTCTargetPlatform
[2018.12.07-21.35.25:266][  0]LogTemp: Display: Loaded TP AndroidTargetPlatform
[2018.12.07-21.35.25:269][  0]LogTemp: Display: Loaded TP HTML5TargetPlatform
[2018.12.07-21.35.25:347][  0]LogTemp: Display: Loaded TP IOSTargetPlatform
[2018.12.07-21.35.25:365][  0]LogTemp: Display: Loaded TP TVOSTargetPlatform
[2018.12.07-21.35.25:383][  0]LogTemp: Display: Loaded TP LinuxClientTargetPlatform
[2018.12.07-21.35.25:400][  0]LogTemp: Display: Loaded TP LinuxNoEditorTargetPlatform
[2018.12.07-21.35.25:418][  0]LogTemp: Display: Loaded TP LinuxServerTargetPlatform
[2018.12.07-21.35.25:445][  0]LogTemp: Display: Loaded TP LinuxTargetPlatform
[2018.12.07-21.35.25:445][  0]LogTargetPlatformManager: Display: Building Assets For Windows
[2018.12.07-21.35.25:996][  0]LogXGEController: Cleaning working directory: C:/Users/Timo/AppData/Local/Temp/UnrealXGEWorkingDir/
[2018.12.07-21.35.25:996][  0]LogXGEController: Cannot use XGE Controller as Incredibuild is not installed on this machine.
[2018.12.07-21.35.25:996][  0]LogShaderCompilers: Cannot use XGE Shader Compiler as Incredibuild is not installed on this machine.
[2018.12.07-21.35.25:997][  0]LogShaderCompilers: Display: Using Local Shader Compiler.
[2018.12.07-21.35.27:704][  0]LogDerivedDataCache: Display: Max Cache Size: 512 MB
[2018.12.07-21.35.28:098][  0]LogDerivedDataCache: Loaded boot cache 0.39s 79MB C:/Users/Timo/AppData/Local/UnrealEngine/4.19/DerivedDataCache/Boot.ddc.
[2018.12.07-21.35.28:098][  0]LogDerivedDataCache: Display: Loaded Boot cache: C:/Users/Timo/AppData/Local/UnrealEngine/4.19/DerivedDataCache/Boot.ddc
[2018.12.07-21.35.28:099][  0]LogDerivedDataCache: FDerivedDataBackendGraph:  Pak pak cache file ../../../../../Studium/Fluide/Simulation/DerivedDataCache/DDC.ddp not found, will not use a pak cache.
[2018.12.07-21.35.28:099][  0]LogDerivedDataCache: Unable to find inner node Pak for hierarchical cache Hierarchy.
[2018.12.07-21.35.28:099][  0]LogDerivedDataCache: FDerivedDataBackendGraph:  CompressedPak pak cache file ../../../../../Studium/Fluide/Simulation/DerivedDataCache/Compressed.ddp not found, will not use a pak cache.
[2018.12.07-21.35.28:099][  0]LogDerivedDataCache: Unable to find inner node CompressedPak for hierarchical cache Hierarchy.
[2018.12.07-21.35.28:129][  0]LogDerivedDataCache: Display: Pak cache opened for reading ../../../Engine/DerivedDataCache/Compressed.ddp.
[2018.12.07-21.35.28:142][  0]LogDerivedDataCache: Using Local data cache path C:/Users/Timo/AppData/Local/UnrealEngine/Common/DerivedDataCache: Writable
[2018.12.07-21.35.28:142][  0]LogDerivedDataCache: Shared data cache path not found in *engine.ini, will not use an Shared cache.
[2018.12.07-21.35.28:142][  0]LogDerivedDataCache: Unable to find inner node Shared for hierarchical cache Hierarchy.
[2018.12.07-21.35.28:156][  0]LogMaterial: Verifying Global Shaders for PCD3D_SM5
[2018.12.07-21.35.28:156][  0]LogSlate: Using Freetype 2.6.0
[2018.12.07-21.35.28:167][  0]LogSlate: SlateFontCache - WITH_FREETYPE: 1, WITH_HARFBUZZ: 1
[2018.12.07-21.35.28:168][  0]LogSlate: SlateFontCache - WITH_FREETYPE: 1, WITH_HARFBUZZ: 1
[2018.12.07-21.35.31:027][  0]LogAssetRegistry: FAssetRegistry took 0.0305 seconds to start up
[2018.12.07-21.35.31:478][  0]LogInit: Selected Device Profile: [Windows]
[2018.12.07-21.35.31:897][  0]LogSimplygon: Simplygon DLL not present - disabling.
[2018.12.07-21.35.31:909][  0]LogMeshReduction: Using SimplygonSwarm for distributed automatic mesh merging
[2018.12.07-21.35.31:910][  0]LogMeshReduction: Using QuadricMeshReduction for automatic static mesh reduction
[2018.12.07-21.35.31:910][  0]LogMeshReduction: No automatic skeletal mesh reduction module available
[2018.12.07-21.35.31:910][  0]LogMeshReduction: No automatic mesh merging module available
[2018.12.07-21.35.31:910][  0]LogMeshMerging: No automatic mesh merging module available
[2018.12.07-21.35.31:998][  0]LogNetVersion: Simulation , NetCL: 3944462, EngineNetVer: 2, GameNetVer: 0 (Checksum: 940632137)
[2018.12.07-21.35.33:293][  0]LogPackageLocalizationCache: Processed 10 localized package path(s) for 1 prioritized culture(s) in 0.075929 seconds
[2018.12.07-21.35.33:301][  0]LogUObjectArray: 37029 objects as part of root set at end of initial load.
[2018.12.07-21.35.33:301][  0]LogUObjectAllocator: 7386192 out of 0 bytes used by permanent object pool.
[2018.12.07-21.35.33:301][  0]LogUObjectArray: CloseDisregardForGC: 0/0 objects in disregard for GC pool
[2018.12.07-21.35.38:190][  0]LogTcpMessaging: Initializing TcpMessaging bridge
[2018.12.07-21.35.38:222][  0]LogUdpMessaging: Initializing bridge on interface 0.0.0.0:0 to multicast group 230.0.0.1:6666.
[2018.12.07-21.35.38:761][  0]SourceControl: Source control is disabled
[2018.12.07-21.35.38:761][  0]SourceControl: Source control is disabled
[2018.12.07-21.35.38:783][  0]SourceControl: Source control is disabled
[2018.12.07-21.35.38:812][  0]SourceControl: Source control is disabled
[2018.12.07-21.35.39:541][  0]LogAndroidPermission: UAndroidPermissionCallbackProxy::GetInstance
[2018.12.07-21.35.39:740][  0]LogOcInput: OculusInput pre-init called
[2018.12.07-21.35.39:926][  0]LogEngine: Initializing Engine...
[2018.12.07-21.35.39:928][  0]LogHMD: Failed to initialize OpenVR with code 110
[2018.12.07-21.35.39:929][  0]LogStats: UGameplayTagsManager::ConstructGameplayTagTree: Construct from data asset -  0.000 s
[2018.12.07-21.35.39:930][  0]LogStats: UGameplayTagsManager::ConstructGameplayTagTree: GameplayTagTreeChangedEvent.Broadcast -  0.000 s
[2018.12.07-21.35.40:391][  0]LogAIModule: Creating AISystem for world Untitled
[2018.12.07-21.35.40:409][  0]LogInit: XAudio2 using '4 - SAMSUNG (AMD High Definition Audio Device)' : 2 channels at 48 kHz using 16 bits per sample (channel mask 0x3)
[2018.12.07-21.35.40:429][  0]LogInit: FAudioDevice initialized.
[2018.12.07-21.35.40:525][  0]LogDerivedDataCache: Saved boot cache 0.10s 79MB C:/Users/Timo/AppData/Local/UnrealEngine/4.19/DerivedDataCache/Boot.ddc.
[2018.12.07-21.35.40:543][  0]LogInit: Texture streaming: Enabled
[2018.12.07-21.35.40:573][  0]LogEngineSessionManager: EngineSessionManager initialized
[2018.12.07-21.35.40:573][  0]LogEngineSessionManager: EngineSessionManager sent abnormal shutdown report. Type=Debugger, SessionId={1CFE1D97-4D87-F112-FBA5-709FC3535E2C}
[2018.12.07-21.35.40:586][  0]LogInit: Transaction tracking system initialized
[2018.12.07-21.35.40:627][  0]BlueprintLog: New page: Editor Load
[2018.12.07-21.35.40:791][  0]LocalizationService: Localization service is disabled
[2018.12.07-21.35.40:905][  0]LogLinker: Warning: Can't find file '/Game/TopDownBP/TopDownOverview'
[2018.12.07-21.35.40:905][  0]LogLinker: Warning: Can't find file '/Game/TopDownBP/TopDownOverview'
[2018.12.07-21.35.40:905][  0]LogUObjectGlobals: Warning: Failed to find object 'Class /Game/TopDownBP/TopDownOverview.TopDownOverview_C'
[2018.12.07-21.35.40:977][  0]LogConsoleResponse: Display: 
[2018.12.07-21.35.41:535][  0]LogCook: Display: Max memory allowance for cook 16384mb min free memory 0mb
[2018.12.07-21.35.41:535][  0]LogCook: Display: Mobile HDR setting 1
[2018.12.07-21.35.41:535][  0]LogGameplayTags: Display: UGameplayTagsManager::DoneAddingNativeTags. DelegateIsBound: 0
[2018.12.07-21.35.41:535][  0]LogStats: UGameplayTagsManager::ConstructGameplayTagTree: Construct from data asset -  0.000 s
[2018.12.07-21.35.41:535][  0]LogStats: UGameplayTagsManager::ConstructGameplayTagTree: GameplayTagTreeChangedEvent.Broadcast -  0.000 s
[2018.12.07-21.35.41:871][  0]LogFileCache: Scanning file cache for directory 'D:/Studium/Fluide/Simulation/Content/' took 0.02s
[2018.12.07-21.35.42:100][  0]SourceControl: Source control is disabled
[2018.12.07-21.35.42:101][  0]Cmd: MAP LOAD FILE="../../../../../Studium/Fluide/Simulation/Content/Levels/3D/Waterfall.umap" TEMPLATE=0 SHOWPROGRESS=1 FEATURELEVEL=3
[2018.12.07-21.35.42:107][  0]LightingResults: New page: Lighting Build
[2018.12.07-21.35.42:110][  0]MapCheck: New page: Map Check
[2018.12.07-21.35.42:110][  0]LightingResults: New page: Lighting Build
[2018.12.07-21.35.42:324][  0]LogUObjectGlobals: Created PersistentFrame Addr=0x000001abd27e66a0, Size=208, Default__SimulationSettings_C Function /Game/Blueprints/SimulationSettings.SimulationSettings_C:ExecuteUbergraph_SimulationSettings
[2018.12.07-21.35.42:328][  0]LogUObjectGlobals: Created PersistentFrame Addr=0x000001abd2aa7800, Size=1024, Default__SimulationPawn_C Function /Game/Blueprints/SimulationPawn.SimulationPawn_C:ExecuteUbergraph_SimulationPawn
[2018.12.07-21.35.42:355][  0]LogUObjectGlobals: Created PersistentFrame Addr=0x000001abd2886600, Size=232, Default__Anzeige_C Function /Game/Widget/Anzeige.Anzeige_C:ExecuteUbergraph_Anzeige
[2018.12.07-21.35.42:452][  0]LogUObjectGlobals: Destroyed PersistentFrame Addr=0x000001abd2886600, Size=232
[2018.12.07-21.35.42:452][  0]LogUObjectGlobals: Created PersistentFrame Addr=0x000001abd287c200, Size=232, Default__Anzeige_C Function /Engine/Transient.REINST_Anzeige_C_0:ExecuteUbergraph_Anzeige
[2018.12.07-21.35.42:454][  0]LogUObjectGlobals: Destroyed PersistentFrame Addr=0x000001abd2aa7800, Size=1024
[2018.12.07-21.35.42:454][  0]LogUObjectGlobals: Created PersistentFrame Addr=0x000001abd2aa7800, Size=1024, Default__SimulationPawn_C Function /Engine/Transient.REINST_SimulationPawn_C_5:ExecuteUbergraph_SimulationPawn
[2018.12.07-21.35.42:455][  0]LogUObjectGlobals: Destroyed PersistentFrame Addr=0x000001abd27e66a0, Size=208
[2018.12.07-21.35.42:455][  0]LogUObjectGlobals: Created PersistentFrame Addr=0x000001abd3335280, Size=208, Default__SimulationSettings_C Function /Engine/Transient.REINST_SimulationSettings_C_6:ExecuteUbergraph_SimulationSettings
[2018.12.07-21.35.42:509][  0]LogUObjectGlobals: Created PersistentFrame Addr=0x000001abd308ba00, Size=232, Default__Anzeige_C Function /Game/Widget/Anzeige.Anzeige_C:ExecuteUbergraph_Anzeige
[2018.12.07-21.35.42:515][  0]LogUObjectGlobals: Created PersistentFrame Addr=0x000001abd3057800, Size=1024, Default__SimulationPawn_C Function /Game/Blueprints/SimulationPawn.SimulationPawn_C:ExecuteUbergraph_SimulationPawn
[2018.12.07-21.35.42:521][  0]LogUObjectGlobals: Created PersistentFrame Addr=0x000001abd312a4e0, Size=208, Default__SimulationSettings_C Function /Game/Blueprints/SimulationSettings.SimulationSettings_C:ExecuteUbergraph_SimulationSettings
[2018.12.07-21.35.42:902][  0]LogAIModule: Creating AISystem for world Waterfall
[2018.12.07-21.35.42:919][  0]LogEditorServer: Finished looking for orphan Actors (0.000 secs)
[2018.12.07-21.35.42:937][  0]LogUObjectGlobals: Destroyed PersistentFrame Addr=0x000001abd3335280, Size=208
[2018.12.07-21.35.42:937][  0]LogUObjectGlobals: Destroyed PersistentFrame Addr=0x000001abd2aa7800, Size=1024
[2018.12.07-21.35.42:937][  0]LogUObjectGlobals: Destroyed PersistentFrame Addr=0x000001abd287c200, Size=232
[2018.12.07-21.35.42:939][  0]Cmd: MAP CHECKDEP NOCLEARLOG
[2018.12.07-21.35.42:990][  0]MapCheck: Map check complete: 0 Error(s), 0 Warning(s), took 51,282ms to complete.
[2018.12.07-21.35.42:991][  0]LogFileHelpers: Loading map 'Waterfall' took 0.890
[2018.12.07-21.35.43:210][  0]LogCollectionManager: Loaded 0 collections in 0.001254 seconds
[2018.12.07-21.35.43:268][  0]LogFileCache: Scanning file cache for directory 'D:/Studium/Fluide/Simulation/Saved/Collections/' took 0.01s
[2018.12.07-21.35.43:268][  0]LogFileCache: Scanning file cache for directory 'D:/Studium/Fluide/Simulation/Content/Developers/Timo/Collections/' took 0.01s
[2018.12.07-21.35.43:268][  0]LogFileCache: Scanning file cache for directory 'D:/Studium/Fluide/Simulation/Content/Collections/' took 0.01s
[2018.12.07-21.35.43:268][  0]LogCollectionManager: Rebuilt the GUID cache for 0 collections in 0.000000 seconds
[2018.12.07-21.35.43:283][  0]LogContentBrowser: Native class hierarchy populated in 0.0137 seconds. Added 2496 classes and 576 folders.
[2018.12.07-21.35.43:292][  0]LogContentBrowser: Native class hierarchy updated for 'WidgetCarousel' in 0.0017 seconds. Added 0 classes and 0 folders.
[2018.12.07-21.35.43:709][  0]LogContentBrowser: Native class hierarchy updated for 'AddContentDialog' in 0.0037 seconds. Added 0 classes and 0 folders.
[2018.12.07-21.35.43:724][  0]LogContentBrowser: Native class hierarchy updated for 'SceneOutliner' in 0.0018 seconds. Added 1 classes and 2 folders.
[2018.12.07-21.35.43:754][  0]LogSlate: Took 0.007991 seconds to synchronously load lazily loaded font '../../../Engine/Content/Slate/Fonts/Roboto-Regular.ttf' (155K)
[2018.12.07-21.35.43:766][  0]LogSlate: Took 0.006032 seconds to synchronously load lazily loaded font '../../../Engine/Content/Slate/Fonts/Roboto-Bold.ttf' (160K)
[2018.12.07-21.35.43:780][  0]LogSlate: Took 0.006329 seconds to synchronously load lazily loaded font '../../../Engine/Content/Editor/Slate/Fonts/FontAwesome.ttf' (139K)
[2018.12.07-21.35.43:942][  0]LogRenderer: Reallocating scene render targets to support 1208x600 Format 10 NumSamples 1 (Frame:1).
[2018.12.07-21.35.44:118][  0]LogContentBrowser: Native class hierarchy updated for 'HierarchicalLODOutliner' in 0.0018 seconds. Added 0 classes and 0 folders.
[2018.12.07-21.35.44:119][  0]LogLoad: (Engine Initialization) Total time: 28.54 seconds
[2018.12.07-21.35.44:119][  0]LogLoad: (Engine Initialization) Total Blueprint compile time: 0.00 seconds
[2018.12.07-21.35.44:149][  0]LogWindowsTextInputMethodSystem: Display: IME system now deactivated.
[2018.12.07-21.35.44:168][  0]LogContentStreaming: Texture pool size now 3000 MB
[2018.12.07-21.35.44:220][  0]LogSlate: Took 0.007155 seconds to synchronously load lazily loaded font '../../../Engine/Content/Slate/Fonts/Roboto-Light.ttf' (167K)
[2018.12.07-21.35.44:249][  1]LogAssetRegistry: Asset discovery search completed in 13.2459 seconds
[2018.12.07-21.35.44:251][  1]LogCollectionManager: Rebuilt the object cache for 0 collections in 0.000000 seconds (found 0 objects)
[2018.12.07-21.35.44:251][  1]LogCollectionManager: Fixed up redirectors for 0 collections in 0.000122 seconds (updated 0 objects)
[2018.12.07-21.35.59:688][790]LogSlate: FSceneViewport::OnFocusLost() reason 0
[2018.12.07-21.36.14:022][480]LogSlate: Took 0.000212 seconds to synchronously load lazily loaded font '../../../Engine/Content/Slate/Fonts/Roboto-Light.ttf' (167K)
[2018.12.07-21.36.14:076][480]LogAIModule: Creating AISystem for world PeriodicShearWave
[2018.12.07-21.36.14:096][480]Cmd: MAP LOAD FILE="../../../../../Studium/Fluide/Simulation/Content/Levels/2D/PeriodicShearWave.umap" TEMPLATE=0 SHOWPROGRESS=1 FEATURELEVEL=3
[2018.12.07-21.36.14:096][480]LightingResults: New page: Lighting Build
[2018.12.07-21.36.14:097][480]LoadErrors: New page: Loading map: PeriodicShearWave.umap
[2018.12.07-21.36.14:098][480]MapCheck: New page: Map Check
[2018.12.07-21.36.14:098][480]LightingResults: New page: Lighting Build
[2018.12.07-21.36.14:111][480]LogEditorServer: Finished looking for orphan Actors (0.000 secs)
[2018.12.07-21.36.14:165][480]Cmd: MAP CHECKDEP NOCLEARLOG
[2018.12.07-21.36.14:248][480]MapCheck: Map check complete: 0 Error(s), 0 Warning(s), took 81,873ms to complete.
[2018.12.07-21.36.14:248][480]LogFileHelpers: Loading map 'PeriodicShearWave' took 0.153
[2018.12.07-21.36.16:414][675]LogContentBrowser: Native class hierarchy updated for 'BlueprintGraph' in 0.0022 seconds. Added 116 classes and 0 folders.
[2018.12.07-21.36.16:871][675]LogUObjectGlobals: Created PersistentFrame Addr=0x000001aba77c9760, Size=4, Default__SKEL_PROTO_BP_AnimBlueprint_0_C Function /Engine/Transient.SKEL_PROTO_BP_AnimBlueprint_0_C:ExecuteUbergraph_PROTO_BP_AnimBlueprint_0
[2018.12.07-21.36.16:872][675]LogUObjectGlobals: Created PersistentFrame Addr=0x000001aba77c9758, Size=4, Default__PROTO_BP_AnimBlueprint_0_C Function /Engine/Transient.PROTO_BP_AnimBlueprint_0_C:ExecuteUbergraph_PROTO_BP_AnimBlueprint_0
[2018.12.07-21.36.17:580][675]LogSlate: Took 0.004794 seconds to synchronously load lazily loaded font '../../../Engine/Content/Slate/Fonts/Roboto-BoldCondensed.ttf' (158K)
[2018.12.07-21.36.18:448][738]LogSlate: Took 0.009373 seconds to synchronously load lazily loaded font '../../../Engine/Content/Slate/Fonts/Roboto-Italic.ttf' (157K)
[2018.12.07-21.36.29:702][930]BlueprintLog: New page: Compile SimulationSettings
[2018.12.07-21.36.29:790][930]LogUObjectGlobals: Destroyed PersistentFrame Addr=0x000001abd312a4e0, Size=208
[2018.12.07-21.36.29:790][930]LogUObjectGlobals: Created PersistentFrame Addr=0x000001abaa0c6860, Size=208, Default__SimulationSettings_C Function /Engine/Transient.REINST_SimulationSettings_C_30:ExecuteUbergraph_SimulationSettings
[2018.12.07-21.36.29:810][930]LogUObjectGlobals: Created PersistentFrame Addr=0x000001abaa15ada0, Size=208, Default__SimulationSettings_C Function /Game/Blueprints/SimulationSettings.SimulationSettings_C:ExecuteUbergraph_SimulationSettings
[2018.12.07-21.36.30:344][941]Cmd: OBJ SAVEPACKAGE PACKAGE="/Game/Blueprints/SimulationSettings" FILE="../../../../../Studium/Fluide/Simulation/Content/Blueprints/SimulationSettings.uasset" SILENT=true
[2018.12.07-21.36.30:455][941]LogSavePackage: Save=101.09ms
[2018.12.07-21.36.30:455][941]LogSavePackage: Moving '../../../../../Studium/Fluide/Simulation/Saved/SimulationSettings7FDDCCB84F9974E42BC5DC903A3D2758.tmp' to '../../../../../Studium/Fluide/Simulation/Content/Blueprints/SimulationSettings.uasset'
[2018.12.07-21.36.30:458][941]LogSavePackage: Display: Finished SavePackage ../../../../../Studium/Fluide/Simulation/Content/Blueprints/SimulationSettings.uasset
[2018.12.07-21.36.32:928][210]LogTemp: Repeating last play command: Selected Viewport
[2018.12.07-21.36.32:956][210]LogBlueprintUserMessages: Early PlayInEditor Detection: Level '/Game/Levels/2D/PeriodicShearWave.PeriodicShearWave:PersistentLevel' has LevelScriptBlueprint '/Game/Levels/2D/PeriodicShearWave.PeriodicShearWave:PersistentLevel.PeriodicShearWave' with GeneratedClass '/Game/Levels/2D/PeriodicShearWave.PeriodicShearWave_C' with ClassGeneratedBy '/Game/Levels/2D/PeriodicShearWave.PeriodicShearWave:PersistentLevel.PeriodicShearWave'
[2018.12.07-21.36.32:957][210]LogPlayLevel: PlayLevel: No blueprints needed recompiling
[2018.12.07-21.36.32:958][210]PIE: New page: PIE session: PeriodicShearWave (07.12.2018 23:36:32)
[2018.12.07-21.36.32:958][210]LogPlayLevel: Creating play world package: /Game/Levels/2D/UEDPIE_0_PeriodicShearWave
[2018.12.07-21.36.32:962][210]LogPlayLevel: PIE: StaticDuplicateObject took: (0.003912s)
[2018.12.07-21.36.32:963][210]LogAIModule: Creating AISystem for world PeriodicShearWave
[2018.12.07-21.36.32:963][210]LogPlayLevel: PIE: World Init took: (0.001472s)
[2018.12.07-21.36.32:964][210]LogPlayLevel: PIE: Created PIE world by copying editor world from /Game/Levels/2D/PeriodicShearWave.PeriodicShearWave to /Game/Levels/2D/UEDPIE_0_PeriodicShearWave.PeriodicShearWave (0.005854s)
[2018.12.07-21.36.32:979][210]LogUObjectGlobals: Destroyed PersistentFrame Addr=0x000001abaa0c6860, Size=208
[2018.12.07-21.36.32:988][210]LogInit: XAudio2 using '4 - SAMSUNG (AMD High Definition Audio Device)' : 2 channels at 48 kHz using 16 bits per sample (channel mask 0x3)
[2018.12.07-21.36.32:999][210]LogInit: FAudioDevice initialized.
[2018.12.07-21.36.33:049][210]LogLoad: Game class is 'SimulationSettings_C'
[2018.12.07-21.36.33:052][210]LogWorld: Bringing World /Game/Levels/2D/UEDPIE_0_PeriodicShearWave.PeriodicShearWave up for play (max tick rate 0) at 2018.12.07-22.36.33
[2018.12.07-21.36.33:052][210]LogWorld: Bringing up level for play took: 0.000890
[2018.12.07-21.36.33:057][210]LogContentBrowser: Native class hierarchy updated for 'MovieSceneCapture' in 0.0018 seconds. Added 11 classes and 0 folders.
[2018.12.07-21.36.33:057][210]LogGameMode: Display: Match State Changed from EnteringMap to WaitingToStart
[2018.12.07-21.36.33:058][210]LogGameState: Match State Changed from EnteringMap to WaitingToStart
[2018.12.07-21.36.33:058][210]LogGameMode: Display: Match State Changed from WaitingToStart to InProgress
[2018.12.07-21.36.33:118][210]LogGameState: Match State Changed from WaitingToStart to InProgress
[2018.12.07-21.36.33:119][210]PIE: Play in editor start time for /Game/Levels/2D/UEDPIE_0_PeriodicShearWave -0,762
[2018.12.07-21.36.33:119][210]LogBlueprintUserMessages: Late PlayInEditor Detection: Level '/Game/Levels/2D/PeriodicShearWave.PeriodicShearWave:PersistentLevel' has LevelScriptBlueprint '/Game/Levels/2D/PeriodicShearWave.PeriodicShearWave:PersistentLevel.PeriodicShearWave' with GeneratedClass '/Game/Levels/2D/PeriodicShearWave.PeriodicShearWave_C' with ClassGeneratedBy '/Game/Levels/2D/PeriodicShearWave.PeriodicShearWave:PersistentLevel.PeriodicShearWave'
[2018.12.07-21.37.34:412][724]LogBlueprintUserMessages: Early EndPlayMap Detection: Level '/Game/Levels/2D/PeriodicShearWave.PeriodicShearWave:PersistentLevel' has LevelScriptBlueprint '/Game/Levels/2D/PeriodicShearWave.PeriodicShearWave:PersistentLevel.PeriodicShearWave' with GeneratedClass '/Game/Levels/2D/PeriodicShearWave.PeriodicShearWave_C' with ClassGeneratedBy '/Game/Levels/2D/PeriodicShearWave.PeriodicShearWave:PersistentLevel.PeriodicShearWave'
[2018.12.07-21.37.34:452][724]LogBlueprintUserMessages: Late EndPlayMap Detection: Level '/Game/Levels/2D/PeriodicShearWave.PeriodicShearWave:PersistentLevel' has LevelScriptBlueprint '/Game/Levels/2D/PeriodicShearWave.PeriodicShearWave:PersistentLevel.PeriodicShearWave' with GeneratedClass '/Game/Levels/2D/PeriodicShearWave.PeriodicShearWave_C' with ClassGeneratedBy '/Game/Levels/2D/PeriodicShearWave.PeriodicShearWave:PersistentLevel.PeriodicShearWave'
[2018.12.07-21.37.35:559][841]LogSlate: FSceneViewport::OnFocusLost() reason 0
[2018.12.07-21.37.35:617][848]LogTemp: Repeating last play command: Selected Viewport
[2018.12.07-21.37.35:645][848]LogBlueprintUserMessages: Early PlayInEditor Detection: Level '/Game/Levels/2D/PeriodicShearWave.PeriodicShearWave:PersistentLevel' has LevelScriptBlueprint '/Game/Levels/2D/PeriodicShearWave.PeriodicShearWave:PersistentLevel.PeriodicShearWave' with GeneratedClass '/Game/Levels/2D/PeriodicShearWave.PeriodicShearWave_C' with ClassGeneratedBy '/Game/Levels/2D/PeriodicShearWave.PeriodicShearWave:PersistentLevel.PeriodicShearWave'
[2018.12.07-21.37.35:645][848]LogPlayLevel: PlayLevel: No blueprints needed recompiling
[2018.12.07-21.37.35:646][848]PIE: New page: PIE session: PeriodicShearWave (07.12.2018 23:37:35)
[2018.12.07-21.37.35:646][848]LogPlayLevel: Creating play world package: /Game/Levels/2D/UEDPIE_0_PeriodicShearWave
[2018.12.07-21.37.35:648][848]LogPlayLevel: PIE: StaticDuplicateObject took: (0.002455s)
[2018.12.07-21.37.35:649][848]LogAIModule: Creating AISystem for world PeriodicShearWave
[2018.12.07-21.37.35:650][848]LogPlayLevel: PIE: World Init took: (0.001035s)
[2018.12.07-21.37.35:650][848]LogPlayLevel: PIE: Created PIE world by copying editor world from /Game/Levels/2D/PeriodicShearWave.PeriodicShearWave to /Game/Levels/2D/UEDPIE_0_PeriodicShearWave.PeriodicShearWave (0.003945s)
[2018.12.07-21.37.35:671][848]LogInit: XAudio2 using '4 - SAMSUNG (AMD High Definition Audio Device)' : 2 channels at 48 kHz using 16 bits per sample (channel mask 0x3)
[2018.12.07-21.37.35:681][848]LogInit: FAudioDevice initialized.
[2018.12.07-21.37.35:719][848]LogLoad: Game class is 'SimulationSettings_C'
[2018.12.07-21.37.35:721][848]LogWorld: Bringing World /Game/Levels/2D/UEDPIE_0_PeriodicShearWave.PeriodicShearWave up for play (max tick rate 0) at 2018.12.07-22.37.35
[2018.12.07-21.37.35:721][848]LogWorld: Bringing up level for play took: 0.000852
[2018.12.07-21.37.35:722][848]LogGameMode: Display: Match State Changed from EnteringMap to WaitingToStart
[2018.12.07-21.37.35:722][848]LogGameState: Match State Changed from EnteringMap to WaitingToStart
[2018.12.07-21.37.35:722][848]LogGameMode: Display: Match State Changed from WaitingToStart to InProgress
[2018.12.07-21.37.35:773][848]LogGameState: Match State Changed from WaitingToStart to InProgress
[2018.12.07-21.37.35:773][848]PIE: Play in editor start time for /Game/Levels/2D/UEDPIE_0_PeriodicShearWave -0,108
[2018.12.07-21.37.35:774][848]LogBlueprintUserMessages: Late PlayInEditor Detection: Level '/Game/Levels/2D/PeriodicShearWave.PeriodicShearWave:PersistentLevel' has LevelScriptBlueprint '/Game/Levels/2D/PeriodicShearWave.PeriodicShearWave:PersistentLevel.PeriodicShearWave' with GeneratedClass '/Game/Levels/2D/PeriodicShearWave.PeriodicShearWave_C' with ClassGeneratedBy '/Game/Levels/2D/PeriodicShearWave.PeriodicShearWave:PersistentLevel.PeriodicShearWave'
[2018.12.07-21.38.34:677][536]LogSlate: FSceneViewport::OnFocusLost() reason 0
[2018.12.07-21.38.35:174][546]LogBlueprintUserMessages: Early EndPlayMap Detection: Level '/Game/Levels/2D/PeriodicShearWave.PeriodicShearWave:PersistentLevel' has LevelScriptBlueprint '/Game/Levels/2D/PeriodicShearWave.PeriodicShearWave:PersistentLevel.PeriodicShearWave' with GeneratedClass '/Game/Levels/2D/PeriodicShearWave.PeriodicShearWave_C' with ClassGeneratedBy '/Game/Levels/2D/PeriodicShearWave.PeriodicShearWave:PersistentLevel.PeriodicShearWave'
[2018.12.07-21.38.35:220][546]LogBlueprintUserMessages: Late EndPlayMap Detection: Level '/Game/Levels/2D/PeriodicShearWave.PeriodicShearWave:PersistentLevel' has LevelScriptBlueprint '/Game/Levels/2D/PeriodicShearWave.PeriodicShearWave:PersistentLevel.PeriodicShearWave' with GeneratedClass '/Game/Levels/2D/PeriodicShearWave.PeriodicShearWave_C' with ClassGeneratedBy '/Game/Levels/2D/PeriodicShearWave.PeriodicShearWave:PersistentLevel.PeriodicShearWave'
[2018.12.07-21.38.44:569][454]BlueprintLog: New page: Compile SimulationSettings
[2018.12.07-21.38.44:668][454]LogUObjectGlobals: Destroyed PersistentFrame Addr=0x000001abaa15ada0, Size=208
[2018.12.07-21.38.44:669][454]LogUObjectGlobals: Created PersistentFrame Addr=0x000001aba74b43a0, Size=208, Default__SimulationSettings_C Function /Engine/Transient.REINST_SimulationSettings_C_37:ExecuteUbergraph_SimulationSettings
[2018.12.07-21.38.44:682][454]LogUObjectGlobals: Created PersistentFrame Addr=0x000001ab8b180100, Size=208, Default__SimulationSettings_C Function /Game/Blueprints/SimulationSettings.SimulationSettings_C:ExecuteUbergraph_SimulationSettings
[2018.12.07-21.38.45:224][461]Cmd: OBJ SAVEPACKAGE PACKAGE="/Game/Blueprints/SimulationSettings" FILE="../../../../../Studium/Fluide/Simulation/Content/Blueprints/SimulationSettings.uasset" SILENT=true
[2018.12.07-21.38.45:328][461]LogSavePackage: Save=100.48ms
[2018.12.07-21.38.45:328][461]LogSavePackage: Moving '../../../../../Studium/Fluide/Simulation/Saved/SimulationSettings82A2103243AE088722078B966847B4FD.tmp' to '../../../../../Studium/Fluide/Simulation/Content/Blueprints/SimulationSettings.uasset'
[2018.12.07-21.38.45:331][461]LogSavePackage: Display: Finished SavePackage ../../../../../Studium/Fluide/Simulation/Content/Blueprints/SimulationSettings.uasset
[2018.12.07-21.38.46:736][609]LogTemp: Repeating last play command: Selected Viewport
[2018.12.07-21.38.46:764][609]LogBlueprintUserMessages: Early PlayInEditor Detection: Level '/Game/Levels/2D/PeriodicShearWave.PeriodicShearWave:PersistentLevel' has LevelScriptBlueprint '/Game/Levels/2D/PeriodicShearWave.PeriodicShearWave:PersistentLevel.PeriodicShearWave' with GeneratedClass '/Game/Levels/2D/PeriodicShearWave.PeriodicShearWave_C' with ClassGeneratedBy '/Game/Levels/2D/PeriodicShearWave.PeriodicShearWave:PersistentLevel.PeriodicShearWave'
[2018.12.07-21.38.46:764][609]LogPlayLevel: PlayLevel: No blueprints needed recompiling
[2018.12.07-21.38.46:764][609]PIE: New page: PIE session: PeriodicShearWave (07.12.2018 23:38:46)
[2018.12.07-21.38.46:764][609]LogPlayLevel: Creating play world package: /Game/Levels/2D/UEDPIE_0_PeriodicShearWave
[2018.12.07-21.38.46:767][609]LogPlayLevel: PIE: StaticDuplicateObject took: (0.002577s)
[2018.12.07-21.38.46:768][609]LogAIModule: Creating AISystem for world PeriodicShearWave
[2018.12.07-21.38.46:768][609]LogPlayLevel: PIE: World Init took: (0.001237s)
[2018.12.07-21.38.46:769][609]LogPlayLevel: PIE: Created PIE world by copying editor world from /Game/Levels/2D/PeriodicShearWave.PeriodicShearWave to /Game/Levels/2D/UEDPIE_0_PeriodicShearWave.PeriodicShearWave (0.004327s)
[2018.12.07-21.38.46:789][609]LogUObjectGlobals: Destroyed PersistentFrame Addr=0x000001aba74b43a0, Size=208
[2018.12.07-21.38.46:797][609]LogInit: XAudio2 using '4 - SAMSUNG (AMD High Definition Audio Device)' : 2 channels at 48 kHz using 16 bits per sample (channel mask 0x3)
[2018.12.07-21.38.46:807][609]LogInit: FAudioDevice initialized.
[2018.12.07-21.38.46:846][609]LogLoad: Game class is 'SimulationSettings_C'
[2018.12.07-21.38.46:847][609]LogWorld: Bringing World /Game/Levels/2D/UEDPIE_0_PeriodicShearWave.PeriodicShearWave up for play (max tick rate 0) at 2018.12.07-22.38.46
[2018.12.07-21.38.46:848][609]LogWorld: Bringing up level for play took: 0.000848
[2018.12.07-21.38.46:849][609]LogGameMode: Display: Match State Changed from EnteringMap to WaitingToStart
[2018.12.07-21.38.46:849][609]LogGameState: Match State Changed from EnteringMap to WaitingToStart
[2018.12.07-21.38.46:849][609]LogGameMode: Display: Match State Changed from WaitingToStart to InProgress
