Log file open, 12/07/18 21:52:43
LogWindows: Failed to load 'aqProf.dll' (GetLastError=126)
LogWindows: File 'aqProf.dll' does not exist
LogWindows: Failed to load 'VtuneApi.dll' (GetLastError=126)
LogWindows: File 'VtuneApi.dll' does not exist
LogWindows: Failed to load 'VtuneApi32e.dll' (GetLastError=126)
LogWindows: File 'VtuneApi32e.dll' does not exist
LogInit: Display: Running engine for game: Simulation
LogPlatformFile: Not using cached read wrapper
LogInit: Display: RandInit(-1581806611) SRandInit(-1581806611).
LogInit: Read version file with build ID '3944462'
LogInit: Overriding engine version to CL 4033788, compatible CL 3944462
LogInit: Registered custom module enumerator with build ID '3944462'
LogTaskGraph: Started task graph with 5 named threads and 35 total threads with 3 sets of task threads.
LogStats: Stats thread started at 0.746568
LogD3D11RHI: Aftermath initialized
LogICUInternationalization: Display: ICU TimeZone Detection - Raw Offset: +1:00, Platform Override: ''
LogPluginManager: Mounting plugin Paper2D
LogPluginManager: Mounting plugin LiveLink
LogPluginManager: Mounting plugin LightPropagationVolume
LogPluginManager: Mounting plugin CLionSourceCodeAccess
LogPluginManager: Mounting plugin CodeLiteSourceCodeAccess
LogPluginManager: Mounting plugin GitSourceControl
LogPluginManager: Mounting plugin KDevelopSourceCodeAccess
LogPluginManager: Mounting plugin NullSourceCodeAccess
LogPluginManager: Mounting plugin PerforceSourceControl
LogPluginManager: Mounting plugin SubversionSourceControl
LogPluginManager: Mounting plugin UObjectPlugin
LogPluginManager: Mounting plugin VisualStudioCodeSourceCodeAccess
LogPluginManager: Mounting plugin VisualStudioSourceCodeAccess
LogPluginManager: Mounting plugin XCodeSourceCodeAccess
LogPluginManager: Mounting plugin AssetManagerEditor
LogPluginManager: Mounting plugin CryptoKeys
LogPluginManager: Mounting plugin DataValidation
LogPluginManager: Mounting plugin FacialAnimation
LogPluginManager: Mounting plugin GameplayTagsEditor
LogPluginManager: Mounting plugin MobileLauncherProfileWizard
LogPluginManager: Mounting plugin PluginBrowser
LogPluginManager: Mounting plugin SpeedTreeImporter
LogPluginManager: Mounting plugin DatasmithContent
LogPluginManager: Mounting plugin AlembicImporter
LogPluginManager: Mounting plugin CharacterAI
LogPluginManager: Mounting plugin HTML5Networking
LogPluginManager: Mounting plugin AndroidMedia
LogPluginManager: Mounting plugin AvfMedia
LogPluginManager: Mounting plugin ImgMedia
LogPluginManager: Mounting plugin LinearTimecode
LogPluginManager: Mounting plugin MediaCompositing
LogPluginManager: Mounting plugin MediaPlayerEditor
LogPluginManager: Mounting plugin WmfMedia
LogPluginManager: Mounting plugin TcpMessaging
LogPluginManager: Mounting plugin UdpMessaging
LogPluginManager: Mounting plugin ActorSequence
LogPluginManager: Mounting plugin LevelSequenceEditor
LogPluginManager: Mounting plugin MatineeToLevelSequence
LogPluginManager: Mounting plugin NetcodeUnitTest
LogPluginManager: Mounting plugin NUTUnrealEngine4
LogPluginManager: Mounting plugin OnlineSubsystemGooglePlay
LogPluginManager: Mounting plugin OnlineSubsystemIOS
LogPluginManager: Mounting plugin OnlineSubsystem
LogPluginManager: Mounting plugin OnlineSubsystemNull
LogPluginManager: Mounting plugin OnlineSubsystemUtils
LogPluginManager: Mounting plugin AndroidDeviceProfileSelector
LogPluginManager: Mounting plugin AndroidMoviePlayer
LogPluginManager: Mounting plugin AndroidPermission
LogPluginManager: Mounting plugin AppleARKit
LogPluginManager: Mounting plugin AppleMoviePlayer
LogPluginManager: Mounting plugin ArchVisCharacter
LogPluginManager: Mounting plugin AudioCapture
LogPluginManager: Mounting plugin CableComponent
LogPluginManager: Mounting plugin CustomMeshComponent
LogPluginManager: Mounting plugin ExampleDeviceProfileSelector
LogPluginManager: Mounting plugin GoogleCloudMessaging
LogPluginManager: Mounting plugin ImmediatePhysics
LogPluginManager: Mounting plugin IOSDeviceProfileSelector
LogPluginManager: Mounting plugin LinuxDeviceProfileSelector
LogPluginManager: Mounting plugin LocationServicesBPLibrary
LogPluginManager: Mounting plugin MobilePatchingUtils
LogPluginManager: Mounting plugin OculusVR
LogPluginManager: Plugin shader directory ../../../Engine/Plugins/Runtime/Oculus/OculusVR/Shaders found
LogPluginManager: Mapping shader source directory ../../../Engine/Plugins/Runtime/Oculus/OculusVR/Shaders to virtual directory /Plugin/OculusVR
LogPluginManager: Mounting plugin PhysXVehicles
LogPluginManager: Mounting plugin ProceduralMeshComponent
LogPluginManager: Mounting plugin RuntimePhysXCooking
LogPluginManager: Mounting plugin SteamVR
LogPluginManager: Mounting plugin WindowsMoviePlayer
LogPluginManager: Mounting plugin PointCloudPlugin
LogPluginManager: Plugin shader directory ../../../../../Studium/Fluide/Simulation/Plugins/PointCloudPlugin/Shaders found
LogPluginManager: Mapping shader source directory ../../../../../Studium/Fluide/Simulation/Plugins/PointCloudPlugin/Shaders to virtual directory /Plugin/PointCloudPlugin
LogStreaming: Display: Took  0.113s to configure plugins.
LogModuleManager: Display: Found up-to-date module file ../../../../../Studium/Fluide/Simulation/Binaries/Win64/UE4Editor-Simulation.dll (API version 3944462).
LogModuleManager: Display: Found up-to-date module file ../../../Engine/Plugins/2D/Paper2D/Binaries/Win64/UE4Editor-Paper2D.dll (API version 3944462).
LogModuleManager: Display: Found up-to-date module file ../../../Engine/Plugins/2D/Paper2D/Binaries/Win64/UE4Editor-Paper2DEditor.dll (API version 3944462).
LogModuleManager: Display: Found up-to-date module file ../../../Engine/Plugins/2D/Paper2D/Binaries/Win64/UE4Editor-PaperSpriteSheetImporter.dll (API version 3944462).
LogModuleManager: Display: Found up-to-date module file ../../../Engine/Plugins/2D/Paper2D/Binaries/Win64/UE4Editor-PaperTiledImporter.dll (API version 3944462).
LogModuleManager: Display: Found up-to-date module file ../../../Engine/Plugins/2D/Paper2D/Binaries/Win64/UE4Editor-SmartSnapping.dll (API version 3944462).
LogModuleManager: Display: Found up-to-date module file ../../../Engine/Plugins/Animation/LiveLink/Binaries/Win64/UE4Editor-LiveLink.dll (API version 3944462).
LogModuleManager: Display: Found up-to-date module file ../../../Engine/Plugins/Animation/LiveLink/Binaries/Win64/UE4Editor-LiveLinkEditor.dll (API version 3944462).
LogModuleManager: Display: Found up-to-date module file ../../../Engine/Plugins/Blendables/LightPropagationVolume/Binaries/Win64/UE4Editor-LightPropagationVolumeRuntime.dll (API version 3944462).
LogModuleManager: Display: Found up-to-date module file ../../../Engine/Plugins/Blendables/LightPropagationVolume/Binaries/Win64/UE4Editor-LightPropagationVolumeEditor.dll (API version 3944462).
LogModuleManager: Display: Found up-to-date module file ../../../Engine/Plugins/Developer/CLionSourceCodeAccess/Binaries/Win64/UE4Editor-CLionSourceCodeAccess.dll (API version 3944462).
LogModuleManager: Display: Found up-to-date module file ../../../Engine/Plugins/Developer/GitSourceControl/Binaries/Win64/UE4Editor-GitSourceControl.dll (API version 3944462).
LogModuleManager: Display: Found up-to-date module file ../../../Engine/Plugins/Developer/PerforceSourceControl/Binaries/Win64/UE4Editor-PerforceSourceControl.dll (API version 3944462).
LogModuleManager: Display: Found up-to-date module file ../../../Engine/Plugins/Developer/SubversionSourceControl/Binaries/Win64/UE4Editor-SubversionSourceControl.dll (API version 3944462).
LogModuleManager: Display: Found up-to-date module file ../../../Engine/Plugins/Developer/UObjectPlugin/Binaries/Win64/UE4Editor-UObjectPlugin.dll (API version 3944462).
LogModuleManager: Display: Found up-to-date module file ../../../Engine/Plugins/Developer/VisualStudioCodeSourceCodeAccess/Binaries/Win64/UE4Editor-VisualStudioCodeSourceCodeAccess.dll (API version 3944462).
LogModuleManager: Display: Found up-to-date module file ../../../Engine/Plugins/Developer/VisualStudioSourceCodeAccess/Binaries/Win64/UE4Editor-VisualStudioSourceCodeAccess.dll (API version 3944462).
LogModuleManager: Display: Found up-to-date module file ../../../Engine/Plugins/Editor/AssetManagerEditor/Binaries/Win64/UE4Editor-AssetManagerEditor.dll (API version 3944462).
LogModuleManager: Display: Found up-to-date module file ../../../Engine/Plugins/Editor/CryptoKeys/Binaries/Win64/UE4Editor-CryptoKeys.dll (API version 3944462).
LogModuleManager: Display: Found up-to-date module file ../../../Engine/Plugins/Editor/CryptoKeys/Binaries/Win64/UE4Editor-CryptoKeysOpenSSL.dll (API version 3944462).
LogModuleManager: Display: Found up-to-date module file ../../../Engine/Plugins/Editor/DataValidation/Binaries/Win64/UE4Editor-DataValidation.dll (API version 3944462).
LogModuleManager: Display: Found up-to-date module file ../../../Engine/Plugins/Editor/FacialAnimation/Binaries/Win64/UE4Editor-FacialAnimation.dll (API version 3944462).
LogModuleManager: Display: Found up-to-date module file ../../../Engine/Plugins/Editor/FacialAnimation/Binaries/Win64/UE4Editor-FacialAnimationEditor.dll (API version 3944462).
LogModuleManager: Display: Found up-to-date module file ../../../Engine/Plugins/Editor/GameplayTagsEditor/Binaries/Win64/UE4Editor-GameplayTagsEditor.dll (API version 3944462).
LogModuleManager: Display: Found up-to-date module file ../../../Engine/Plugins/Editor/MobileLauncherProfileWizard/Binaries/Win64/UE4Editor-MobileLauncherProfileWizard.dll (API version 3944462).
LogModuleManager: Display: Found up-to-date module file ../../../Engine/Plugins/Editor/PluginBrowser/Binaries/Win64/UE4Editor-PluginBrowser.dll (API version 3944462).
LogModuleManager: Display: Found up-to-date module file ../../../Engine/Plugins/Editor/SpeedTreeImporter/Binaries/Win64/UE4Editor-SpeedTreeImporter.dll (API version 3944462).
LogModuleManager: Display: Found up-to-date module file ../../../Engine/Plugins/Enterprise/DatasmithContent/Binaries/Win64/UE4Editor-DatasmithContent.dll (API version 3944462).
LogModuleManager: Display: Found up-to-date module file ../../../Engine/Plugins/Experimental/AlembicImporter/Binaries/Win64/UE4Editor-AlembicImporter.dll (API version 3944462).
LogModuleManager: Display: Found up-to-date module file ../../../Engine/Plugins/Experimental/AlembicImporter/Binaries/Win64/UE4Editor-AlembicLibrary.dll (API version 3944462).
LogModuleManager: Display: Found up-to-date module file ../../../Engine/Plugins/Experimental/CharacterAI/Binaries/Win64/UE4Editor-CharacterAI.dll (API version 3944462).
LogModuleManager: Display: Found up-to-date module file ../../../Engine/Plugins/Experimental/HTML5Networking/Binaries/Win64/UE4Editor-HTML5Networking.dll (API version 3944462).
LogModuleManager: Display: Found up-to-date module file ../../../Engine/Plugins/Media/AndroidMedia/Binaries/Win64/UE4Editor-AndroidMediaEditor.dll (API version 3944462).
LogModuleManager: Display: Found up-to-date module file ../../../Engine/Plugins/Media/AndroidMedia/Binaries/Win64/UE4Editor-AndroidMediaFactory.dll (API version 3944462).
LogModuleManager: Display: Found up-to-date module file ../../../Engine/Plugins/Media/AvfMedia/Binaries/Win64/UE4Editor-AvfMediaEditor.dll (API version 3944462).
LogModuleManager: Display: Found up-to-date module file ../../../Engine/Plugins/Media/AvfMedia/Binaries/Win64/UE4Editor-AvfMediaFactory.dll (API version 3944462).
LogModuleManager: Display: Found up-to-date module file ../../../Engine/Plugins/Media/AvfMedia/Binaries/Win64/UE4Editor-AvfMediaFactory.dll (API version 3944462).
LogModuleManager: Display: Found up-to-date module file ../../../Engine/Plugins/Media/ImgMedia/Binaries/Win64/UE4Editor-ImgMedia.dll (API version 3944462).
LogModuleManager: Display: Found up-to-date module file ../../../Engine/Plugins/Media/ImgMedia/Binaries/Win64/UE4Editor-ImgMediaEditor.dll (API version 3944462).
LogModuleManager: Display: Found up-to-date module file ../../../Engine/Plugins/Media/ImgMedia/Binaries/Win64/UE4Editor-ImgMediaFactory.dll (API version 3944462).
LogModuleManager: Display: Found up-to-date module file ../../../Engine/Plugins/Media/ImgMedia/Binaries/Win64/UE4Editor-ImgMediaFactory.dll (API version 3944462).
LogModuleManager: Display: Found up-to-date module file ../../../Engine/Plugins/Media/ImgMedia/Binaries/Win64/UE4Editor-OpenExrWrapper.dll (API version 3944462).
LogModuleManager: Display: Found up-to-date module file ../../../Engine/Plugins/Media/LinearTimecode/Binaries/Win64/UE4Editor-LinearTimecode.dll (API version 3944462).
LogModuleManager: Display: Found up-to-date module file ../../../Engine/Plugins/Media/MediaCompositing/Binaries/Win64/UE4Editor-MediaCompositing.dll (API version 3944462).
LogModuleManager: Display: Found up-to-date module file ../../../Engine/Plugins/Media/MediaCompositing/Binaries/Win64/UE4Editor-MediaCompositingEditor.dll (API version 3944462).
LogModuleManager: Display: Found up-to-date module file ../../../Engine/Plugins/Media/MediaPlayerEditor/Binaries/Win64/UE4Editor-MediaPlayerEditor.dll (API version 3944462).
LogModuleManager: Display: Found up-to-date module file ../../../Engine/Plugins/Media/WmfMedia/Binaries/Win64/UE4Editor-WmfMedia.dll (API version 3944462).
LogModuleManager: Display: Found up-to-date module file ../../../Engine/Plugins/Media/WmfMedia/Binaries/Win64/UE4Editor-WmfMediaEditor.dll (API version 3944462).
LogModuleManager: Display: Found up-to-date module file ../../../Engine/Plugins/Media/WmfMedia/Binaries/Win64/UE4Editor-WmfMediaFactory.dll (API version 3944462).
LogModuleManager: Display: Found up-to-date module file ../../../Engine/Plugins/Media/WmfMedia/Binaries/Win64/UE4Editor-WmfMediaFactory.dll (API version 3944462).
LogModuleManager: Display: Found up-to-date module file ../../../Engine/Plugins/Messaging/TcpMessaging/Binaries/Win64/UE4Editor-TcpMessaging.dll (API version 3944462).
LogModuleManager: Display: Found up-to-date module file ../../../Engine/Plugins/Messaging/UdpMessaging/Binaries/Win64/UE4Editor-UdpMessaging.dll (API version 3944462).
LogModuleManager: Display: Found up-to-date module file ../../../Engine/Plugins/MovieScene/ActorSequence/Binaries/Win64/UE4Editor-ActorSequence.dll (API version 3944462).
LogModuleManager: Display: Found up-to-date module file ../../../Engine/Plugins/MovieScene/LevelSequenceEditor/Binaries/Win64/UE4Editor-LevelSequenceEditor.dll (API version 3944462).
LogModuleManager: Display: Found up-to-date module file ../../../Engine/Plugins/MovieScene/MatineeToLevelSequence/Binaries/Win64/UE4Editor-MatineeToLevelSequence.dll (API version 3944462).
LogModuleManager: Display: Found up-to-date module file ../../../Engine/Plugins/NetcodeUnitTest/NetcodeUnitTest/Binaries/Win64/UE4Editor-NetcodeUnitTest.dll (API version 3944462).
LogModuleManager: Display: Found up-to-date module file ../../../Engine/Plugins/NetcodeUnitTest/NUTUnrealEngine4/Binaries/Win64/UE4Editor-NUTUnrealEngine4.dll (API version 3944462).
LogModuleManager: Display: Found up-to-date module file ../../../Engine/Plugins/Online/OnlineSubsystem/Binaries/Win64/UE4Editor-OnlineSubsystem.dll (API version 3944462).
LogModuleManager: Display: Found up-to-date module file ../../../Engine/Plugins/Online/OnlineSubsystemNull/Binaries/Win64/UE4Editor-OnlineSubsystemNull.dll (API version 3944462).
LogModuleManager: Display: Found up-to-date module file ../../../Engine/Plugins/Online/OnlineSubsystemUtils/Binaries/Win64/UE4Editor-OnlineSubsystemUtils.dll (API version 3944462).
LogModuleManager: Display: Found up-to-date module file ../../../Engine/Plugins/Online/OnlineSubsystemUtils/Binaries/Win64/UE4Editor-OnlineBlueprintSupport.dll (API version 3944462).
LogModuleManager: Display: Found up-to-date module file ../../../Engine/Plugins/Runtime/AndroidDeviceProfileSelector/Binaries/Win64/UE4Editor-AndroidDeviceProfileSelector.dll (API version 3944462).
LogModuleManager: Display: Found up-to-date module file ../../../Engine/Plugins/Runtime/AndroidPermission/Binaries/Win64/UE4Editor-AndroidPermission.dll (API version 3944462).
LogModuleManager: Display: Found up-to-date module file ../../../Engine/Plugins/Runtime/AppleARKit/Binaries/Win64/UE4Editor-AppleARKit.dll (API version 3944462).
LogModuleManager: Display: Found up-to-date module file ../../../Engine/Plugins/Runtime/ArchVisCharacter/Binaries/Win64/UE4Editor-ArchVisCharacter.dll (API version 3944462).
LogModuleManager: Display: Found up-to-date module file ../../../Engine/Plugins/Runtime/AudioCapture/Binaries/Win64/UE4Editor-AudioCapture.dll (API version 3944462).
LogModuleManager: Display: Found up-to-date module file ../../../Engine/Plugins/Runtime/AudioCapture/Binaries/Win64/UE4Editor-AudioCaptureEditor.dll (API version 3944462).
LogModuleManager: Display: Found up-to-date module file ../../../Engine/Plugins/Runtime/CableComponent/Binaries/Win64/UE4Editor-CableComponent.dll (API version 3944462).
LogModuleManager: Display: Found up-to-date module file ../../../Engine/Plugins/Runtime/CustomMeshComponent/Binaries/Win64/UE4Editor-CustomMeshComponent.dll (API version 3944462).
LogModuleManager: Display: Found up-to-date module file ../../../Engine/Plugins/Runtime/ExampleDeviceProfileSelector/Binaries/Win64/UE4Editor-ExampleDeviceProfileSelector.dll (API version 3944462).
LogModuleManager: Display: Found up-to-date module file ../../../Engine/Plugins/Runtime/ImmediatePhysics/Binaries/Win64/UE4Editor-ImmediatePhysics.dll (API version 3944462).
LogModuleManager: Display: Found up-to-date module file ../../../Engine/Plugins/Runtime/ImmediatePhysics/Binaries/Win64/UE4Editor-ImmediatePhysicsEditor.dll (API version 3944462).
LogModuleManager: Display: Found up-to-date module file ../../../Engine/Plugins/Runtime/LocationServicesBPLibrary/Binaries/Win64/UE4Editor-LocationServicesBPLibrary.dll (API version 3944462).
LogModuleManager: Display: Found up-to-date module file ../../../Engine/Plugins/Runtime/MobilePatchingUtils/Binaries/Win64/UE4Editor-MobilePatchingUtils.dll (API version 3944462).
LogModuleManager: Display: Found up-to-date module file ../../../Engine/Plugins/Runtime/Oculus/OculusVR/Binaries/Win64/UE4Editor-OculusHMD.dll (API version 3944462).
LogModuleManager: Display: Found up-to-date module file ../../../Engine/Plugins/Runtime/Oculus/OculusVR/Binaries/Win64/UE4Editor-OculusInput.dll (API version 3944462).
LogModuleManager: Display: Found up-to-date module file ../../../Engine/Plugins/Runtime/Oculus/OculusVR/Binaries/Win64/UE4Editor-OculusEditor.dll (API version 3944462).
LogModuleManager: Display: Found up-to-date module file ../../../Engine/Plugins/Runtime/PhysXVehicles/Binaries/Win64/UE4Editor-PhysXVehicles.dll (API version 3944462).
LogModuleManager: Display: Found up-to-date module file ../../../Engine/Plugins/Runtime/PhysXVehicles/Binaries/Win64/UE4Editor-PhysXVehiclesEditor.dll (API version 3944462).
LogModuleManager: Display: Found up-to-date module file ../../../Engine/Plugins/Runtime/ProceduralMeshComponent/Binaries/Win64/UE4Editor-ProceduralMeshComponent.dll (API version 3944462).
LogModuleManager: Display: Found up-to-date module file ../../../Engine/Plugins/Runtime/ProceduralMeshComponent/Binaries/Win64/UE4Editor-ProceduralMeshComponentEditor.dll (API version 3944462).
LogModuleManager: Display: Found up-to-date module file ../../../Engine/Plugins/Runtime/RuntimePhysXCooking/Binaries/Win64/UE4Editor-RuntimePhysXCooking.dll (API version 3944462).
LogModuleManager: Display: Found up-to-date module file ../../../Engine/Plugins/Runtime/Steam/SteamVR/Binaries/Win64/UE4Editor-SteamVR.dll (API version 3944462).
LogModuleManager: Display: Found up-to-date module file ../../../Engine/Plugins/Runtime/Steam/SteamVR/Binaries/Win64/UE4Editor-SteamVRController.dll (API version 3944462).
LogModuleManager: Display: Found up-to-date module file ../../../Engine/Plugins/Runtime/WindowsMoviePlayer/Binaries/Win64/UE4Editor-WindowsMoviePlayer.dll (API version 3944462).
LogModuleManager: Display: Found up-to-date module file ../../../../../Studium/Fluide/Simulation/Plugins/PointCloudPlugin/Binaries/Win64/UE4Editor-PointCloudRuntime.dll (API version 3944462).
LogModuleManager: Display: Found up-to-date module file ../../../../../Studium/Fluide/Simulation/Plugins/PointCloudPlugin/Binaries/Win64/UE4Editor-PointCloudEditor.dll (API version 3944462).
LogInit: Using libcurl 7.47.1
LogInit:  - built for x86_64-pc-win32
LogInit:  - supports SSL with OpenSSL/1.0.2g
LogInit:  - supports HTTP deflate (compression) using libz 1.2.8
LogInit:  - other features:
LogInit:      CURL_VERSION_SSL
LogInit:      CURL_VERSION_LIBZ
LogInit:      CURL_VERSION_IPV6
LogInit:      CURL_VERSION_ASYNCHDNS
LogInit:      CURL_VERSION_LARGEFILE
LogInit:      CURL_VERSION_IDN
LogInit:  CurlRequestOptions (configurable via config and command line):
LogInit:  - bVerifyPeer = false  - Libcurl will NOT verify peer certificate
LogInit:  - bUseHttpProxy = false  - Libcurl will NOT use HTTP proxy
LogInit:  - bDontReuseConnections = false  - Libcurl will reuse connections
LogInit:  - CertBundlePath = nullptr  - Libcurl will use whatever was configured at build time.
LogInit:  - MaxHostConnections = 16  - Libcurl will limit the number of connections to a host
LogInit:  - LocalHostAddr = Default
LogInit: WinSock: version 1.1 (2.2), MaxSocks=32767, MaxUdp=65467
LogInit: WinSock: I am Slowy (192.168.178.44:0)
LogInit: Build: ++UE4+Release-4.19-CL-4033788
LogInit: Engine Version: 4.19.2-4033788+++UE4+Release-4.19
LogInit: Compatible Engine Version: 4.19.0-3944462+++UE4+Release-4.19
LogInit: Net CL: 3944462
LogDevObjectVersion: Number of dev versions registered: 18
LogDevObjectVersion:   Dev-Blueprints (B0D832E4-1F89-4F0D-ACCF-7EB736FD4AA2): 10
LogDevObjectVersion:   Dev-Build (E1C64328-A22C-4D53-A36C-8E866417BD8C): 0
LogDevObjectVersion:   Dev-Core (375EC13C-06E4-48FB-B500-84F0262A717E): 2
LogDevObjectVersion:   Dev-Editor (E4B068ED-F494-42E9-A231-DA0B2E46BB41): 23
LogDevObjectVersion:   Dev-Framework (CFFC743F-43B0-4480-9391-14DF171D2073): 33
LogDevObjectVersion:   Dev-Mobile (B02B49B5-BB20-44E9-A304-32B752E40360): 2
LogDevObjectVersion:   Dev-Networking (A4E4105C-59A1-49B5-A7C5-40C4547EDFEE): 0
LogDevObjectVersion:   Dev-Online (39C831C9-5AE6-47DC-9A44-9C173E1C8E7C): 0
LogDevObjectVersion:   Dev-Physics (78F01B33-EBEA-4F98-B9B4-84EACCB95AA2): 0
LogDevObjectVersion:   Dev-Platform (6631380F-2D4D-43E0-8009-CF276956A95A): 0
LogDevObjectVersion:   Dev-Rendering (12F88B9F-8875-4AFC-A67C-D90C383ABD29): 25
LogDevObjectVersion:   Dev-Sequencer (7B5AE74C-D270-4C10-A958-57980B212A5A): 6
LogDevObjectVersion:   Dev-VR (D7296918-1DD6-4BDD-9DE2-64A83CC13884): 1
LogDevObjectVersion:   Dev-LoadTimes (C2A15278-BFE7-4AFE-6C17-90FF531DF755): 1
LogDevObjectVersion:   Private-Geometry (6EACA3D4-40EC-4CC1-B786-8BED09428FC5): 2
LogDevObjectVersion:   Dev-AnimPhys (29E575DD-E0A3-4627-9D10-D276232CDCEA): 16
LogDevObjectVersion:   Dev-ReflectionCapture (6B266CEC-1EC7-4B8F-A30B-E4D90942FC07): 1
LogDevObjectVersion:   Dev-Automation (0DF73D61-A23F-47EA-B727-89E90C41499A): 1
LogInit: Compiled (64-bit): Apr 27 2018 02:06:57
LogInit: Compiled with Visual C++: 19.00.24215.01
LogInit: Build Configuration: Development
LogInit: Branch Name: ++UE4+Release-4.19
LogInit: Command Line:  -skipcompile
LogInit: Base Directory: D:/Programme/UE_4.19/Engine/Binaries/Win64/
LogInit: Installed Engine Build: 1
LogStreaming: Display: Took  0.002s to delete old logs.
LogInit: Presizing for max 8388607 objects, including 0 objects not considered by GC, pre-allocating 0 bytes for permanent pool.
LogInit: Object subsystem initialized
[2018.12.07-20.52.45:187][  0]LogInit: Selected Device Profile: [Windows]
[2018.12.07-20.52.45:187][  0]LogInit: Applying CVar settings loaded from the selected device profile: [Windows]
[2018.12.07-20.52.45:207][  0]LogInit: Computer: SLOWY
[2018.12.07-20.52.45:207][  0]LogInit: User: Timo
[2018.12.07-20.52.45:207][  0]LogInit: CPU Page size=4096, Cores=6
[2018.12.07-20.52.45:207][  0]LogInit: High frequency timer resolution =3.119136 MHz
[2018.12.07-20.52.45:207][  0]LogMemory: Memory total: Physical=16.0GB (16GB approx)
[2018.12.07-20.52.45:207][  0]LogMemory: Platform Memory Stats for Windows
[2018.12.07-20.52.45:207][  0]LogMemory: Process Physical Memory: 276.61 MB used, 276.61 MB peak
[2018.12.07-20.52.45:208][  0]LogMemory: Process Virtual Memory: 273.54 MB used, 273.54 MB peak
[2018.12.07-20.52.45:208][  0]LogMemory: Physical Memory: 8342.93 MB used,  7992.55 MB free, 16335.48 MB total
[2018.12.07-20.52.45:208][  0]LogMemory: Virtual Memory: 4813.59 MB used,  7992.55 MB free, 134217728.00 MB total
[2018.12.07-20.52.45:251][  0]LogInit: Using OS detected language (de-DE).
[2018.12.07-20.52.45:251][  0]LogInit: Using OS detected locale (de-DE).
[2018.12.07-20.52.45:254][  0]LogTextLocalizationManager: No localization for 'de-DE' exists, so 'en' will be used for the language.
[2018.12.07-20.52.45:746][  0]LogStreaming: Display: Took  0.496s to EndInitTextLocalization.
[2018.12.07-20.52.45:747][  0]LogInit: Setting process to per monitor DPI aware
[2018.12.07-20.52.45:793][  0]LogSlate: New Slate User Created.  User Index 0, Is Virtual User: 0
[2018.12.07-20.52.45:793][  0]LogSlate: Slate User Registered.  User Index 0, Is Virtual User: 0
[2018.12.07-20.52.46:008][  0]LogD3D11RHI: D3D11 adapters:
[2018.12.07-20.52.46:058][  0]LogD3D11RHI:    0. 'Radeon (TM) RX 480 Graphics' (Feature Level 11_0)
[2018.12.07-20.52.46:058][  0]LogD3D11RHI:       8137/0/8167 MB DedicatedVideo/DedicatedSystem/SharedSystem, Outputs:2, VendorId:0x1002
[2018.12.07-20.52.46:063][  0]LogD3D11RHI:    1. 'Microsoft Basic Render Driver' (Feature Level 11_0)
[2018.12.07-20.52.46:064][  0]LogD3D11RHI:       0/0/8167 MB DedicatedVideo/DedicatedSystem/SharedSystem, Outputs:0, VendorId:0x1414
[2018.12.07-20.52.46:064][  0]LogD3D11RHI: Chosen D3D11 Adapter: 0
[2018.12.07-20.52.46:072][  0]LogD3D11RHI: Creating new Direct3DDevice
[2018.12.07-20.52.46:072][  0]LogD3D11RHI:     GPU DeviceId: 0x67df (for the marketing name, search the web for "GPU Device Id")
[2018.12.07-20.52.46:072][  0]LogWindows: EnumDisplayDevices:
[2018.12.07-20.52.46:072][  0]LogWindows:    0. 'Radeon (TM) RX 480 Graphics' (P:1 D:1)
[2018.12.07-20.52.46:073][  0]LogWindows:    1. 'Radeon (TM) RX 480 Graphics' (P:0 D:1)
[2018.12.07-20.52.46:073][  0]LogWindows:    2. 'Radeon (TM) RX 480 Graphics' (P:0 D:0)
[2018.12.07-20.52.46:073][  0]LogWindows:    3. 'Radeon (TM) RX 480 Graphics' (P:0 D:0)
[2018.12.07-20.52.46:073][  0]LogWindows:    4. 'Radeon (TM) RX 480 Graphics' (P:0 D:0)
[2018.12.07-20.52.46:074][  0]LogWindows:    5. 'Radeon (TM) RX 480 Graphics' (P:0 D:0)
[2018.12.07-20.52.46:074][  0]LogWindows:    6. 'Radeon (TM) RX 480 Graphics' (P:0 D:0)
[2018.12.07-20.52.46:074][  0]LogWindows: DebugString: GetVideoDriverDetailsInvalid PrimaryIsNotTheChoosenAdapter GetVideoDriverDetailsInvalid PrimaryIsNotTheChoosenAdapter GetVideoDriverDetailsInvalid PrimaryIsNotTheChoosenAdapter GetVideoDriverDetailsInvalid PrimaryIsNotTheChoosenAdapter GetVideoDriverDetailsInvalid PrimaryIsNotTheChoosenAdapter GetVideoDriverDetailsInvalid PrimaryIsNotTheChoosenAdapter GetVideoDriverDetailsInvalid PrimaryIsNotTheChoosenAdapter FoundDriverCount:0 
[2018.12.07-20.52.46:074][  0]LogD3D11RHI:     Adapter Name: Radeon (TM) RX 480 Graphics
[2018.12.07-20.52.46:074][  0]LogD3D11RHI:   Driver Version: Unknown (internal:Unknown, unified:Unknown)
[2018.12.07-20.52.46:074][  0]LogD3D11RHI:      Driver Date: Unknown
[2018.12.07-20.52.46:074][  0]LogRHI: Texture pool is 5695 MB (70% of 8137 MB)
[2018.12.07-20.52.46:152][  0]LogD3D11RHI: Async texture creation enabled
[2018.12.07-20.52.46:164][  0]LogD3D11RHI: GPU Timing Frequency: 25.000000 (Debug: 2 1)
[2018.12.07-20.52.46:165][  0]LogShaderCompilers: Guid format shader working directory is 5 characters bigger than the processId version (../../../../../Studium/Fluide/Simulation/Intermediate/Shaders/WorkingDirectory/8540/).
[2018.12.07-20.52.46:165][  0]LogShaderCompilers: Cleaned the shader compiler working directory 'C:/Users/Timo/AppData/Local/Temp/UnrealShaderWorkingDir/B4644F1B4DD7FB50E8304BBA6D4DEE29/'.
[2018.12.07-20.52.46:385][  0]LogTemp: Display: Loaded TP AllDesktopTargetPlatform
[2018.12.07-20.52.46:403][  0]LogTemp: Display: Loaded TP MacClientTargetPlatform
[2018.12.07-20.52.46:422][  0]LogTemp: Display: Loaded TP MacNoEditorTargetPlatform
[2018.12.07-20.52.46:440][  0]LogTemp: Display: Loaded TP MacServerTargetPlatform
[2018.12.07-20.52.46:459][  0]LogTemp: Display: Loaded TP MacTargetPlatform
[2018.12.07-20.52.46:477][  0]LogTemp: Display: Loaded TP WindowsClientTargetPlatform
[2018.12.07-20.52.46:499][  0]LogTemp: Display: Loaded TP WindowsNoEditorTargetPlatform
[2018.12.07-20.52.46:518][  0]LogTemp: Display: Loaded TP WindowsServerTargetPlatform
[2018.12.07-20.52.46:528][  0]LogTemp: Display: Loaded TP WindowsTargetPlatform
[2018.12.07-20.52.46:546][  0]LogTemp: Display: Loaded TP Android_ASTCTargetPlatform
[2018.12.07-20.52.46:566][  0]LogTemp: Display: Loaded TP Android_ATCTargetPlatform
[2018.12.07-20.52.46:584][  0]LogTemp: Display: Loaded TP Android_DXTTargetPlatform
[2018.12.07-20.52.46:601][  0]LogTemp: Display: Loaded TP Android_ETC1aTargetPlatform
[2018.12.07-20.52.46:618][  0]LogTemp: Display: Loaded TP Android_ETC1TargetPlatform
[2018.12.07-20.52.46:636][  0]LogTemp: Display: Loaded TP Android_ETC2TargetPlatform
[2018.12.07-20.52.46:671][  0]LogTemp: Display: Loaded TP Android_MultiTargetPlatform
[2018.12.07-20.52.46:671][  0]LogTemp: Display: Loaded TP Android_PVRTCTargetPlatform
[2018.12.07-20.52.46:689][  0]LogTemp: Display: Loaded TP AndroidTargetPlatform
[2018.12.07-20.52.46:691][  0]LogTemp: Display: Loaded TP HTML5TargetPlatform
[2018.12.07-20.52.46:738][  0]LogTemp: Display: Loaded TP IOSTargetPlatform
[2018.12.07-20.52.46:755][  0]LogTemp: Display: Loaded TP TVOSTargetPlatform
[2018.12.07-20.52.46:773][  0]LogTemp: Display: Loaded TP LinuxClientTargetPlatform
[2018.12.07-20.52.46:790][  0]LogTemp: Display: Loaded TP LinuxNoEditorTargetPlatform
[2018.12.07-20.52.46:807][  0]LogTemp: Display: Loaded TP LinuxServerTargetPlatform
[2018.12.07-20.52.46:825][  0]LogTemp: Display: Loaded TP LinuxTargetPlatform
[2018.12.07-20.52.46:826][  0]LogTargetPlatformManager: Display: Building Assets For Windows
[2018.12.07-20.52.46:984][  0]LogXGEController: Cleaning working directory: C:/Users/Timo/AppData/Local/Temp/UnrealXGEWorkingDir/
[2018.12.07-20.52.46:984][  0]LogXGEController: Cannot use XGE Controller as Incredibuild is not installed on this machine.
[2018.12.07-20.52.46:984][  0]LogShaderCompilers: Cannot use XGE Shader Compiler as Incredibuild is not installed on this machine.
[2018.12.07-20.52.46:985][  0]LogShaderCompilers: Display: Using Local Shader Compiler.
[2018.12.07-20.52.47:677][  0]LogDerivedDataCache: Display: Max Cache Size: 512 MB
[2018.12.07-20.52.47:760][  0]LogDerivedDataCache: Loaded boot cache 0.08s 79MB C:/Users/Timo/AppData/Local/UnrealEngine/4.19/DerivedDataCache/Boot.ddc.
[2018.12.07-20.52.47:761][  0]LogDerivedDataCache: Display: Loaded Boot cache: C:/Users/Timo/AppData/Local/UnrealEngine/4.19/DerivedDataCache/Boot.ddc
[2018.12.07-20.52.47:761][  0]LogDerivedDataCache: FDerivedDataBackendGraph:  Pak pak cache file ../../../../../Studium/Fluide/Simulation/DerivedDataCache/DDC.ddp not found, will not use a pak cache.
[2018.12.07-20.52.47:761][  0]LogDerivedDataCache: Unable to find inner node Pak for hierarchical cache Hierarchy.
[2018.12.07-20.52.47:761][  0]LogDerivedDataCache: FDerivedDataBackendGraph:  CompressedPak pak cache file ../../../../../Studium/Fluide/Simulation/DerivedDataCache/Compressed.ddp not found, will not use a pak cache.
[2018.12.07-20.52.47:761][  0]LogDerivedDataCache: Unable to find inner node CompressedPak for hierarchical cache Hierarchy.
[2018.12.07-20.52.47:782][  0]LogDerivedDataCache: Display: Pak cache opened for reading ../../../Engine/DerivedDataCache/Compressed.ddp.
[2018.12.07-20.52.47:796][  0]LogDerivedDataCache: Using Local data cache path C:/Users/Timo/AppData/Local/UnrealEngine/Common/DerivedDataCache: Writable
[2018.12.07-20.52.47:796][  0]LogDerivedDataCache: Shared data cache path not found in *engine.ini, will not use an Shared cache.
[2018.12.07-20.52.47:796][  0]LogDerivedDataCache: Unable to find inner node Shared for hierarchical cache Hierarchy.
[2018.12.07-20.52.47:810][  0]LogMaterial: Verifying Global Shaders for PCD3D_SM5
[2018.12.07-20.52.47:811][  0]LogSlate: Using Freetype 2.6.0
[2018.12.07-20.52.47:812][  0]LogSlate: SlateFontCache - WITH_FREETYPE: 1, WITH_HARFBUZZ: 1
[2018.12.07-20.52.47:812][  0]LogSlate: SlateFontCache - WITH_FREETYPE: 1, WITH_HARFBUZZ: 1
[2018.12.07-20.52.47:933][  0]LogAssetRegistry: FAssetRegistry took 0.0304 seconds to start up
[2018.12.07-20.52.48:307][  0]LogInit: Selected Device Profile: [Windows]
[2018.12.07-20.52.48:485][  0]LogSimplygon: Simplygon DLL not present - disabling.
[2018.12.07-20.52.48:490][  0]LogMeshReduction: Using SimplygonSwarm for distributed automatic mesh merging
[2018.12.07-20.52.48:490][  0]LogMeshReduction: Using QuadricMeshReduction for automatic static mesh reduction
[2018.12.07-20.52.48:490][  0]LogMeshReduction: No automatic skeletal mesh reduction module available
[2018.12.07-20.52.48:490][  0]LogMeshReduction: No automatic mesh merging module available
[2018.12.07-20.52.48:490][  0]LogMeshMerging: No automatic mesh merging module available
[2018.12.07-20.52.48:525][  0]LogNetVersion: Simulation , NetCL: 3944462, EngineNetVer: 2, GameNetVer: 0 (Checksum: 940632137)
[2018.12.07-20.52.49:015][  0]LogPackageLocalizationCache: Processed 10 localized package path(s) for 1 prioritized culture(s) in 0.052841 seconds
[2018.12.07-20.52.49:024][  0]LogUObjectArray: 37029 objects as part of root set at end of initial load.
[2018.12.07-20.52.49:024][  0]LogUObjectAllocator: 7386192 out of 0 bytes used by permanent object pool.
[2018.12.07-20.52.49:024][  0]LogUObjectArray: CloseDisregardForGC: 0/0 objects in disregard for GC pool
[2018.12.07-20.52.50:782][  0]LogTcpMessaging: Initializing TcpMessaging bridge
[2018.12.07-20.52.50:814][  0]LogUdpMessaging: Initializing bridge on interface 0.0.0.0:0 to multicast group 230.0.0.1:6666.
[2018.12.07-20.52.51:294][  0]SourceControl: Source control is disabled
[2018.12.07-20.52.51:294][  0]SourceControl: Source control is disabled
[2018.12.07-20.52.51:314][  0]SourceControl: Source control is disabled
[2018.12.07-20.52.51:332][  0]SourceControl: Source control is disabled
[2018.12.07-20.52.51:858][  0]LogAndroidPermission: UAndroidPermissionCallbackProxy::GetInstance
[2018.12.07-20.52.52:064][  0]LogOcInput: OculusInput pre-init called
[2018.12.07-20.52.52:211][  0]LogEngine: Initializing Engine...
[2018.12.07-20.52.52:213][  0]LogHMD: Failed to initialize OpenVR with code 110
[2018.12.07-20.52.52:214][  0]LogStats: UGameplayTagsManager::ConstructGameplayTagTree: Construct from data asset -  0.000 s
[2018.12.07-20.52.52:215][  0]LogStats: UGameplayTagsManager::ConstructGameplayTagTree: GameplayTagTreeChangedEvent.Broadcast -  0.000 s
[2018.12.07-20.52.52:470][  0]LogAIModule: Creating AISystem for world Untitled
[2018.12.07-20.52.52:499][  0]LogInit: XAudio2 using '4 - SAMSUNG (AMD High Definition Audio Device)' : 2 channels at 48 kHz using 16 bits per sample (channel mask 0x3)
[2018.12.07-20.52.52:517][  0]LogInit: FAudioDevice initialized.
[2018.12.07-20.52.52:611][  0]LogDerivedDataCache: Saved boot cache 0.09s 79MB C:/Users/Timo/AppData/Local/UnrealEngine/4.19/DerivedDataCache/Boot.ddc.
[2018.12.07-20.52.52:632][  0]LogInit: Texture streaming: Enabled
[2018.12.07-20.52.52:658][  0]LogEngineSessionManager: EngineSessionManager initialized
[2018.12.07-20.52.52:658][  0]LogEngineSessionManager: EngineSessionManager sent abnormal shutdown report. Type=Debugger, SessionId={D2709534-4DC7-25DF-19C7-AEAD7ED1896D}
[2018.12.07-20.52.52:671][  0]LogInit: Transaction tracking system initialized
[2018.12.07-20.52.52:704][  0]BlueprintLog: New page: Editor Load
[2018.12.07-20.52.52:813][  0]LocalizationService: Localization service is disabled
[2018.12.07-20.52.52:907][  0]LogLinker: Warning: Can't find file '/Game/TopDownBP/TopDownOverview'
[2018.12.07-20.52.52:907][  0]LogLinker: Warning: Can't find file '/Game/TopDownBP/TopDownOverview'
[2018.12.07-20.52.52:908][  0]LogUObjectGlobals: Warning: Failed to find object 'Class /Game/TopDownBP/TopDownOverview.TopDownOverview_C'
[2018.12.07-20.52.52:942][  0]LogConsoleResponse: Display: 
[2018.12.07-20.52.53:116][  0]LogCook: Display: Max memory allowance for cook 16384mb min free memory 0mb
[2018.12.07-20.52.53:117][  0]LogCook: Display: Mobile HDR setting 1
[2018.12.07-20.52.53:117][  0]LogGameplayTags: Display: UGameplayTagsManager::DoneAddingNativeTags. DelegateIsBound: 0
[2018.12.07-20.52.53:117][  0]LogStats: UGameplayTagsManager::ConstructGameplayTagTree: Construct from data asset -  0.000 s
[2018.12.07-20.52.53:117][  0]LogStats: UGameplayTagsManager::ConstructGameplayTagTree: GameplayTagTreeChangedEvent.Broadcast -  0.000 s
[2018.12.07-20.52.53:525][  0]LogFileCache: Scanning file cache for directory 'D:/Studium/Fluide/Simulation/Content/' took 0.02s
[2018.12.07-20.52.53:525][  0]SourceControl: Source control is disabled
[2018.12.07-20.52.53:525][  0]Cmd: MAP LOAD FILE="../../../../../Studium/Fluide/Simulation/Content/Levels/3D/Waterfall.umap" TEMPLATE=0 SHOWPROGRESS=1 FEATURELEVEL=3
[2018.12.07-20.52.53:526][  0]LightingResults: New page: Lighting Build
[2018.12.07-20.52.53:529][  0]MapCheck: New page: Map Check
[2018.12.07-20.52.53:529][  0]LightingResults: New page: Lighting Build
[2018.12.07-20.52.53:652][  0]LogUObjectGlobals: Created PersistentFrame Addr=0x000001da52a49fa0, Size=208, Default__SimulationSettings_C Function /Game/Blueprints/SimulationSettings.SimulationSettings_C:ExecuteUbergraph_SimulationSettings
[2018.12.07-20.52.53:654][  0]LogUObjectGlobals: Created PersistentFrame Addr=0x000001da310f7800, Size=1024, Default__SimulationPawn_C Function /Game/Blueprints/SimulationPawn.SimulationPawn_C:ExecuteUbergraph_SimulationPawn
[2018.12.07-20.52.53:672][  0]LogUObjectGlobals: Created PersistentFrame Addr=0x000001da2c966d00, Size=232, Default__Anzeige_C Function /Game/Widget/Anzeige.Anzeige_C:ExecuteUbergraph_Anzeige
[2018.12.07-20.52.53:759][  0]LogUObjectGlobals: Destroyed PersistentFrame Addr=0x000001da2c966d00, Size=232
[2018.12.07-20.52.53:759][  0]LogUObjectGlobals: Created PersistentFrame Addr=0x000001da2c961300, Size=232, Default__Anzeige_C Function /Engine/Transient.REINST_Anzeige_C_0:ExecuteUbergraph_Anzeige
[2018.12.07-20.52.53:761][  0]LogUObjectGlobals: Destroyed PersistentFrame Addr=0x000001da310f7800, Size=1024
[2018.12.07-20.52.53:761][  0]LogUObjectGlobals: Created PersistentFrame Addr=0x000001da310f7800, Size=1024, Default__SimulationPawn_C Function /Engine/Transient.REINST_SimulationPawn_C_5:ExecuteUbergraph_SimulationPawn
[2018.12.07-20.52.53:762][  0]LogUObjectGlobals: Destroyed PersistentFrame Addr=0x000001da52a49fa0, Size=208
[2018.12.07-20.52.53:762][  0]LogUObjectGlobals: Created PersistentFrame Addr=0x000001da31aa8b80, Size=208, Default__SimulationSettings_C Function /Engine/Transient.REINST_SimulationSettings_C_6:ExecuteUbergraph_SimulationSettings
[2018.12.07-20.52.53:811][  0]LogUObjectGlobals: Created PersistentFrame Addr=0x000001da31871b00, Size=232, Default__Anzeige_C Function /Game/Widget/Anzeige.Anzeige_C:ExecuteUbergraph_Anzeige
[2018.12.07-20.52.53:818][  0]LogUObjectGlobals: Created PersistentFrame Addr=0x000001da317fb800, Size=1024, Default__SimulationPawn_C Function /Game/Blueprints/SimulationPawn.SimulationPawn_C:ExecuteUbergraph_SimulationPawn
[2018.12.07-20.52.53:823][  0]LogUObjectGlobals: Created PersistentFrame Addr=0x000001da38f11ec0, Size=208, Default__SimulationSettings_C Function /Game/Blueprints/SimulationSettings.SimulationSettings_C:ExecuteUbergraph_SimulationSettings
[2018.12.07-20.52.54:125][  0]LogAIModule: Creating AISystem for world Waterfall
[2018.12.07-20.52.54:131][  0]LogEditorServer: Finished looking for orphan Actors (0.000 secs)
[2018.12.07-20.52.54:147][  0]LogUObjectGlobals: Destroyed PersistentFrame Addr=0x000001da31aa8b80, Size=208
[2018.12.07-20.52.54:147][  0]LogUObjectGlobals: Destroyed PersistentFrame Addr=0x000001da310f7800, Size=1024
[2018.12.07-20.52.54:147][  0]LogUObjectGlobals: Destroyed PersistentFrame Addr=0x000001da2c961300, Size=232
[2018.12.07-20.52.54:149][  0]Cmd: MAP CHECKDEP NOCLEARLOG
[2018.12.07-20.52.54:196][  0]MapCheck: Map check complete: 0 Error(s), 0 Warning(s), took 47,179ms to complete.
[2018.12.07-20.52.54:197][  0]LogFileHelpers: Loading map 'Waterfall' took 0.671
[2018.12.07-20.52.54:378][  0]LogCollectionManager: Loaded 0 collections in 0.001444 seconds
[2018.12.07-20.52.54:433][  0]LogFileCache: Scanning file cache for directory 'D:/Studium/Fluide/Simulation/Saved/Collections/' took 0.01s
[2018.12.07-20.52.54:433][  0]LogFileCache: Scanning file cache for directory 'D:/Studium/Fluide/Simulation/Content/Developers/Timo/Collections/' took 0.01s
[2018.12.07-20.52.54:433][  0]LogFileCache: Scanning file cache for directory 'D:/Studium/Fluide/Simulation/Content/Collections/' took 0.01s
[2018.12.07-20.52.54:433][  0]LogCollectionManager: Rebuilt the GUID cache for 0 collections in 0.000001 seconds
[2018.12.07-20.52.54:449][  0]LogContentBrowser: Native class hierarchy populated in 0.0151 seconds. Added 2496 classes and 576 folders.
[2018.12.07-20.52.54:457][  0]LogContentBrowser: Native class hierarchy updated for 'WidgetCarousel' in 0.0018 seconds. Added 0 classes and 0 folders.
[2018.12.07-20.52.54:502][  0]LogContentBrowser: Native class hierarchy updated for 'AddContentDialog' in 0.0019 seconds. Added 0 classes and 0 folders.
[2018.12.07-20.52.54:512][  0]LogContentBrowser: Native class hierarchy updated for 'SceneOutliner' in 0.0019 seconds. Added 1 classes and 2 folders.
[2018.12.07-20.52.54:535][  0]LogSlate: Took 0.000258 seconds to synchronously load lazily loaded font '../../../Engine/Content/Slate/Fonts/Roboto-Regular.ttf' (155K)
[2018.12.07-20.52.54:537][  0]LogSlate: Took 0.000203 seconds to synchronously load lazily loaded font '../../../Engine/Content/Slate/Fonts/Roboto-Bold.ttf' (160K)
[2018.12.07-20.52.54:545][  0]LogSlate: Took 0.000231 seconds to synchronously load lazily loaded font '../../../Engine/Content/Editor/Slate/Fonts/FontAwesome.ttf' (139K)
[2018.12.07-20.52.54:650][  0]LogRenderer: Reallocating scene render targets to support 1208x600 Format 10 NumSamples 1 (Frame:1).
[2018.12.07-20.52.54:816][  0]LogContentBrowser: Native class hierarchy updated for 'HierarchicalLODOutliner' in 0.0018 seconds. Added 0 classes and 0 folders.
[2018.12.07-20.52.54:816][  0]LogLoad: (Engine Initialization) Total time: 13.33 seconds
[2018.12.07-20.52.54:816][  0]LogLoad: (Engine Initialization) Total Blueprint compile time: 0.00 seconds
[2018.12.07-20.52.54:826][  0]LogWindowsTextInputMethodSystem: Display: IME system now deactivated.
[2018.12.07-20.52.54:844][  0]LogContentStreaming: Texture pool size now 3000 MB
[2018.12.07-20.52.54:868][  0]LogSlate: Took 0.000163 seconds to synchronously load lazily loaded font '../../../Engine/Content/Slate/Fonts/Roboto-Light.ttf' (167K)
[2018.12.07-20.52.54:886][  1]LogAssetRegistry: Asset discovery search completed in 6.9775 seconds
[2018.12.07-20.52.54:888][  1]LogCollectionManager: Rebuilt the object cache for 0 collections in 0.000000 seconds (found 0 objects)
[2018.12.07-20.52.54:888][  1]LogCollectionManager: Fixed up redirectors for 0 collections in 0.000130 seconds (updated 0 objects)
[2018.12.07-20.53.12:559][ 75]LogSlate: FSceneViewport::OnFocusLost() reason 0
[2018.12.07-20.53.29:800][106]LogSlate: Took 0.000232 seconds to synchronously load lazily loaded font '../../../Engine/Content/Slate/Fonts/Roboto-Light.ttf' (167K)
[2018.12.07-20.53.29:827][106]LogAIModule: Creating AISystem for world PeriodicShearWave
[2018.12.07-20.53.29:847][106]Cmd: MAP LOAD FILE="../../../../../Studium/Fluide/Simulation/Content/Levels/2D/PeriodicShearWave.umap" TEMPLATE=0 SHOWPROGRESS=1 FEATURELEVEL=3
[2018.12.07-20.53.29:847][106]LightingResults: New page: Lighting Build
[2018.12.07-20.53.29:848][106]LoadErrors: New page: Loading map: PeriodicShearWave.umap
[2018.12.07-20.53.29:849][106]MapCheck: New page: Map Check
[2018.12.07-20.53.29:849][106]LightingResults: New page: Lighting Build
[2018.12.07-20.53.29:863][106]LogEditorServer: Finished looking for orphan Actors (0.000 secs)
[2018.12.07-20.53.29:915][106]Cmd: MAP CHECKDEP NOCLEARLOG
[2018.12.07-20.53.29:972][106]MapCheck: Map check complete: 0 Error(s), 0 Warning(s), took 57,055ms to complete.
[2018.12.07-20.53.29:972][106]LogFileHelpers: Loading map 'PeriodicShearWave' took 0.126
[2018.12.07-20.53.43:836][749]LogTemp: Repeating last play command: Selected Viewport
[2018.12.07-20.53.43:861][749]LogBlueprintUserMessages: Early PlayInEditor Detection: Level '/Game/Levels/2D/PeriodicShearWave.PeriodicShearWave:PersistentLevel' has LevelScriptBlueprint '/Game/Levels/2D/PeriodicShearWave.PeriodicShearWave:PersistentLevel.PeriodicShearWave' with GeneratedClass '/Game/Levels/2D/PeriodicShearWave.PeriodicShearWave_C' with ClassGeneratedBy '/Game/Levels/2D/PeriodicShearWave.PeriodicShearWave:PersistentLevel.PeriodicShearWave'
[2018.12.07-20.53.43:862][749]LogPlayLevel: PlayLevel: No blueprints needed recompiling
[2018.12.07-20.53.43:862][749]PIE: New page: PIE session: PeriodicShearWave (07.12.2018 22:53:43)
[2018.12.07-20.53.43:862][749]LogPlayLevel: Creating play world package: /Game/Levels/2D/UEDPIE_0_PeriodicShearWave
[2018.12.07-20.53.43:866][749]LogPlayLevel: PIE: StaticDuplicateObject took: (0.003731s)
[2018.12.07-20.53.43:867][749]LogAIModule: Creating AISystem for world PeriodicShearWave
[2018.12.07-20.53.43:868][749]LogPlayLevel: PIE: World Init took: (0.001460s)
[2018.12.07-20.53.43:868][749]LogPlayLevel: PIE: Created PIE world by copying editor world from /Game/Levels/2D/PeriodicShearWave.PeriodicShearWave to /Game/Levels/2D/UEDPIE_0_PeriodicShearWave.PeriodicShearWave (0.005758s)
[2018.12.07-20.53.43:887][749]LogInit: XAudio2 using '4 - SAMSUNG (AMD High Definition Audio Device)' : 2 channels at 48 kHz using 16 bits per sample (channel mask 0x3)
[2018.12.07-20.53.43:898][749]LogInit: FAudioDevice initialized.
[2018.12.07-20.53.43:951][749]LogLoad: Game class is 'SimulationSettings_C'
[2018.12.07-20.53.43:955][749]LogWorld: Bringing World /Game/Levels/2D/UEDPIE_0_PeriodicShearWave.PeriodicShearWave up for play (max tick rate 0) at 2018.12.07-21.53.43
[2018.12.07-20.53.43:955][749]LogWorld: Bringing up level for play took: 0.000918
[2018.12.07-20.53.43:960][749]LogContentBrowser: Native class hierarchy updated for 'MovieSceneCapture' in 0.0018 seconds. Added 11 classes and 0 folders.
[2018.12.07-20.53.43:960][749]LogGameMode: Display: Match State Changed from EnteringMap to WaitingToStart
[2018.12.07-20.53.43:960][749]LogGameState: Match State Changed from EnteringMap to WaitingToStart
[2018.12.07-20.53.43:960][749]LogGameMode: Display: Match State Changed from WaitingToStart to InProgress
[2018.12.07-20.53.44:012][749]LogGameState: Match State Changed from WaitingToStart to InProgress
[2018.12.07-20.53.44:012][749]PIE: Play in editor start time for /Game/Levels/2D/UEDPIE_0_PeriodicShearWave 0,132
[2018.12.07-20.53.44:013][749]LogBlueprintUserMessages: Late PlayInEditor Detection: Level '/Game/Levels/2D/PeriodicShearWave.PeriodicShearWave:PersistentLevel' has LevelScriptBlueprint '/Game/Levels/2D/PeriodicShearWave.PeriodicShearWave:PersistentLevel.PeriodicShearWave' with GeneratedClass '/Game/Levels/2D/PeriodicShearWave.PeriodicShearWave_C' with ClassGeneratedBy '/Game/Levels/2D/PeriodicShearWave.PeriodicShearWave:PersistentLevel.PeriodicShearWave'
[2018.12.07-20.53.57:923][321]LogBlueprintUserMessages: Early EndPlayMap Detection: Level '/Game/Levels/2D/PeriodicShearWave.PeriodicShearWave:PersistentLevel' has LevelScriptBlueprint '/Game/Levels/2D/PeriodicShearWave.PeriodicShearWave:PersistentLevel.PeriodicShearWave' with GeneratedClass '/Game/Levels/2D/PeriodicShearWave.PeriodicShearWave_C' with ClassGeneratedBy '/Game/Levels/2D/PeriodicShearWave.PeriodicShearWave:PersistentLevel.PeriodicShearWave'
[2018.12.07-20.53.57:965][321]LogBlueprintUserMessages: Late EndPlayMap Detection: Level '/Game/Levels/2D/PeriodicShearWave.PeriodicShearWave:PersistentLevel' has LevelScriptBlueprint '/Game/Levels/2D/PeriodicShearWave.PeriodicShearWave:PersistentLevel.PeriodicShearWave' with GeneratedClass '/Game/Levels/2D/PeriodicShearWave.PeriodicShearWave_C' with ClassGeneratedBy '/Game/Levels/2D/PeriodicShearWave.PeriodicShearWave:PersistentLevel.PeriodicShearWave'
[2018.12.07-20.53.59:678][514]LogEditorViewport: Clicking on Actor (LMB): ShearWaveVelocity (ShearWaveVelocity1)
[2018.12.07-20.54.19:931][898]LogSlate: FSceneViewport::OnFocusLost() reason 0
[2018.12.07-20.54.20:034][910]LogTemp: Repeating last play command: Selected Viewport
[2018.12.07-20.54.20:060][910]LogBlueprintUserMessages: Early PlayInEditor Detection: Level '/Game/Levels/2D/PeriodicShearWave.PeriodicShearWave:PersistentLevel' has LevelScriptBlueprint '/Game/Levels/2D/PeriodicShearWave.PeriodicShearWave:PersistentLevel.PeriodicShearWave' with GeneratedClass '/Game/Levels/2D/PeriodicShearWave.PeriodicShearWave_C' with ClassGeneratedBy '/Game/Levels/2D/PeriodicShearWave.PeriodicShearWave:PersistentLevel.PeriodicShearWave'
[2018.12.07-20.54.20:060][910]LogPlayLevel: PlayLevel: No blueprints needed recompiling
[2018.12.07-20.54.20:060][910]PIE: New page: PIE session: PeriodicShearWave (07.12.2018 22:54:20)
[2018.12.07-20.54.20:060][910]LogPlayLevel: Creating play world package: /Game/Levels/2D/UEDPIE_0_PeriodicShearWave
[2018.12.07-20.54.20:063][910]LogPlayLevel: PIE: StaticDuplicateObject took: (0.002701s)
[2018.12.07-20.54.20:064][910]LogAIModule: Creating AISystem for world PeriodicShearWave
[2018.12.07-20.54.20:064][910]LogPlayLevel: PIE: World Init took: (0.001066s)
[2018.12.07-20.54.20:065][910]LogPlayLevel: PIE: Created PIE world by copying editor world from /Game/Levels/2D/PeriodicShearWave.PeriodicShearWave to /Game/Levels/2D/UEDPIE_0_PeriodicShearWave.PeriodicShearWave (0.004226s)
[2018.12.07-20.54.20:082][910]LogInit: XAudio2 using '4 - SAMSUNG (AMD High Definition Audio Device)' : 2 channels at 48 kHz using 16 bits per sample (channel mask 0x3)
[2018.12.07-20.54.20:092][910]LogInit: FAudioDevice initialized.
[2018.12.07-20.54.20:133][910]LogLoad: Game class is 'SimulationSettings_C'
[2018.12.07-20.54.20:135][910]LogWorld: Bringing World /Game/Levels/2D/UEDPIE_0_PeriodicShearWave.PeriodicShearWave up for play (max tick rate 0) at 2018.12.07-21.54.20
[2018.12.07-20.54.20:135][910]LogWorld: Bringing up level for play took: 0.000783
[2018.12.07-20.54.20:136][910]LogGameMode: Display: Match State Changed from EnteringMap to WaitingToStart
[2018.12.07-20.54.20:136][910]LogGameState: Match State Changed from EnteringMap to WaitingToStart
[2018.12.07-20.54.20:136][910]LogGameMode: Display: Match State Changed from WaitingToStart to InProgress
[2018.12.07-20.54.20:186][910]LogGameState: Match State Changed from WaitingToStart to InProgress
[2018.12.07-20.54.20:186][910]PIE: Play in editor start time for /Game/Levels/2D/UEDPIE_0_PeriodicShearWave 0,306
[2018.12.07-20.54.20:187][910]LogBlueprintUserMessages: Late PlayInEditor Detection: Level '/Game/Levels/2D/PeriodicShearWave.PeriodicShearWave:PersistentLevel' has LevelScriptBlueprint '/Game/Levels/2D/PeriodicShearWave.PeriodicShearWave:PersistentLevel.PeriodicShearWave' with GeneratedClass '/Game/Levels/2D/PeriodicShearWave.PeriodicShearWave_C' with ClassGeneratedBy '/Game/Levels/2D/PeriodicShearWave.PeriodicShearWave:PersistentLevel.PeriodicShearWave'
[2018.12.07-20.54.30:755][366]LogBlueprintUserMessages: Early EndPlayMap Detection: Level '/Game/Levels/2D/PeriodicShearWave.PeriodicShearWave:PersistentLevel' has LevelScriptBlueprint '/Game/Levels/2D/PeriodicShearWave.PeriodicShearWave:PersistentLevel.PeriodicShearWave' with GeneratedClass '/Game/Levels/2D/PeriodicShearWave.PeriodicShearWave_C' with ClassGeneratedBy '/Game/Levels/2D/PeriodicShearWave.PeriodicShearWave:PersistentLevel.PeriodicShearWave'
[2018.12.07-20.54.30:797][366]LogBlueprintUserMessages: Late EndPlayMap Detection: Level '/Game/Levels/2D/PeriodicShearWave.PeriodicShearWave:PersistentLevel' has LevelScriptBlueprint '/Game/Levels/2D/PeriodicShearWave.PeriodicShearWave:PersistentLevel.PeriodicShearWave' with GeneratedClass '/Game/Levels/2D/PeriodicShearWave.PeriodicShearWave_C' with ClassGeneratedBy '/Game/Levels/2D/PeriodicShearWave.PeriodicShearWave:PersistentLevel.PeriodicShearWave'
[2018.12.07-20.54.32:123][515]LogSlate: FSceneViewport::OnFocusLost() reason 0
[2018.12.07-20.54.33:471][629]LogContentBrowser: Native class hierarchy updated for 'BlueprintGraph' in 0.0022 seconds. Added 116 classes and 0 folders.
[2018.12.07-20.54.33:954][629]LogUObjectGlobals: Created PersistentFrame Addr=0x000001da02b54c28, Size=4, Default__SKEL_PROTO_BP_AnimBlueprint_0_C Function /Engine/Transient.SKEL_PROTO_BP_AnimBlueprint_0_C:ExecuteUbergraph_PROTO_BP_AnimBlueprint_0
[2018.12.07-20.54.33:955][629]LogUObjectGlobals: Created PersistentFrame Addr=0x000001da02b54c20, Size=4, Default__PROTO_BP_AnimBlueprint_0_C Function /Engine/Transient.PROTO_BP_AnimBlueprint_0_C:ExecuteUbergraph_PROTO_BP_AnimBlueprint_0
[2018.12.07-20.54.34:644][629]LogSlate: Took 0.000273 seconds to synchronously load lazily loaded font '../../../Engine/Content/Slate/Fonts/Roboto-BoldCondensed.ttf' (158K)
[2018.12.07-20.54.35:436][687]LogSlate: Took 0.000306 seconds to synchronously load lazily loaded font '../../../Engine/Content/Slate/Fonts/Roboto-Italic.ttf' (157K)
[2018.12.07-20.54.52:354][477]LogSelectionDetails: Warning: NavigateToFunctionSource:  Found symbols for [UIISPHSolver::CreateIISPHSolver] - File [d:\studium\fluide\simulation\source\simulation\solver\iisph.cpp], Line [15], Column [0]
[2018.12.07-20.54.54:577][700]BlueprintLog: New page: Compile SimulationSettings
[2018.12.07-20.54.54:677][700]LogUObjectGlobals: Destroyed PersistentFrame Addr=0x000001da38f11ec0, Size=208
[2018.12.07-20.54.54:677][700]LogUObjectGlobals: Created PersistentFrame Addr=0x000001da052a8e20, Size=208, Default__SimulationSettings_C Function /Engine/Transient.REINST_SimulationSettings_C_30:ExecuteUbergraph_SimulationSettings
[2018.12.07-20.54.54:688][700]LogUObjectGlobals: Created PersistentFrame Addr=0x000001da05309440, Size=208, Default__SimulationSettings_C Function /Game/Blueprints/SimulationSettings.SimulationSettings_C:ExecuteUbergraph_SimulationSettings
[2018.12.07-20.54.55:353][739]Cmd: OBJ SAVEPACKAGE PACKAGE="/Game/Blueprints/SimulationSettings" FILE="../../../../../Studium/Fluide/Simulation/Content/Blueprints/SimulationSettings.uasset" SILENT=true
[2018.12.07-20.54.55:464][739]LogSavePackage: Save=100.19ms
[2018.12.07-20.54.55:464][739]LogSavePackage: Moving '../../../../../Studium/Fluide/Simulation/Saved/SimulationSettings6246A7184A78225F12431996D52CF2C9.tmp' to '../../../../../Studium/Fluide/Simulation/Content/Blueprints/SimulationSettings.uasset'
[2018.12.07-20.54.55:467][739]LogSavePackage: Display: Finished SavePackage ../../../../../Studium/Fluide/Simulation/Content/Blueprints/SimulationSettings.uasset
[2018.12.07-20.54.56:809][892]LogTemp: Repeating last play command: Selected Viewport
[2018.12.07-20.54.56:837][892]LogBlueprintUserMessages: Early PlayInEditor Detection: Level '/Game/Levels/2D/PeriodicShearWave.PeriodicShearWave:PersistentLevel' has LevelScriptBlueprint '/Game/Levels/2D/PeriodicShearWave.PeriodicShearWave:PersistentLevel.PeriodicShearWave' with GeneratedClass '/Game/Levels/2D/PeriodicShearWave.PeriodicShearWave_C' with ClassGeneratedBy '/Game/Levels/2D/PeriodicShearWave.PeriodicShearWave:PersistentLevel.PeriodicShearWave'
[2018.12.07-20.54.56:837][892]LogPlayLevel: PlayLevel: No blueprints needed recompiling
[2018.12.07-20.54.56:838][892]PIE: New page: PIE session: PeriodicShearWave (07.12.2018 22:54:56)
[2018.12.07-20.54.56:838][892]LogPlayLevel: Creating play world package: /Game/Levels/2D/UEDPIE_0_PeriodicShearWave
[2018.12.07-20.54.56:841][892]LogPlayLevel: PIE: StaticDuplicateObject took: (0.002959s)
[2018.12.07-20.54.56:842][892]LogAIModule: Creating AISystem for world PeriodicShearWave
[2018.12.07-20.54.56:842][892]LogPlayLevel: PIE: World Init took: (0.000960s)
[2018.12.07-20.54.56:842][892]LogPlayLevel: PIE: Created PIE world by copying editor world from /Game/Levels/2D/PeriodicShearWave.PeriodicShearWave to /Game/Levels/2D/UEDPIE_0_PeriodicShearWave.PeriodicShearWave (0.004444s)
[2018.12.07-20.54.56:856][892]LogUObjectGlobals: Destroyed PersistentFrame Addr=0x000001da052a8e20, Size=208
[2018.12.07-20.54.56:865][892]LogInit: XAudio2 using '4 - SAMSUNG (AMD High Definition Audio Device)' : 2 channels at 48 kHz using 16 bits per sample (channel mask 0x3)
[2018.12.07-20.54.56:875][892]LogInit: FAudioDevice initialized.
[2018.12.07-20.54.56:919][892]LogLoad: Game class is 'SimulationSettings_C'
[2018.12.07-20.54.56:921][892]LogWorld: Bringing World /Game/Levels/2D/UEDPIE_0_PeriodicShearWave.PeriodicShearWave up for play (max tick rate 0) at 2018.12.07-21.54.56
[2018.12.07-20.54.56:922][892]LogWorld: Bringing up level for play took: 0.001425
[2018.12.07-20.54.56:923][892]LogGameMode: Display: Match State Changed from EnteringMap to WaitingToStart
[2018.12.07-20.54.56:923][892]LogGameState: Match State Changed from EnteringMap to WaitingToStart
[2018.12.07-20.54.56:923][892]LogGameMode: Display: Match State Changed from WaitingToStart to InProgress
[2018.12.07-20.54.56:980][892]LogGameState: Match State Changed from WaitingToStart to InProgress
[2018.12.07-20.54.56:980][892]PIE: Play in editor start time for /Game/Levels/2D/UEDPIE_0_PeriodicShearWave 1,1
[2018.12.07-20.54.56:981][892]LogBlueprintUserMessages: Late PlayInEditor Detection: Level '/Game/Levels/2D/PeriodicShearWave.PeriodicShearWave:PersistentLevel' has LevelScriptBlueprint '/Game/Levels/2D/PeriodicShearWave.PeriodicShearWave:PersistentLevel.PeriodicShearWave' with GeneratedClass '/Game/Levels/2D/PeriodicShearWave.PeriodicShearWave_C' with ClassGeneratedBy '/Game/Levels/2D/PeriodicShearWave.PeriodicShearWave:PersistentLevel.PeriodicShearWave'
[2018.12.07-20.55.14:205][588]LogBlueprintUserMessages: Early EndPlayMap Detection: Level '/Game/Levels/2D/PeriodicShearWave.PeriodicShearWave:PersistentLevel' has LevelScriptBlueprint '/Game/Levels/2D/PeriodicShearWave.PeriodicShearWave:PersistentLevel.PeriodicShearWave' with GeneratedClass '/Game/Levels/2D/PeriodicShearWave.PeriodicShearWave_C' with ClassGeneratedBy '/Game/Levels/2D/PeriodicShearWave.PeriodicShearWave:PersistentLevel.PeriodicShearWave'
[2018.12.07-20.55.14:244][588]LogBlueprintUserMessages: Late EndPlayMap Detection: Level '/Game/Levels/2D/PeriodicShearWave.PeriodicShearWave:PersistentLevel' has LevelScriptBlueprint '/Game/Levels/2D/PeriodicShearWave.PeriodicShearWave:PersistentLevel.PeriodicShearWave' with GeneratedClass '/Game/Levels/2D/PeriodicShearWave.PeriodicShearWave_C' with ClassGeneratedBy '/Game/Levels/2D/PeriodicShearWave.PeriodicShearWave:PersistentLevel.PeriodicShearWave'
