Log file open, 12/07/18 22:43:59
LogWindows: Failed to load 'aqProf.dll' (GetLastError=126)
LogWindows: File 'aqProf.dll' does not exist
LogWindows: Failed to load 'VtuneApi.dll' (GetLastError=126)
LogWindows: File 'VtuneApi.dll' does not exist
LogWindows: Failed to load 'VtuneApi32e.dll' (GetLastError=126)
LogWindows: File 'VtuneApi32e.dll' does not exist
LogInit: Display: Running engine for game: Simulation
LogPlatformFile: Not using cached read wrapper
LogInit: Display: RandInit(-575814800) SRandInit(-575814800).
LogInit: Read version file with build ID '3944462'
LogInit: Overriding engine version to CL 4033788, compatible CL 3944462
LogInit: Registered custom module enumerator with build ID '3944462'
LogTaskGraph: Started task graph with 5 named threads and 35 total threads with 3 sets of task threads.
LogStats: Stats thread started at 0.523583
LogD3D11RHI: Aftermath initialized
LogICUInternationalization: Display: ICU TimeZone Detection - Raw Offset: +1:00, Platform Override: ''
LogPluginManager: Mounting plugin Paper2D
LogPluginManager: Mounting plugin LiveLink
LogPluginManager: Mounting plugin LightPropagationVolume
LogPluginManager: Mounting plugin CLionSourceCodeAccess
LogPluginManager: Mounting plugin CodeLiteSourceCodeAccess
LogPluginManager: Mounting plugin GitSourceControl
LogPluginManager: Mounting plugin KDevelopSourceCodeAccess
LogPluginManager: Mounting plugin NullSourceCodeAccess
LogPluginManager: Mounting plugin PerforceSourceControl
LogPluginManager: Mounting plugin SubversionSourceControl
LogPluginManager: Mounting plugin UObjectPlugin
LogPluginManager: Mounting plugin VisualStudioCodeSourceCodeAccess
LogPluginManager: Mounting plugin VisualStudioSourceCodeAccess
LogPluginManager: Mounting plugin XCodeSourceCodeAccess
LogPluginManager: Mounting plugin AssetManagerEditor
LogPluginManager: Mounting plugin CryptoKeys
LogPluginManager: Mounting plugin DataValidation
LogPluginManager: Mounting plugin FacialAnimation
LogPluginManager: Mounting plugin GameplayTagsEditor
LogPluginManager: Mounting plugin MobileLauncherProfileWizard
LogPluginManager: Mounting plugin PluginBrowser
LogPluginManager: Mounting plugin SpeedTreeImporter
LogPluginManager: Mounting plugin DatasmithContent
LogPluginManager: Mounting plugin AlembicImporter
LogPluginManager: Mounting plugin CharacterAI
LogPluginManager: Mounting plugin HTML5Networking
LogPluginManager: Mounting plugin AndroidMedia
LogPluginManager: Mounting plugin AvfMedia
LogPluginManager: Mounting plugin ImgMedia
LogPluginManager: Mounting plugin LinearTimecode
LogPluginManager: Mounting plugin MediaCompositing
LogPluginManager: Mounting plugin MediaPlayerEditor
LogPluginManager: Mounting plugin WmfMedia
LogPluginManager: Mounting plugin TcpMessaging
LogPluginManager: Mounting plugin UdpMessaging
LogPluginManager: Mounting plugin ActorSequence
LogPluginManager: Mounting plugin LevelSequenceEditor
LogPluginManager: Mounting plugin MatineeToLevelSequence
LogPluginManager: Mounting plugin NetcodeUnitTest
LogPluginManager: Mounting plugin NUTUnrealEngine4
LogPluginManager: Mounting plugin OnlineSubsystemGooglePlay
LogPluginManager: Mounting plugin OnlineSubsystemIOS
LogPluginManager: Mounting plugin OnlineSubsystem
LogPluginManager: Mounting plugin OnlineSubsystemNull
LogPluginManager: Mounting plugin OnlineSubsystemUtils
LogPluginManager: Mounting plugin AndroidDeviceProfileSelector
LogPluginManager: Mounting plugin AndroidMoviePlayer
LogPluginManager: Mounting plugin AndroidPermission
LogPluginManager: Mounting plugin AppleARKit
LogPluginManager: Mounting plugin AppleMoviePlayer
LogPluginManager: Mounting plugin ArchVisCharacter
LogPluginManager: Mounting plugin AudioCapture
LogPluginManager: Mounting plugin CableComponent
LogPluginManager: Mounting plugin CustomMeshComponent
LogPluginManager: Mounting plugin ExampleDeviceProfileSelector
LogPluginManager: Mounting plugin GoogleCloudMessaging
LogPluginManager: Mounting plugin ImmediatePhysics
LogPluginManager: Mounting plugin IOSDeviceProfileSelector
LogPluginManager: Mounting plugin LinuxDeviceProfileSelector
LogPluginManager: Mounting plugin LocationServicesBPLibrary
LogPluginManager: Mounting plugin MobilePatchingUtils
LogPluginManager: Mounting plugin OculusVR
LogPluginManager: Plugin shader directory ../../../Engine/Plugins/Runtime/Oculus/OculusVR/Shaders found
LogPluginManager: Mapping shader source directory ../../../Engine/Plugins/Runtime/Oculus/OculusVR/Shaders to virtual directory /Plugin/OculusVR
LogPluginManager: Mounting plugin PhysXVehicles
LogPluginManager: Mounting plugin ProceduralMeshComponent
LogPluginManager: Mounting plugin RuntimePhysXCooking
LogPluginManager: Mounting plugin SteamVR
LogPluginManager: Mounting plugin WindowsMoviePlayer
LogPluginManager: Mounting plugin PointCloudPlugin
LogPluginManager: Plugin shader directory ../../../../../Studium/Fluide/Simulation/Plugins/PointCloudPlugin/Shaders found
LogPluginManager: Mapping shader source directory ../../../../../Studium/Fluide/Simulation/Plugins/PointCloudPlugin/Shaders to virtual directory /Plugin/PointCloudPlugin
LogStreaming: Display: Took  0.085s to configure plugins.
LogModuleManager: Display: Found up-to-date module file ../../../../../Studium/Fluide/Simulation/Binaries/Win64/UE4Editor-Simulation.dll (API version 3944462).
LogModuleManager: Display: Found up-to-date module file ../../../Engine/Plugins/2D/Paper2D/Binaries/Win64/UE4Editor-Paper2D.dll (API version 3944462).
LogModuleManager: Display: Found up-to-date module file ../../../Engine/Plugins/2D/Paper2D/Binaries/Win64/UE4Editor-Paper2DEditor.dll (API version 3944462).
LogModuleManager: Display: Found up-to-date module file ../../../Engine/Plugins/2D/Paper2D/Binaries/Win64/UE4Editor-PaperSpriteSheetImporter.dll (API version 3944462).
LogModuleManager: Display: Found up-to-date module file ../../../Engine/Plugins/2D/Paper2D/Binaries/Win64/UE4Editor-PaperTiledImporter.dll (API version 3944462).
LogModuleManager: Display: Found up-to-date module file ../../../Engine/Plugins/2D/Paper2D/Binaries/Win64/UE4Editor-SmartSnapping.dll (API version 3944462).
LogModuleManager: Display: Found up-to-date module file ../../../Engine/Plugins/Animation/LiveLink/Binaries/Win64/UE4Editor-LiveLink.dll (API version 3944462).
LogModuleManager: Display: Found up-to-date module file ../../../Engine/Plugins/Animation/LiveLink/Binaries/Win64/UE4Editor-LiveLinkEditor.dll (API version 3944462).
LogModuleManager: Display: Found up-to-date module file ../../../Engine/Plugins/Blendables/LightPropagationVolume/Binaries/Win64/UE4Editor-LightPropagationVolumeRuntime.dll (API version 3944462).
LogModuleManager: Display: Found up-to-date module file ../../../Engine/Plugins/Blendables/LightPropagationVolume/Binaries/Win64/UE4Editor-LightPropagationVolumeEditor.dll (API version 3944462).
LogModuleManager: Display: Found up-to-date module file ../../../Engine/Plugins/Developer/CLionSourceCodeAccess/Binaries/Win64/UE4Editor-CLionSourceCodeAccess.dll (API version 3944462).
LogModuleManager: Display: Found up-to-date module file ../../../Engine/Plugins/Developer/GitSourceControl/Binaries/Win64/UE4Editor-GitSourceControl.dll (API version 3944462).
LogModuleManager: Display: Found up-to-date module file ../../../Engine/Plugins/Developer/PerforceSourceControl/Binaries/Win64/UE4Editor-PerforceSourceControl.dll (API version 3944462).
LogModuleManager: Display: Found up-to-date module file ../../../Engine/Plugins/Developer/SubversionSourceControl/Binaries/Win64/UE4Editor-SubversionSourceControl.dll (API version 3944462).
LogModuleManager: Display: Found up-to-date module file ../../../Engine/Plugins/Developer/UObjectPlugin/Binaries/Win64/UE4Editor-UObjectPlugin.dll (API version 3944462).
LogModuleManager: Display: Found up-to-date module file ../../../Engine/Plugins/Developer/VisualStudioCodeSourceCodeAccess/Binaries/Win64/UE4Editor-VisualStudioCodeSourceCodeAccess.dll (API version 3944462).
LogModuleManager: Display: Found up-to-date module file ../../../Engine/Plugins/Developer/VisualStudioSourceCodeAccess/Binaries/Win64/UE4Editor-VisualStudioSourceCodeAccess.dll (API version 3944462).
LogModuleManager: Display: Found up-to-date module file ../../../Engine/Plugins/Editor/AssetManagerEditor/Binaries/Win64/UE4Editor-AssetManagerEditor.dll (API version 3944462).
LogModuleManager: Display: Found up-to-date module file ../../../Engine/Plugins/Editor/CryptoKeys/Binaries/Win64/UE4Editor-CryptoKeys.dll (API version 3944462).
LogModuleManager: Display: Found up-to-date module file ../../../Engine/Plugins/Editor/CryptoKeys/Binaries/Win64/UE4Editor-CryptoKeysOpenSSL.dll (API version 3944462).
LogModuleManager: Display: Found up-to-date module file ../../../Engine/Plugins/Editor/DataValidation/Binaries/Win64/UE4Editor-DataValidation.dll (API version 3944462).
LogModuleManager: Display: Found up-to-date module file ../../../Engine/Plugins/Editor/FacialAnimation/Binaries/Win64/UE4Editor-FacialAnimation.dll (API version 3944462).
LogModuleManager: Display: Found up-to-date module file ../../../Engine/Plugins/Editor/FacialAnimation/Binaries/Win64/UE4Editor-FacialAnimationEditor.dll (API version 3944462).
LogModuleManager: Display: Found up-to-date module file ../../../Engine/Plugins/Editor/GameplayTagsEditor/Binaries/Win64/UE4Editor-GameplayTagsEditor.dll (API version 3944462).
LogModuleManager: Display: Found up-to-date module file ../../../Engine/Plugins/Editor/MobileLauncherProfileWizard/Binaries/Win64/UE4Editor-MobileLauncherProfileWizard.dll (API version 3944462).
LogModuleManager: Display: Found up-to-date module file ../../../Engine/Plugins/Editor/PluginBrowser/Binaries/Win64/UE4Editor-PluginBrowser.dll (API version 3944462).
LogModuleManager: Display: Found up-to-date module file ../../../Engine/Plugins/Editor/SpeedTreeImporter/Binaries/Win64/UE4Editor-SpeedTreeImporter.dll (API version 3944462).
LogModuleManager: Display: Found up-to-date module file ../../../Engine/Plugins/Enterprise/DatasmithContent/Binaries/Win64/UE4Editor-DatasmithContent.dll (API version 3944462).
LogModuleManager: Display: Found up-to-date module file ../../../Engine/Plugins/Experimental/AlembicImporter/Binaries/Win64/UE4Editor-AlembicImporter.dll (API version 3944462).
LogModuleManager: Display: Found up-to-date module file ../../../Engine/Plugins/Experimental/AlembicImporter/Binaries/Win64/UE4Editor-AlembicLibrary.dll (API version 3944462).
LogModuleManager: Display: Found up-to-date module file ../../../Engine/Plugins/Experimental/CharacterAI/Binaries/Win64/UE4Editor-CharacterAI.dll (API version 3944462).
LogModuleManager: Display: Found up-to-date module file ../../../Engine/Plugins/Experimental/HTML5Networking/Binaries/Win64/UE4Editor-HTML5Networking.dll (API version 3944462).
LogModuleManager: Display: Found up-to-date module file ../../../Engine/Plugins/Media/AndroidMedia/Binaries/Win64/UE4Editor-AndroidMediaEditor.dll (API version 3944462).
LogModuleManager: Display: Found up-to-date module file ../../../Engine/Plugins/Media/AndroidMedia/Binaries/Win64/UE4Editor-AndroidMediaFactory.dll (API version 3944462).
LogModuleManager: Display: Found up-to-date module file ../../../Engine/Plugins/Media/AvfMedia/Binaries/Win64/UE4Editor-AvfMediaEditor.dll (API version 3944462).
LogModuleManager: Display: Found up-to-date module file ../../../Engine/Plugins/Media/AvfMedia/Binaries/Win64/UE4Editor-AvfMediaFactory.dll (API version 3944462).
LogModuleManager: Display: Found up-to-date module file ../../../Engine/Plugins/Media/AvfMedia/Binaries/Win64/UE4Editor-AvfMediaFactory.dll (API version 3944462).
LogModuleManager: Display: Found up-to-date module file ../../../Engine/Plugins/Media/ImgMedia/Binaries/Win64/UE4Editor-ImgMedia.dll (API version 3944462).
LogModuleManager: Display: Found up-to-date module file ../../../Engine/Plugins/Media/ImgMedia/Binaries/Win64/UE4Editor-ImgMediaEditor.dll (API version 3944462).
LogModuleManager: Display: Found up-to-date module file ../../../Engine/Plugins/Media/ImgMedia/Binaries/Win64/UE4Editor-ImgMediaFactory.dll (API version 3944462).
LogModuleManager: Display: Found up-to-date module file ../../../Engine/Plugins/Media/ImgMedia/Binaries/Win64/UE4Editor-ImgMediaFactory.dll (API version 3944462).
LogModuleManager: Display: Found up-to-date module file ../../../Engine/Plugins/Media/ImgMedia/Binaries/Win64/UE4Editor-OpenExrWrapper.dll (API version 3944462).
LogModuleManager: Display: Found up-to-date module file ../../../Engine/Plugins/Media/LinearTimecode/Binaries/Win64/UE4Editor-LinearTimecode.dll (API version 3944462).
LogModuleManager: Display: Found up-to-date module file ../../../Engine/Plugins/Media/MediaCompositing/Binaries/Win64/UE4Editor-MediaCompositing.dll (API version 3944462).
LogModuleManager: Display: Found up-to-date module file ../../../Engine/Plugins/Media/MediaCompositing/Binaries/Win64/UE4Editor-MediaCompositingEditor.dll (API version 3944462).
LogModuleManager: Display: Found up-to-date module file ../../../Engine/Plugins/Media/MediaPlayerEditor/Binaries/Win64/UE4Editor-MediaPlayerEditor.dll (API version 3944462).
LogModuleManager: Display: Found up-to-date module file ../../../Engine/Plugins/Media/WmfMedia/Binaries/Win64/UE4Editor-WmfMedia.dll (API version 3944462).
LogModuleManager: Display: Found up-to-date module file ../../../Engine/Plugins/Media/WmfMedia/Binaries/Win64/UE4Editor-WmfMediaEditor.dll (API version 3944462).
LogModuleManager: Display: Found up-to-date module file ../../../Engine/Plugins/Media/WmfMedia/Binaries/Win64/UE4Editor-WmfMediaFactory.dll (API version 3944462).
LogModuleManager: Display: Found up-to-date module file ../../../Engine/Plugins/Media/WmfMedia/Binaries/Win64/UE4Editor-WmfMediaFactory.dll (API version 3944462).
LogModuleManager: Display: Found up-to-date module file ../../../Engine/Plugins/Messaging/TcpMessaging/Binaries/Win64/UE4Editor-TcpMessaging.dll (API version 3944462).
LogModuleManager: Display: Found up-to-date module file ../../../Engine/Plugins/Messaging/UdpMessaging/Binaries/Win64/UE4Editor-UdpMessaging.dll (API version 3944462).
LogModuleManager: Display: Found up-to-date module file ../../../Engine/Plugins/MovieScene/ActorSequence/Binaries/Win64/UE4Editor-ActorSequence.dll (API version 3944462).
LogModuleManager: Display: Found up-to-date module file ../../../Engine/Plugins/MovieScene/LevelSequenceEditor/Binaries/Win64/UE4Editor-LevelSequenceEditor.dll (API version 3944462).
LogModuleManager: Display: Found up-to-date module file ../../../Engine/Plugins/MovieScene/MatineeToLevelSequence/Binaries/Win64/UE4Editor-MatineeToLevelSequence.dll (API version 3944462).
LogModuleManager: Display: Found up-to-date module file ../../../Engine/Plugins/NetcodeUnitTest/NetcodeUnitTest/Binaries/Win64/UE4Editor-NetcodeUnitTest.dll (API version 3944462).
LogModuleManager: Display: Found up-to-date module file ../../../Engine/Plugins/NetcodeUnitTest/NUTUnrealEngine4/Binaries/Win64/UE4Editor-NUTUnrealEngine4.dll (API version 3944462).
LogModuleManager: Display: Found up-to-date module file ../../../Engine/Plugins/Online/OnlineSubsystem/Binaries/Win64/UE4Editor-OnlineSubsystem.dll (API version 3944462).
LogModuleManager: Display: Found up-to-date module file ../../../Engine/Plugins/Online/OnlineSubsystemNull/Binaries/Win64/UE4Editor-OnlineSubsystemNull.dll (API version 3944462).
LogModuleManager: Display: Found up-to-date module file ../../../Engine/Plugins/Online/OnlineSubsystemUtils/Binaries/Win64/UE4Editor-OnlineSubsystemUtils.dll (API version 3944462).
LogModuleManager: Display: Found up-to-date module file ../../../Engine/Plugins/Online/OnlineSubsystemUtils/Binaries/Win64/UE4Editor-OnlineBlueprintSupport.dll (API version 3944462).
LogModuleManager: Display: Found up-to-date module file ../../../Engine/Plugins/Runtime/AndroidDeviceProfileSelector/Binaries/Win64/UE4Editor-AndroidDeviceProfileSelector.dll (API version 3944462).
LogModuleManager: Display: Found up-to-date module file ../../../Engine/Plugins/Runtime/AndroidPermission/Binaries/Win64/UE4Editor-AndroidPermission.dll (API version 3944462).
LogModuleManager: Display: Found up-to-date module file ../../../Engine/Plugins/Runtime/AppleARKit/Binaries/Win64/UE4Editor-AppleARKit.dll (API version 3944462).
LogModuleManager: Display: Found up-to-date module file ../../../Engine/Plugins/Runtime/ArchVisCharacter/Binaries/Win64/UE4Editor-ArchVisCharacter.dll (API version 3944462).
LogModuleManager: Display: Found up-to-date module file ../../../Engine/Plugins/Runtime/AudioCapture/Binaries/Win64/UE4Editor-AudioCapture.dll (API version 3944462).
LogModuleManager: Display: Found up-to-date module file ../../../Engine/Plugins/Runtime/AudioCapture/Binaries/Win64/UE4Editor-AudioCaptureEditor.dll (API version 3944462).
LogModuleManager: Display: Found up-to-date module file ../../../Engine/Plugins/Runtime/CableComponent/Binaries/Win64/UE4Editor-CableComponent.dll (API version 3944462).
LogModuleManager: Display: Found up-to-date module file ../../../Engine/Plugins/Runtime/CustomMeshComponent/Binaries/Win64/UE4Editor-CustomMeshComponent.dll (API version 3944462).
LogModuleManager: Display: Found up-to-date module file ../../../Engine/Plugins/Runtime/ExampleDeviceProfileSelector/Binaries/Win64/UE4Editor-ExampleDeviceProfileSelector.dll (API version 3944462).
LogModuleManager: Display: Found up-to-date module file ../../../Engine/Plugins/Runtime/ImmediatePhysics/Binaries/Win64/UE4Editor-ImmediatePhysics.dll (API version 3944462).
LogModuleManager: Display: Found up-to-date module file ../../../Engine/Plugins/Runtime/ImmediatePhysics/Binaries/Win64/UE4Editor-ImmediatePhysicsEditor.dll (API version 3944462).
LogModuleManager: Display: Found up-to-date module file ../../../Engine/Plugins/Runtime/LocationServicesBPLibrary/Binaries/Win64/UE4Editor-LocationServicesBPLibrary.dll (API version 3944462).
LogModuleManager: Display: Found up-to-date module file ../../../Engine/Plugins/Runtime/MobilePatchingUtils/Binaries/Win64/UE4Editor-MobilePatchingUtils.dll (API version 3944462).
LogModuleManager: Display: Found up-to-date module file ../../../Engine/Plugins/Runtime/Oculus/OculusVR/Binaries/Win64/UE4Editor-OculusHMD.dll (API version 3944462).
LogModuleManager: Display: Found up-to-date module file ../../../Engine/Plugins/Runtime/Oculus/OculusVR/Binaries/Win64/UE4Editor-OculusInput.dll (API version 3944462).
LogModuleManager: Display: Found up-to-date module file ../../../Engine/Plugins/Runtime/Oculus/OculusVR/Binaries/Win64/UE4Editor-OculusEditor.dll (API version 3944462).
LogModuleManager: Display: Found up-to-date module file ../../../Engine/Plugins/Runtime/PhysXVehicles/Binaries/Win64/UE4Editor-PhysXVehicles.dll (API version 3944462).
LogModuleManager: Display: Found up-to-date module file ../../../Engine/Plugins/Runtime/PhysXVehicles/Binaries/Win64/UE4Editor-PhysXVehiclesEditor.dll (API version 3944462).
LogModuleManager: Display: Found up-to-date module file ../../../Engine/Plugins/Runtime/ProceduralMeshComponent/Binaries/Win64/UE4Editor-ProceduralMeshComponent.dll (API version 3944462).
LogModuleManager: Display: Found up-to-date module file ../../../Engine/Plugins/Runtime/ProceduralMeshComponent/Binaries/Win64/UE4Editor-ProceduralMeshComponentEditor.dll (API version 3944462).
LogModuleManager: Display: Found up-to-date module file ../../../Engine/Plugins/Runtime/RuntimePhysXCooking/Binaries/Win64/UE4Editor-RuntimePhysXCooking.dll (API version 3944462).
LogModuleManager: Display: Found up-to-date module file ../../../Engine/Plugins/Runtime/Steam/SteamVR/Binaries/Win64/UE4Editor-SteamVR.dll (API version 3944462).
LogModuleManager: Display: Found up-to-date module file ../../../Engine/Plugins/Runtime/Steam/SteamVR/Binaries/Win64/UE4Editor-SteamVRController.dll (API version 3944462).
LogModuleManager: Display: Found up-to-date module file ../../../Engine/Plugins/Runtime/WindowsMoviePlayer/Binaries/Win64/UE4Editor-WindowsMoviePlayer.dll (API version 3944462).
LogModuleManager: Display: Found up-to-date module file ../../../../../Studium/Fluide/Simulation/Plugins/PointCloudPlugin/Binaries/Win64/UE4Editor-PointCloudRuntime.dll (API version 3944462).
LogModuleManager: Display: Found up-to-date module file ../../../../../Studium/Fluide/Simulation/Plugins/PointCloudPlugin/Binaries/Win64/UE4Editor-PointCloudEditor.dll (API version 3944462).
LogInit: Using libcurl 7.47.1
LogInit:  - built for x86_64-pc-win32
LogInit:  - supports SSL with OpenSSL/1.0.2g
LogInit:  - supports HTTP deflate (compression) using libz 1.2.8
LogInit:  - other features:
LogInit:      CURL_VERSION_SSL
LogInit:      CURL_VERSION_LIBZ
LogInit:      CURL_VERSION_IPV6
LogInit:      CURL_VERSION_ASYNCHDNS
LogInit:      CURL_VERSION_LARGEFILE
LogInit:      CURL_VERSION_IDN
LogInit:  CurlRequestOptions (configurable via config and command line):
LogInit:  - bVerifyPeer = false  - Libcurl will NOT verify peer certificate
LogInit:  - bUseHttpProxy = false  - Libcurl will NOT use HTTP proxy
LogInit:  - bDontReuseConnections = false  - Libcurl will reuse connections
LogInit:  - CertBundlePath = nullptr  - Libcurl will use whatever was configured at build time.
LogInit:  - MaxHostConnections = 16  - Libcurl will limit the number of connections to a host
LogInit:  - LocalHostAddr = Default
LogInit: WinSock: version 1.1 (2.2), MaxSocks=32767, MaxUdp=65467
LogInit: WinSock: I am Slowy (192.168.178.44:0)
LogInit: Build: ++UE4+Release-4.19-CL-4033788
LogInit: Engine Version: 4.19.2-4033788+++UE4+Release-4.19
LogInit: Compatible Engine Version: 4.19.0-3944462+++UE4+Release-4.19
LogInit: Net CL: 3944462
LogDevObjectVersion: Number of dev versions registered: 18
LogDevObjectVersion:   Dev-Blueprints (B0D832E4-1F89-4F0D-ACCF-7EB736FD4AA2): 10
LogDevObjectVersion:   Dev-Build (E1C64328-A22C-4D53-A36C-8E866417BD8C): 0
LogDevObjectVersion:   Dev-Core (375EC13C-06E4-48FB-B500-84F0262A717E): 2
LogDevObjectVersion:   Dev-Editor (E4B068ED-F494-42E9-A231-DA0B2E46BB41): 23
LogDevObjectVersion:   Dev-Framework (CFFC743F-43B0-4480-9391-14DF171D2073): 33
LogDevObjectVersion:   Dev-Mobile (B02B49B5-BB20-44E9-A304-32B752E40360): 2
LogDevObjectVersion:   Dev-Networking (A4E4105C-59A1-49B5-A7C5-40C4547EDFEE): 0
LogDevObjectVersion:   Dev-Online (39C831C9-5AE6-47DC-9A44-9C173E1C8E7C): 0
LogDevObjectVersion:   Dev-Physics (78F01B33-EBEA-4F98-B9B4-84EACCB95AA2): 0
LogDevObjectVersion:   Dev-Platform (6631380F-2D4D-43E0-8009-CF276956A95A): 0
LogDevObjectVersion:   Dev-Rendering (12F88B9F-8875-4AFC-A67C-D90C383ABD29): 25
LogDevObjectVersion:   Dev-Sequencer (7B5AE74C-D270-4C10-A958-57980B212A5A): 6
LogDevObjectVersion:   Dev-VR (D7296918-1DD6-4BDD-9DE2-64A83CC13884): 1
LogDevObjectVersion:   Dev-LoadTimes (C2A15278-BFE7-4AFE-6C17-90FF531DF755): 1
LogDevObjectVersion:   Private-Geometry (6EACA3D4-40EC-4CC1-B786-8BED09428FC5): 2
LogDevObjectVersion:   Dev-AnimPhys (29E575DD-E0A3-4627-9D10-D276232CDCEA): 16
LogDevObjectVersion:   Dev-ReflectionCapture (6B266CEC-1EC7-4B8F-A30B-E4D90942FC07): 1
LogDevObjectVersion:   Dev-Automation (0DF73D61-A23F-47EA-B727-89E90C41499A): 1
LogInit: Compiled (64-bit): Apr 27 2018 02:06:57
LogInit: Compiled with Visual C++: 19.00.24215.01
LogInit: Build Configuration: Development
LogInit: Branch Name: ++UE4+Release-4.19
LogInit: Command Line:  -skipcompile
LogInit: Base Directory: D:/Programme/UE_4.19/Engine/Binaries/Win64/
LogInit: Installed Engine Build: 1
LogStreaming: Display: Took  0.001s to delete old logs.
LogInit: Presizing for max 8388607 objects, including 0 objects not considered by GC, pre-allocating 0 bytes for permanent pool.
LogInit: Object subsystem initialized
[2018.12.07-21.44.01:253][  0]LogInit: Selected Device Profile: [Windows]
[2018.12.07-21.44.01:253][  0]LogInit: Applying CVar settings loaded from the selected device profile: [Windows]
[2018.12.07-21.44.01:269][  0]LogInit: Computer: SLOWY
[2018.12.07-21.44.01:269][  0]LogInit: User: Timo
[2018.12.07-21.44.01:269][  0]LogInit: CPU Page size=4096, Cores=6
[2018.12.07-21.44.01:269][  0]LogInit: High frequency timer resolution =3.119136 MHz
[2018.12.07-21.44.01:270][  0]LogMemory: Memory total: Physical=16.0GB (16GB approx)
[2018.12.07-21.44.01:270][  0]LogMemory: Platform Memory Stats for Windows
[2018.12.07-21.44.01:270][  0]LogMemory: Process Physical Memory: 276.74 MB used, 276.74 MB peak
[2018.12.07-21.44.01:270][  0]LogMemory: Process Virtual Memory: 273.71 MB used, 273.71 MB peak
[2018.12.07-21.44.01:270][  0]LogMemory: Physical Memory: 4066.13 MB used,  12269.35 MB free, 16335.48 MB total
[2018.12.07-21.44.01:270][  0]LogMemory: Virtual Memory: 4813.59 MB used,  12269.35 MB free, 134217728.00 MB total
[2018.12.07-21.44.01:320][  0]LogInit: Using OS detected language (de-DE).
[2018.12.07-21.44.01:320][  0]LogInit: Using OS detected locale (de-DE).
[2018.12.07-21.44.01:324][  0]LogTextLocalizationManager: No localization for 'de-DE' exists, so 'en' will be used for the language.
[2018.12.07-21.44.01:820][  0]LogStreaming: Display: Took  0.500s to EndInitTextLocalization.
[2018.12.07-21.44.01:821][  0]LogInit: Setting process to per monitor DPI aware
[2018.12.07-21.44.01:867][  0]LogSlate: New Slate User Created.  User Index 0, Is Virtual User: 0
[2018.12.07-21.44.01:867][  0]LogSlate: Slate User Registered.  User Index 0, Is Virtual User: 0
[2018.12.07-21.44.02:099][  0]LogD3D11RHI: D3D11 adapters:
[2018.12.07-21.44.02:153][  0]LogD3D11RHI:    0. 'Radeon (TM) RX 480 Graphics' (Feature Level 11_0)
[2018.12.07-21.44.02:153][  0]LogD3D11RHI:       8137/0/8167 MB DedicatedVideo/DedicatedSystem/SharedSystem, Outputs:2, VendorId:0x1002
[2018.12.07-21.44.02:159][  0]LogD3D11RHI:    1. 'Microsoft Basic Render Driver' (Feature Level 11_0)
[2018.12.07-21.44.02:159][  0]LogD3D11RHI:       0/0/8167 MB DedicatedVideo/DedicatedSystem/SharedSystem, Outputs:0, VendorId:0x1414
[2018.12.07-21.44.02:160][  0]LogD3D11RHI: Chosen D3D11 Adapter: 0
[2018.12.07-21.44.02:168][  0]LogD3D11RHI: Creating new Direct3DDevice
[2018.12.07-21.44.02:169][  0]LogD3D11RHI:     GPU DeviceId: 0x67df (for the marketing name, search the web for "GPU Device Id")
[2018.12.07-21.44.02:169][  0]LogWindows: EnumDisplayDevices:
[2018.12.07-21.44.02:169][  0]LogWindows:    0. 'Radeon (TM) RX 480 Graphics' (P:1 D:1)
[2018.12.07-21.44.02:169][  0]LogWindows:    1. 'Radeon (TM) RX 480 Graphics' (P:0 D:1)
[2018.12.07-21.44.02:169][  0]LogWindows:    2. 'Radeon (TM) RX 480 Graphics' (P:0 D:0)
[2018.12.07-21.44.02:169][  0]LogWindows:    3. 'Radeon (TM) RX 480 Graphics' (P:0 D:0)
[2018.12.07-21.44.02:170][  0]LogWindows:    4. 'Radeon (TM) RX 480 Graphics' (P:0 D:0)
[2018.12.07-21.44.02:170][  0]LogWindows:    5. 'Radeon (TM) RX 480 Graphics' (P:0 D:0)
[2018.12.07-21.44.02:170][  0]LogWindows:    6. 'Radeon (TM) RX 480 Graphics' (P:0 D:0)
[2018.12.07-21.44.02:170][  0]LogWindows: DebugString: GetVideoDriverDetailsInvalid PrimaryIsNotTheChoosenAdapter GetVideoDriverDetailsInvalid PrimaryIsNotTheChoosenAdapter GetVideoDriverDetailsInvalid PrimaryIsNotTheChoosenAdapter GetVideoDriverDetailsInvalid PrimaryIsNotTheChoosenAdapter GetVideoDriverDetailsInvalid PrimaryIsNotTheChoosenAdapter GetVideoDriverDetailsInvalid PrimaryIsNotTheChoosenAdapter GetVideoDriverDetailsInvalid PrimaryIsNotTheChoosenAdapter FoundDriverCount:0 
[2018.12.07-21.44.02:170][  0]LogD3D11RHI:     Adapter Name: Radeon (TM) RX 480 Graphics
[2018.12.07-21.44.02:170][  0]LogD3D11RHI:   Driver Version: Unknown (internal:Unknown, unified:Unknown)
[2018.12.07-21.44.02:170][  0]LogD3D11RHI:      Driver Date: Unknown
[2018.12.07-21.44.02:171][  0]LogRHI: Texture pool is 5695 MB (70% of 8137 MB)
[2018.12.07-21.44.02:250][  0]LogD3D11RHI: Async texture creation enabled
[2018.12.07-21.44.02:261][  0]LogD3D11RHI: GPU Timing Frequency: 25.000000 (Debug: 2 1)
[2018.12.07-21.44.02:262][  0]LogShaderCompilers: Guid format shader working directory is 5 characters bigger than the processId version (../../../../../Studium/Fluide/Simulation/Intermediate/Shaders/WorkingDirectory/3476/).
[2018.12.07-21.44.02:262][  0]LogShaderCompilers: Cleaned the shader compiler working directory 'C:/Users/Timo/AppData/Local/Temp/UnrealShaderWorkingDir/C069D5BC4491C7E54322EC8C2FDB6D17/'.
[2018.12.07-21.44.02:497][  0]LogTemp: Display: Loaded TP AllDesktopTargetPlatform
[2018.12.07-21.44.02:517][  0]LogTemp: Display: Loaded TP MacClientTargetPlatform
[2018.12.07-21.44.02:538][  0]LogTemp: Display: Loaded TP MacNoEditorTargetPlatform
[2018.12.07-21.44.02:558][  0]LogTemp: Display: Loaded TP MacServerTargetPlatform
[2018.12.07-21.44.02:582][  0]LogTemp: Display: Loaded TP MacTargetPlatform
[2018.12.07-21.44.02:602][  0]LogTemp: Display: Loaded TP WindowsClientTargetPlatform
[2018.12.07-21.44.02:622][  0]LogTemp: Display: Loaded TP WindowsNoEditorTargetPlatform
[2018.12.07-21.44.02:643][  0]LogTemp: Display: Loaded TP WindowsServerTargetPlatform
[2018.12.07-21.44.02:653][  0]LogTemp: Display: Loaded TP WindowsTargetPlatform
[2018.12.07-21.44.02:676][  0]LogTemp: Display: Loaded TP Android_ASTCTargetPlatform
[2018.12.07-21.44.02:695][  0]LogTemp: Display: Loaded TP Android_ATCTargetPlatform
[2018.12.07-21.44.02:713][  0]LogTemp: Display: Loaded TP Android_DXTTargetPlatform
[2018.12.07-21.44.02:731][  0]LogTemp: Display: Loaded TP Android_ETC1aTargetPlatform
[2018.12.07-21.44.02:748][  0]LogTemp: Display: Loaded TP Android_ETC1TargetPlatform
[2018.12.07-21.44.02:765][  0]LogTemp: Display: Loaded TP Android_ETC2TargetPlatform
[2018.12.07-21.44.02:804][  0]LogTemp: Display: Loaded TP Android_MultiTargetPlatform
[2018.12.07-21.44.02:805][  0]LogTemp: Display: Loaded TP Android_PVRTCTargetPlatform
[2018.12.07-21.44.02:823][  0]LogTemp: Display: Loaded TP AndroidTargetPlatform
[2018.12.07-21.44.02:827][  0]LogTemp: Display: Loaded TP HTML5TargetPlatform
[2018.12.07-21.44.02:874][  0]LogTemp: Display: Loaded TP IOSTargetPlatform
[2018.12.07-21.44.02:895][  0]LogTemp: Display: Loaded TP TVOSTargetPlatform
[2018.12.07-21.44.02:914][  0]LogTemp: Display: Loaded TP LinuxClientTargetPlatform
[2018.12.07-21.44.02:934][  0]LogTemp: Display: Loaded TP LinuxNoEditorTargetPlatform
[2018.12.07-21.44.02:957][  0]LogTemp: Display: Loaded TP LinuxServerTargetPlatform
[2018.12.07-21.44.02:980][  0]LogTemp: Display: Loaded TP LinuxTargetPlatform
[2018.12.07-21.44.02:981][  0]LogTargetPlatformManager: Display: Building Assets For Windows
[2018.12.07-21.44.03:167][  0]LogXGEController: Cleaning working directory: C:/Users/Timo/AppData/Local/Temp/UnrealXGEWorkingDir/
[2018.12.07-21.44.03:167][  0]LogXGEController: Cannot use XGE Controller as Incredibuild is not installed on this machine.
[2018.12.07-21.44.03:167][  0]LogShaderCompilers: Cannot use XGE Shader Compiler as Incredibuild is not installed on this machine.
[2018.12.07-21.44.03:167][  0]LogShaderCompilers: Display: Using Local Shader Compiler.
[2018.12.07-21.44.03:888][  0]LogDerivedDataCache: Display: Max Cache Size: 512 MB
[2018.12.07-21.44.03:981][  0]LogDerivedDataCache: Loaded boot cache 0.09s 79MB C:/Users/Timo/AppData/Local/UnrealEngine/4.19/DerivedDataCache/Boot.ddc.
[2018.12.07-21.44.03:981][  0]LogDerivedDataCache: Display: Loaded Boot cache: C:/Users/Timo/AppData/Local/UnrealEngine/4.19/DerivedDataCache/Boot.ddc
[2018.12.07-21.44.03:982][  0]LogDerivedDataCache: FDerivedDataBackendGraph:  Pak pak cache file ../../../../../Studium/Fluide/Simulation/DerivedDataCache/DDC.ddp not found, will not use a pak cache.
[2018.12.07-21.44.03:982][  0]LogDerivedDataCache: Unable to find inner node Pak for hierarchical cache Hierarchy.
[2018.12.07-21.44.03:982][  0]LogDerivedDataCache: FDerivedDataBackendGraph:  CompressedPak pak cache file ../../../../../Studium/Fluide/Simulation/DerivedDataCache/Compressed.ddp not found, will not use a pak cache.
[2018.12.07-21.44.03:982][  0]LogDerivedDataCache: Unable to find inner node CompressedPak for hierarchical cache Hierarchy.
[2018.12.07-21.44.04:004][  0]LogDerivedDataCache: Display: Pak cache opened for reading ../../../Engine/DerivedDataCache/Compressed.ddp.
[2018.12.07-21.44.04:017][  0]LogDerivedDataCache: Using Local data cache path C:/Users/Timo/AppData/Local/UnrealEngine/Common/DerivedDataCache: Writable
[2018.12.07-21.44.04:017][  0]LogDerivedDataCache: Shared data cache path not found in *engine.ini, will not use an Shared cache.
[2018.12.07-21.44.04:017][  0]LogDerivedDataCache: Unable to find inner node Shared for hierarchical cache Hierarchy.
[2018.12.07-21.44.04:031][  0]LogMaterial: Verifying Global Shaders for PCD3D_SM5
[2018.12.07-21.44.04:031][  0]LogSlate: Using Freetype 2.6.0
[2018.12.07-21.44.04:032][  0]LogSlate: SlateFontCache - WITH_FREETYPE: 1, WITH_HARFBUZZ: 1
[2018.12.07-21.44.04:032][  0]LogSlate: SlateFontCache - WITH_FREETYPE: 1, WITH_HARFBUZZ: 1
[2018.12.07-21.44.04:162][  0]LogAssetRegistry: FAssetRegistry took 0.0303 seconds to start up
[2018.12.07-21.44.04:548][  0]LogInit: Selected Device Profile: [Windows]
[2018.12.07-21.44.04:729][  0]LogSimplygon: Simplygon DLL not present - disabling.
[2018.12.07-21.44.04:734][  0]LogMeshReduction: Using SimplygonSwarm for distributed automatic mesh merging
[2018.12.07-21.44.04:734][  0]LogMeshReduction: Using QuadricMeshReduction for automatic static mesh reduction
[2018.12.07-21.44.04:734][  0]LogMeshReduction: No automatic skeletal mesh reduction module available
[2018.12.07-21.44.04:735][  0]LogMeshReduction: No automatic mesh merging module available
[2018.12.07-21.44.04:735][  0]LogMeshMerging: No automatic mesh merging module available
[2018.12.07-21.44.04:773][  0]LogNetVersion: Simulation , NetCL: 3944462, EngineNetVer: 2, GameNetVer: 0 (Checksum: 940632137)
[2018.12.07-21.44.05:279][  0]LogPackageLocalizationCache: Processed 10 localized package path(s) for 1 prioritized culture(s) in 0.050650 seconds
[2018.12.07-21.44.05:288][  0]LogUObjectArray: 37029 objects as part of root set at end of initial load.
[2018.12.07-21.44.05:288][  0]LogUObjectAllocator: 7386192 out of 0 bytes used by permanent object pool.
[2018.12.07-21.44.05:288][  0]LogUObjectArray: CloseDisregardForGC: 0/0 objects in disregard for GC pool
[2018.12.07-21.44.07:100][  0]LogTcpMessaging: Initializing TcpMessaging bridge
[2018.12.07-21.44.07:131][  0]LogUdpMessaging: Initializing bridge on interface 0.0.0.0:0 to multicast group 230.0.0.1:6666.
[2018.12.07-21.44.07:568][  0]SourceControl: Source control is disabled
[2018.12.07-21.44.07:569][  0]SourceControl: Source control is disabled
[2018.12.07-21.44.07:589][  0]SourceControl: Source control is disabled
[2018.12.07-21.44.07:608][  0]SourceControl: Source control is disabled
[2018.12.07-21.44.08:157][  0]LogAndroidPermission: UAndroidPermissionCallbackProxy::GetInstance
[2018.12.07-21.44.08:360][  0]LogOcInput: OculusInput pre-init called
[2018.12.07-21.44.08:519][  0]LogEngine: Initializing Engine...
[2018.12.07-21.44.08:520][  0]LogHMD: Failed to initialize OpenVR with code 110
[2018.12.07-21.44.08:522][  0]LogStats: UGameplayTagsManager::ConstructGameplayTagTree: Construct from data asset -  0.000 s
[2018.12.07-21.44.08:522][  0]LogStats: UGameplayTagsManager::ConstructGameplayTagTree: GameplayTagTreeChangedEvent.Broadcast -  0.000 s
[2018.12.07-21.44.08:792][  0]LogAIModule: Creating AISystem for world Untitled
[2018.12.07-21.44.08:819][  0]LogInit: XAudio2 using '4 - SAMSUNG (AMD High Definition Audio Device)' : 2 channels at 48 kHz using 16 bits per sample (channel mask 0x3)
[2018.12.07-21.44.08:838][  0]LogInit: FAudioDevice initialized.
[2018.12.07-21.44.08:933][  0]LogDerivedDataCache: Saved boot cache 0.09s 79MB C:/Users/Timo/AppData/Local/UnrealEngine/4.19/DerivedDataCache/Boot.ddc.
[2018.12.07-21.44.08:955][  0]LogInit: Texture streaming: Enabled
[2018.12.07-21.44.08:979][  0]LogEngineSessionManager: EngineSessionManager initialized
[2018.12.07-21.44.08:980][  0]LogEngineSessionManager: EngineSessionManager sent abnormal shutdown report. Type=Debugger, SessionId={5D3769E5-418F-24E1-A569-CBB1707D0658}
[2018.12.07-21.44.08:990][  0]LogInit: Transaction tracking system initialized
[2018.12.07-21.44.09:024][  0]BlueprintLog: New page: Editor Load
[2018.12.07-21.44.09:144][  0]LocalizationService: Localization service is disabled
[2018.12.07-21.44.09:237][  0]LogLinker: Warning: Can't find file '/Game/TopDownBP/TopDownOverview'
[2018.12.07-21.44.09:238][  0]LogLinker: Warning: Can't find file '/Game/TopDownBP/TopDownOverview'
[2018.12.07-21.44.09:238][  0]LogUObjectGlobals: Warning: Failed to find object 'Class /Game/TopDownBP/TopDownOverview.TopDownOverview_C'
[2018.12.07-21.44.09:274][  0]LogConsoleResponse: Display: 
[2018.12.07-21.44.09:454][  0]LogCook: Display: Max memory allowance for cook 16384mb min free memory 0mb
[2018.12.07-21.44.09:455][  0]LogCook: Display: Mobile HDR setting 1
[2018.12.07-21.44.09:455][  0]LogGameplayTags: Display: UGameplayTagsManager::DoneAddingNativeTags. DelegateIsBound: 0
[2018.12.07-21.44.09:455][  0]LogStats: UGameplayTagsManager::ConstructGameplayTagTree: Construct from data asset -  0.000 s
[2018.12.07-21.44.09:455][  0]LogStats: UGameplayTagsManager::ConstructGameplayTagTree: GameplayTagTreeChangedEvent.Broadcast -  0.000 s
[2018.12.07-21.44.09:464][  0]LogFileCache: Scanning file cache for directory 'D:/Studium/Fluide/Simulation/Content/' took 0.02s
[2018.12.07-21.44.09:878][  0]SourceControl: Source control is disabled
[2018.12.07-21.44.09:878][  0]Cmd: MAP LOAD FILE="../../../../../Studium/Fluide/Simulation/Content/Levels/3D/Waterfall.umap" TEMPLATE=0 SHOWPROGRESS=1 FEATURELEVEL=3
[2018.12.07-21.44.09:879][  0]LightingResults: New page: Lighting Build
[2018.12.07-21.44.09:882][  0]MapCheck: New page: Map Check
[2018.12.07-21.44.09:882][  0]LightingResults: New page: Lighting Build
[2018.12.07-21.44.10:002][  0]LogUObjectGlobals: Created PersistentFrame Addr=0x0000022f5c06d7c0, Size=208, Default__SimulationSettings_C Function /Game/Blueprints/SimulationSettings.SimulationSettings_C:ExecuteUbergraph_SimulationSettings
[2018.12.07-21.44.10:005][  0]LogUObjectGlobals: Created PersistentFrame Addr=0x0000022f4c7ef800, Size=1024, Default__SimulationPawn_C Function /Game/Blueprints/SimulationPawn.SimulationPawn_C:ExecuteUbergraph_SimulationPawn
[2018.12.07-21.44.10:022][  0]LogUObjectGlobals: Created PersistentFrame Addr=0x0000022f4bba6e00, Size=232, Default__Anzeige_C Function /Game/Widget/Anzeige.Anzeige_C:ExecuteUbergraph_Anzeige
[2018.12.07-21.44.10:109][  0]LogUObjectGlobals: Destroyed PersistentFrame Addr=0x0000022f4bba6e00, Size=232
[2018.12.07-21.44.10:110][  0]LogUObjectGlobals: Created PersistentFrame Addr=0x0000022f4bb9d200, Size=232, Default__Anzeige_C Function /Engine/Transient.REINST_Anzeige_C_0:ExecuteUbergraph_Anzeige
[2018.12.07-21.44.10:111][  0]LogUObjectGlobals: Destroyed PersistentFrame Addr=0x0000022f4c7ef800, Size=1024
[2018.12.07-21.44.10:111][  0]LogUObjectGlobals: Created PersistentFrame Addr=0x0000022f4c7ef800, Size=1024, Default__SimulationPawn_C Function /Engine/Transient.REINST_SimulationPawn_C_5:ExecuteUbergraph_SimulationPawn
[2018.12.07-21.44.10:112][  0]LogUObjectGlobals: Destroyed PersistentFrame Addr=0x0000022f5c06d7c0, Size=208
[2018.12.07-21.44.10:112][  0]LogUObjectGlobals: Created PersistentFrame Addr=0x0000022f4cbbff20, Size=208, Default__SimulationSettings_C Function /Engine/Transient.REINST_SimulationSettings_C_6:ExecuteUbergraph_SimulationSettings
[2018.12.07-21.44.10:162][  0]LogUObjectGlobals: Created PersistentFrame Addr=0x0000022f4c839b00, Size=232, Default__Anzeige_C Function /Game/Widget/Anzeige.Anzeige_C:ExecuteUbergraph_Anzeige
[2018.12.07-21.44.10:169][  0]LogUObjectGlobals: Created PersistentFrame Addr=0x0000022f4fecb800, Size=1024, Default__SimulationPawn_C Function /Game/Blueprints/SimulationPawn.SimulationPawn_C:ExecuteUbergraph_SimulationPawn
[2018.12.07-21.44.10:174][  0]LogUObjectGlobals: Created PersistentFrame Addr=0x0000022f4c8d1360, Size=208, Default__SimulationSettings_C Function /Game/Blueprints/SimulationSettings.SimulationSettings_C:ExecuteUbergraph_SimulationSettings
[2018.12.07-21.44.10:479][  0]LogAIModule: Creating AISystem for world Waterfall
[2018.12.07-21.44.10:486][  0]LogEditorServer: Finished looking for orphan Actors (0.000 secs)
[2018.12.07-21.44.10:504][  0]LogUObjectGlobals: Destroyed PersistentFrame Addr=0x0000022f4cbbff20, Size=208
[2018.12.07-21.44.10:504][  0]LogUObjectGlobals: Destroyed PersistentFrame Addr=0x0000022f4c7ef800, Size=1024
[2018.12.07-21.44.10:504][  0]LogUObjectGlobals: Destroyed PersistentFrame Addr=0x0000022f4bb9d200, Size=232
[2018.12.07-21.44.10:506][  0]Cmd: MAP CHECKDEP NOCLEARLOG
[2018.12.07-21.44.10:553][  0]MapCheck: Map check complete: 0 Error(s), 0 Warning(s), took 46,896ms to complete.
[2018.12.07-21.44.10:553][  0]LogFileHelpers: Loading map 'Waterfall' took 0.675
[2018.12.07-21.44.10:724][  0]LogCollectionManager: Loaded 0 collections in 0.001388 seconds
[2018.12.07-21.44.10:785][  0]LogFileCache: Scanning file cache for directory 'D:/Studium/Fluide/Simulation/Saved/Collections/' took 0.01s
[2018.12.07-21.44.10:785][  0]LogFileCache: Scanning file cache for directory 'D:/Studium/Fluide/Simulation/Content/Developers/Timo/Collections/' took 0.01s
[2018.12.07-21.44.10:785][  0]LogFileCache: Scanning file cache for directory 'D:/Studium/Fluide/Simulation/Content/Collections/' took 0.01s
[2018.12.07-21.44.10:785][  0]LogCollectionManager: Rebuilt the GUID cache for 0 collections in 0.000000 seconds
[2018.12.07-21.44.10:799][  0]LogContentBrowser: Native class hierarchy populated in 0.0137 seconds. Added 2496 classes and 576 folders.
[2018.12.07-21.44.10:808][  0]LogContentBrowser: Native class hierarchy updated for 'WidgetCarousel' in 0.0020 seconds. Added 0 classes and 0 folders.
[2018.12.07-21.44.10:855][  0]LogContentBrowser: Native class hierarchy updated for 'AddContentDialog' in 0.0019 seconds. Added 0 classes and 0 folders.
[2018.12.07-21.44.10:864][  0]LogContentBrowser: Native class hierarchy updated for 'SceneOutliner' in 0.0018 seconds. Added 1 classes and 2 folders.
[2018.12.07-21.44.10:886][  0]LogSlate: Took 0.000217 seconds to synchronously load lazily loaded font '../../../Engine/Content/Slate/Fonts/Roboto-Regular.ttf' (155K)
[2018.12.07-21.44.10:888][  0]LogSlate: Took 0.000250 seconds to synchronously load lazily loaded font '../../../Engine/Content/Slate/Fonts/Roboto-Bold.ttf' (160K)
[2018.12.07-21.44.10:896][  0]LogSlate: Took 0.000212 seconds to synchronously load lazily loaded font '../../../Engine/Content/Editor/Slate/Fonts/FontAwesome.ttf' (139K)
[2018.12.07-21.44.11:000][  0]LogRenderer: Reallocating scene render targets to support 1208x600 Format 10 NumSamples 1 (Frame:1).
[2018.12.07-21.44.11:165][  0]LogContentBrowser: Native class hierarchy updated for 'HierarchicalLODOutliner' in 0.0019 seconds. Added 0 classes and 0 folders.
[2018.12.07-21.44.11:165][  0]LogLoad: (Engine Initialization) Total time: 13.22 seconds
[2018.12.07-21.44.11:166][  0]LogLoad: (Engine Initialization) Total Blueprint compile time: 0.00 seconds
[2018.12.07-21.44.11:175][  0]LogWindowsTextInputMethodSystem: Display: IME system now deactivated.
[2018.12.07-21.44.11:193][  0]LogContentStreaming: Texture pool size now 3000 MB
[2018.12.07-21.44.11:218][  0]LogSlate: Took 0.000169 seconds to synchronously load lazily loaded font '../../../Engine/Content/Slate/Fonts/Roboto-Light.ttf' (167K)
[2018.12.07-21.44.11:237][  1]LogAssetRegistry: Asset discovery search completed in 7.0987 seconds
[2018.12.07-21.44.11:239][  1]LogCollectionManager: Rebuilt the object cache for 0 collections in 0.000000 seconds (found 0 objects)
[2018.12.07-21.44.11:239][  1]LogCollectionManager: Fixed up redirectors for 0 collections in 0.000256 seconds (updated 0 objects)
[2018.12.07-21.44.13:269][229]LogSlate: FSceneViewport::OnFocusLost() reason 0
[2018.12.07-21.44.21:267][134]LogSlate: Took 0.000293 seconds to synchronously load lazily loaded font '../../../Engine/Content/Slate/Fonts/Roboto-Light.ttf' (167K)
[2018.12.07-21.44.21:297][134]LogAIModule: Creating AISystem for world PeriodicShearWave
[2018.12.07-21.44.21:314][134]Cmd: MAP LOAD FILE="../../../../../Studium/Fluide/Simulation/Content/Levels/2D/PeriodicShearWave.umap" TEMPLATE=0 SHOWPROGRESS=1 FEATURELEVEL=3
[2018.12.07-21.44.21:314][134]LightingResults: New page: Lighting Build
[2018.12.07-21.44.21:315][134]LoadErrors: New page: Loading map: PeriodicShearWave.umap
[2018.12.07-21.44.21:316][134]MapCheck: New page: Map Check
[2018.12.07-21.44.21:316][134]LightingResults: New page: Lighting Build
[2018.12.07-21.44.21:329][134]LogEditorServer: Finished looking for orphan Actors (0.000 secs)
[2018.12.07-21.44.21:382][134]Cmd: MAP CHECKDEP NOCLEARLOG
[2018.12.07-21.44.21:452][134]MapCheck: Map check complete: 0 Error(s), 0 Warning(s), took 69,332ms to complete.
[2018.12.07-21.44.21:452][134]LogFileHelpers: Loading map 'PeriodicShearWave' took 0.139
[2018.12.07-21.44.23:279][334]LogTemp: Repeating last play command: Selected Viewport
[2018.12.07-21.44.23:304][334]LogBlueprintUserMessages: Early PlayInEditor Detection: Level '/Game/Levels/2D/PeriodicShearWave.PeriodicShearWave:PersistentLevel' has LevelScriptBlueprint '/Game/Levels/2D/PeriodicShearWave.PeriodicShearWave:PersistentLevel.PeriodicShearWave' with GeneratedClass '/Game/Levels/2D/PeriodicShearWave.PeriodicShearWave_C' with ClassGeneratedBy '/Game/Levels/2D/PeriodicShearWave.PeriodicShearWave:PersistentLevel.PeriodicShearWave'
[2018.12.07-21.44.23:305][334]LogPlayLevel: PlayLevel: No blueprints needed recompiling
[2018.12.07-21.44.23:305][334]PIE: New page: PIE session: PeriodicShearWave (07.12.2018 23:44:23)
[2018.12.07-21.44.23:305][334]LogPlayLevel: Creating play world package: /Game/Levels/2D/UEDPIE_0_PeriodicShearWave
[2018.12.07-21.44.23:309][334]LogPlayLevel: PIE: StaticDuplicateObject took: (0.003573s)
[2018.12.07-21.44.23:310][334]LogAIModule: Creating AISystem for world PeriodicShearWave
[2018.12.07-21.44.23:311][334]LogPlayLevel: PIE: World Init took: (0.001442s)
[2018.12.07-21.44.23:311][334]LogPlayLevel: PIE: Created PIE world by copying editor world from /Game/Levels/2D/PeriodicShearWave.PeriodicShearWave to /Game/Levels/2D/UEDPIE_0_PeriodicShearWave.PeriodicShearWave (0.005451s)
[2018.12.07-21.44.23:330][334]LogInit: XAudio2 using '4 - SAMSUNG (AMD High Definition Audio Device)' : 2 channels at 48 kHz using 16 bits per sample (channel mask 0x3)
[2018.12.07-21.44.23:340][334]LogInit: FAudioDevice initialized.
[2018.12.07-21.44.23:391][334]LogLoad: Game class is 'SimulationSettings_C'
[2018.12.07-21.44.23:395][334]LogWorld: Bringing World /Game/Levels/2D/UEDPIE_0_PeriodicShearWave.PeriodicShearWave up for play (max tick rate 0) at 2018.12.07-22.44.23
[2018.12.07-21.44.23:396][334]LogWorld: Bringing up level for play took: 0.001713
[2018.12.07-21.44.23:401][334]LogContentBrowser: Native class hierarchy updated for 'MovieSceneCapture' in 0.0018 seconds. Added 11 classes and 0 folders.
[2018.12.07-21.44.23:402][334]LogGameMode: Display: Match State Changed from EnteringMap to WaitingToStart
[2018.12.07-21.44.23:402][334]LogGameState: Match State Changed from EnteringMap to WaitingToStart
[2018.12.07-21.44.23:402][334]LogGameMode: Display: Match State Changed from WaitingToStart to InProgress
[2018.12.07-21.44.23:467][334]LogGameState: Match State Changed from WaitingToStart to InProgress
[2018.12.07-21.44.23:468][334]PIE: Play in editor start time for /Game/Levels/2D/UEDPIE_0_PeriodicShearWave -0,413
[2018.12.07-21.44.23:468][334]LogBlueprintUserMessages: Late PlayInEditor Detection: Level '/Game/Levels/2D/PeriodicShearWave.PeriodicShearWave:PersistentLevel' has LevelScriptBlueprint '/Game/Levels/2D/PeriodicShearWave.PeriodicShearWave:PersistentLevel.PeriodicShearWave' with GeneratedClass '/Game/Levels/2D/PeriodicShearWave.PeriodicShearWave_C' with ClassGeneratedBy '/Game/Levels/2D/PeriodicShearWave.PeriodicShearWave:PersistentLevel.PeriodicShearWave'
[2018.12.07-21.44.49:347][336]LogBlueprintUserMessages: Early EndPlayMap Detection: Level '/Game/Levels/2D/PeriodicShearWave.PeriodicShearWave:PersistentLevel' has LevelScriptBlueprint '/Game/Levels/2D/PeriodicShearWave.PeriodicShearWave:PersistentLevel.PeriodicShearWave' with GeneratedClass '/Game/Levels/2D/PeriodicShearWave.PeriodicShearWave_C' with ClassGeneratedBy '/Game/Levels/2D/PeriodicShearWave.PeriodicShearWave:PersistentLevel.PeriodicShearWave'
[2018.12.07-21.44.49:388][336]LogBlueprintUserMessages: Late EndPlayMap Detection: Level '/Game/Levels/2D/PeriodicShearWave.PeriodicShearWave:PersistentLevel' has LevelScriptBlueprint '/Game/Levels/2D/PeriodicShearWave.PeriodicShearWave:PersistentLevel.PeriodicShearWave' with GeneratedClass '/Game/Levels/2D/PeriodicShearWave.PeriodicShearWave_C' with ClassGeneratedBy '/Game/Levels/2D/PeriodicShearWave.PeriodicShearWave:PersistentLevel.PeriodicShearWave'
[2018.12.07-21.44.50:535][456]LogSlate: FSceneViewport::OnFocusLost() reason 0
[2018.12.07-21.44.51:897][574]LogContentBrowser: Native class hierarchy updated for 'BlueprintGraph' in 0.0049 seconds. Added 116 classes and 0 folders.
[2018.12.07-21.44.52:331][574]LogUObjectGlobals: Created PersistentFrame Addr=0x0000022f04be97b8, Size=4, Default__SKEL_PROTO_BP_AnimBlueprint_0_C Function /Engine/Transient.SKEL_PROTO_BP_AnimBlueprint_0_C:ExecuteUbergraph_PROTO_BP_AnimBlueprint_0
[2018.12.07-21.44.52:332][574]LogUObjectGlobals: Created PersistentFrame Addr=0x0000022f04be97b0, Size=4, Default__PROTO_BP_AnimBlueprint_0_C Function /Engine/Transient.PROTO_BP_AnimBlueprint_0_C:ExecuteUbergraph_PROTO_BP_AnimBlueprint_0
[2018.12.07-21.44.53:029][574]LogSlate: Took 0.000259 seconds to synchronously load lazily loaded font '../../../Engine/Content/Slate/Fonts/Roboto-BoldCondensed.ttf' (158K)
[2018.12.07-21.44.53:164][575]LogSlate: Took 0.000239 seconds to synchronously load lazily loaded font '../../../Engine/Content/Slate/Fonts/Roboto-Italic.ttf' (157K)
[2018.12.07-21.45.02:989][617]LogSlate: Window 'Simulation - Unreal Editor' being destroyed
[2018.12.07-21.45.02:990][617]LogWindowsTextInputMethodSystem: Display: IME system now deactivated.
[2018.12.07-21.45.03:210][618]Cmd: QUIT_EDITOR
[2018.12.07-21.45.03:309][618]LogSlate: Slate User Destroyed.  User Index 0, Is Virtual User: 0
[2018.12.07-21.45.03:310][618]LogExit: Preparing to exit.
[2018.12.07-21.45.03:616][618]LogDirectoryWatcher: A directory notification for 'D:/Studium/Fluide/Simulation/Content/' was aborted.
[2018.12.07-21.45.03:697][618]LogExit: Editor shut down
[2018.12.07-21.45.03:701][618]LogExit: Transaction tracking system shut down
[2018.12.07-21.45.03:704][618]LogUObjectGlobals: Destroyed PersistentFrame Addr=0x0000022f4c839b00, Size=232
[2018.12.07-21.45.03:705][618]LogUObjectGlobals: Destroyed PersistentFrame Addr=0x0000022f4fecb800, Size=1024
[2018.12.07-21.45.03:705][618]LogUObjectGlobals: Destroyed PersistentFrame Addr=0x0000022f4c8d1360, Size=208
[2018.12.07-21.45.03:710][618]LogUObjectGlobals: Destroyed PersistentFrame Addr=0x0000022f04be97b8, Size=4
[2018.12.07-21.45.03:711][618]LogUObjectGlobals: Destroyed PersistentFrame Addr=0x0000022f04be97b0, Size=4
[2018.12.07-21.45.03:845][618]LogDirectoryWatcher: A directory notification for '../../../Engine/Content/' was aborted.
[2018.12.07-21.45.03:845][618]LogDirectoryWatcher: A directory notification for '../../../../../Studium/Fluide/Simulation/Content/' was aborted.
[2018.12.07-21.45.03:845][618]LogDirectoryWatcher: A directory notification for '../../Plugins/2D/Paper2D/Content/' was aborted.
[2018.12.07-21.45.03:845][618]LogDirectoryWatcher: A directory notification for '../../Plugins/Enterprise/DatasmithContent/Content/' was aborted.
[2018.12.07-21.45.03:846][618]LogDirectoryWatcher: A directory notification for '../../Plugins/Media/MediaCompositing/Content/' was aborted.
[2018.12.07-21.45.03:846][618]LogDirectoryWatcher: A directory notification for '../../Plugins/Runtime/AppleARKit/Content/' was aborted.
[2018.12.07-21.45.03:846][618]LogDirectoryWatcher: A directory notification for '../../Plugins/Runtime/Oculus/OculusVR/Content/' was aborted.
[2018.12.07-21.45.03:846][618]LogDirectoryWatcher: A directory notification for '../../Plugins/Runtime/Steam/SteamVR/Content/' was aborted.
[2018.12.07-21.45.03:846][618]LogDirectoryWatcher: A directory notification for '../../../../../Studium/Fluide/Simulation/Plugins/PointCloudPlugin/Content/' was aborted.
[2018.12.07-21.45.03:968][618]LogExit: Object subsystem successfully closed.
[2018.12.07-21.45.04:101][618]LogShaderCompilers: Display: Shaders left to compile 0
[2018.12.07-21.45.04:110][618]LogD3D11RHI: Shutdown
[2018.12.07-21.45.04:110][618]LogD3D11RHI: CleanupD3DDevice
[2018.12.07-21.45.04:148][618]LogD3D11RHI: ~FD3D11DynamicRHI
[2018.12.07-21.45.04:160][618]LogModuleManager: Shutting down and abandoning module BlueprintGraph (584)
[2018.12.07-21.45.04:160][618]LogModuleManager: Shutting down and abandoning module MovieSceneCapture (582)
[2018.12.07-21.45.04:160][618]LogModuleManager: Shutting down and abandoning module HierarchicalLODOutliner (580)
[2018.12.07-21.45.04:160][618]LogModuleManager: Shutting down and abandoning module DesktopPlatform (578)
[2018.12.07-21.45.04:160][618]LogModuleManager: Shutting down and abandoning module SceneOutliner (576)
[2018.12.07-21.45.04:160][618]LogModuleManager: Shutting down and abandoning module AddContentDialog (574)
[2018.12.07-21.45.04:161][618]LogDirectoryWatcher: A directory notification for 'D:/Programme/UE_4.19/FeaturePacks/' was aborted.
[2018.12.07-21.45.04:162][618]LogModuleManager: Shutting down and abandoning module WidgetCarousel (573)
[2018.12.07-21.45.04:162][618]LogModuleManager: Shutting down and abandoning module EditorWidgets (570)
[2018.12.07-21.45.04:162][618]LogModuleManager: Shutting down and abandoning module CollectionManager (568)
[2018.12.07-21.45.04:162][618]LogDirectoryWatcher: A directory notification for 'D:/Studium/Fluide/Simulation/Content/Collections/' was aborted.
[2018.12.07-21.45.04:162][618]LogDirectoryWatcher: A directory notification for 'D:/Studium/Fluide/Simulation/Content/Developers/Timo/Collections/' was aborted.
[2018.12.07-21.45.04:162][618]LogDirectoryWatcher: A directory notification for 'D:/Studium/Fluide/Simulation/Saved/Collections/' was aborted.
[2018.12.07-21.45.04:163][618]LogModuleManager: Shutting down and abandoning module StatsViewer (566)
[2018.12.07-21.45.04:163][618]LogModuleManager: Shutting down and abandoning module FoliageEdit (564)
[2018.12.07-21.45.04:163][618]LogModuleManager: Shutting down and abandoning module LandscapeEditor (562)
[2018.12.07-21.45.04:163][618]LogModuleManager: Shutting down and abandoning module MeshPaintMode (560)
[2018.12.07-21.45.04:163][618]LogModuleManager: Shutting down and abandoning module SceneDepthPickerMode (558)
[2018.12.07-21.45.04:163][618]LogModuleManager: Shutting down and abandoning module ActorPickerMode (556)
[2018.12.07-21.45.04:163][618]LogModuleManager: Shutting down and abandoning module GeometryMode (554)
[2018.12.07-21.45.04:163][618]LogModuleManager: Shutting down and abandoning module TextureAlignMode (552)
[2018.12.07-21.45.04:163][618]LogModuleManager: Shutting down and abandoning module BspMode (550)
[2018.12.07-21.45.04:164][618]LogModuleManager: Shutting down and abandoning module PIEPreviewDeviceProfileSelector (548)
[2018.12.07-21.45.04:164][618]LogModuleManager: Shutting down and abandoning module HardwareSurvey (546)
[2018.12.07-21.45.04:164][618]LogModuleManager: Shutting down and abandoning module SequenceRecorderSections (544)
[2018.12.07-21.45.04:164][618]LogModuleManager: Shutting down and abandoning module AutomationWorker (542)
[2018.12.07-21.45.04:164][618]LogModuleManager: Shutting down and abandoning module AudioCaptureEditor (540)
[2018.12.07-21.45.04:164][618]LogModuleManager: Shutting down and abandoning module SequenceRecorder (539)
[2018.12.07-21.45.04:164][618]LogModuleManager: Shutting down and abandoning module MatineeToLevelSequence (536)
[2018.12.07-21.45.04:164][618]LogModuleManager: Shutting down and abandoning module LevelSequenceEditor (534)
[2018.12.07-21.45.04:164][618]LogModuleManager: Shutting down and abandoning module PlacementMode (533)
[2018.12.07-21.45.04:165][618]LogModuleManager: Shutting down and abandoning module MaterialEditor (532)
[2018.12.07-21.45.04:165][618]LogModuleManager: Shutting down and abandoning module WmfMediaFactory (528)
[2018.12.07-21.45.04:165][618]LogModuleManager: Shutting down and abandoning module WmfMediaEditor (526)
[2018.12.07-21.45.04:165][618]LogModuleManager: Shutting down and abandoning module MediaPlayerEditor (524)
[2018.12.07-21.45.04:165][618]LogModuleManager: Shutting down and abandoning module OpenExrWrapper (522)
[2018.12.07-21.45.04:165][618]LogModuleManager: Shutting down and abandoning module ImgMediaFactory (520)
[2018.12.07-21.45.04:165][618]LogModuleManager: Shutting down and abandoning module ImgMediaEditor (518)
[2018.12.07-21.45.04:165][618]LogModuleManager: Shutting down and abandoning module AvfMediaFactory (516)
[2018.12.07-21.45.04:165][618]LogModuleManager: Shutting down and abandoning module AvfMediaEditor (514)
[2018.12.07-21.45.04:166][618]LogModuleManager: Shutting down and abandoning module AndroidMediaFactory (512)
[2018.12.07-21.45.04:166][618]LogModuleManager: Shutting down and abandoning module AndroidMediaEditor (510)
[2018.12.07-21.45.04:166][618]LogModuleManager: Shutting down and abandoning module CharacterAI (508)
[2018.12.07-21.45.04:166][618]LogModuleManager: Shutting down and abandoning module SmartSnapping (506)
[2018.12.07-21.45.04:166][618]LogModuleManager: Shutting down and abandoning module SessionServices (504)
[2018.12.07-21.45.04:166][618]LogModuleManager: Shutting down and abandoning module ViewportSnapping (502)
[2018.12.07-21.45.04:166][618]LogModuleManager: Shutting down and abandoning module ViewportInteraction (500)
[2018.12.07-21.45.04:166][618]LogModuleManager: Shutting down and abandoning module ClothPainter (498)
[2018.12.07-21.45.04:166][618]LogModuleManager: Shutting down and abandoning module SkeletalMeshEditor (497)
[2018.12.07-21.45.04:166][618]LogModuleManager: Shutting down and abandoning module LogVisualizer (494)
[2018.12.07-21.45.04:166][618]LogModuleManager: Shutting down and abandoning module IntroTutorials (492)
[2018.12.07-21.45.04:167][618]LogModuleManager: Shutting down and abandoning module GameProjectGeneration (491)
[2018.12.07-21.45.04:167][618]LogModuleManager: Shutting down and abandoning module IOSPlatformEditor (488)
[2018.12.07-21.45.04:167][618]LogModuleManager: Shutting down and abandoning module HTML5PlatformEditor (486)
[2018.12.07-21.45.04:167][618]LogModuleManager: Shutting down and abandoning module AndroidPlatformEditor (484)
[2018.12.07-21.45.04:167][618]LogModuleManager: Shutting down and abandoning module AndroidDeviceDetection (483)
[2018.12.07-21.45.04:404][618]LogModuleManager: Shutting down and abandoning module WindowsPlatformEditor (480)
[2018.12.07-21.45.04:404][618]LogModuleManager: Shutting down and abandoning module IOSRuntimeSettings (478)
[2018.12.07-21.45.04:404][618]LogModuleManager: Shutting down and abandoning module AndroidRuntimeSettings (476)
[2018.12.07-21.45.04:405][618]LogModuleManager: Shutting down and abandoning module InputBindingEditor (474)
[2018.12.07-21.45.04:405][618]LogModuleManager: Shutting down and abandoning module MergeActors (472)
[2018.12.07-21.45.04:405][618]LogModuleManager: Shutting down and abandoning module LocalizationDashboard (470)
[2018.12.07-21.45.04:405][618]LogModuleManager: Shutting down and abandoning module LocalizationService (469)
[2018.12.07-21.45.04:405][618]LogModuleManager: Shutting down and abandoning module HardwareTargeting (466)
[2018.12.07-21.45.04:405][618]LogModuleManager: Shutting down and abandoning module DeviceProfileEditor (464)
[2018.12.07-21.45.04:405][618]LogModuleManager: Shutting down and abandoning module UndoHistory (462)
[2018.12.07-21.45.04:405][618]LogModuleManager: Shutting down and abandoning module XmlParser (460)
[2018.12.07-21.45.04:406][618]LogModuleManager: Shutting down and abandoning module Blutility (458)
[2018.12.07-21.45.04:406][618]LogModuleManager: Shutting down and abandoning module ProjectSettingsViewer (456)
[2018.12.07-21.45.04:406][618]LogModuleManager: Shutting down and abandoning module ProjectTargetPlatformEditor (455)
[2018.12.07-21.45.04:406][618]LogModuleManager: Shutting down and abandoning module EditorSettingsViewer (452)
[2018.12.07-21.45.04:406][618]LogModuleManager: Shutting down and abandoning module SettingsEditor (450)
[2018.12.07-21.45.04:406][618]LogModuleManager: Shutting down and abandoning module ProjectLauncher (448)
[2018.12.07-21.45.04:406][618]LogModuleManager: Shutting down and abandoning module SessionFrontend (446)
[2018.12.07-21.45.04:407][618]LogModuleManager: Shutting down and abandoning module ProfilerClient (444)
[2018.12.07-21.45.04:407][618]LogModuleManager: Shutting down and abandoning module DeviceManager (442)
[2018.12.07-21.45.04:407][618]LogModuleManager: Shutting down and abandoning module TargetDeviceServices (441)
[2018.12.07-21.45.04:462][618]LogModuleManager: Shutting down and abandoning module AutomationController (438)
[2018.12.07-21.45.04:462][618]LogModuleManager: Shutting down and abandoning module AutomationWindow (436)
[2018.12.07-21.45.04:462][618]LogModuleManager: Shutting down and abandoning module Layers (434)
[2018.12.07-21.45.04:462][618]LogModuleManager: Shutting down and abandoning module ComponentVisualizers (432)
[2018.12.07-21.45.04:463][618]LogModuleManager: Shutting down and abandoning module DetailCustomizations (430)
[2018.12.07-21.45.04:463][618]LogModuleManager: Shutting down and abandoning module PackagesDialog (428)
[2018.12.07-21.45.04:463][618]LogModuleManager: Shutting down and abandoning module Persona (426)
[2018.12.07-21.45.04:463][618]LogModuleManager: Shutting down and abandoning module AdvancedPreviewScene (425)
[2018.12.07-21.45.04:463][618]LogModuleManager: Shutting down and abandoning module AnimGraph (423)
[2018.12.07-21.45.04:463][618]LogModuleManager: Shutting down and abandoning module Kismet (420)
[2018.12.07-21.45.04:474][618]LogModuleManager: Shutting down and abandoning module GraphEditor (418)
[2018.12.07-21.45.04:474][618]LogModuleManager: Shutting down and abandoning module ClassViewer (416)
[2018.12.07-21.45.04:475][618]LogModuleManager: Shutting down and abandoning module Toolbox (414)
[2018.12.07-21.45.04:475][618]LogModuleManager: Shutting down and abandoning module ModuleUI (412)
[2018.12.07-21.45.04:475][618]LogModuleManager: Shutting down and abandoning module MovieSceneTools (410)
[2018.12.07-21.45.04:475][618]LogModuleManager: Shutting down and abandoning module OutputLog (408)
[2018.12.07-21.45.04:475][618]LogModuleManager: Shutting down and abandoning module GammaUI (406)
[2018.12.07-21.45.04:475][618]LogModuleManager: Shutting down and abandoning module Documentation (404)
[2018.12.07-21.45.04:476][618]LogModuleManager: Shutting down and abandoning module MovieSceneTracks (402)
[2018.12.07-21.45.04:476][618]LogModuleManager: Shutting down and abandoning module MovieScene (400)
[2018.12.07-21.45.04:476][618]LogModuleManager: Shutting down and abandoning module StreamingPauseRendering (398)
[2018.12.07-21.45.04:476][618]LogModuleManager: Shutting down and abandoning module LauncherPlatform (396)
[2018.12.07-21.45.04:476][618]LogModuleManager: Shutting down and abandoning module AnalyticsET (394)
[2018.12.07-21.45.04:476][618]LogModuleManager: Shutting down and abandoning module PortalServices (392)
[2018.12.07-21.45.04:476][618]LogModuleManager: Shutting down and abandoning module PortalRpc (390)
[2018.12.07-21.45.04:476][618]LogModuleManager: Shutting down and abandoning module MessagingRpc (388)
[2018.12.07-21.45.04:477][618]LogModuleManager: Shutting down and abandoning module AIModule (386)
[2018.12.07-21.45.04:477][618]LogModuleManager: Shutting down and abandoning module GameplayDebugger (385)
[2018.12.07-21.45.04:477][618]LogModuleManager: Shutting down and abandoning module AITestSuite (383)
[2018.12.07-21.45.04:477][618]LogModuleManager: Shutting down and abandoning module ProfilerService (380)
[2018.12.07-21.45.04:509][618]LogModuleManager: Shutting down and abandoning module TaskGraph (378)
[2018.12.07-21.45.04:509][618]LogModuleManager: Shutting down and abandoning module PointCloudEditor (376)
[2018.12.07-21.45.04:509][618]LogModuleManager: Shutting down and abandoning module SteamVRController (374)
[2018.12.07-21.45.04:509][618]LogModuleManager: Shutting down and abandoning module ProceduralMeshComponentEditor (372)
[2018.12.07-21.45.04:509][618]LogModuleManager: Shutting down and abandoning module ProceduralMeshComponent (370)
[2018.12.07-21.45.04:509][618]LogModuleManager: Shutting down and abandoning module OculusInput (368)
[2018.12.07-21.45.04:510][618]LogModuleManager: Shutting down and abandoning module MobilePatchingUtils (366)
[2018.12.07-21.45.04:510][618]LogModuleManager: Shutting down and abandoning module CustomMeshComponent (364)
[2018.12.07-21.45.04:510][618]LogModuleManager: Shutting down and abandoning module CableComponent (362)
[2018.12.07-21.45.04:510][618]LogModuleManager: Shutting down and abandoning module AudioCapture (360)
[2018.12.07-21.45.04:510][618]LogModuleManager: Shutting down and abandoning module ArchVisCharacter (358)
[2018.12.07-21.45.04:510][618]LogModuleManager: Shutting down and abandoning module AndroidPermission (356)
[2018.12.07-21.45.04:511][618]LogModuleManager: Shutting down and abandoning module NUTUnrealEngine4 (352)
[2018.12.07-21.45.04:511][618]LogModuleManager: Shutting down and abandoning module NetcodeUnitTest (350)
[2018.12.07-21.45.04:511][618]LogModuleManager: Shutting down and abandoning module MediaCompositingEditor (348)
[2018.12.07-21.45.04:511][618]LogModuleManager: Shutting down and abandoning module MediaCompositing (346)
[2018.12.07-21.45.04:511][618]LogModuleManager: Shutting down and abandoning module LinearTimecode (344)
[2018.12.07-21.45.04:511][618]LogModuleManager: Shutting down and abandoning module ImgMedia (342)
[2018.12.07-21.45.04:521][618]LogModuleManager: Shutting down and abandoning module HTML5Networking (340)
[2018.12.07-21.45.04:522][618]LogModuleManager: Shutting down and abandoning module AlembicImporter (338)
[2018.12.07-21.45.04:522][618]LogModuleManager: Shutting down and abandoning module AlembicLibrary (337)
[2018.12.07-21.45.04:522][618]LogModuleManager: Shutting down and abandoning module GeometryCache (336)
[2018.12.07-21.45.04:522][618]LogModuleManager: Shutting down and abandoning module GeometryCacheEd (335)
[2018.12.07-21.45.04:522][618]LogModuleManager: Shutting down and abandoning module DatasmithContent (330)
[2018.12.07-21.45.04:522][618]LogModuleManager: Shutting down and abandoning module SpeedTreeImporter (328)
[2018.12.07-21.45.04:522][618]LogModuleManager: Shutting down and abandoning module PluginBrowser (326)
[2018.12.07-21.45.04:523][618]LogModuleManager: Shutting down and abandoning module MobileLauncherProfileWizard (324)
[2018.12.07-21.45.04:523][618]LogModuleManager: Shutting down and abandoning module CryptoKeysOpenSSL (322)
[2018.12.07-21.45.04:523][618]LogModuleManager: Shutting down and abandoning module CryptoKeys (320)
[2018.12.07-21.45.04:523][618]LogModuleManager: Shutting down and abandoning module VisualStudioSourceCodeAccess (318)
[2018.12.07-21.45.04:523][618]LogModuleManager: Shutting down and abandoning module VisualStudioCodeSourceCodeAccess (316)
[2018.12.07-21.45.04:524][618]LogModuleManager: Shutting down and abandoning module UObjectPlugin (314)
[2018.12.07-21.45.04:524][618]LogModuleManager: Shutting down and abandoning module SubversionSourceControl (312)
[2018.12.07-21.45.04:524][618]LogModuleManager: Shutting down and abandoning module PerforceSourceControl (310)
[2018.12.07-21.45.04:524][618]LogModuleManager: Shutting down and abandoning module GitSourceControl (308)
[2018.12.07-21.45.04:524][618]LogModuleManager: Shutting down and abandoning module SourceControl (307)
[2018.12.07-21.45.04:525][618]LogModuleManager: Shutting down and abandoning module CLionSourceCodeAccess (304)
[2018.12.07-21.45.04:525][618]LogModuleManager: Shutting down and abandoning module LightPropagationVolumeEditor (302)
[2018.12.07-21.45.04:525][618]LogModuleManager: Shutting down and abandoning module PaperTiledImporter (300)
[2018.12.07-21.45.04:525][618]LogModuleManager: Shutting down and abandoning module PaperSpriteSheetImporter (298)
[2018.12.07-21.45.04:525][618]LogModuleManager: Shutting down and abandoning module Paper2DEditor (296)
[2018.12.07-21.45.04:525][618]LogModuleManager: Shutting down and abandoning module MeshPaint (295)
[2018.12.07-21.45.04:525][618]LogModuleManager: Shutting down and abandoning module Simulation (292)
[2018.12.07-21.45.04:526][618]LogModuleManager: Shutting down and abandoning module RuntimePhysXCooking (290)
[2018.12.07-21.45.04:526][618]LogModuleManager: Shutting down and abandoning module PhysXVehiclesEditor (288)
[2018.12.07-21.45.04:526][618]LogModuleManager: Shutting down and abandoning module PhysXVehicles (286)
[2018.12.07-21.45.04:526][618]LogModuleManager: Shutting down and abandoning module OculusEditor (284)
[2018.12.07-21.45.04:526][618]LogModuleManager: Shutting down and abandoning module LocationServicesBPLibrary (282)
[2018.12.07-21.45.04:526][618]LogModuleManager: Shutting down and abandoning module ImmediatePhysicsEditor (280)
[2018.12.07-21.45.04:526][618]LogModuleManager: Shutting down and abandoning module ImmediatePhysics (278)
[2018.12.07-21.45.04:526][618]LogModuleManager: Shutting down and abandoning module ActorSequence (276)
[2018.12.07-21.45.04:526][618]LogModuleManager: Shutting down and abandoning module UdpMessaging (274)
[2018.12.07-21.45.04:628][618]LogModuleManager: Shutting down and abandoning module TcpMessaging (272)
[2018.12.07-21.45.04:729][618]LogModuleManager: Shutting down and abandoning module GameplayTagsEditor (270)
[2018.12.07-21.45.04:729][618]LogModuleManager: Shutting down and abandoning module FacialAnimationEditor (268)
[2018.12.07-21.45.04:729][618]LogModuleManager: Shutting down and abandoning module FacialAnimation (266)
[2018.12.07-21.45.04:729][618]LogModuleManager: Shutting down and abandoning module DataValidation (264)
[2018.12.07-21.45.04:730][618]LogModuleManager: Shutting down and abandoning module AssetManagerEditor (262)
[2018.12.07-21.45.04:730][618]LogModuleManager: Shutting down and abandoning module LevelEditor (261)
[2018.12.07-21.45.04:731][618]LogModuleManager: Shutting down and abandoning module PixelInspectorModule (260)
[2018.12.07-21.45.04:732][618]LogModuleManager: Shutting down and abandoning module CommonMenuExtensions (258)
[2018.12.07-21.45.04:732][618]LogModuleManager: Shutting down and abandoning module MainFrame (256)
[2018.12.07-21.45.04:732][618]LogModuleManager: Shutting down and abandoning module HotReload (255)
[2018.12.07-21.45.04:733][618]LogDirectoryWatcher: A directory notification for 'D:/Studium/Fluide/Simulation/Binaries/Win64' was aborted.
[2018.12.07-21.45.04:733][618]LogDirectoryWatcher: A directory notification for 'D:/Studium/Fluide/Simulation/Plugins/PointCloudPlugin/Binaries/Win64' was aborted.
[2018.12.07-21.45.04:734][618]LogModuleManager: Shutting down and abandoning module ContentBrowser (251)
[2018.12.07-21.45.04:736][618]LogModuleManager: Shutting down and abandoning module TreeMap (249)
[2018.12.07-21.45.04:736][618]LogModuleManager: Shutting down and abandoning module LightPropagationVolumeRuntime (246)
[2018.12.07-21.45.04:736][618]LogModuleManager: Shutting down and abandoning module LiveLinkEditor (244)
[2018.12.07-21.45.04:736][618]LogModuleManager: Shutting down and abandoning module LiveLink (242)
[2018.12.07-21.45.05:238][618]LogModuleManager: Shutting down and abandoning module Paper2D (240)
[2018.12.07-21.45.05:238][618]LogModuleManager: Shutting down and abandoning module WindowsMoviePlayer (238)
[2018.12.07-21.45.05:238][618]LogModuleManager: Shutting down and abandoning module WmfMedia (236)
[2018.12.07-21.45.05:252][618]LogModuleManager: Shutting down and abandoning module Media (235)
[2018.12.07-21.45.05:260][618]LogModuleManager: Shutting down and abandoning module PacketHandler (232)
[2018.12.07-21.45.05:260][618]LogModuleManager: Shutting down and abandoning module ClothingSystemEditor (230)
[2018.12.07-21.45.05:260][618]LogModuleManager: Shutting down and abandoning module ClothingSystemRuntime (228)
[2018.12.07-21.45.05:260][618]LogModuleManager: Shutting down and abandoning module MediaAssets (226)
[2018.12.07-21.45.05:261][618]LogModuleManager: Shutting down and abandoning module Overlay (224)
[2018.12.07-21.45.05:261][618]LogModuleManager: Shutting down and abandoning module OverlayEditor (223)
[2018.12.07-21.45.05:261][618]LogModuleManager: Shutting down and abandoning module VREditor (220)
[2018.12.07-21.45.05:261][618]LogModuleManager: Shutting down and abandoning module StringTableEditor (218)
[2018.12.07-21.45.05:261][618]LogModuleManager: Shutting down and abandoning module GameplayTasksEditor (216)
[2018.12.07-21.45.05:261][618]LogModuleManager: Shutting down and abandoning module BehaviorTreeEditor (214)
[2018.12.07-21.45.05:261][618]LogModuleManager: Shutting down and abandoning module FunctionalTesting (212)
[2018.12.07-21.45.05:261][618]LogModuleManager: Shutting down and abandoning module CollisionAnalyzer (210)
[2018.12.07-21.45.05:262][618]LogModuleManager: Shutting down and abandoning module WorkspaceMenuStructure (209)
[2018.12.07-21.45.05:262][618]LogModuleManager: Shutting down and abandoning module UMG (206)
[2018.12.07-21.45.05:262][618]LogModuleManager: Shutting down and abandoning module UMGEditor (205)
[2018.12.07-21.45.05:262][618]LogModuleManager: Shutting down and abandoning module Sequencer (204)
[2018.12.07-21.45.05:262][618]LogModuleManager: Shutting down and abandoning module MessageLog (201)
[2018.12.07-21.45.05:262][618]LogModuleManager: Shutting down and abandoning module SlateReflector (196)
[2018.12.07-21.45.05:263][618]LogModuleManager: Shutting down and abandoning module Slate (194)
[2018.12.07-21.45.05:263][618]LogModuleManager: Shutting down and abandoning module EditorStyle (192)
[2018.12.07-21.45.05:266][618]LogModuleManager: Shutting down and abandoning module MRMesh (190)
[2018.12.07-21.45.05:267][618]LogModuleManager: Shutting down and abandoning module SourceCodeAccess (188)
[2018.12.07-21.45.05:267][618]LogModuleManager: Shutting down and abandoning module HeadMountedDisplay (186)
[2018.12.07-21.45.05:267][618]LogModuleManager: Shutting down and abandoning module XAudio2 (184)
[2018.12.07-21.45.05:267][618]LogModuleManager: Shutting down and abandoning module Networking (182)
[2018.12.07-21.45.05:267][618]LogModuleManager: Shutting down and abandoning module Core (180)
[2018.12.07-21.45.05:267][618]LogModuleManager: Shutting down and abandoning module LevelSequence (178)
[2018.12.07-21.45.05:267][618]LogModuleManager: Shutting down and abandoning module KismetCompiler (176)
[2018.12.07-21.45.05:267][618]LogModuleManager: Shutting down and abandoning module MeshUtilities (174)
[2018.12.07-21.45.05:268][618]LogModuleManager: Shutting down and abandoning module MeshMergeUtilities (173)
[2018.12.07-21.45.05:268][618]LogModuleManager: Shutting down and abandoning module MeshReductionInterface (172)
[2018.12.07-21.45.05:268][618]LogModuleManager: Shutting down and abandoning module SimplygonSwarm (171)
[2018.12.07-21.45.05:268][618]LogModuleManager: Shutting down and abandoning module SimplygonMeshReduction (169)
[2018.12.07-21.45.05:268][618]LogModuleManager: Shutting down and abandoning module QuadricMeshReduction (167)
[2018.12.07-21.45.05:268][618]LogModuleManager: Shutting down and abandoning module MaterialBaking (163)
[2018.12.07-21.45.05:268][618]LogModuleManager: Shutting down and abandoning module DirectoryWatcher (159)
[2018.12.07-21.45.05:270][618]LogModuleManager: Shutting down and abandoning module DerivedDataCache (156)
[2018.12.07-21.45.05:613][618]LogDerivedDataCache: Shutdown
[2018.12.07-21.45.05:613][618]LogModuleManager: Shutting down and abandoning module XGEController (154)
[2018.12.07-21.45.05:613][618]LogXGEController: Cleaning working directory: C:/Users/Timo/AppData/Local/Temp/UnrealXGEWorkingDir/
[2018.12.07-21.45.05:613][618]LogModuleManager: Shutting down and abandoning module TargetPlatform (152)
[2018.12.07-21.45.05:613][618]LogModuleManager: Shutting down and abandoning module VulkanShaderFormat (151)
[2018.12.07-21.45.05:614][618]LogModuleManager: Shutting down and abandoning module ShaderFormatVectorVM (149)
[2018.12.07-21.45.05:614][618]LogModuleManager: Shutting down and abandoning module ShaderFormatOpenGL (147)
[2018.12.07-21.45.05:614][618]LogModuleManager: Shutting down and abandoning module ShaderFormatD3D (145)
[2018.12.07-21.45.05:614][618]LogModuleManager: Shutting down and abandoning module MetalShaderFormat (143)
[2018.12.07-21.45.05:614][618]LogModuleManager: Shutting down and abandoning module TextureFormatUncompressed (141)
[2018.12.07-21.45.05:614][618]LogModuleManager: Shutting down and abandoning module TextureFormatPVR (139)
[2018.12.07-21.45.05:614][618]LogModuleManager: Shutting down and abandoning module TextureFormatDXT (137)
[2018.12.07-21.45.05:615][618]LogModuleManager: Shutting down and abandoning module TextureFormatIntelISPCTexComp (135)
[2018.12.07-21.45.05:617][618]LogModuleManager: Shutting down and abandoning module TextureFormatASTC (133)
[2018.12.07-21.45.05:617][618]LogModuleManager: Shutting down and abandoning module ImageWrapper (132)
[2018.12.07-21.45.05:617][618]LogModuleManager: Shutting down and abandoning module TextureFormatAndroid (129)
[2018.12.07-21.45.05:617][618]LogModuleManager: Shutting down and abandoning module AudioFormatOpus (127)
[2018.12.07-21.45.05:617][618]LogModuleManager: Shutting down and abandoning module AudioFormatOgg (125)
[2018.12.07-21.45.05:617][618]LogModuleManager: Shutting down and abandoning module AudioFormatADPCM (123)
[2018.12.07-21.45.05:617][618]LogModuleManager: Shutting down and abandoning module LinuxTargetPlatform (121)
[2018.12.07-21.45.05:617][618]LogModuleManager: Shutting down and abandoning module LinuxServerTargetPlatform (119)
[2018.12.07-21.45.05:617][618]LogModuleManager: Shutting down and abandoning module LinuxNoEditorTargetPlatform (117)
[2018.12.07-21.45.05:617][618]LogModuleManager: Shutting down and abandoning module LinuxClientTargetPlatform (115)
[2018.12.07-21.45.05:617][618]LogModuleManager: Shutting down and abandoning module TVOSTargetPlatform (113)
[2018.12.07-21.45.05:618][618]LogModuleManager: Shutting down and abandoning module Messaging (111)
[2018.12.07-21.45.05:618][618]LogModuleManager: Shutting down and abandoning module IOSTargetPlatform (109)
[2018.12.07-21.45.05:618][618]LogModuleManager: Shutting down and abandoning module HTML5TargetPlatform (107)
[2018.12.07-21.45.05:618][618]LogModuleManager: Shutting down and abandoning module AndroidTargetPlatform (105)
[2018.12.07-21.45.05:618][618]LogModuleManager: Shutting down and abandoning module Android_PVRTCTargetPlatform (103)
[2018.12.07-21.45.05:618][618]LogModuleManager: Shutting down and abandoning module Android_MultiTargetPlatform (101)
[2018.12.07-21.45.05:618][618]LogModuleManager: Shutting down and abandoning module Android_ETC2TargetPlatform (99)
[2018.12.07-21.45.05:618][618]LogModuleManager: Shutting down and abandoning module Android_ETC1TargetPlatform (97)
[2018.12.07-21.45.05:618][618]LogModuleManager: Shutting down and abandoning module Android_ETC1aTargetPlatform (95)
[2018.12.07-21.45.05:618][618]LogModuleManager: Shutting down and abandoning module Android_DXTTargetPlatform (93)
[2018.12.07-21.45.05:618][618]LogModuleManager: Shutting down and abandoning module Android_ATCTargetPlatform (91)
[2018.12.07-21.45.05:618][618]LogModuleManager: Shutting down and abandoning module Android_ASTCTargetPlatform (89)
[2018.12.07-21.45.05:619][618]LogModuleManager: Shutting down and abandoning module WindowsTargetPlatform (87)
[2018.12.07-21.45.05:619][618]LogModuleManager: Shutting down and abandoning module WindowsServerTargetPlatform (85)
[2018.12.07-21.45.05:619][618]LogModuleManager: Shutting down and abandoning module WindowsNoEditorTargetPlatform (83)
[2018.12.07-21.45.05:619][618]LogModuleManager: Shutting down and abandoning module WindowsClientTargetPlatform (81)
[2018.12.07-21.45.05:619][618]LogModuleManager: Shutting down and abandoning module MacTargetPlatform (79)
[2018.12.07-21.45.05:619][618]LogModuleManager: Shutting down and abandoning module MacServerTargetPlatform (77)
[2018.12.07-21.45.05:619][618]LogModuleManager: Shutting down and abandoning module MacNoEditorTargetPlatform (75)
[2018.12.07-21.45.05:619][618]LogModuleManager: Shutting down and abandoning module MacClientTargetPlatform (73)
[2018.12.07-21.45.05:619][618]LogModuleManager: Shutting down and abandoning module AllDesktopTargetPlatform (71)
[2018.12.07-21.45.05:619][618]LogModuleManager: Shutting down and abandoning module InputCore (68)
[2018.12.07-21.45.05:620][618]LogModuleManager: Shutting down and abandoning module Settings (66)
[2018.12.07-21.45.05:620][618]LogModuleManager: Shutting down and abandoning module PhysXCooking (64)
[2018.12.07-21.45.05:620][618]LogModuleManager: Shutting down and abandoning module PointCloudRuntime (62)
[2018.12.07-21.45.05:620][618]LogModuleManager: Shutting down and abandoning module SteamVR (60)
[2018.12.07-21.45.05:620][618]LogModuleManager: Shutting down and abandoning module OculusHMD (58)
[2018.12.07-21.45.05:620][618]LogModuleManager: Shutting down and abandoning module ExampleDeviceProfileSelector (56)
[2018.12.07-21.45.05:620][618]LogModuleManager: Shutting down and abandoning module AppleARKit (54)
[2018.12.07-21.45.05:620][618]LogModuleManager: Shutting down and abandoning module AugmentedReality (51)
[2018.12.07-21.45.05:620][618]LogModuleManager: Shutting down and abandoning module OnlineBlueprintSupport (48)
[2018.12.07-21.45.05:621][618]LogModuleManager: Shutting down and abandoning module OnlineSubsystem (44)
[2018.12.07-21.45.05:621][618]LogModuleManager: Shutting down and abandoning module XMPP (43)
[2018.12.07-21.45.05:621][618]LogModuleManager: Shutting down and abandoning module HTTP (41)
[2018.12.07-21.45.05:621][618]LogHttp: Display: Http module shutting down, but needs to wait on 1 outstanding Http requests:
[2018.12.07-21.45.05:621][618]LogHttp: Display: 	verb=[POST] url=[https://datarouter.ol.epicgames.com/datarouter/api/v1/public/data?SessionID=%7B218C0FE5-475E-9D65-4311-21BA432544D2%7D&AppID=UEEditor.Rocket.Release&AppVersion=4.19.2-4033788%2B%2B%2BUE4%2BRelease-4.19&UserID=d605645a4dfa3c5b8b0ac0bba7b7c154%7Ceca28a7febaf40c2b5f08e614a52c0e9%7Cc6833474-8f61-4f57-b81b-f5ceabbe441d&AppEnvironment=datacollector-binary&UploadType=eteventstream] status=Processing
[2018.12.07-21.45.05:643][618]LogModuleManager: Shutting down and abandoning module SSL (40)
[2018.12.07-21.45.05:644][618]LogModuleManager: Shutting down and abandoning module AnimationModifiers (36)
[2018.12.07-21.45.05:644][618]LogModuleManager: Shutting down and abandoning module PropertyEditor (35)
[2018.12.07-21.45.05:645][618]LogModuleManager: Shutting down and abandoning module AudioEditor (32)
[2018.12.07-21.45.05:645][618]LogModuleManager: Shutting down and abandoning module TextureCompressor (30)
[2018.12.07-21.45.05:647][618]LogModuleManager: Shutting down and abandoning module ShaderCore (28)
[2018.12.07-21.45.05:647][618]LogModuleManager: Shutting down and abandoning module Landscape (26)
[2018.12.07-21.45.05:647][618]LogModuleManager: Shutting down and abandoning module SlateRHIRenderer (24)
[2018.12.07-21.45.05:648][618]LogModuleManager: Shutting down and abandoning module OpenGLDrv (22)
[2018.12.07-21.45.05:648][618]LogModuleManager: Shutting down and abandoning module D3D11RHI (20)
[2018.12.07-21.45.05:648][618]LogModuleManager: Shutting down and abandoning module AnimGraphRuntime (18)
[2018.12.07-21.45.05:648][618]LogModuleManager: Shutting down and abandoning module Renderer (16)
[2018.12.07-21.45.05:648][618]LogModuleManager: Shutting down and abandoning module Engine (14)
[2018.12.07-21.45.05:648][618]LogModuleManager: Shutting down and abandoning module CoreUObject (12)
[2018.12.07-21.45.05:649][618]LogModuleManager: Shutting down and abandoning module NetworkFile (10)
[2018.12.07-21.45.05:649][618]LogModuleManager: Shutting down and abandoning module CookedIterativeFile (8)
[2018.12.07-21.45.05:649][618]LogModuleManager: Shutting down and abandoning module StreamingFile (6)
[2018.12.07-21.45.05:649][618]LogModuleManager: Shutting down and abandoning module SandboxFile (4)
[2018.12.07-21.45.05:649][618]LogModuleManager: Shutting down and abandoning module PakFile (2)
[2018.12.07-21.45.05:677][618]LogExit: Exiting.
[2018.12.07-21.45.05:708][618]Log file closed, 12/07/18 22:45:05
