Log file open, 12/07/18 21:48:22
LogWindows: Failed to load 'aqProf.dll' (GetLastError=126)
LogWindows: File 'aqProf.dll' does not exist
LogWindows: Failed to load 'VtuneApi.dll' (GetLastError=126)
LogWindows: File 'VtuneApi.dll' does not exist
LogWindows: Failed to load 'VtuneApi32e.dll' (GetLastError=126)
LogWindows: File 'VtuneApi32e.dll' does not exist
LogInit: Display: Running engine for game: Simulation
LogPlatformFile: Not using cached read wrapper
LogInit: Display: RandInit(1899600930) SRandInit(1899600930).
LogInit: Read version file with build ID '3944462'
LogInit: Overriding engine version to CL 4033788, compatible CL 3944462
LogInit: Registered custom module enumerator with build ID '3944462'
LogTaskGraph: Started task graph with 5 named threads and 35 total threads with 3 sets of task threads.
LogStats: Stats thread started at 0.515704
LogD3D11RHI: Aftermath initialized
LogICUInternationalization: Display: ICU TimeZone Detection - Raw Offset: +1:00, Platform Override: ''
LogPluginManager: Mounting plugin Paper2D
LogPluginManager: Mounting plugin LiveLink
LogPluginManager: Mounting plugin LightPropagationVolume
LogPluginManager: Mounting plugin CLionSourceCodeAccess
LogPluginManager: Mounting plugin CodeLiteSourceCodeAccess
LogPluginManager: Mounting plugin GitSourceControl
LogPluginManager: Mounting plugin KDevelopSourceCodeAccess
LogPluginManager: Mounting plugin NullSourceCodeAccess
LogPluginManager: Mounting plugin PerforceSourceControl
LogPluginManager: Mounting plugin SubversionSourceControl
LogPluginManager: Mounting plugin UObjectPlugin
LogPluginManager: Mounting plugin VisualStudioCodeSourceCodeAccess
LogPluginManager: Mounting plugin VisualStudioSourceCodeAccess
LogPluginManager: Mounting plugin XCodeSourceCodeAccess
LogPluginManager: Mounting plugin AssetManagerEditor
LogPluginManager: Mounting plugin CryptoKeys
LogPluginManager: Mounting plugin DataValidation
LogPluginManager: Mounting plugin FacialAnimation
LogPluginManager: Mounting plugin GameplayTagsEditor
LogPluginManager: Mounting plugin MobileLauncherProfileWizard
LogPluginManager: Mounting plugin PluginBrowser
LogPluginManager: Mounting plugin SpeedTreeImporter
LogPluginManager: Mounting plugin DatasmithContent
LogPluginManager: Mounting plugin AlembicImporter
LogPluginManager: Mounting plugin CharacterAI
LogPluginManager: Mounting plugin HTML5Networking
LogPluginManager: Mounting plugin AndroidMedia
LogPluginManager: Mounting plugin AvfMedia
LogPluginManager: Mounting plugin ImgMedia
LogPluginManager: Mounting plugin LinearTimecode
LogPluginManager: Mounting plugin MediaCompositing
LogPluginManager: Mounting plugin MediaPlayerEditor
LogPluginManager: Mounting plugin WmfMedia
LogPluginManager: Mounting plugin TcpMessaging
LogPluginManager: Mounting plugin UdpMessaging
LogPluginManager: Mounting plugin ActorSequence
LogPluginManager: Mounting plugin LevelSequenceEditor
LogPluginManager: Mounting plugin MatineeToLevelSequence
LogPluginManager: Mounting plugin NetcodeUnitTest
LogPluginManager: Mounting plugin NUTUnrealEngine4
LogPluginManager: Mounting plugin OnlineSubsystemGooglePlay
LogPluginManager: Mounting plugin OnlineSubsystemIOS
LogPluginManager: Mounting plugin OnlineSubsystem
LogPluginManager: Mounting plugin OnlineSubsystemNull
LogPluginManager: Mounting plugin OnlineSubsystemUtils
LogPluginManager: Mounting plugin AndroidDeviceProfileSelector
LogPluginManager: Mounting plugin AndroidMoviePlayer
LogPluginManager: Mounting plugin AndroidPermission
LogPluginManager: Mounting plugin AppleARKit
LogPluginManager: Mounting plugin AppleMoviePlayer
LogPluginManager: Mounting plugin ArchVisCharacter
LogPluginManager: Mounting plugin AudioCapture
LogPluginManager: Mounting plugin CableComponent
LogPluginManager: Mounting plugin CustomMeshComponent
LogPluginManager: Mounting plugin ExampleDeviceProfileSelector
LogPluginManager: Mounting plugin GoogleCloudMessaging
LogPluginManager: Mounting plugin ImmediatePhysics
LogPluginManager: Mounting plugin IOSDeviceProfileSelector
LogPluginManager: Mounting plugin LinuxDeviceProfileSelector
LogPluginManager: Mounting plugin LocationServicesBPLibrary
LogPluginManager: Mounting plugin MobilePatchingUtils
LogPluginManager: Mounting plugin OculusVR
LogPluginManager: Plugin shader directory ../../../Engine/Plugins/Runtime/Oculus/OculusVR/Shaders found
LogPluginManager: Mapping shader source directory ../../../Engine/Plugins/Runtime/Oculus/OculusVR/Shaders to virtual directory /Plugin/OculusVR
LogPluginManager: Mounting plugin PhysXVehicles
LogPluginManager: Mounting plugin ProceduralMeshComponent
LogPluginManager: Mounting plugin RuntimePhysXCooking
LogPluginManager: Mounting plugin SteamVR
LogPluginManager: Mounting plugin WindowsMoviePlayer
LogPluginManager: Mounting plugin PointCloudPlugin
LogPluginManager: Plugin shader directory ../../../../../Studium/Fluide/Simulation/Plugins/PointCloudPlugin/Shaders found
LogPluginManager: Mapping shader source directory ../../../../../Studium/Fluide/Simulation/Plugins/PointCloudPlugin/Shaders to virtual directory /Plugin/PointCloudPlugin
LogStreaming: Display: Took  0.084s to configure plugins.
LogModuleManager: Display: Found up-to-date module file ../../../../../Studium/Fluide/Simulation/Binaries/Win64/UE4Editor-Simulation.dll (API version 3944462).
LogModuleManager: Display: Found up-to-date module file ../../../Engine/Plugins/2D/Paper2D/Binaries/Win64/UE4Editor-Paper2D.dll (API version 3944462).
LogModuleManager: Display: Found up-to-date module file ../../../Engine/Plugins/2D/Paper2D/Binaries/Win64/UE4Editor-Paper2DEditor.dll (API version 3944462).
LogModuleManager: Display: Found up-to-date module file ../../../Engine/Plugins/2D/Paper2D/Binaries/Win64/UE4Editor-PaperSpriteSheetImporter.dll (API version 3944462).
LogModuleManager: Display: Found up-to-date module file ../../../Engine/Plugins/2D/Paper2D/Binaries/Win64/UE4Editor-PaperTiledImporter.dll (API version 3944462).
LogModuleManager: Display: Found up-to-date module file ../../../Engine/Plugins/2D/Paper2D/Binaries/Win64/UE4Editor-SmartSnapping.dll (API version 3944462).
LogModuleManager: Display: Found up-to-date module file ../../../Engine/Plugins/Animation/LiveLink/Binaries/Win64/UE4Editor-LiveLink.dll (API version 3944462).
LogModuleManager: Display: Found up-to-date module file ../../../Engine/Plugins/Animation/LiveLink/Binaries/Win64/UE4Editor-LiveLinkEditor.dll (API version 3944462).
LogModuleManager: Display: Found up-to-date module file ../../../Engine/Plugins/Blendables/LightPropagationVolume/Binaries/Win64/UE4Editor-LightPropagationVolumeRuntime.dll (API version 3944462).
LogModuleManager: Display: Found up-to-date module file ../../../Engine/Plugins/Blendables/LightPropagationVolume/Binaries/Win64/UE4Editor-LightPropagationVolumeEditor.dll (API version 3944462).
LogModuleManager: Display: Found up-to-date module file ../../../Engine/Plugins/Developer/CLionSourceCodeAccess/Binaries/Win64/UE4Editor-CLionSourceCodeAccess.dll (API version 3944462).
LogModuleManager: Display: Found up-to-date module file ../../../Engine/Plugins/Developer/GitSourceControl/Binaries/Win64/UE4Editor-GitSourceControl.dll (API version 3944462).
LogModuleManager: Display: Found up-to-date module file ../../../Engine/Plugins/Developer/PerforceSourceControl/Binaries/Win64/UE4Editor-PerforceSourceControl.dll (API version 3944462).
LogModuleManager: Display: Found up-to-date module file ../../../Engine/Plugins/Developer/SubversionSourceControl/Binaries/Win64/UE4Editor-SubversionSourceControl.dll (API version 3944462).
LogModuleManager: Display: Found up-to-date module file ../../../Engine/Plugins/Developer/UObjectPlugin/Binaries/Win64/UE4Editor-UObjectPlugin.dll (API version 3944462).
LogModuleManager: Display: Found up-to-date module file ../../../Engine/Plugins/Developer/VisualStudioCodeSourceCodeAccess/Binaries/Win64/UE4Editor-VisualStudioCodeSourceCodeAccess.dll (API version 3944462).
LogModuleManager: Display: Found up-to-date module file ../../../Engine/Plugins/Developer/VisualStudioSourceCodeAccess/Binaries/Win64/UE4Editor-VisualStudioSourceCodeAccess.dll (API version 3944462).
LogModuleManager: Display: Found up-to-date module file ../../../Engine/Plugins/Editor/AssetManagerEditor/Binaries/Win64/UE4Editor-AssetManagerEditor.dll (API version 3944462).
LogModuleManager: Display: Found up-to-date module file ../../../Engine/Plugins/Editor/CryptoKeys/Binaries/Win64/UE4Editor-CryptoKeys.dll (API version 3944462).
LogModuleManager: Display: Found up-to-date module file ../../../Engine/Plugins/Editor/CryptoKeys/Binaries/Win64/UE4Editor-CryptoKeysOpenSSL.dll (API version 3944462).
LogModuleManager: Display: Found up-to-date module file ../../../Engine/Plugins/Editor/DataValidation/Binaries/Win64/UE4Editor-DataValidation.dll (API version 3944462).
LogModuleManager: Display: Found up-to-date module file ../../../Engine/Plugins/Editor/FacialAnimation/Binaries/Win64/UE4Editor-FacialAnimation.dll (API version 3944462).
LogModuleManager: Display: Found up-to-date module file ../../../Engine/Plugins/Editor/FacialAnimation/Binaries/Win64/UE4Editor-FacialAnimationEditor.dll (API version 3944462).
LogModuleManager: Display: Found up-to-date module file ../../../Engine/Plugins/Editor/GameplayTagsEditor/Binaries/Win64/UE4Editor-GameplayTagsEditor.dll (API version 3944462).
LogModuleManager: Display: Found up-to-date module file ../../../Engine/Plugins/Editor/MobileLauncherProfileWizard/Binaries/Win64/UE4Editor-MobileLauncherProfileWizard.dll (API version 3944462).
LogModuleManager: Display: Found up-to-date module file ../../../Engine/Plugins/Editor/PluginBrowser/Binaries/Win64/UE4Editor-PluginBrowser.dll (API version 3944462).
LogModuleManager: Display: Found up-to-date module file ../../../Engine/Plugins/Editor/SpeedTreeImporter/Binaries/Win64/UE4Editor-SpeedTreeImporter.dll (API version 3944462).
LogModuleManager: Display: Found up-to-date module file ../../../Engine/Plugins/Enterprise/DatasmithContent/Binaries/Win64/UE4Editor-DatasmithContent.dll (API version 3944462).
LogModuleManager: Display: Found up-to-date module file ../../../Engine/Plugins/Experimental/AlembicImporter/Binaries/Win64/UE4Editor-AlembicImporter.dll (API version 3944462).
LogModuleManager: Display: Found up-to-date module file ../../../Engine/Plugins/Experimental/AlembicImporter/Binaries/Win64/UE4Editor-AlembicLibrary.dll (API version 3944462).
LogModuleManager: Display: Found up-to-date module file ../../../Engine/Plugins/Experimental/CharacterAI/Binaries/Win64/UE4Editor-CharacterAI.dll (API version 3944462).
LogModuleManager: Display: Found up-to-date module file ../../../Engine/Plugins/Experimental/HTML5Networking/Binaries/Win64/UE4Editor-HTML5Networking.dll (API version 3944462).
LogModuleManager: Display: Found up-to-date module file ../../../Engine/Plugins/Media/AndroidMedia/Binaries/Win64/UE4Editor-AndroidMediaEditor.dll (API version 3944462).
LogModuleManager: Display: Found up-to-date module file ../../../Engine/Plugins/Media/AndroidMedia/Binaries/Win64/UE4Editor-AndroidMediaFactory.dll (API version 3944462).
LogModuleManager: Display: Found up-to-date module file ../../../Engine/Plugins/Media/AvfMedia/Binaries/Win64/UE4Editor-AvfMediaEditor.dll (API version 3944462).
LogModuleManager: Display: Found up-to-date module file ../../../Engine/Plugins/Media/AvfMedia/Binaries/Win64/UE4Editor-AvfMediaFactory.dll (API version 3944462).
LogModuleManager: Display: Found up-to-date module file ../../../Engine/Plugins/Media/AvfMedia/Binaries/Win64/UE4Editor-AvfMediaFactory.dll (API version 3944462).
LogModuleManager: Display: Found up-to-date module file ../../../Engine/Plugins/Media/ImgMedia/Binaries/Win64/UE4Editor-ImgMedia.dll (API version 3944462).
LogModuleManager: Display: Found up-to-date module file ../../../Engine/Plugins/Media/ImgMedia/Binaries/Win64/UE4Editor-ImgMediaEditor.dll (API version 3944462).
LogModuleManager: Display: Found up-to-date module file ../../../Engine/Plugins/Media/ImgMedia/Binaries/Win64/UE4Editor-ImgMediaFactory.dll (API version 3944462).
LogModuleManager: Display: Found up-to-date module file ../../../Engine/Plugins/Media/ImgMedia/Binaries/Win64/UE4Editor-ImgMediaFactory.dll (API version 3944462).
LogModuleManager: Display: Found up-to-date module file ../../../Engine/Plugins/Media/ImgMedia/Binaries/Win64/UE4Editor-OpenExrWrapper.dll (API version 3944462).
LogModuleManager: Display: Found up-to-date module file ../../../Engine/Plugins/Media/LinearTimecode/Binaries/Win64/UE4Editor-LinearTimecode.dll (API version 3944462).
LogModuleManager: Display: Found up-to-date module file ../../../Engine/Plugins/Media/MediaCompositing/Binaries/Win64/UE4Editor-MediaCompositing.dll (API version 3944462).
LogModuleManager: Display: Found up-to-date module file ../../../Engine/Plugins/Media/MediaCompositing/Binaries/Win64/UE4Editor-MediaCompositingEditor.dll (API version 3944462).
LogModuleManager: Display: Found up-to-date module file ../../../Engine/Plugins/Media/MediaPlayerEditor/Binaries/Win64/UE4Editor-MediaPlayerEditor.dll (API version 3944462).
LogModuleManager: Display: Found up-to-date module file ../../../Engine/Plugins/Media/WmfMedia/Binaries/Win64/UE4Editor-WmfMedia.dll (API version 3944462).
LogModuleManager: Display: Found up-to-date module file ../../../Engine/Plugins/Media/WmfMedia/Binaries/Win64/UE4Editor-WmfMediaEditor.dll (API version 3944462).
LogModuleManager: Display: Found up-to-date module file ../../../Engine/Plugins/Media/WmfMedia/Binaries/Win64/UE4Editor-WmfMediaFactory.dll (API version 3944462).
LogModuleManager: Display: Found up-to-date module file ../../../Engine/Plugins/Media/WmfMedia/Binaries/Win64/UE4Editor-WmfMediaFactory.dll (API version 3944462).
LogModuleManager: Display: Found up-to-date module file ../../../Engine/Plugins/Messaging/TcpMessaging/Binaries/Win64/UE4Editor-TcpMessaging.dll (API version 3944462).
LogModuleManager: Display: Found up-to-date module file ../../../Engine/Plugins/Messaging/UdpMessaging/Binaries/Win64/UE4Editor-UdpMessaging.dll (API version 3944462).
LogModuleManager: Display: Found up-to-date module file ../../../Engine/Plugins/MovieScene/ActorSequence/Binaries/Win64/UE4Editor-ActorSequence.dll (API version 3944462).
LogModuleManager: Display: Found up-to-date module file ../../../Engine/Plugins/MovieScene/LevelSequenceEditor/Binaries/Win64/UE4Editor-LevelSequenceEditor.dll (API version 3944462).
LogModuleManager: Display: Found up-to-date module file ../../../Engine/Plugins/MovieScene/MatineeToLevelSequence/Binaries/Win64/UE4Editor-MatineeToLevelSequence.dll (API version 3944462).
LogModuleManager: Display: Found up-to-date module file ../../../Engine/Plugins/NetcodeUnitTest/NetcodeUnitTest/Binaries/Win64/UE4Editor-NetcodeUnitTest.dll (API version 3944462).
LogModuleManager: Display: Found up-to-date module file ../../../Engine/Plugins/NetcodeUnitTest/NUTUnrealEngine4/Binaries/Win64/UE4Editor-NUTUnrealEngine4.dll (API version 3944462).
LogModuleManager: Display: Found up-to-date module file ../../../Engine/Plugins/Online/OnlineSubsystem/Binaries/Win64/UE4Editor-OnlineSubsystem.dll (API version 3944462).
LogModuleManager: Display: Found up-to-date module file ../../../Engine/Plugins/Online/OnlineSubsystemNull/Binaries/Win64/UE4Editor-OnlineSubsystemNull.dll (API version 3944462).
LogModuleManager: Display: Found up-to-date module file ../../../Engine/Plugins/Online/OnlineSubsystemUtils/Binaries/Win64/UE4Editor-OnlineSubsystemUtils.dll (API version 3944462).
LogModuleManager: Display: Found up-to-date module file ../../../Engine/Plugins/Online/OnlineSubsystemUtils/Binaries/Win64/UE4Editor-OnlineBlueprintSupport.dll (API version 3944462).
LogModuleManager: Display: Found up-to-date module file ../../../Engine/Plugins/Runtime/AndroidDeviceProfileSelector/Binaries/Win64/UE4Editor-AndroidDeviceProfileSelector.dll (API version 3944462).
LogModuleManager: Display: Found up-to-date module file ../../../Engine/Plugins/Runtime/AndroidPermission/Binaries/Win64/UE4Editor-AndroidPermission.dll (API version 3944462).
LogModuleManager: Display: Found up-to-date module file ../../../Engine/Plugins/Runtime/AppleARKit/Binaries/Win64/UE4Editor-AppleARKit.dll (API version 3944462).
LogModuleManager: Display: Found up-to-date module file ../../../Engine/Plugins/Runtime/ArchVisCharacter/Binaries/Win64/UE4Editor-ArchVisCharacter.dll (API version 3944462).
LogModuleManager: Display: Found up-to-date module file ../../../Engine/Plugins/Runtime/AudioCapture/Binaries/Win64/UE4Editor-AudioCapture.dll (API version 3944462).
LogModuleManager: Display: Found up-to-date module file ../../../Engine/Plugins/Runtime/AudioCapture/Binaries/Win64/UE4Editor-AudioCaptureEditor.dll (API version 3944462).
LogModuleManager: Display: Found up-to-date module file ../../../Engine/Plugins/Runtime/CableComponent/Binaries/Win64/UE4Editor-CableComponent.dll (API version 3944462).
LogModuleManager: Display: Found up-to-date module file ../../../Engine/Plugins/Runtime/CustomMeshComponent/Binaries/Win64/UE4Editor-CustomMeshComponent.dll (API version 3944462).
LogModuleManager: Display: Found up-to-date module file ../../../Engine/Plugins/Runtime/ExampleDeviceProfileSelector/Binaries/Win64/UE4Editor-ExampleDeviceProfileSelector.dll (API version 3944462).
LogModuleManager: Display: Found up-to-date module file ../../../Engine/Plugins/Runtime/ImmediatePhysics/Binaries/Win64/UE4Editor-ImmediatePhysics.dll (API version 3944462).
LogModuleManager: Display: Found up-to-date module file ../../../Engine/Plugins/Runtime/ImmediatePhysics/Binaries/Win64/UE4Editor-ImmediatePhysicsEditor.dll (API version 3944462).
LogModuleManager: Display: Found up-to-date module file ../../../Engine/Plugins/Runtime/LocationServicesBPLibrary/Binaries/Win64/UE4Editor-LocationServicesBPLibrary.dll (API version 3944462).
LogModuleManager: Display: Found up-to-date module file ../../../Engine/Plugins/Runtime/MobilePatchingUtils/Binaries/Win64/UE4Editor-MobilePatchingUtils.dll (API version 3944462).
LogModuleManager: Display: Found up-to-date module file ../../../Engine/Plugins/Runtime/Oculus/OculusVR/Binaries/Win64/UE4Editor-OculusHMD.dll (API version 3944462).
LogModuleManager: Display: Found up-to-date module file ../../../Engine/Plugins/Runtime/Oculus/OculusVR/Binaries/Win64/UE4Editor-OculusInput.dll (API version 3944462).
LogModuleManager: Display: Found up-to-date module file ../../../Engine/Plugins/Runtime/Oculus/OculusVR/Binaries/Win64/UE4Editor-OculusEditor.dll (API version 3944462).
LogModuleManager: Display: Found up-to-date module file ../../../Engine/Plugins/Runtime/PhysXVehicles/Binaries/Win64/UE4Editor-PhysXVehicles.dll (API version 3944462).
LogModuleManager: Display: Found up-to-date module file ../../../Engine/Plugins/Runtime/PhysXVehicles/Binaries/Win64/UE4Editor-PhysXVehiclesEditor.dll (API version 3944462).
LogModuleManager: Display: Found up-to-date module file ../../../Engine/Plugins/Runtime/ProceduralMeshComponent/Binaries/Win64/UE4Editor-ProceduralMeshComponent.dll (API version 3944462).
LogModuleManager: Display: Found up-to-date module file ../../../Engine/Plugins/Runtime/ProceduralMeshComponent/Binaries/Win64/UE4Editor-ProceduralMeshComponentEditor.dll (API version 3944462).
LogModuleManager: Display: Found up-to-date module file ../../../Engine/Plugins/Runtime/RuntimePhysXCooking/Binaries/Win64/UE4Editor-RuntimePhysXCooking.dll (API version 3944462).
LogModuleManager: Display: Found up-to-date module file ../../../Engine/Plugins/Runtime/Steam/SteamVR/Binaries/Win64/UE4Editor-SteamVR.dll (API version 3944462).
LogModuleManager: Display: Found up-to-date module file ../../../Engine/Plugins/Runtime/Steam/SteamVR/Binaries/Win64/UE4Editor-SteamVRController.dll (API version 3944462).
LogModuleManager: Display: Found up-to-date module file ../../../Engine/Plugins/Runtime/WindowsMoviePlayer/Binaries/Win64/UE4Editor-WindowsMoviePlayer.dll (API version 3944462).
LogModuleManager: Display: Found up-to-date module file ../../../../../Studium/Fluide/Simulation/Plugins/PointCloudPlugin/Binaries/Win64/UE4Editor-PointCloudRuntime.dll (API version 3944462).
LogModuleManager: Display: Found up-to-date module file ../../../../../Studium/Fluide/Simulation/Plugins/PointCloudPlugin/Binaries/Win64/UE4Editor-PointCloudEditor.dll (API version 3944462).
LogInit: Using libcurl 7.47.1
LogInit:  - built for x86_64-pc-win32
LogInit:  - supports SSL with OpenSSL/1.0.2g
LogInit:  - supports HTTP deflate (compression) using libz 1.2.8
LogInit:  - other features:
LogInit:      CURL_VERSION_SSL
LogInit:      CURL_VERSION_LIBZ
LogInit:      CURL_VERSION_IPV6
LogInit:      CURL_VERSION_ASYNCHDNS
LogInit:      CURL_VERSION_LARGEFILE
LogInit:      CURL_VERSION_IDN
LogInit:  CurlRequestOptions (configurable via config and command line):
LogInit:  - bVerifyPeer = false  - Libcurl will NOT verify peer certificate
LogInit:  - bUseHttpProxy = false  - Libcurl will NOT use HTTP proxy
LogInit:  - bDontReuseConnections = false  - Libcurl will reuse connections
LogInit:  - CertBundlePath = nullptr  - Libcurl will use whatever was configured at build time.
LogInit:  - MaxHostConnections = 16  - Libcurl will limit the number of connections to a host
LogInit:  - LocalHostAddr = Default
LogInit: WinSock: version 1.1 (2.2), MaxSocks=32767, MaxUdp=65467
LogInit: WinSock: I am Slowy (192.168.178.44:0)
LogInit: Build: ++UE4+Release-4.19-CL-4033788
LogInit: Engine Version: 4.19.2-4033788+++UE4+Release-4.19
LogInit: Compatible Engine Version: 4.19.0-3944462+++UE4+Release-4.19
LogInit: Net CL: 3944462
LogDevObjectVersion: Number of dev versions registered: 18
LogDevObjectVersion:   Dev-Blueprints (B0D832E4-1F89-4F0D-ACCF-7EB736FD4AA2): 10
LogDevObjectVersion:   Dev-Build (E1C64328-A22C-4D53-A36C-8E866417BD8C): 0
LogDevObjectVersion:   Dev-Core (375EC13C-06E4-48FB-B500-84F0262A717E): 2
LogDevObjectVersion:   Dev-Editor (E4B068ED-F494-42E9-A231-DA0B2E46BB41): 23
LogDevObjectVersion:   Dev-Framework (CFFC743F-43B0-4480-9391-14DF171D2073): 33
LogDevObjectVersion:   Dev-Mobile (B02B49B5-BB20-44E9-A304-32B752E40360): 2
LogDevObjectVersion:   Dev-Networking (A4E4105C-59A1-49B5-A7C5-40C4547EDFEE): 0
LogDevObjectVersion:   Dev-Online (39C831C9-5AE6-47DC-9A44-9C173E1C8E7C): 0
LogDevObjectVersion:   Dev-Physics (78F01B33-EBEA-4F98-B9B4-84EACCB95AA2): 0
LogDevObjectVersion:   Dev-Platform (6631380F-2D4D-43E0-8009-CF276956A95A): 0
LogDevObjectVersion:   Dev-Rendering (12F88B9F-8875-4AFC-A67C-D90C383ABD29): 25
LogDevObjectVersion:   Dev-Sequencer (7B5AE74C-D270-4C10-A958-57980B212A5A): 6
LogDevObjectVersion:   Dev-VR (D7296918-1DD6-4BDD-9DE2-64A83CC13884): 1
LogDevObjectVersion:   Dev-LoadTimes (C2A15278-BFE7-4AFE-6C17-90FF531DF755): 1
LogDevObjectVersion:   Private-Geometry (6EACA3D4-40EC-4CC1-B786-8BED09428FC5): 2
LogDevObjectVersion:   Dev-AnimPhys (29E575DD-E0A3-4627-9D10-D276232CDCEA): 16
LogDevObjectVersion:   Dev-ReflectionCapture (6B266CEC-1EC7-4B8F-A30B-E4D90942FC07): 1
LogDevObjectVersion:   Dev-Automation (0DF73D61-A23F-47EA-B727-89E90C41499A): 1
LogInit: Compiled (64-bit): Apr 27 2018 02:06:57
LogInit: Compiled with Visual C++: 19.00.24215.01
LogInit: Build Configuration: Development
LogInit: Branch Name: ++UE4+Release-4.19
LogInit: Command Line:  -skipcompile
LogInit: Base Directory: D:/Programme/UE_4.19/Engine/Binaries/Win64/
LogInit: Installed Engine Build: 1
LogStreaming: Display: Took  0.002s to delete old logs.
LogInit: Presizing for max 8388607 objects, including 0 objects not considered by GC, pre-allocating 0 bytes for permanent pool.
LogInit: Object subsystem initialized
[2018.12.07-20.48.23:969][  0]LogInit: Selected Device Profile: [Windows]
[2018.12.07-20.48.23:969][  0]LogInit: Applying CVar settings loaded from the selected device profile: [Windows]
[2018.12.07-20.48.23:990][  0]LogInit: Computer: SLOWY
[2018.12.07-20.48.23:990][  0]LogInit: User: Timo
[2018.12.07-20.48.23:990][  0]LogInit: CPU Page size=4096, Cores=6
[2018.12.07-20.48.23:990][  0]LogInit: High frequency timer resolution =3.119136 MHz
[2018.12.07-20.48.23:990][  0]LogMemory: Memory total: Physical=16.0GB (16GB approx)
[2018.12.07-20.48.23:990][  0]LogMemory: Platform Memory Stats for Windows
[2018.12.07-20.48.23:990][  0]LogMemory: Process Physical Memory: 276.72 MB used, 276.72 MB peak
[2018.12.07-20.48.23:990][  0]LogMemory: Process Virtual Memory: 273.65 MB used, 273.65 MB peak
[2018.12.07-20.48.23:991][  0]LogMemory: Physical Memory: 7545.55 MB used,  8789.93 MB free, 16335.48 MB total
[2018.12.07-20.48.23:991][  0]LogMemory: Virtual Memory: 4813.59 MB used,  8789.93 MB free, 134217728.00 MB total
[2018.12.07-20.48.24:028][  0]LogInit: Using OS detected language (de-DE).
[2018.12.07-20.48.24:028][  0]LogInit: Using OS detected locale (de-DE).
[2018.12.07-20.48.24:031][  0]LogTextLocalizationManager: No localization for 'de-DE' exists, so 'en' will be used for the language.
[2018.12.07-20.48.24:515][  0]LogStreaming: Display: Took  0.488s to EndInitTextLocalization.
[2018.12.07-20.48.24:516][  0]LogInit: Setting process to per monitor DPI aware
[2018.12.07-20.48.24:558][  0]LogSlate: New Slate User Created.  User Index 0, Is Virtual User: 0
[2018.12.07-20.48.24:558][  0]LogSlate: Slate User Registered.  User Index 0, Is Virtual User: 0
[2018.12.07-20.48.24:776][  0]LogD3D11RHI: D3D11 adapters:
[2018.12.07-20.48.24:829][  0]LogD3D11RHI:    0. 'Radeon (TM) RX 480 Graphics' (Feature Level 11_0)
[2018.12.07-20.48.24:829][  0]LogD3D11RHI:       8137/0/8167 MB DedicatedVideo/DedicatedSystem/SharedSystem, Outputs:2, VendorId:0x1002
[2018.12.07-20.48.24:834][  0]LogD3D11RHI:    1. 'Microsoft Basic Render Driver' (Feature Level 11_0)
[2018.12.07-20.48.24:834][  0]LogD3D11RHI:       0/0/8167 MB DedicatedVideo/DedicatedSystem/SharedSystem, Outputs:0, VendorId:0x1414
[2018.12.07-20.48.24:834][  0]LogD3D11RHI: Chosen D3D11 Adapter: 0
[2018.12.07-20.48.24:843][  0]LogD3D11RHI: Creating new Direct3DDevice
[2018.12.07-20.48.24:843][  0]LogD3D11RHI:     GPU DeviceId: 0x67df (for the marketing name, search the web for "GPU Device Id")
[2018.12.07-20.48.24:843][  0]LogWindows: EnumDisplayDevices:
[2018.12.07-20.48.24:843][  0]LogWindows:    0. 'Radeon (TM) RX 480 Graphics' (P:1 D:1)
[2018.12.07-20.48.24:843][  0]LogWindows:    1. 'Radeon (TM) RX 480 Graphics' (P:0 D:1)
[2018.12.07-20.48.24:844][  0]LogWindows:    2. 'Radeon (TM) RX 480 Graphics' (P:0 D:0)
[2018.12.07-20.48.24:844][  0]LogWindows:    3. 'Radeon (TM) RX 480 Graphics' (P:0 D:0)
[2018.12.07-20.48.24:844][  0]LogWindows:    4. 'Radeon (TM) RX 480 Graphics' (P:0 D:0)
[2018.12.07-20.48.24:844][  0]LogWindows:    5. 'Radeon (TM) RX 480 Graphics' (P:0 D:0)
[2018.12.07-20.48.24:844][  0]LogWindows:    6. 'Radeon (TM) RX 480 Graphics' (P:0 D:0)
[2018.12.07-20.48.24:845][  0]LogWindows: DebugString: GetVideoDriverDetailsInvalid PrimaryIsNotTheChoosenAdapter GetVideoDriverDetailsInvalid PrimaryIsNotTheChoosenAdapter GetVideoDriverDetailsInvalid PrimaryIsNotTheChoosenAdapter GetVideoDriverDetailsInvalid PrimaryIsNotTheChoosenAdapter GetVideoDriverDetailsInvalid PrimaryIsNotTheChoosenAdapter GetVideoDriverDetailsInvalid PrimaryIsNotTheChoosenAdapter GetVideoDriverDetailsInvalid PrimaryIsNotTheChoosenAdapter FoundDriverCount:0 
[2018.12.07-20.48.24:845][  0]LogD3D11RHI:     Adapter Name: Radeon (TM) RX 480 Graphics
[2018.12.07-20.48.24:845][  0]LogD3D11RHI:   Driver Version: Unknown (internal:Unknown, unified:Unknown)
[2018.12.07-20.48.24:845][  0]LogD3D11RHI:      Driver Date: Unknown
[2018.12.07-20.48.24:845][  0]LogRHI: Texture pool is 5695 MB (70% of 8137 MB)
[2018.12.07-20.48.24:919][  0]LogD3D11RHI: Async texture creation enabled
[2018.12.07-20.48.24:931][  0]LogD3D11RHI: GPU Timing Frequency: 25.000000 (Debug: 2 1)
[2018.12.07-20.48.24:932][  0]LogShaderCompilers: Guid format shader working directory is 4 characters bigger than the processId version (../../../../../Studium/Fluide/Simulation/Intermediate/Shaders/WorkingDirectory/10876/).
[2018.12.07-20.48.24:932][  0]LogShaderCompilers: Cleaned the shader compiler working directory 'C:/Users/Timo/AppData/Local/Temp/UnrealShaderWorkingDir/0F0D261C4209F548C46ED39D8F6A10A5/'.
[2018.12.07-20.48.25:157][  0]LogTemp: Display: Loaded TP AllDesktopTargetPlatform
[2018.12.07-20.48.25:176][  0]LogTemp: Display: Loaded TP MacClientTargetPlatform
[2018.12.07-20.48.25:194][  0]LogTemp: Display: Loaded TP MacNoEditorTargetPlatform
[2018.12.07-20.48.25:213][  0]LogTemp: Display: Loaded TP MacServerTargetPlatform
[2018.12.07-20.48.25:233][  0]LogTemp: Display: Loaded TP MacTargetPlatform
[2018.12.07-20.48.25:252][  0]LogTemp: Display: Loaded TP WindowsClientTargetPlatform
[2018.12.07-20.48.25:271][  0]LogTemp: Display: Loaded TP WindowsNoEditorTargetPlatform
[2018.12.07-20.48.25:292][  0]LogTemp: Display: Loaded TP WindowsServerTargetPlatform
[2018.12.07-20.48.25:302][  0]LogTemp: Display: Loaded TP WindowsTargetPlatform
[2018.12.07-20.48.25:320][  0]LogTemp: Display: Loaded TP Android_ASTCTargetPlatform
[2018.12.07-20.48.25:337][  0]LogTemp: Display: Loaded TP Android_ATCTargetPlatform
[2018.12.07-20.48.25:356][  0]LogTemp: Display: Loaded TP Android_DXTTargetPlatform
[2018.12.07-20.48.25:373][  0]LogTemp: Display: Loaded TP Android_ETC1aTargetPlatform
[2018.12.07-20.48.25:391][  0]LogTemp: Display: Loaded TP Android_ETC1TargetPlatform
[2018.12.07-20.48.25:408][  0]LogTemp: Display: Loaded TP Android_ETC2TargetPlatform
[2018.12.07-20.48.25:444][  0]LogTemp: Display: Loaded TP Android_MultiTargetPlatform
[2018.12.07-20.48.25:444][  0]LogTemp: Display: Loaded TP Android_PVRTCTargetPlatform
[2018.12.07-20.48.25:460][  0]LogTemp: Display: Loaded TP AndroidTargetPlatform
[2018.12.07-20.48.25:464][  0]LogTemp: Display: Loaded TP HTML5TargetPlatform
[2018.12.07-20.48.25:511][  0]LogTemp: Display: Loaded TP IOSTargetPlatform
[2018.12.07-20.48.25:528][  0]LogTemp: Display: Loaded TP TVOSTargetPlatform
[2018.12.07-20.48.25:558][  0]LogTemp: Display: Loaded TP LinuxClientTargetPlatform
[2018.12.07-20.48.25:576][  0]LogTemp: Display: Loaded TP LinuxNoEditorTargetPlatform
[2018.12.07-20.48.25:595][  0]LogTemp: Display: Loaded TP LinuxServerTargetPlatform
[2018.12.07-20.48.25:614][  0]LogTemp: Display: Loaded TP LinuxTargetPlatform
[2018.12.07-20.48.25:614][  0]LogTargetPlatformManager: Display: Building Assets For Windows
[2018.12.07-20.48.25:775][  0]LogXGEController: Cleaning working directory: C:/Users/Timo/AppData/Local/Temp/UnrealXGEWorkingDir/
[2018.12.07-20.48.25:776][  0]LogXGEController: Cannot use XGE Controller as Incredibuild is not installed on this machine.
[2018.12.07-20.48.25:776][  0]LogShaderCompilers: Cannot use XGE Shader Compiler as Incredibuild is not installed on this machine.
[2018.12.07-20.48.25:776][  0]LogShaderCompilers: Display: Using Local Shader Compiler.
[2018.12.07-20.48.26:478][  0]LogDerivedDataCache: Display: Max Cache Size: 512 MB
[2018.12.07-20.48.26:566][  0]LogDerivedDataCache: Loaded boot cache 0.09s 79MB C:/Users/Timo/AppData/Local/UnrealEngine/4.19/DerivedDataCache/Boot.ddc.
[2018.12.07-20.48.26:566][  0]LogDerivedDataCache: Display: Loaded Boot cache: C:/Users/Timo/AppData/Local/UnrealEngine/4.19/DerivedDataCache/Boot.ddc
[2018.12.07-20.48.26:567][  0]LogDerivedDataCache: FDerivedDataBackendGraph:  Pak pak cache file ../../../../../Studium/Fluide/Simulation/DerivedDataCache/DDC.ddp not found, will not use a pak cache.
[2018.12.07-20.48.26:567][  0]LogDerivedDataCache: Unable to find inner node Pak for hierarchical cache Hierarchy.
[2018.12.07-20.48.26:567][  0]LogDerivedDataCache: FDerivedDataBackendGraph:  CompressedPak pak cache file ../../../../../Studium/Fluide/Simulation/DerivedDataCache/Compressed.ddp not found, will not use a pak cache.
[2018.12.07-20.48.26:567][  0]LogDerivedDataCache: Unable to find inner node CompressedPak for hierarchical cache Hierarchy.
[2018.12.07-20.48.26:587][  0]LogDerivedDataCache: Display: Pak cache opened for reading ../../../Engine/DerivedDataCache/Compressed.ddp.
[2018.12.07-20.48.26:600][  0]LogDerivedDataCache: Using Local data cache path C:/Users/Timo/AppData/Local/UnrealEngine/Common/DerivedDataCache: Writable
[2018.12.07-20.48.26:600][  0]LogDerivedDataCache: Shared data cache path not found in *engine.ini, will not use an Shared cache.
[2018.12.07-20.48.26:601][  0]LogDerivedDataCache: Unable to find inner node Shared for hierarchical cache Hierarchy.
[2018.12.07-20.48.26:614][  0]LogMaterial: Verifying Global Shaders for PCD3D_SM5
[2018.12.07-20.48.26:615][  0]LogSlate: Using Freetype 2.6.0
[2018.12.07-20.48.26:615][  0]LogSlate: SlateFontCache - WITH_FREETYPE: 1, WITH_HARFBUZZ: 1
[2018.12.07-20.48.26:616][  0]LogSlate: SlateFontCache - WITH_FREETYPE: 1, WITH_HARFBUZZ: 1
[2018.12.07-20.48.26:764][  0]LogAssetRegistry: FAssetRegistry took 0.0308 seconds to start up
[2018.12.07-20.48.27:139][  0]LogInit: Selected Device Profile: [Windows]
[2018.12.07-20.48.27:308][  0]LogSimplygon: Simplygon DLL not present - disabling.
[2018.12.07-20.48.27:312][  0]LogMeshReduction: Using SimplygonSwarm for distributed automatic mesh merging
[2018.12.07-20.48.27:312][  0]LogMeshReduction: Using QuadricMeshReduction for automatic static mesh reduction
[2018.12.07-20.48.27:312][  0]LogMeshReduction: No automatic skeletal mesh reduction module available
[2018.12.07-20.48.27:312][  0]LogMeshReduction: No automatic mesh merging module available
[2018.12.07-20.48.27:312][  0]LogMeshMerging: No automatic mesh merging module available
[2018.12.07-20.48.27:346][  0]LogNetVersion: Simulation , NetCL: 3944462, EngineNetVer: 2, GameNetVer: 0 (Checksum: 940632137)
[2018.12.07-20.48.27:823][  0]LogPackageLocalizationCache: Processed 10 localized package path(s) for 1 prioritized culture(s) in 0.051072 seconds
[2018.12.07-20.48.27:831][  0]LogUObjectArray: 37029 objects as part of root set at end of initial load.
[2018.12.07-20.48.27:831][  0]LogUObjectAllocator: 7386192 out of 0 bytes used by permanent object pool.
[2018.12.07-20.48.27:831][  0]LogUObjectArray: CloseDisregardForGC: 0/0 objects in disregard for GC pool
[2018.12.07-20.48.29:576][  0]LogTcpMessaging: Initializing TcpMessaging bridge
[2018.12.07-20.48.29:607][  0]LogUdpMessaging: Initializing bridge on interface 0.0.0.0:0 to multicast group 230.0.0.1:6666.
[2018.12.07-20.48.30:048][  0]SourceControl: Source control is disabled
[2018.12.07-20.48.30:049][  0]SourceControl: Source control is disabled
[2018.12.07-20.48.30:068][  0]SourceControl: Source control is disabled
[2018.12.07-20.48.30:087][  0]SourceControl: Source control is disabled
[2018.12.07-20.48.30:628][  0]LogAndroidPermission: UAndroidPermissionCallbackProxy::GetInstance
[2018.12.07-20.48.30:821][  0]LogOcInput: OculusInput pre-init called
[2018.12.07-20.48.30:966][  0]LogEngine: Initializing Engine...
[2018.12.07-20.48.30:968][  0]LogHMD: Failed to initialize OpenVR with code 110
[2018.12.07-20.48.30:970][  0]LogStats: UGameplayTagsManager::ConstructGameplayTagTree: Construct from data asset -  0.000 s
[2018.12.07-20.48.30:970][  0]LogStats: UGameplayTagsManager::ConstructGameplayTagTree: GameplayTagTreeChangedEvent.Broadcast -  0.000 s
[2018.12.07-20.48.31:215][  0]LogAIModule: Creating AISystem for world Untitled
[2018.12.07-20.48.31:241][  0]LogInit: XAudio2 using '4 - SAMSUNG (AMD High Definition Audio Device)' : 2 channels at 48 kHz using 16 bits per sample (channel mask 0x3)
[2018.12.07-20.48.31:260][  0]LogInit: FAudioDevice initialized.
[2018.12.07-20.48.31:360][  0]LogDerivedDataCache: Saved boot cache 0.10s 79MB C:/Users/Timo/AppData/Local/UnrealEngine/4.19/DerivedDataCache/Boot.ddc.
[2018.12.07-20.48.31:389][  0]LogInit: Texture streaming: Enabled
[2018.12.07-20.48.31:418][  0]LogEngineSessionManager: EngineSessionManager initialized
[2018.12.07-20.48.31:418][  0]LogEngineSessionManager: EngineSessionManager sent abnormal shutdown report. Type=Debugger, SessionId={3151C323-4976-FBA3-F780-FBB138DF4FAB}
[2018.12.07-20.48.31:430][  0]LogInit: Transaction tracking system initialized
[2018.12.07-20.48.31:465][  0]BlueprintLog: New page: Editor Load
[2018.12.07-20.48.31:576][  0]LocalizationService: Localization service is disabled
[2018.12.07-20.48.31:666][  0]LogLinker: Warning: Can't find file '/Game/TopDownBP/TopDownOverview'
[2018.12.07-20.48.31:667][  0]LogLinker: Warning: Can't find file '/Game/TopDownBP/TopDownOverview'
[2018.12.07-20.48.31:667][  0]LogUObjectGlobals: Warning: Failed to find object 'Class /Game/TopDownBP/TopDownOverview.TopDownOverview_C'
[2018.12.07-20.48.31:703][  0]LogConsoleResponse: Display: 
[2018.12.07-20.48.31:857][  0]LogCook: Display: Max memory allowance for cook 16384mb min free memory 0mb
[2018.12.07-20.48.31:858][  0]LogCook: Display: Mobile HDR setting 1
[2018.12.07-20.48.31:858][  0]LogGameplayTags: Display: UGameplayTagsManager::DoneAddingNativeTags. DelegateIsBound: 0
[2018.12.07-20.48.31:858][  0]LogStats: UGameplayTagsManager::ConstructGameplayTagTree: Construct from data asset -  0.000 s
[2018.12.07-20.48.31:858][  0]LogStats: UGameplayTagsManager::ConstructGameplayTagTree: GameplayTagTreeChangedEvent.Broadcast -  0.000 s
[2018.12.07-20.48.31:867][  0]LogFileCache: Scanning file cache for directory 'D:/Studium/Fluide/Simulation/Content/' took 0.01s
[2018.12.07-20.48.32:265][  0]SourceControl: Source control is disabled
[2018.12.07-20.48.32:265][  0]Cmd: MAP LOAD FILE="../../../../../Studium/Fluide/Simulation/Content/Levels/3D/Waterfall.umap" TEMPLATE=0 SHOWPROGRESS=1 FEATURELEVEL=3
[2018.12.07-20.48.32:265][  0]LightingResults: New page: Lighting Build
[2018.12.07-20.48.32:268][  0]MapCheck: New page: Map Check
[2018.12.07-20.48.32:268][  0]LightingResults: New page: Lighting Build
[2018.12.07-20.48.32:392][  0]LogUObjectGlobals: Created PersistentFrame Addr=0x000001f713bca5c0, Size=208, Default__SimulationSettings_C Function /Game/Blueprints/SimulationSettings.SimulationSettings_C:ExecuteUbergraph_SimulationSettings
[2018.12.07-20.48.32:395][  0]LogUObjectGlobals: Created PersistentFrame Addr=0x000001f77d037800, Size=1024, Default__SimulationPawn_C Function /Game/Blueprints/SimulationPawn.SimulationPawn_C:ExecuteUbergraph_SimulationPawn
[2018.12.07-20.48.32:412][  0]LogUObjectGlobals: Created PersistentFrame Addr=0x000001f713b03400, Size=232, Default__Anzeige_C Function /Game/Widget/Anzeige.Anzeige_C:ExecuteUbergraph_Anzeige
[2018.12.07-20.48.32:498][  0]LogUObjectGlobals: Destroyed PersistentFrame Addr=0x000001f713b03400, Size=232
[2018.12.07-20.48.32:498][  0]LogUObjectGlobals: Created PersistentFrame Addr=0x000001f713b09800, Size=232, Default__Anzeige_C Function /Engine/Transient.REINST_Anzeige_C_0:ExecuteUbergraph_Anzeige
[2018.12.07-20.48.32:500][  0]LogUObjectGlobals: Destroyed PersistentFrame Addr=0x000001f77d037800, Size=1024
[2018.12.07-20.48.32:500][  0]LogUObjectGlobals: Created PersistentFrame Addr=0x000001f77d037800, Size=1024, Default__SimulationPawn_C Function /Engine/Transient.REINST_SimulationPawn_C_5:ExecuteUbergraph_SimulationPawn
[2018.12.07-20.48.32:501][  0]LogUObjectGlobals: Destroyed PersistentFrame Addr=0x000001f713bca5c0, Size=208
[2018.12.07-20.48.32:501][  0]LogUObjectGlobals: Created PersistentFrame Addr=0x000001f716e4d1a0, Size=208, Default__SimulationSettings_C Function /Engine/Transient.REINST_SimulationSettings_C_6:ExecuteUbergraph_SimulationSettings
[2018.12.07-20.48.32:553][  0]LogUObjectGlobals: Created PersistentFrame Addr=0x000001f716be8e00, Size=232, Default__Anzeige_C Function /Game/Widget/Anzeige.Anzeige_C:ExecuteUbergraph_Anzeige
[2018.12.07-20.48.32:560][  0]LogUObjectGlobals: Created PersistentFrame Addr=0x000001f717afb800, Size=1024, Default__SimulationPawn_C Function /Game/Blueprints/SimulationPawn.SimulationPawn_C:ExecuteUbergraph_SimulationPawn
[2018.12.07-20.48.32:565][  0]LogUObjectGlobals: Created PersistentFrame Addr=0x000001f716c3a4e0, Size=208, Default__SimulationSettings_C Function /Game/Blueprints/SimulationSettings.SimulationSettings_C:ExecuteUbergraph_SimulationSettings
[2018.12.07-20.48.32:863][  0]LogAIModule: Creating AISystem for world Waterfall
[2018.12.07-20.48.32:869][  0]LogEditorServer: Finished looking for orphan Actors (0.000 secs)
[2018.12.07-20.48.32:886][  0]LogUObjectGlobals: Destroyed PersistentFrame Addr=0x000001f716e4d1a0, Size=208
[2018.12.07-20.48.32:886][  0]LogUObjectGlobals: Destroyed PersistentFrame Addr=0x000001f77d037800, Size=1024
[2018.12.07-20.48.32:886][  0]LogUObjectGlobals: Destroyed PersistentFrame Addr=0x000001f713b09800, Size=232
[2018.12.07-20.48.32:888][  0]Cmd: MAP CHECKDEP NOCLEARLOG
[2018.12.07-20.48.32:937][  0]MapCheck: Map check complete: 0 Error(s), 0 Warning(s), took 48,6ms to complete.
[2018.12.07-20.48.32:937][  0]LogFileHelpers: Loading map 'Waterfall' took 0.672
[2018.12.07-20.48.33:136][  0]LogCollectionManager: Loaded 0 collections in 0.001371 seconds
[2018.12.07-20.48.33:191][  0]LogFileCache: Scanning file cache for directory 'D:/Studium/Fluide/Simulation/Saved/Collections/' took 0.01s
[2018.12.07-20.48.33:192][  0]LogFileCache: Scanning file cache for directory 'D:/Studium/Fluide/Simulation/Content/Developers/Timo/Collections/' took 0.01s
[2018.12.07-20.48.33:192][  0]LogFileCache: Scanning file cache for directory 'D:/Studium/Fluide/Simulation/Content/Collections/' took 0.01s
[2018.12.07-20.48.33:192][  0]LogCollectionManager: Rebuilt the GUID cache for 0 collections in 0.000000 seconds
[2018.12.07-20.48.33:206][  0]LogContentBrowser: Native class hierarchy populated in 0.0137 seconds. Added 2496 classes and 576 folders.
[2018.12.07-20.48.33:214][  0]LogContentBrowser: Native class hierarchy updated for 'WidgetCarousel' in 0.0017 seconds. Added 0 classes and 0 folders.
[2018.12.07-20.48.33:259][  0]LogContentBrowser: Native class hierarchy updated for 'AddContentDialog' in 0.0020 seconds. Added 0 classes and 0 folders.
[2018.12.07-20.48.33:267][  0]LogContentBrowser: Native class hierarchy updated for 'SceneOutliner' in 0.0019 seconds. Added 1 classes and 2 folders.
[2018.12.07-20.48.33:287][  0]LogSlate: Took 0.000201 seconds to synchronously load lazily loaded font '../../../Engine/Content/Slate/Fonts/Roboto-Regular.ttf' (155K)
[2018.12.07-20.48.33:290][  0]LogSlate: Took 0.000229 seconds to synchronously load lazily loaded font '../../../Engine/Content/Slate/Fonts/Roboto-Bold.ttf' (160K)
[2018.12.07-20.48.33:297][  0]LogSlate: Took 0.000250 seconds to synchronously load lazily loaded font '../../../Engine/Content/Editor/Slate/Fonts/FontAwesome.ttf' (139K)
[2018.12.07-20.48.33:399][  0]LogRenderer: Reallocating scene render targets to support 1208x600 Format 10 NumSamples 1 (Frame:1).
[2018.12.07-20.48.33:565][  0]LogContentBrowser: Native class hierarchy updated for 'HierarchicalLODOutliner' in 0.0019 seconds. Added 0 classes and 0 folders.
[2018.12.07-20.48.33:565][  0]LogLoad: (Engine Initialization) Total time: 12.91 seconds
[2018.12.07-20.48.33:565][  0]LogLoad: (Engine Initialization) Total Blueprint compile time: 0.00 seconds
[2018.12.07-20.48.33:588][  0]LogWindowsTextInputMethodSystem: Display: IME system now deactivated.
[2018.12.07-20.48.33:607][  0]LogContentStreaming: Texture pool size now 3000 MB
[2018.12.07-20.48.33:655][  0]LogSlate: Took 0.000164 seconds to synchronously load lazily loaded font '../../../Engine/Content/Slate/Fonts/Roboto-Light.ttf' (167K)
[2018.12.07-20.48.33:680][  1]LogAssetRegistry: Asset discovery search completed in 6.9413 seconds
[2018.12.07-20.48.33:682][  1]LogCollectionManager: Rebuilt the object cache for 0 collections in 0.000000 seconds (found 0 objects)
[2018.12.07-20.48.33:682][  1]LogCollectionManager: Fixed up redirectors for 0 collections in 0.000134 seconds (updated 0 objects)
[2018.12.07-20.48.36:064][276]LogSlate: FSceneViewport::OnFocusLost() reason 0
[2018.12.07-20.48.41:926][940]LogSlate: Took 0.000417 seconds to synchronously load lazily loaded font '../../../Engine/Content/Slate/Fonts/Roboto-Light.ttf' (167K)
[2018.12.07-20.48.41:968][940]LogAIModule: Creating AISystem for world PeriodicShearWave
[2018.12.07-20.48.41:994][940]Cmd: MAP LOAD FILE="../../../../../Studium/Fluide/Simulation/Content/Levels/2D/PeriodicShearWave.umap" TEMPLATE=0 SHOWPROGRESS=1 FEATURELEVEL=3
[2018.12.07-20.48.41:994][940]LightingResults: New page: Lighting Build
[2018.12.07-20.48.41:995][940]LoadErrors: New page: Loading map: PeriodicShearWave.umap
[2018.12.07-20.48.41:996][940]MapCheck: New page: Map Check
[2018.12.07-20.48.41:996][940]LightingResults: New page: Lighting Build
[2018.12.07-20.48.42:009][940]LogEditorServer: Finished looking for orphan Actors (0.000 secs)
[2018.12.07-20.48.42:070][940]Cmd: MAP CHECKDEP NOCLEARLOG
[2018.12.07-20.48.42:125][940]MapCheck: Map check complete: 0 Error(s), 0 Warning(s), took 54,387ms to complete.
[2018.12.07-20.48.42:125][940]LogFileHelpers: Loading map 'PeriodicShearWave' took 0.133
[2018.12.07-20.48.43:039][ 41]LogTemp: Repeating last play command: Selected Viewport
[2018.12.07-20.48.43:064][ 41]LogBlueprintUserMessages: Early PlayInEditor Detection: Level '/Game/Levels/2D/PeriodicShearWave.PeriodicShearWave:PersistentLevel' has LevelScriptBlueprint '/Game/Levels/2D/PeriodicShearWave.PeriodicShearWave:PersistentLevel.PeriodicShearWave' with GeneratedClass '/Game/Levels/2D/PeriodicShearWave.PeriodicShearWave_C' with ClassGeneratedBy '/Game/Levels/2D/PeriodicShearWave.PeriodicShearWave:PersistentLevel.PeriodicShearWave'
[2018.12.07-20.48.43:064][ 41]LogPlayLevel: PlayLevel: No blueprints needed recompiling
[2018.12.07-20.48.43:064][ 41]PIE: New page: PIE session: PeriodicShearWave (07.12.2018 22:48:43)
[2018.12.07-20.48.43:064][ 41]LogPlayLevel: Creating play world package: /Game/Levels/2D/UEDPIE_0_PeriodicShearWave
[2018.12.07-20.48.43:069][ 41]LogPlayLevel: PIE: StaticDuplicateObject took: (0.004139s)
[2018.12.07-20.48.43:070][ 41]LogAIModule: Creating AISystem for world PeriodicShearWave
[2018.12.07-20.48.43:070][ 41]LogPlayLevel: PIE: World Init took: (0.001275s)
[2018.12.07-20.48.43:070][ 41]LogPlayLevel: PIE: Created PIE world by copying editor world from /Game/Levels/2D/PeriodicShearWave.PeriodicShearWave to /Game/Levels/2D/UEDPIE_0_PeriodicShearWave.PeriodicShearWave (0.005849s)
[2018.12.07-20.48.43:094][ 41]LogInit: XAudio2 using '4 - SAMSUNG (AMD High Definition Audio Device)' : 2 channels at 48 kHz using 16 bits per sample (channel mask 0x3)
[2018.12.07-20.48.43:110][ 41]LogInit: FAudioDevice initialized.
[2018.12.07-20.48.43:165][ 41]LogLoad: Game class is 'SimulationSettings_C'
[2018.12.07-20.48.43:169][ 41]LogWorld: Bringing World /Game/Levels/2D/UEDPIE_0_PeriodicShearWave.PeriodicShearWave up for play (max tick rate 0) at 2018.12.07-21.48.43
[2018.12.07-20.48.43:170][ 41]LogWorld: Bringing up level for play took: 0.001153
[2018.12.07-20.48.43:174][ 41]LogContentBrowser: Native class hierarchy updated for 'MovieSceneCapture' in 0.0018 seconds. Added 11 classes and 0 folders.
[2018.12.07-20.48.43:174][ 41]LogGameMode: Display: Match State Changed from EnteringMap to WaitingToStart
[2018.12.07-20.48.43:175][ 41]LogGameState: Match State Changed from EnteringMap to WaitingToStart
[2018.12.07-20.48.43:175][ 41]LogGameMode: Display: Match State Changed from WaitingToStart to InProgress
[2018.12.07-20.48.43:225][ 41]LogGameState: Match State Changed from WaitingToStart to InProgress
[2018.12.07-20.48.43:225][ 41]PIE: Play in editor start time for /Game/Levels/2D/UEDPIE_0_PeriodicShearWave -0,656
[2018.12.07-20.48.43:225][ 41]LogBlueprintUserMessages: Late PlayInEditor Detection: Level '/Game/Levels/2D/PeriodicShearWave.PeriodicShearWave:PersistentLevel' has LevelScriptBlueprint '/Game/Levels/2D/PeriodicShearWave.PeriodicShearWave:PersistentLevel.PeriodicShearWave' with GeneratedClass '/Game/Levels/2D/PeriodicShearWave.PeriodicShearWave_C' with ClassGeneratedBy '/Game/Levels/2D/PeriodicShearWave.PeriodicShearWave:PersistentLevel.PeriodicShearWave'
[2018.12.07-20.49.12:453][ 26]LogBlueprintUserMessages: Early EndPlayMap Detection: Level '/Game/Levels/2D/PeriodicShearWave.PeriodicShearWave:PersistentLevel' has LevelScriptBlueprint '/Game/Levels/2D/PeriodicShearWave.PeriodicShearWave:PersistentLevel.PeriodicShearWave' with GeneratedClass '/Game/Levels/2D/PeriodicShearWave.PeriodicShearWave_C' with ClassGeneratedBy '/Game/Levels/2D/PeriodicShearWave.PeriodicShearWave:PersistentLevel.PeriodicShearWave'
[2018.12.07-20.49.12:494][ 26]LogBlueprintUserMessages: Late EndPlayMap Detection: Level '/Game/Levels/2D/PeriodicShearWave.PeriodicShearWave:PersistentLevel' has LevelScriptBlueprint '/Game/Levels/2D/PeriodicShearWave.PeriodicShearWave:PersistentLevel.PeriodicShearWave' with GeneratedClass '/Game/Levels/2D/PeriodicShearWave.PeriodicShearWave_C' with ClassGeneratedBy '/Game/Levels/2D/PeriodicShearWave.PeriodicShearWave:PersistentLevel.PeriodicShearWave'
[2018.12.07-20.49.13:489][131]LogSlate: FSceneViewport::OnFocusLost() reason 0
[2018.12.07-20.49.15:086][272]LogContentBrowser: Native class hierarchy updated for 'BlueprintGraph' in 0.0025 seconds. Added 116 classes and 0 folders.
[2018.12.07-20.49.15:503][272]LogUObjectGlobals: Created PersistentFrame Addr=0x000001f73ace16f8, Size=4, Default__SKEL_PROTO_BP_AnimBlueprint_0_C Function /Engine/Transient.SKEL_PROTO_BP_AnimBlueprint_0_C:ExecuteUbergraph_PROTO_BP_AnimBlueprint_0
[2018.12.07-20.49.15:505][272]LogUObjectGlobals: Created PersistentFrame Addr=0x000001f73ace16f0, Size=4, Default__PROTO_BP_AnimBlueprint_0_C Function /Engine/Transient.PROTO_BP_AnimBlueprint_0_C:ExecuteUbergraph_PROTO_BP_AnimBlueprint_0
[2018.12.07-20.49.16:144][272]LogSlate: Took 0.000248 seconds to synchronously load lazily loaded font '../../../Engine/Content/Slate/Fonts/Roboto-BoldCondensed.ttf' (158K)
[2018.12.07-20.49.16:297][273]LogSlate: Took 0.000362 seconds to synchronously load lazily loaded font '../../../Engine/Content/Slate/Fonts/Roboto-Italic.ttf' (157K)
[2018.12.07-20.49.23:030][958]BlueprintLog: New page: Compile SimulationSettings
[2018.12.07-20.49.23:122][958]LogUObjectGlobals: Destroyed PersistentFrame Addr=0x000001f716c3a4e0, Size=208
[2018.12.07-20.49.23:122][958]LogUObjectGlobals: Created PersistentFrame Addr=0x000001f74adeda60, Size=208, Default__SimulationSettings_C Function /Engine/Transient.REINST_SimulationSettings_C_30:ExecuteUbergraph_SimulationSettings
[2018.12.07-20.49.23:133][958]LogUObjectGlobals: Created PersistentFrame Addr=0x000001f74ae0a080, Size=208, Default__SimulationSettings_C Function /Game/Blueprints/SimulationSettings.SimulationSettings_C:ExecuteUbergraph_SimulationSettings
[2018.12.07-20.49.23:844][989]Cmd: OBJ SAVEPACKAGE PACKAGE="/Game/Blueprints/SimulationSettings" FILE="../../../../../Studium/Fluide/Simulation/Content/Blueprints/SimulationSettings.uasset" SILENT=true
[2018.12.07-20.49.23:945][989]LogSavePackage: Save=97.37ms
[2018.12.07-20.49.23:946][989]LogSavePackage: Moving '../../../../../Studium/Fluide/Simulation/Saved/SimulationSettingsD2A1E1B64012440F07D132B26DF3C894.tmp' to '../../../../../Studium/Fluide/Simulation/Content/Blueprints/SimulationSettings.uasset'
[2018.12.07-20.49.23:950][989]LogSavePackage: Display: Finished SavePackage ../../../../../Studium/Fluide/Simulation/Content/Blueprints/SimulationSettings.uasset
[2018.12.07-20.49.25:233][133]LogTemp: Repeating last play command: Selected Viewport
[2018.12.07-20.49.25:260][133]LogBlueprintUserMessages: Early PlayInEditor Detection: Level '/Game/Levels/2D/PeriodicShearWave.PeriodicShearWave:PersistentLevel' has LevelScriptBlueprint '/Game/Levels/2D/PeriodicShearWave.PeriodicShearWave:PersistentLevel.PeriodicShearWave' with GeneratedClass '/Game/Levels/2D/PeriodicShearWave.PeriodicShearWave_C' with ClassGeneratedBy '/Game/Levels/2D/PeriodicShearWave.PeriodicShearWave:PersistentLevel.PeriodicShearWave'
[2018.12.07-20.49.25:261][133]LogPlayLevel: PlayLevel: No blueprints needed recompiling
[2018.12.07-20.49.25:261][133]PIE: New page: PIE session: PeriodicShearWave (07.12.2018 22:49:25)
[2018.12.07-20.49.25:261][133]LogPlayLevel: Creating play world package: /Game/Levels/2D/UEDPIE_0_PeriodicShearWave
[2018.12.07-20.49.25:264][133]LogPlayLevel: PIE: StaticDuplicateObject took: (0.002486s)
[2018.12.07-20.49.25:265][133]LogAIModule: Creating AISystem for world PeriodicShearWave
[2018.12.07-20.49.25:265][133]LogPlayLevel: PIE: World Init took: (0.001392s)
[2018.12.07-20.49.25:266][133]LogPlayLevel: PIE: Created PIE world by copying editor world from /Game/Levels/2D/PeriodicShearWave.PeriodicShearWave to /Game/Levels/2D/UEDPIE_0_PeriodicShearWave.PeriodicShearWave (0.004383s)
[2018.12.07-20.49.25:279][133]LogUObjectGlobals: Destroyed PersistentFrame Addr=0x000001f74adeda60, Size=208
[2018.12.07-20.49.25:288][133]LogInit: XAudio2 using '4 - SAMSUNG (AMD High Definition Audio Device)' : 2 channels at 48 kHz using 16 bits per sample (channel mask 0x3)
[2018.12.07-20.49.25:298][133]LogInit: FAudioDevice initialized.
[2018.12.07-20.49.25:338][133]LogLoad: Game class is 'SimulationSettings_C'
[2018.12.07-20.49.25:339][133]LogWorld: Bringing World /Game/Levels/2D/UEDPIE_0_PeriodicShearWave.PeriodicShearWave up for play (max tick rate 0) at 2018.12.07-21.49.25
[2018.12.07-20.49.25:339][133]LogWorld: Bringing up level for play took: 0.000730
[2018.12.07-20.49.25:341][133]LogGameMode: Display: Match State Changed from EnteringMap to WaitingToStart
[2018.12.07-20.49.25:341][133]LogGameState: Match State Changed from EnteringMap to WaitingToStart
[2018.12.07-20.49.25:341][133]LogGameMode: Display: Match State Changed from WaitingToStart to InProgress
[2018.12.07-20.49.25:422][133]LogGameState: Match State Changed from WaitingToStart to InProgress
[2018.12.07-20.49.25:423][133]PIE: Play in editor start time for /Game/Levels/2D/UEDPIE_0_PeriodicShearWave -0,458
[2018.12.07-20.49.25:423][133]LogBlueprintUserMessages: Late PlayInEditor Detection: Level '/Game/Levels/2D/PeriodicShearWave.PeriodicShearWave:PersistentLevel' has LevelScriptBlueprint '/Game/Levels/2D/PeriodicShearWave.PeriodicShearWave:PersistentLevel.PeriodicShearWave' with GeneratedClass '/Game/Levels/2D/PeriodicShearWave.PeriodicShearWave_C' with ClassGeneratedBy '/Game/Levels/2D/PeriodicShearWave.PeriodicShearWave:PersistentLevel.PeriodicShearWave'
[2018.12.07-20.49.51:213][ 52]LogBlueprintUserMessages: Early EndPlayMap Detection: Level '/Game/Levels/2D/PeriodicShearWave.PeriodicShearWave:PersistentLevel' has LevelScriptBlueprint '/Game/Levels/2D/PeriodicShearWave.PeriodicShearWave:PersistentLevel.PeriodicShearWave' with GeneratedClass '/Game/Levels/2D/PeriodicShearWave.PeriodicShearWave_C' with ClassGeneratedBy '/Game/Levels/2D/PeriodicShearWave.PeriodicShearWave:PersistentLevel.PeriodicShearWave'
[2018.12.07-20.49.51:255][ 52]LogBlueprintUserMessages: Late EndPlayMap Detection: Level '/Game/Levels/2D/PeriodicShearWave.PeriodicShearWave:PersistentLevel' has LevelScriptBlueprint '/Game/Levels/2D/PeriodicShearWave.PeriodicShearWave:PersistentLevel.PeriodicShearWave' with GeneratedClass '/Game/Levels/2D/PeriodicShearWave.PeriodicShearWave_C' with ClassGeneratedBy '/Game/Levels/2D/PeriodicShearWave.PeriodicShearWave:PersistentLevel.PeriodicShearWave'
[2018.12.07-20.49.52:181][153]LogSlate: FSceneViewport::OnFocusLost() reason 0
